{"/home/bamer/nextjs-llama-async-proxy/src/components/animate/motion-lazy-container.tsx": {"path":"/home/bamer/nextjs-llama-async-proxy/src/components/animate/motion-lazy-container.tsx","statementMap":{"0":{"start":{"line":10,"column":0},"end":{"line":10,"column":16}},"1":{"start":{"line":3,"column":0},"end":{"line":3,"column":60}},"2":{"start":{"line":11,"column":2},"end":{"line":22,"column":4}}},"fnMap":{"0":{"name":"MotionLazyContainer","decl":{"start":{"line":10,"column":16},"end":{"line":10,"column":35}},"loc":{"start":{"line":10,"column":74},"end":{"line":23,"column":1}}}},"branchMap":{},"s":{"0":0,"1":0,"2":0},"f":{"0":0},"b":{}}
,"/home/bamer/nextjs-llama-async-proxy/src/components/charts/GPUUMetricsCard.tsx": {"path":"/home/bamer/nextjs-llama-async-proxy/src/components/charts/GPUUMetricsCard.tsx","statementMap":{"0":{"start":{"line":17,"column":0},"end":{"line":17,"column":16}},"1":{"start":{"line":123,"column":0},"end":{"line":123,"column":16}},"2":{"start":{"line":3,"column":0},"end":{"line":3,"column":89}},"3":{"start":{"line":18,"column":20},"end":{"line":22,"column":4}},"4":{"start":{"line":24,"column":23},"end":{"line":29,"column":4}},"5":{"start":{"line":31,"column":2},"end":{"line":44,"column":3}},"6":{"start":{"line":32,"column":4},"end":{"line":43,"column":6}},"7":{"start":{"line":46,"column":2},"end":{"line":120,"column":4}},"8":{"start":{"line":124,"column":2},"end":{"line":124,"column":62}}},"fnMap":{"0":{"name":"GPUMetricsCard","decl":{"start":{"line":17,"column":16},"end":{"line":17,"column":30}},"loc":{"start":{"line":17,"column":71},"end":{"line":121,"column":1}}},"1":{"name":"GPUUMetricsCard","decl":{"start":{"line":123,"column":16},"end":{"line":123,"column":31}},"loc":{"start":{"line":123,"column":72},"end":{"line":125,"column":1}}}},"branchMap":{"0":{"loc":{"start":{"line":19,"column":16},"end":{"line":19,"column":77}},"type":"cond-expr","locations":[{"start":{"line":19,"column":25},"end":{"line":19,"column":48}},{"start":{"line":19,"column":51},"end":{"line":19,"column":77}}]},"1":{"loc":{"start":{"line":21,"column":25},"end":{"line":21,"column":78}},"type":"cond-expr","locations":[{"start":{"line":21,"column":34},"end":{"line":21,"column":57}},{"start":{"line":21,"column":60},"end":{"line":21,"column":78}}]},"2":{"loc":{"start":{"line":26,"column":16},"end":{"line":26,"column":77}},"type":"cond-expr","locations":[{"start":{"line":26,"column":25},"end":{"line":26,"column":48}},{"start":{"line":26,"column":51},"end":{"line":26,"column":77}}]},"3":{"loc":{"start":{"line":28,"column":25},"end":{"line":28,"column":78}},"type":"cond-expr","locations":[{"start":{"line":28,"column":34},"end":{"line":28,"column":57}},{"start":{"line":28,"column":60},"end":{"line":28,"column":78}}]},"4":{"loc":{"start":{"line":31,"column":2},"end":{"line":44,"column":3}},"type":"if","locations":[{"start":{"line":31,"column":2},"end":{"line":44,"column":3}},{"start":{},"end":{}}]},"5":{"loc":{"start":{"line":31,"column":6},"end":{"line":31,"column":83}},"type":"binary-expr","locations":[{"start":{"line":31,"column":6},"end":{"line":31,"column":14}},{"start":{"line":31,"column":19},"end":{"line":31,"column":49}},{"start":{"line":31,"column":53},"end":{"line":31,"column":82}}]},"6":{"loc":{"start":{"line":60,"column":17},"end":{"line":60,"column":53}},"type":"binary-expr","locations":[{"start":{"line":60,"column":17},"end":{"line":60,"column":32}},{"start":{"line":60,"column":36},"end":{"line":60,"column":53}}]},"7":{"loc":{"start":{"line":71,"column":17},"end":{"line":71,"column":104}},"type":"cond-expr","locations":[{"start":{"line":71,"column":56},"end":{"line":71,"column":96}},{"start":{"line":71,"column":99},"end":{"line":71,"column":104}}]},"8":{"loc":{"start":{"line":88,"column":17},"end":{"line":88,"column":91}},"type":"cond-expr","locations":[{"start":{"line":88,"column":50},"end":{"line":88,"column":83}},{"start":{"line":88,"column":86},"end":{"line":88,"column":91}}]},"9":{"loc":{"start":{"line":92,"column":23},"end":{"line":92,"column":44}},"type":"binary-expr","locations":[{"start":{"line":92,"column":23},"end":{"line":92,"column":39}},{"start":{"line":92,"column":43},"end":{"line":92,"column":44}}]},"10":{"loc":{"start":{"line":105,"column":17},"end":{"line":107,"column":25}},"type":"cond-expr","locations":[{"start":{"line":106,"column":20},"end":{"line":106,"column":99}},{"start":{"line":107,"column":20},"end":{"line":107,"column":25}}]},"11":{"loc":{"start":{"line":105,"column":17},"end":{"line":105,"column":92}},"type":"binary-expr","locations":[{"start":{"line":105,"column":17},"end":{"line":105,"column":52}},{"start":{"line":105,"column":56},"end":{"line":105,"column":92}}]},"12":{"loc":{"start":{"line":111,"column":24},"end":{"line":111,"column":50}},"type":"binary-expr","locations":[{"start":{"line":111,"column":24},"end":{"line":111,"column":45}},{"start":{"line":111,"column":49},"end":{"line":111,"column":50}}]},"13":{"loc":{"start":{"line":111,"column":55},"end":{"line":111,"column":82}},"type":"binary-expr","locations":[{"start":{"line":111,"column":55},"end":{"line":111,"column":77}},{"start":{"line":111,"column":81},"end":{"line":111,"column":82}}]}},"s":{"0":0,"1":0,"2":0,"3":0,"4":0,"5":0,"6":0,"7":0,"8":0},"f":{"0":0,"1":0},"b":{"0":[0,0],"1":[0,0],"2":[0,0],"3":[0,0],"4":[0,0],"5":[0,0,0],"6":[0,0],"7":[0,0],"8":[0,0],"9":[0,0],"10":[0,0],"11":[0,0],"12":[0,0],"13":[0,0]}}
,"/home/bamer/nextjs-llama-async-proxy/src/components/charts/PerformanceChart.tsx": {"path":"/home/bamer/nextjs-llama-async-proxy/src/components/charts/PerformanceChart.tsx","statementMap":{"0":{"start":{"line":33,"column":0},"end":{"line":33,"column":16}},"1":{"start":{"line":3,"column":0},"end":{"line":3,"column":67}},"2":{"start":{"line":4,"column":0},"end":{"line":4,"column":95}},"3":{"start":{"line":42,"column":18},"end":{"line":42,"column":69}},"4":{"start":{"line":42,"column":45},"end":{"line":42,"column":68}},"5":{"start":{"line":44,"column":2},"end":{"line":62,"column":3}},"6":{"start":{"line":45,"column":4},"end":{"line":61,"column":6}},"7":{"start":{"line":64,"column":23},"end":{"line":64,"column":62}},"8":{"start":{"line":64,"column":44},"end":{"line":64,"column":61}},"9":{"start":{"line":65,"column":21},"end":{"line":75,"column":9}},"10":{"start":{"line":66,"column":52},"end":{"line":68,"column":6}},"11":{"start":{"line":69,"column":4},"end":{"line":73,"column":7}},"12":{"start":{"line":70,"column":6},"end":{"line":72,"column":7}},"13":{"start":{"line":71,"column":8},"end":{"line":71,"column":60}},"14":{"start":{"line":74,"column":4},"end":{"line":74,"column":18}},"15":{"start":{"line":77,"column":2},"end":{"line":119,"column":4}},"16":{"start":{"line":99,"column":37},"end":{"line":108,"column":12}},"17":{"start":{"line":106,"column":60},"end":{"line":106,"column":106}}},"fnMap":{"0":{"name":"PerformanceChart","decl":{"start":{"line":33,"column":16},"end":{"line":33,"column":32}},"loc":{"start":{"line":41,"column":24},"end":{"line":120,"column":1}}},"1":{"name":"(anonymous_1)","decl":{"start":{"line":42,"column":32},"end":{"line":42,"column":33}},"loc":{"start":{"line":42,"column":45},"end":{"line":42,"column":68}}},"2":{"name":"(anonymous_2)","decl":{"start":{"line":64,"column":37},"end":{"line":64,"column":38}},"loc":{"start":{"line":64,"column":44},"end":{"line":64,"column":61}}},"3":{"name":"(anonymous_3)","decl":{"start":{"line":65,"column":58},"end":{"line":65,"column":59}},"loc":{"start":{"line":65,"column":75},"end":{"line":75,"column":3}}},"4":{"name":"(anonymous_4)","decl":{"start":{"line":69,"column":21},"end":{"line":69,"column":22}},"loc":{"start":{"line":69,"column":33},"end":{"line":73,"column":5}}},"5":{"name":"(anonymous_5)","decl":{"start":{"line":99,"column":31},"end":{"line":99,"column":32}},"loc":{"start":{"line":99,"column":37},"end":{"line":108,"column":12}}},"6":{"name":"(anonymous_6)","decl":{"start":{"line":106,"column":49},"end":{"line":106,"column":50}},"loc":{"start":{"line":106,"column":60},"end":{"line":106,"column":106}}}},"branchMap":{"0":{"loc":{"start":{"line":38,"column":2},"end":{"line":38,"column":14}},"type":"default-arg","locations":[{"start":{"line":38,"column":11},"end":{"line":38,"column":14}}]},"1":{"loc":{"start":{"line":39,"column":2},"end":{"line":39,"column":20}},"type":"default-arg","locations":[{"start":{"line":39,"column":14},"end":{"line":39,"column":20}}]},"2":{"loc":{"start":{"line":40,"column":2},"end":{"line":40,"column":22}},"type":"default-arg","locations":[{"start":{"line":40,"column":18},"end":{"line":40,"column":22}}]},"3":{"loc":{"start":{"line":44,"column":2},"end":{"line":62,"column":3}},"type":"if","locations":[{"start":{"line":44,"column":2},"end":{"line":62,"column":3}},{"start":{},"end":{}}]},"4":{"loc":{"start":{"line":47,"column":20},"end":{"line":47,"column":81}},"type":"cond-expr","locations":[{"start":{"line":47,"column":29},"end":{"line":47,"column":52}},{"start":{"line":47,"column":55},"end":{"line":47,"column":81}}]},"5":{"loc":{"start":{"line":49,"column":29},"end":{"line":49,"column":82}},"type":"cond-expr","locations":[{"start":{"line":49,"column":38},"end":{"line":49,"column":61}},{"start":{"line":49,"column":64},"end":{"line":49,"column":82}}]},"6":{"loc":{"start":{"line":65,"column":21},"end":{"line":75,"column":9}},"type":"cond-expr","locations":[{"start":{"line":65,"column":36},"end":{"line":75,"column":4}},{"start":{"line":75,"column":7},"end":{"line":75,"column":9}}]},"7":{"loc":{"start":{"line":70,"column":6},"end":{"line":72,"column":7}},"type":"if","locations":[{"start":{"line":70,"column":6},"end":{"line":72,"column":7}},{"start":{},"end":{}}]},"8":{"loc":{"start":{"line":79,"column":18},"end":{"line":79,"column":79}},"type":"cond-expr","locations":[{"start":{"line":79,"column":27},"end":{"line":79,"column":50}},{"start":{"line":79,"column":53},"end":{"line":79,"column":79}}]},"9":{"loc":{"start":{"line":81,"column":27},"end":{"line":81,"column":80}},"type":"cond-expr","locations":[{"start":{"line":81,"column":36},"end":{"line":81,"column":59}},{"start":{"line":81,"column":62},"end":{"line":81,"column":80}}]},"10":{"loc":{"start":{"line":97,"column":36},"end":{"line":97,"column":66}},"type":"cond-expr","locations":[{"start":{"line":97,"column":45},"end":{"line":97,"column":54}},{"start":{"line":97,"column":57},"end":{"line":97,"column":66}}]},"11":{"loc":{"start":{"line":105,"column":19},"end":{"line":105,"column":54}},"type":"cond-expr","locations":[{"start":{"line":105,"column":28},"end":{"line":105,"column":39}},{"start":{"line":105,"column":42},"end":{"line":105,"column":54}}]},"12":{"loc":{"start":{"line":106,"column":28},"end":{"line":106,"column":107}},"type":"binary-expr","locations":[{"start":{"line":106,"column":28},"end":{"line":106,"column":44}},{"start":{"line":106,"column":49},"end":{"line":106,"column":106}}]},"13":{"loc":{"start":{"line":106,"column":60},"end":{"line":106,"column":106}},"type":"cond-expr","locations":[{"start":{"line":106,"column":77},"end":{"line":106,"column":98}},{"start":{"line":106,"column":101},"end":{"line":106,"column":106}}]},"14":{"loc":{"start":{"line":107,"column":24},"end":{"line":107,"column":49}},"type":"binary-expr","locations":[{"start":{"line":107,"column":24},"end":{"line":107,"column":36}},{"start":{"line":107,"column":40},"end":{"line":107,"column":49}}]},"15":{"loc":{"start":{"line":113,"column":47},"end":{"line":113,"column":77}},"type":"cond-expr","locations":[{"start":{"line":113,"column":56},"end":{"line":113,"column":65}},{"start":{"line":113,"column":68},"end":{"line":113,"column":77}}]},"16":{"loc":{"start":{"line":114,"column":47},"end":{"line":114,"column":77}},"type":"cond-expr","locations":[{"start":{"line":114,"column":56},"end":{"line":114,"column":65}},{"start":{"line":114,"column":68},"end":{"line":114,"column":77}}]}},"s":{"0":0,"1":0,"2":0,"3":0,"4":0,"5":0,"6":0,"7":0,"8":0,"9":0,"10":0,"11":0,"12":0,"13":0,"14":0,"15":0,"16":0,"17":0},"f":{"0":0,"1":0,"2":0,"3":0,"4":0,"5":0,"6":0},"b":{"0":[0],"1":[0],"2":[0],"3":[0,0],"4":[0,0],"5":[0,0],"6":[0,0],"7":[0,0],"8":[0,0],"9":[0,0],"10":[0,0],"11":[0,0],"12":[0,0],"13":[0,0],"14":[0,0],"15":[0,0],"16":[0,0]}}
,"/home/bamer/nextjs-llama-async-proxy/src/components/configuration/AdvancedSettingsTab.tsx": {"path":"/home/bamer/nextjs-llama-async-proxy/src/components/configuration/AdvancedSettingsTab.tsx","statementMap":{"0":{"start":{"line":14,"column":0},"end":{"line":14,"column":16}},"1":{"start":{"line":3,"column":0},"end":{"line":3,"column":75}},"2":{"start":{"line":4,"column":0},"end":{"line":4,"column":34}},"3":{"start":{"line":5,"column":0},"end":{"line":5,"column":51}},"4":{"start":{"line":6,"column":0},"end":{"line":6,"column":58}},"5":{"start":{"line":19,"column":21},"end":{"line":19,"column":31}},"6":{"start":{"line":21,"column":2},"end":{"line":72,"column":4}}},"fnMap":{"0":{"name":"AdvancedSettingsTab","decl":{"start":{"line":14,"column":16},"end":{"line":14,"column":35}},"loc":{"start":{"line":18,"column":27},"end":{"line":73,"column":1}}}},"branchMap":{"0":{"loc":{"start":{"line":30,"column":22},"end":{"line":32,"column":65}},"type":"cond-expr","locations":[{"start":{"line":31,"column":14},"end":{"line":31,"column":65}},{"start":{"line":32,"column":14},"end":{"line":32,"column":65}}]},"1":{"loc":{"start":{"line":33,"column":21},"end":{"line":35,"column":45}},"type":"cond-expr","locations":[{"start":{"line":34,"column":14},"end":{"line":34,"column":45}},{"start":{"line":35,"column":14},"end":{"line":35,"column":45}}]}},"s":{"0":0,"1":0,"2":0,"3":0,"4":0,"5":0,"6":0},"f":{"0":0},"b":{"0":[0,0],"1":[0,0]}}
,"/home/bamer/nextjs-llama-async-proxy/src/components/configuration/ConfigurationActions.tsx": {"path":"/home/bamer/nextjs-llama-async-proxy/src/components/configuration/ConfigurationActions.tsx","statementMap":{"0":{"start":{"line":11,"column":0},"end":{"line":11,"column":16}},"1":{"start":{"line":3,"column":0},"end":{"line":3,"column":44}},"2":{"start":{"line":4,"column":0},"end":{"line":4,"column":43}},"3":{"start":{"line":15,"column":2},"end":{"line":28,"column":4}}},"fnMap":{"0":{"name":"ConfigurationActions","decl":{"start":{"line":11,"column":16},"end":{"line":11,"column":36}},"loc":{"start":{"line":14,"column":28},"end":{"line":29,"column":1}}}},"branchMap":{"0":{"loc":{"start":{"line":25,"column":9},"end":{"line":25,"column":54}},"type":"cond-expr","locations":[{"start":{"line":25,"column":20},"end":{"line":25,"column":31}},{"start":{"line":25,"column":34},"end":{"line":25,"column":54}}]}},"s":{"0":0,"1":0,"2":0,"3":0},"f":{"0":0},"b":{"0":[0,0]}}
,"/home/bamer/nextjs-llama-async-proxy/src/components/configuration/ConfigurationHeader.tsx": {"path":"/home/bamer/nextjs-llama-async-proxy/src/components/configuration/ConfigurationHeader.tsx","statementMap":{"0":{"start":{"line":5,"column":0},"end":{"line":5,"column":16}},"1":{"start":{"line":1,"column":0},"end":{"line":1,"column":57}},"2":{"start":{"line":2,"column":0},"end":{"line":2,"column":34}},"3":{"start":{"line":3,"column":0},"end":{"line":3,"column":51}},"4":{"start":{"line":6,"column":21},"end":{"line":6,"column":31}},"5":{"start":{"line":8,"column":2},"end":{"line":32,"column":4}}},"fnMap":{"0":{"name":"ConfigurationHeader","decl":{"start":{"line":5,"column":16},"end":{"line":5,"column":35}},"loc":{"start":{"line":5,"column":35},"end":{"line":33,"column":1}}}},"branchMap":{"0":{"loc":{"start":{"line":28,"column":23},"end":{"line":28,"column":81}},"type":"cond-expr","locations":[{"start":{"line":28,"column":32},"end":{"line":28,"column":58}},{"start":{"line":28,"column":61},"end":{"line":28,"column":81}}]}},"s":{"0":0,"1":0,"2":0,"3":0,"4":0,"5":0},"f":{"0":0},"b":{"0":[0,0]}}
,"/home/bamer/nextjs-llama-async-proxy/src/components/configuration/ConfigurationStatusMessages.tsx": {"path":"/home/bamer/nextjs-llama-async-proxy/src/components/configuration/ConfigurationStatusMessages.tsx","statementMap":{"0":{"start":{"line":13,"column":0},"end":{"line":13,"column":16}},"1":{"start":{"line":3,"column":0},"end":{"line":3,"column":67}},"2":{"start":{"line":4,"column":0},"end":{"line":4,"column":34}},"3":{"start":{"line":5,"column":0},"end":{"line":5,"column":51}},"4":{"start":{"line":6,"column":0},"end":{"line":6,"column":64}},"5":{"start":{"line":17,"column":21},"end":{"line":17,"column":31}},"6":{"start":{"line":19,"column":2},"end":{"line":91,"column":4}},"7":{"start":{"line":76,"column":18},"end":{"line":77,"column":null}}},"fnMap":{"0":{"name":"ConfigurationStatusMessages","decl":{"start":{"line":13,"column":16},"end":{"line":13,"column":43}},"loc":{"start":{"line":16,"column":35},"end":{"line":92,"column":1}}},"1":{"name":"(anonymous_1)","decl":{"start":{"line":75,"column":38},"end":{"line":75,"column":39}},"loc":{"start":{"line":76,"column":18},"end":{"line":77,"column":null}}}},"branchMap":{"0":{"loc":{"start":{"line":22,"column":7},"end":{"line":45,"column":null}},"type":"binary-expr","locations":[{"start":{"line":22,"column":7},"end":{"line":22,"column":18}},{"start":{"line":23,"column":8},"end":{"line":44,"column":null}}]},"1":{"loc":{"start":{"line":31,"column":26},"end":{"line":33,"column":44}},"type":"cond-expr","locations":[{"start":{"line":32,"column":18},"end":{"line":32,"column":43}},{"start":{"line":33,"column":18},"end":{"line":33,"column":44}}]},"2":{"loc":{"start":{"line":49,"column":7},"end":{"line":88,"column":null}},"type":"binary-expr","locations":[{"start":{"line":49,"column":7},"end":{"line":49,"column":34}},{"start":{"line":50,"column":8},"end":{"line":87,"column":null}}]},"3":{"loc":{"start":{"line":58,"column":26},"end":{"line":60,"column":43}},"type":"cond-expr","locations":[{"start":{"line":59,"column":18},"end":{"line":59,"column":42}},{"start":{"line":60,"column":18},"end":{"line":60,"column":43}}]}},"s":{"0":0,"1":0,"2":0,"3":0,"4":0,"5":0,"6":0,"7":0},"f":{"0":0,"1":0},"b":{"0":[0,0],"1":[0,0],"2":[0,0],"3":[0,0]}}
,"/home/bamer/nextjs-llama-async-proxy/src/components/configuration/ConfigurationTabs.tsx": {"path":"/home/bamer/nextjs-llama-async-proxy/src/components/configuration/ConfigurationTabs.tsx","statementMap":{"0":{"start":{"line":9,"column":0},"end":{"line":9,"column":16}},"1":{"start":{"line":1,"column":0},"end":{"line":1,"column":48}},"2":{"start":{"line":2,"column":0},"end":{"line":2,"column":51}},"3":{"start":{"line":13,"column":21},"end":{"line":13,"column":31}},"4":{"start":{"line":15,"column":2},"end":{"line":34,"column":4}}},"fnMap":{"0":{"name":"ConfigurationTabs","decl":{"start":{"line":9,"column":16},"end":{"line":9,"column":33}},"loc":{"start":{"line":12,"column":25},"end":{"line":35,"column":1}}}},"branchMap":{"0":{"loc":{"start":{"line":19,"column":20},"end":{"line":21,"column":63}},"type":"cond-expr","locations":[{"start":{"line":20,"column":12},"end":{"line":20,"column":63}},{"start":{"line":21,"column":12},"end":{"line":21,"column":63}}]},"1":{"loc":{"start":{"line":22,"column":19},"end":{"line":24,"column":44}},"type":"cond-expr","locations":[{"start":{"line":23,"column":12},"end":{"line":23,"column":43}},{"start":{"line":24,"column":12},"end":{"line":24,"column":44}}]}},"s":{"0":0,"1":0,"2":0,"3":0,"4":0},"f":{"0":0},"b":{"0":[0,0],"1":[0,0]}}
,"/home/bamer/nextjs-llama-async-proxy/src/components/configuration/GeneralSettingsTab.tsx": {"path":"/home/bamer/nextjs-llama-async-proxy/src/components/configuration/GeneralSettingsTab.tsx","statementMap":{"0":{"start":{"line":20,"column":0},"end":{"line":20,"column":16}},"1":{"start":{"line":3,"column":0},"end":{"line":3,"column":null}},"2":{"start":{"line":12,"column":0},"end":{"line":12,"column":34}},"3":{"start":{"line":13,"column":0},"end":{"line":13,"column":51}},"4":{"start":{"line":24,"column":21},"end":{"line":24,"column":31}},"5":{"start":{"line":26,"column":2},"end":{"line":174,"column":4}},"6":{"start":{"line":76,"column":18},"end":{"line":76,"column":38}},"7":{"start":{"line":104,"column":22},"end":{"line":110,"column":31}},"8":{"start":{"line":134,"column":22},"end":{"line":140,"column":31}}},"fnMap":{"0":{"name":"GeneralSettingsTab","decl":{"start":{"line":20,"column":16},"end":{"line":20,"column":34}},"loc":{"start":{"line":23,"column":26},"end":{"line":175,"column":1}}},"1":{"name":"(anonymous_1)","decl":{"start":{"line":75,"column":56},"end":{"line":75,"column":57}},"loc":{"start":{"line":76,"column":18},"end":{"line":76,"column":38}}},"2":{"name":"(anonymous_2)","decl":{"start":{"line":103,"column":30},"end":{"line":103,"column":31}},"loc":{"start":{"line":104,"column":22},"end":{"line":110,"column":31}}},"3":{"name":"(anonymous_3)","decl":{"start":{"line":133,"column":30},"end":{"line":133,"column":31}},"loc":{"start":{"line":134,"column":22},"end":{"line":140,"column":31}}}},"branchMap":{"0":{"loc":{"start":{"line":35,"column":22},"end":{"line":37,"column":65}},"type":"cond-expr","locations":[{"start":{"line":36,"column":14},"end":{"line":36,"column":65}},{"start":{"line":37,"column":14},"end":{"line":37,"column":65}}]},"1":{"loc":{"start":{"line":38,"column":21},"end":{"line":40,"column":45}},"type":"cond-expr","locations":[{"start":{"line":39,"column":14},"end":{"line":39,"column":45}},{"start":{"line":40,"column":14},"end":{"line":40,"column":45}}]},"2":{"loc":{"start":{"line":163,"column":23},"end":{"line":163,"column":55}},"type":"binary-expr","locations":[{"start":{"line":163,"column":23},"end":{"line":163,"column":49}},{"start":{"line":163,"column":53},"end":{"line":163,"column":55}}]}},"s":{"0":0,"1":0,"2":0,"3":0,"4":0,"5":0,"6":0,"7":0,"8":0},"f":{"0":0,"1":0,"2":0,"3":0},"b":{"0":[0,0],"1":[0,0],"2":[0,0]}}
,"/home/bamer/nextjs-llama-async-proxy/src/components/configuration/LlamaServerSettingsTab.tsx": {"path":"/home/bamer/nextjs-llama-async-proxy/src/components/configuration/LlamaServerSettingsTab.tsx","statementMap":{"0":{"start":{"line":18,"column":0},"end":{"line":18,"column":16}},"1":{"start":{"line":3,"column":0},"end":{"line":3,"column":null}},"2":{"start":{"line":10,"column":0},"end":{"line":10,"column":34}},"3":{"start":{"line":11,"column":0},"end":{"line":11,"column":51}},"4":{"start":{"line":22,"column":21},"end":{"line":22,"column":31}},"5":{"start":{"line":24,"column":24},"end":{"line":36,"column":null}},"6":{"start":{"line":25,"column":4},"end":{"line":35,"column":null}},"7":{"start":{"line":39,"column":2},"end":{"line":225,"column":4}}},"fnMap":{"0":{"name":"LlamaServerSettingsTab","decl":{"start":{"line":18,"column":16},"end":{"line":18,"column":38}},"loc":{"start":{"line":21,"column":30},"end":{"line":226,"column":1}}},"1":{"name":"(anonymous_1)","decl":{"start":{"line":24,"column":24},"end":{"line":24,"column":25}},"loc":{"start":{"line":25,"column":4},"end":{"line":35,"column":null}}}},"branchMap":{"0":{"loc":{"start":{"line":48,"column":22},"end":{"line":50,"column":65}},"type":"cond-expr","locations":[{"start":{"line":49,"column":14},"end":{"line":49,"column":65}},{"start":{"line":50,"column":14},"end":{"line":50,"column":65}}]},"1":{"loc":{"start":{"line":51,"column":21},"end":{"line":53,"column":45}},"type":"cond-expr","locations":[{"start":{"line":52,"column":14},"end":{"line":52,"column":45}},{"start":{"line":53,"column":14},"end":{"line":53,"column":45}}]},"2":{"loc":{"start":{"line":69,"column":25},"end":{"line":69,"column":68}},"type":"binary-expr","locations":[{"start":{"line":69,"column":25},"end":{"line":69,"column":53}},{"start":{"line":69,"column":57},"end":{"line":69,"column":68}}]},"3":{"loc":{"start":{"line":82,"column":25},"end":{"line":82,"column":61}},"type":"binary-expr","locations":[{"start":{"line":82,"column":25},"end":{"line":82,"column":53}},{"start":{"line":82,"column":57},"end":{"line":82,"column":61}}]},"4":{"loc":{"start":{"line":99,"column":25},"end":{"line":99,"column":65}},"type":"binary-expr","locations":[{"start":{"line":99,"column":25},"end":{"line":99,"column":57}},{"start":{"line":99,"column":61},"end":{"line":99,"column":65}}]},"5":{"loc":{"start":{"line":112,"column":25},"end":{"line":112,"column":67}},"type":"binary-expr","locations":[{"start":{"line":112,"column":25},"end":{"line":112,"column":59}},{"start":{"line":112,"column":63},"end":{"line":112,"column":67}}]},"6":{"loc":{"start":{"line":125,"column":25},"end":{"line":125,"column":67}},"type":"binary-expr","locations":[{"start":{"line":125,"column":25},"end":{"line":125,"column":60}},{"start":{"line":125,"column":64},"end":{"line":125,"column":67}}]},"7":{"loc":{"start":{"line":138,"column":25},"end":{"line":138,"column":62}},"type":"binary-expr","locations":[{"start":{"line":138,"column":25},"end":{"line":138,"column":56}},{"start":{"line":138,"column":60},"end":{"line":138,"column":62}}]},"8":{"loc":{"start":{"line":155,"column":25},"end":{"line":155,"column":65}},"type":"binary-expr","locations":[{"start":{"line":155,"column":25},"end":{"line":155,"column":59}},{"start":{"line":155,"column":63},"end":{"line":155,"column":65}}]},"9":{"loc":{"start":{"line":168,"column":25},"end":{"line":168,"column":62}},"type":"binary-expr","locations":[{"start":{"line":168,"column":25},"end":{"line":168,"column":57}},{"start":{"line":168,"column":61},"end":{"line":168,"column":62}}]},"10":{"loc":{"start":{"line":185,"column":25},"end":{"line":185,"column":67}},"type":"binary-expr","locations":[{"start":{"line":185,"column":25},"end":{"line":185,"column":60}},{"start":{"line":185,"column":64},"end":{"line":185,"column":67}}]},"11":{"loc":{"start":{"line":199,"column":25},"end":{"line":199,"column":60}},"type":"binary-expr","locations":[{"start":{"line":199,"column":25},"end":{"line":199,"column":54}},{"start":{"line":199,"column":58},"end":{"line":199,"column":60}}]},"12":{"loc":{"start":{"line":212,"column":25},"end":{"line":212,"column":61}},"type":"binary-expr","locations":[{"start":{"line":212,"column":25},"end":{"line":212,"column":54}},{"start":{"line":212,"column":58},"end":{"line":212,"column":61}}]}},"s":{"0":0,"1":0,"2":0,"3":0,"4":0,"5":0,"6":0,"7":0},"f":{"0":0,"1":0},"b":{"0":[0,0],"1":[0,0],"2":[0,0],"3":[0,0],"4":[0,0],"5":[0,0],"6":[0,0],"7":[0,0],"8":[0,0],"9":[0,0],"10":[0,0],"11":[0,0],"12":[0,0]}}
,"/home/bamer/nextjs-llama-async-proxy/src/components/configuration/LoggerSettingsTab.tsx": {"path":"/home/bamer/nextjs-llama-async-proxy/src/components/configuration/LoggerSettingsTab.tsx","statementMap":{"0":{"start":{"line":18,"column":0},"end":{"line":18,"column":16}},"1":{"start":{"line":3,"column":0},"end":{"line":3,"column":51}},"2":{"start":{"line":4,"column":0},"end":{"line":4,"column":60}},"3":{"start":{"line":5,"column":0},"end":{"line":5,"column":null}},"4":{"start":{"line":19,"column":21},"end":{"line":19,"column":31}},"5":{"start":{"line":20,"column":50},"end":{"line":20,"column":67}},"6":{"start":{"line":22,"column":2},"end":{"line":172,"column":4}},"7":{"start":{"line":45,"column":18},"end":{"line":45,"column":74}},"8":{"start":{"line":61,"column":29},"end":{"line":61,"column":75}},"9":{"start":{"line":80,"column":18},"end":{"line":80,"column":71}},"10":{"start":{"line":98,"column":33},"end":{"line":98,"column":76}},"11":{"start":{"line":118,"column":33},"end":{"line":118,"column":77}},"12":{"start":{"line":136,"column":33},"end":{"line":136,"column":78}},"13":{"start":{"line":157,"column":33},"end":{"line":157,"column":75}}},"fnMap":{"0":{"name":"LoggerSettingsTab","decl":{"start":{"line":18,"column":16},"end":{"line":18,"column":33}},"loc":{"start":{"line":18,"column":33},"end":{"line":173,"column":1}}},"1":{"name":"(anonymous_1)","decl":{"start":{"line":44,"column":26},"end":{"line":44,"column":27}},"loc":{"start":{"line":45,"column":18},"end":{"line":45,"column":74}}},"2":{"name":"(anonymous_2)","decl":{"start":{"line":61,"column":22},"end":{"line":61,"column":23}},"loc":{"start":{"line":61,"column":29},"end":{"line":61,"column":75}}},"3":{"name":"(anonymous_3)","decl":{"start":{"line":79,"column":26},"end":{"line":79,"column":27}},"loc":{"start":{"line":80,"column":18},"end":{"line":80,"column":71}}},"4":{"name":"(anonymous_4)","decl":{"start":{"line":98,"column":26},"end":{"line":98,"column":27}},"loc":{"start":{"line":98,"column":33},"end":{"line":98,"column":76}}},"5":{"name":"(anonymous_5)","decl":{"start":{"line":118,"column":26},"end":{"line":118,"column":27}},"loc":{"start":{"line":118,"column":33},"end":{"line":118,"column":77}}},"6":{"name":"(anonymous_6)","decl":{"start":{"line":136,"column":26},"end":{"line":136,"column":27}},"loc":{"start":{"line":136,"column":33},"end":{"line":136,"column":78}}},"7":{"name":"(anonymous_7)","decl":{"start":{"line":157,"column":26},"end":{"line":157,"column":27}},"loc":{"start":{"line":157,"column":33},"end":{"line":157,"column":75}}}},"branchMap":{"0":{"loc":{"start":{"line":25,"column":20},"end":{"line":27,"column":38}},"type":"cond-expr","locations":[{"start":{"line":26,"column":12},"end":{"line":26,"column":35}},{"start":{"line":27,"column":12},"end":{"line":27,"column":38}}]},"1":{"loc":{"start":{"line":30,"column":10},"end":{"line":30,"column":null}},"type":"cond-expr","locations":[{"start":{"line":30,"column":19},"end":{"line":30,"column":45}},{"start":{"line":30,"column":48},"end":{"line":30,"column":null}}]},"2":{"loc":{"start":{"line":43,"column":25},"end":{"line":43,"column":67}},"type":"binary-expr","locations":[{"start":{"line":43,"column":25},"end":{"line":43,"column":59}},{"start":{"line":43,"column":63},"end":{"line":43,"column":67}}]},"3":{"loc":{"start":{"line":60,"column":19},"end":{"line":60,"column":55}},"type":"binary-expr","locations":[{"start":{"line":60,"column":19},"end":{"line":60,"column":45}},{"start":{"line":60,"column":49},"end":{"line":60,"column":55}}]},"4":{"loc":{"start":{"line":78,"column":25},"end":{"line":78,"column":64}},"type":"binary-expr","locations":[{"start":{"line":78,"column":25},"end":{"line":78,"column":56}},{"start":{"line":78,"column":60},"end":{"line":78,"column":64}}]},"5":{"loc":{"start":{"line":97,"column":23},"end":{"line":97,"column":56}},"type":"binary-expr","locations":[{"start":{"line":97,"column":23},"end":{"line":97,"column":46}},{"start":{"line":97,"column":50},"end":{"line":97,"column":56}}]},"6":{"loc":{"start":{"line":117,"column":23},"end":{"line":117,"column":58}},"type":"binary-expr","locations":[{"start":{"line":117,"column":23},"end":{"line":117,"column":47}},{"start":{"line":117,"column":51},"end":{"line":117,"column":58}}]},"7":{"loc":{"start":{"line":135,"column":23},"end":{"line":135,"column":57}},"type":"binary-expr","locations":[{"start":{"line":135,"column":23},"end":{"line":135,"column":48}},{"start":{"line":135,"column":52},"end":{"line":135,"column":57}}]},"8":{"loc":{"start":{"line":156,"column":23},"end":{"line":156,"column":54}},"type":"binary-expr","locations":[{"start":{"line":156,"column":23},"end":{"line":156,"column":45}},{"start":{"line":156,"column":49},"end":{"line":156,"column":54}}]}},"s":{"0":0,"1":0,"2":0,"3":0,"4":0,"5":0,"6":0,"7":0,"8":0,"9":0,"10":0,"11":0,"12":0,"13":0},"f":{"0":0,"1":0,"2":0,"3":0,"4":0,"5":0,"6":0,"7":0},"b":{"0":[0,0],"1":[0,0],"2":[0,0],"3":[0,0],"4":[0,0],"5":[0,0],"6":[0,0],"7":[0,0],"8":[0,0]}}
,"/home/bamer/nextjs-llama-async-proxy/src/components/configuration/ModernConfiguration.tsx": {"path":"/home/bamer/nextjs-llama-async-proxy/src/components/configuration/ModernConfiguration.tsx","statementMap":{"0":{"start":{"line":14,"column":0},"end":{"line":14,"column":24}},"1":{"start":{"line":3,"column":0},"end":{"line":3,"column":64}},"2":{"start":{"line":4,"column":0},"end":{"line":4,"column":68}},"3":{"start":{"line":5,"column":0},"end":{"line":5,"column":60}},"4":{"start":{"line":6,"column":0},"end":{"line":6,"column":56}},"5":{"start":{"line":7,"column":0},"end":{"line":7,"column":76}},"6":{"start":{"line":8,"column":0},"end":{"line":8,"column":58}},"7":{"start":{"line":9,"column":0},"end":{"line":9,"column":66}},"8":{"start":{"line":10,"column":0},"end":{"line":10,"column":60}},"9":{"start":{"line":11,"column":0},"end":{"line":11,"column":56}},"10":{"start":{"line":12,"column":0},"end":{"line":12,"column":62}},"11":{"start":{"line":29,"column":6},"end":{"line":29,"column":28}},"12":{"start":{"line":31,"column":2},"end":{"line":40,"column":3}},"13":{"start":{"line":32,"column":4},"end":{"line":39,"column":6}},"14":{"start":{"line":42,"column":2},"end":{"line":80,"column":4}}},"fnMap":{"0":{"name":"ModernConfiguration","decl":{"start":{"line":14,"column":24},"end":{"line":14,"column":43}},"loc":{"start":{"line":14,"column":43},"end":{"line":81,"column":1}}}},"branchMap":{"0":{"loc":{"start":{"line":31,"column":2},"end":{"line":40,"column":3}},"type":"if","locations":[{"start":{"line":31,"column":2},"end":{"line":40,"column":3}},{"start":{},"end":{}}]},"1":{"loc":{"start":{"line":54,"column":7},"end":{"line":58,"column":null}},"type":"binary-expr","locations":[{"start":{"line":54,"column":7},"end":{"line":54,"column":22}},{"start":{"line":55,"column":8},"end":{"line":57,"column":null}}]},"2":{"loc":{"start":{"line":61,"column":7},"end":{"line":65,"column":null}},"type":"binary-expr","locations":[{"start":{"line":61,"column":7},"end":{"line":61,"column":22}},{"start":{"line":62,"column":8},"end":{"line":64,"column":null}}]},"3":{"loc":{"start":{"line":68,"column":7},"end":{"line":73,"column":null}},"type":"binary-expr","locations":[{"start":{"line":68,"column":7},"end":{"line":68,"column":22}},{"start":{"line":69,"column":8},"end":{"line":72,"column":null}}]},"4":{"loc":{"start":{"line":76,"column":7},"end":{"line":76,"column":47}},"type":"binary-expr","locations":[{"start":{"line":76,"column":7},"end":{"line":76,"column":22}},{"start":{"line":76,"column":26},"end":{"line":76,"column":47}}]}},"s":{"0":0,"1":0,"2":0,"3":0,"4":0,"5":0,"6":0,"7":0,"8":0,"9":0,"10":0,"11":0,"12":0,"13":0,"14":0},"f":{"0":0},"b":{"0":[0,0],"1":[0,0],"2":[0,0],"3":[0,0],"4":[0,0]}}
,"/home/bamer/nextjs-llama-async-proxy/src/components/configuration/hooks/useConfigurationForm.ts": {"path":"/home/bamer/nextjs-llama-async-proxy/src/components/configuration/hooks/useConfigurationForm.ts","statementMap":{"0":{"start":{"line":20,"column":0},"end":{"line":20,"column":16}},"1":{"start":{"line":1,"column":0},"end":{"line":1,"column":44}},"2":{"start":{"line":2,"column":0},"end":{"line":2,"column":60}},"3":{"start":{"line":21,"column":28},"end":{"line":21,"column":45}},"4":{"start":{"line":22,"column":36},"end":{"line":22,"column":47}},"5":{"start":{"line":23,"column":38},"end":{"line":23,"column":78}},"6":{"start":{"line":24,"column":50},"end":{"line":24,"column":72}},"7":{"start":{"line":25,"column":34},"end":{"line":25,"column":49}},"8":{"start":{"line":26,"column":40},"end":{"line":26,"column":55}},"9":{"start":{"line":27,"column":48},"end":{"line":27,"column":63}},"10":{"start":{"line":30,"column":2},"end":{"line":32,"column":9}},"11":{"start":{"line":31,"column":4},"end":{"line":31,"column":23}},"12":{"start":{"line":34,"column":27},"end":{"line":59,"column":3}},"13":{"start":{"line":35,"column":4},"end":{"line":35,"column":29}},"14":{"start":{"line":36,"column":4},"end":{"line":58,"column":5}},"15":{"start":{"line":37,"column":23},"end":{"line":37,"column":49}},"16":{"start":{"line":38,"column":6},"end":{"line":53,"column":7}},"17":{"start":{"line":39,"column":29},"end":{"line":39,"column":50}},"18":{"start":{"line":41,"column":8},"end":{"line":52,"column":11}},"19":{"start":{"line":55,"column":6},"end":{"line":55,"column":60}},"20":{"start":{"line":57,"column":6},"end":{"line":57,"column":32}},"21":{"start":{"line":61,"column":25},"end":{"line":94,"column":3}},"22":{"start":{"line":62,"column":29},"end":{"line":62,"column":31}},"23":{"start":{"line":64,"column":4},"end":{"line":66,"column":5}},"24":{"start":{"line":65,"column":6},"end":{"line":65,"column":38}},"25":{"start":{"line":68,"column":4},"end":{"line":72,"column":5}},"26":{"start":{"line":69,"column":6},"end":{"line":71,"column":7}},"27":{"start":{"line":70,"column":8},"end":{"line":70,"column":66}},"28":{"start":{"line":74,"column":4},"end":{"line":76,"column":5}},"29":{"start":{"line":75,"column":6},"end":{"line":75,"column":45}},"30":{"start":{"line":78,"column":4},"end":{"line":82,"column":5}},"31":{"start":{"line":79,"column":6},"end":{"line":81,"column":7}},"32":{"start":{"line":80,"column":8},"end":{"line":80,"column":62}},"33":{"start":{"line":84,"column":4},"end":{"line":88,"column":5}},"34":{"start":{"line":85,"column":6},"end":{"line":87,"column":7}},"35":{"start":{"line":86,"column":8},"end":{"line":86,"column":60}},"36":{"start":{"line":90,"column":4},"end":{"line":93,"column":6}},"37":{"start":{"line":96,"column":26},"end":{"line":98,"column":3}},"38":{"start":{"line":97,"column":4},"end":{"line":97,"column":27}},"39":{"start":{"line":100,"column":28},"end":{"line":106,"column":3}},"40":{"start":{"line":101,"column":43},"end":{"line":101,"column":51}},"41":{"start":{"line":102,"column":4},"end":{"line":105,"column":8}},"42":{"start":{"line":102,"column":34},"end":{"line":105,"column":6}},"43":{"start":{"line":108,"column":34},"end":{"line":118,"column":3}},"44":{"start":{"line":109,"column":34},"end":{"line":109,"column":42}},"45":{"start":{"line":110,"column":22},"end":{"line":110,"column":40}},"46":{"start":{"line":111,"column":4},"end":{"line":117,"column":8}},"47":{"start":{"line":111,"column":34},"end":{"line":117,"column":6}},"48":{"start":{"line":120,"column":36},"end":{"line":128,"column":3}},"49":{"start":{"line":121,"column":4},"end":{"line":127,"column":8}},"50":{"start":{"line":121,"column":34},"end":{"line":127,"column":6}},"51":{"start":{"line":130,"column":21},"end":{"line":172,"column":3}},"52":{"start":{"line":131,"column":4},"end":{"line":131,"column":22}},"53":{"start":{"line":132,"column":4},"end":{"line":132,"column":26}},"54":{"start":{"line":133,"column":4},"end":{"line":133,"column":28}},"55":{"start":{"line":135,"column":4},"end":{"line":171,"column":5}},"56":{"start":{"line":136,"column":25},"end":{"line":136,"column":51}},"57":{"start":{"line":137,"column":6},"end":{"line":140,"column":7}},"58":{"start":{"line":138,"column":8},"end":{"line":138,"column":53}},"59":{"start":{"line":139,"column":8},"end":{"line":139,"column":45}},"60":{"start":{"line":143,"column":35},"end":{"line":156,"column":8}},"61":{"start":{"line":158,"column":6},"end":{"line":160,"column":7}},"62":{"start":{"line":159,"column":8},"end":{"line":159,"column":56}},"63":{"start":{"line":163,"column":6},"end":{"line":163,"column":22}},"64":{"start":{"line":165,"column":6},"end":{"line":165,"column":27}},"65":{"start":{"line":166,"column":6},"end":{"line":166,"column":52}},"66":{"start":{"line":166,"column":23},"end":{"line":166,"column":44}},"67":{"start":{"line":168,"column":6},"end":{"line":168,"column":40}},"68":{"start":{"line":170,"column":6},"end":{"line":170,"column":25}},"69":{"start":{"line":174,"column":22},"end":{"line":177,"column":3}},"70":{"start":{"line":175,"column":4},"end":{"line":175,"column":22}},"71":{"start":{"line":176,"column":4},"end":{"line":176,"column":29}},"72":{"start":{"line":179,"column":21},"end":{"line":181,"column":3}},"73":{"start":{"line":180,"column":4},"end":{"line":180,"column":29}},"74":{"start":{"line":183,"column":2},"end":{"line":199,"column":4}}},"fnMap":{"0":{"name":"useConfigurationForm","decl":{"start":{"line":20,"column":16},"end":{"line":20,"column":36}},"loc":{"start":{"line":20,"column":36},"end":{"line":200,"column":1}}},"1":{"name":"(anonymous_1)","decl":{"start":{"line":30,"column":12},"end":{"line":30,"column":15}},"loc":{"start":{"line":30,"column":17},"end":{"line":32,"column":3}}},"2":{"name":"(anonymous_2)","decl":{"start":{"line":34,"column":27},"end":{"line":34,"column":32}},"loc":{"start":{"line":34,"column":38},"end":{"line":59,"column":3}}},"3":{"name":"(anonymous_3)","decl":{"start":{"line":61,"column":25},"end":{"line":61,"column":26}},"loc":{"start":{"line":61,"column":92},"end":{"line":94,"column":3}}},"4":{"name":"(anonymous_4)","decl":{"start":{"line":96,"column":26},"end":{"line":96,"column":27}},"loc":{"start":{"line":96,"column":77},"end":{"line":98,"column":3}}},"5":{"name":"(anonymous_5)","decl":{"start":{"line":100,"column":28},"end":{"line":100,"column":29}},"loc":{"start":{"line":100,"column":71},"end":{"line":106,"column":3}}},"6":{"name":"(anonymous_6)","decl":{"start":{"line":102,"column":18},"end":{"line":102,"column":19}},"loc":{"start":{"line":102,"column":34},"end":{"line":105,"column":6}}},"7":{"name":"(anonymous_7)","decl":{"start":{"line":108,"column":34},"end":{"line":108,"column":35}},"loc":{"start":{"line":108,"column":77},"end":{"line":118,"column":3}}},"8":{"name":"(anonymous_8)","decl":{"start":{"line":111,"column":18},"end":{"line":111,"column":19}},"loc":{"start":{"line":111,"column":34},"end":{"line":117,"column":6}}},"9":{"name":"(anonymous_9)","decl":{"start":{"line":120,"column":36},"end":{"line":120,"column":37}},"loc":{"start":{"line":120,"column":69},"end":{"line":128,"column":3}}},"10":{"name":"(anonymous_10)","decl":{"start":{"line":121,"column":18},"end":{"line":121,"column":19}},"loc":{"start":{"line":121,"column":34},"end":{"line":127,"column":6}}},"11":{"name":"(anonymous_11)","decl":{"start":{"line":130,"column":21},"end":{"line":130,"column":26}},"loc":{"start":{"line":130,"column":32},"end":{"line":172,"column":3}}},"12":{"name":"(anonymous_12)","decl":{"start":{"line":166,"column":17},"end":{"line":166,"column":20}},"loc":{"start":{"line":166,"column":23},"end":{"line":166,"column":44}}},"13":{"name":"(anonymous_13)","decl":{"start":{"line":174,"column":22},"end":{"line":174,"column":27}},"loc":{"start":{"line":174,"column":33},"end":{"line":177,"column":3}}},"14":{"name":"(anonymous_14)","decl":{"start":{"line":179,"column":21},"end":{"line":179,"column":26}},"loc":{"start":{"line":179,"column":32},"end":{"line":181,"column":3}}}},"branchMap":{"0":{"loc":{"start":{"line":38,"column":6},"end":{"line":53,"column":7}},"type":"if","locations":[{"start":{"line":38,"column":6},"end":{"line":53,"column":7}},{"start":{},"end":{}}]},"1":{"loc":{"start":{"line":64,"column":4},"end":{"line":66,"column":5}},"type":"if","locations":[{"start":{"line":64,"column":4},"end":{"line":66,"column":5}},{"start":{},"end":{}}]},"2":{"loc":{"start":{"line":64,"column":8},"end":{"line":64,"column":69}},"type":"binary-expr","locations":[{"start":{"line":64,"column":8},"end":{"line":64,"column":30}},{"start":{"line":64,"column":34},"end":{"line":64,"column":69}}]},"3":{"loc":{"start":{"line":68,"column":4},"end":{"line":72,"column":5}},"type":"if","locations":[{"start":{"line":68,"column":4},"end":{"line":72,"column":5}},{"start":{},"end":{}}]},"4":{"loc":{"start":{"line":69,"column":6},"end":{"line":71,"column":7}},"type":"if","locations":[{"start":{"line":69,"column":6},"end":{"line":71,"column":7}},{"start":{},"end":{}}]},"5":{"loc":{"start":{"line":69,"column":10},"end":{"line":69,"column":100}},"type":"binary-expr","locations":[{"start":{"line":69,"column":10},"end":{"line":69,"column":38}},{"start":{"line":69,"column":42},"end":{"line":69,"column":67}},{"start":{"line":69,"column":71},"end":{"line":69,"column":100}}]},"6":{"loc":{"start":{"line":74,"column":4},"end":{"line":76,"column":5}},"type":"if","locations":[{"start":{"line":74,"column":4},"end":{"line":76,"column":5}},{"start":{},"end":{}}]},"7":{"loc":{"start":{"line":74,"column":8},"end":{"line":74,"column":81}},"type":"binary-expr","locations":[{"start":{"line":74,"column":8},"end":{"line":74,"column":36}},{"start":{"line":74,"column":40},"end":{"line":74,"column":81}}]},"8":{"loc":{"start":{"line":78,"column":4},"end":{"line":82,"column":5}},"type":"if","locations":[{"start":{"line":78,"column":4},"end":{"line":82,"column":5}},{"start":{},"end":{}}]},"9":{"loc":{"start":{"line":79,"column":6},"end":{"line":81,"column":7}},"type":"if","locations":[{"start":{"line":79,"column":6},"end":{"line":81,"column":7}},{"start":{},"end":{}}]},"10":{"loc":{"start":{"line":79,"column":10},"end":{"line":79,"column":75}},"type":"binary-expr","locations":[{"start":{"line":79,"column":10},"end":{"line":79,"column":42}},{"start":{"line":79,"column":46},"end":{"line":79,"column":75}}]},"11":{"loc":{"start":{"line":84,"column":4},"end":{"line":88,"column":5}},"type":"if","locations":[{"start":{"line":84,"column":4},"end":{"line":88,"column":5}},{"start":{},"end":{}}]},"12":{"loc":{"start":{"line":85,"column":6},"end":{"line":87,"column":7}},"type":"if","locations":[{"start":{"line":85,"column":6},"end":{"line":87,"column":7}},{"start":{},"end":{}}]},"13":{"loc":{"start":{"line":85,"column":10},"end":{"line":85,"column":79}},"type":"binary-expr","locations":[{"start":{"line":85,"column":10},"end":{"line":85,"column":44}},{"start":{"line":85,"column":48},"end":{"line":85,"column":79}}]},"14":{"loc":{"start":{"line":104,"column":14},"end":{"line":104,"column":51}},"type":"cond-expr","locations":[{"start":{"line":104,"column":36},"end":{"line":104,"column":43}},{"start":{"line":104,"column":46},"end":{"line":104,"column":51}}]},"15":{"loc":{"start":{"line":115,"column":21},"end":{"line":115,"column":66}},"type":"cond-expr","locations":[{"start":{"line":115,"column":41},"end":{"line":115,"column":58}},{"start":{"line":115,"column":61},"end":{"line":115,"column":66}}]},"16":{"loc":{"start":{"line":137,"column":6},"end":{"line":140,"column":7}},"type":"if","locations":[{"start":{"line":137,"column":6},"end":{"line":140,"column":7}},{"start":{},"end":{}}]},"17":{"loc":{"start":{"line":138,"column":28},"end":{"line":138,"column":51}},"type":"binary-expr","locations":[{"start":{"line":138,"column":28},"end":{"line":138,"column":45}},{"start":{"line":138,"column":49},"end":{"line":138,"column":51}}]},"18":{"loc":{"start":{"line":147,"column":16},"end":{"line":147,"column":46}},"type":"binary-expr","locations":[{"start":{"line":147,"column":16},"end":{"line":147,"column":31}},{"start":{"line":147,"column":35},"end":{"line":147,"column":46}}]},"19":{"loc":{"start":{"line":148,"column":16},"end":{"line":148,"column":39}},"type":"binary-expr","locations":[{"start":{"line":148,"column":16},"end":{"line":148,"column":31}},{"start":{"line":148,"column":35},"end":{"line":148,"column":39}}]},"20":{"loc":{"start":{"line":149,"column":20},"end":{"line":149,"column":52}},"type":"binary-expr","locations":[{"start":{"line":149,"column":20},"end":{"line":149,"column":39}},{"start":{"line":149,"column":43},"end":{"line":149,"column":52}}]},"21":{"loc":{"start":{"line":150,"column":22},"end":{"line":150,"column":93}},"type":"binary-expr","locations":[{"start":{"line":150,"column":22},"end":{"line":150,"column":43}},{"start":{"line":150,"column":47},"end":{"line":150,"column":93}}]},"22":{"loc":{"start":{"line":151,"column":20},"end":{"line":151,"column":47}},"type":"binary-expr","locations":[{"start":{"line":151,"column":20},"end":{"line":151,"column":39}},{"start":{"line":151,"column":43},"end":{"line":151,"column":47}}]},"23":{"loc":{"start":{"line":152,"column":22},"end":{"line":152,"column":50}},"type":"binary-expr","locations":[{"start":{"line":152,"column":22},"end":{"line":152,"column":43}},{"start":{"line":152,"column":47},"end":{"line":152,"column":50}}]},"24":{"loc":{"start":{"line":153,"column":19},"end":{"line":153,"column":43}},"type":"binary-expr","locations":[{"start":{"line":153,"column":19},"end":{"line":153,"column":37}},{"start":{"line":153,"column":41},"end":{"line":153,"column":43}}]},"25":{"loc":{"start":{"line":154,"column":22},"end":{"line":154,"column":49}},"type":"binary-expr","locations":[{"start":{"line":154,"column":22},"end":{"line":154,"column":43}},{"start":{"line":154,"column":47},"end":{"line":154,"column":49}}]},"26":{"loc":{"start":{"line":158,"column":6},"end":{"line":160,"column":7}},"type":"if","locations":[{"start":{"line":158,"column":6},"end":{"line":160,"column":7}},{"start":{},"end":{}}]}},"s":{"0":0,"1":0,"2":0,"3":0,"4":0,"5":0,"6":0,"7":0,"8":0,"9":0,"10":0,"11":0,"12":0,"13":0,"14":0,"15":0,"16":0,"17":0,"18":0,"19":0,"20":0,"21":0,"22":0,"23":0,"24":0,"25":0,"26":0,"27":0,"28":0,"29":0,"30":0,"31":0,"32":0,"33":0,"34":0,"35":0,"36":0,"37":0,"38":0,"39":0,"40":0,"41":0,"42":0,"43":0,"44":0,"45":0,"46":0,"47":0,"48":0,"49":0,"50":0,"51":0,"52":0,"53":0,"54":0,"55":0,"56":0,"57":0,"58":0,"59":0,"60":0,"61":0,"62":0,"63":0,"64":0,"65":0,"66":0,"67":0,"68":0,"69":0,"70":0,"71":0,"72":0,"73":0,"74":0},"f":{"0":0,"1":0,"2":0,"3":0,"4":0,"5":0,"6":0,"7":0,"8":0,"9":0,"10":0,"11":0,"12":0,"13":0,"14":0},"b":{"0":[0,0],"1":[0,0],"2":[0,0],"3":[0,0],"4":[0,0],"5":[0,0,0],"6":[0,0],"7":[0,0],"8":[0,0],"9":[0,0],"10":[0,0],"11":[0,0],"12":[0,0],"13":[0,0],"14":[0,0],"15":[0,0],"16":[0,0],"17":[0,0],"18":[0,0],"19":[0,0],"20":[0,0],"21":[0,0],"22":[0,0],"23":[0,0],"24":[0,0],"25":[0,0],"26":[0,0]}}
,"/home/bamer/nextjs-llama-async-proxy/src/components/dashboard/DashboardHeader.tsx": {"path":"/home/bamer/nextjs-llama-async-proxy/src/components/dashboard/DashboardHeader.tsx","statementMap":{"0":{"start":{"line":18,"column":0},"end":{"line":18,"column":16}},"1":{"start":{"line":1,"column":0},"end":{"line":1,"column":75}},"2":{"start":{"line":2,"column":0},"end":{"line":2,"column":85}},"3":{"start":{"line":3,"column":0},"end":{"line":3,"column":34}},"4":{"start":{"line":4,"column":0},"end":{"line":4,"column":51}},"5":{"start":{"line":5,"column":0},"end":{"line":5,"column":44}},"6":{"start":{"line":23,"column":21},"end":{"line":23,"column":31}},"7":{"start":{"line":24,"column":17},"end":{"line":24,"column":28}},"8":{"start":{"line":26,"column":23},"end":{"line":32,"column":3}},"9":{"start":{"line":27,"column":4},"end":{"line":27,"column":31}},"10":{"start":{"line":27,"column":18},"end":{"line":27,"column":31}},"11":{"start":{"line":28,"column":17},"end":{"line":28,"column":44}},"12":{"start":{"line":29,"column":18},"end":{"line":29,"column":54}},"13":{"start":{"line":30,"column":17},"end":{"line":30,"column":50}},"14":{"start":{"line":31,"column":4},"end":{"line":31,"column":41}},"15":{"start":{"line":34,"column":2},"end":{"line":87,"column":4}},"16":{"start":{"line":80,"column":39},"end":{"line":80,"column":63}}},"fnMap":{"0":{"name":"DashboardHeader","decl":{"start":{"line":18,"column":16},"end":{"line":18,"column":31}},"loc":{"start":{"line":22,"column":23},"end":{"line":88,"column":1}}},"1":{"name":"(anonymous_1)","decl":{"start":{"line":26,"column":23},"end":{"line":26,"column":24}},"loc":{"start":{"line":26,"column":52},"end":{"line":32,"column":3}}},"2":{"name":"(anonymous_2)","decl":{"start":{"line":80,"column":33},"end":{"line":80,"column":36}},"loc":{"start":{"line":80,"column":39},"end":{"line":80,"column":63}}}},"branchMap":{"0":{"loc":{"start":{"line":27,"column":4},"end":{"line":27,"column":31}},"type":"if","locations":[{"start":{"line":27,"column":4},"end":{"line":27,"column":31}},{"start":{},"end":{}}]},"1":{"loc":{"start":{"line":51,"column":11},"end":{"line":57,"column":null}},"type":"binary-expr","locations":[{"start":{"line":51,"column":11},"end":{"line":51,"column":18}},{"start":{"line":52,"column":12},"end":{"line":56,"column":null}}]},"2":{"loc":{"start":{"line":60,"column":19},"end":{"line":60,"column":61}},"type":"cond-expr","locations":[{"start":{"line":60,"column":33},"end":{"line":60,"column":44}},{"start":{"line":60,"column":47},"end":{"line":60,"column":61}}]},"3":{"loc":{"start":{"line":61,"column":19},"end":{"line":61,"column":52}},"type":"cond-expr","locations":[{"start":{"line":61,"column":33},"end":{"line":61,"column":42}},{"start":{"line":61,"column":45},"end":{"line":61,"column":52}}]},"4":{"loc":{"start":{"line":66,"column":25},"end":{"line":66,"column":68}},"type":"cond-expr","locations":[{"start":{"line":66,"column":40},"end":{"line":66,"column":59}},{"start":{"line":66,"column":62},"end":{"line":66,"column":68}}]}},"s":{"0":0,"1":0,"2":0,"3":0,"4":0,"5":0,"6":0,"7":0,"8":0,"9":0,"10":0,"11":0,"12":0,"13":0,"14":0,"15":0,"16":0},"f":{"0":0,"1":0,"2":0},"b":{"0":[0,0],"1":[0,0],"2":[0,0],"3":[0,0],"4":[0,0]}}
,"/home/bamer/nextjs-llama-async-proxy/src/components/dashboard/MetricCard.tsx": {"path":"/home/bamer/nextjs-llama-async-proxy/src/components/dashboard/MetricCard.tsx","statementMap":{"0":{"start":{"line":15,"column":0},"end":{"line":15,"column":16}},"1":{"start":{"line":3,"column":0},"end":{"line":3,"column":89}},"2":{"start":{"line":24,"column":25},"end":{"line":28,"column":3}},"3":{"start":{"line":25,"column":4},"end":{"line":25,"column":37}},"4":{"start":{"line":25,"column":22},"end":{"line":25,"column":37}},"5":{"start":{"line":26,"column":4},"end":{"line":26,"column":45}},"6":{"start":{"line":26,"column":28},"end":{"line":26,"column":45}},"7":{"start":{"line":27,"column":4},"end":{"line":27,"column":21}},"8":{"start":{"line":30,"column":22},"end":{"line":30,"column":54}},"9":{"start":{"line":32,"column":2},"end":{"line":89,"column":4}}},"fnMap":{"0":{"name":"MetricCard","decl":{"start":{"line":15,"column":16},"end":{"line":15,"column":26}},"loc":{"start":{"line":23,"column":18},"end":{"line":90,"column":1}}},"1":{"name":"(anonymous_1)","decl":{"start":{"line":24,"column":25},"end":{"line":24,"column":26}},"loc":{"start":{"line":24,"column":65},"end":{"line":28,"column":3}}}},"branchMap":{"0":{"loc":{"start":{"line":18,"column":2},"end":{"line":18,"column":11}},"type":"default-arg","locations":[{"start":{"line":18,"column":9},"end":{"line":18,"column":11}}]},"1":{"loc":{"start":{"line":22,"column":2},"end":{"line":22,"column":16}},"type":"default-arg","locations":[{"start":{"line":22,"column":14},"end":{"line":22,"column":16}}]},"2":{"loc":{"start":{"line":25,"column":4},"end":{"line":25,"column":37}},"type":"if","locations":[{"start":{"line":25,"column":4},"end":{"line":25,"column":37}},{"start":{},"end":{}}]},"3":{"loc":{"start":{"line":26,"column":4},"end":{"line":26,"column":45}},"type":"if","locations":[{"start":{"line":26,"column":4},"end":{"line":26,"column":45}},{"start":{},"end":{}}]},"4":{"loc":{"start":{"line":34,"column":18},"end":{"line":34,"column":79}},"type":"cond-expr","locations":[{"start":{"line":34,"column":27},"end":{"line":34,"column":50}},{"start":{"line":34,"column":53},"end":{"line":34,"column":79}}]},"5":{"loc":{"start":{"line":36,"column":27},"end":{"line":36,"column":80}},"type":"cond-expr","locations":[{"start":{"line":36,"column":36},"end":{"line":36,"column":59}},{"start":{"line":36,"column":62},"end":{"line":36,"column":80}}]},"6":{"loc":{"start":{"line":41,"column":19},"end":{"line":41,"column":87}},"type":"cond-expr","locations":[{"start":{"line":41,"column":28},"end":{"line":41,"column":56}},{"start":{"line":41,"column":59},"end":{"line":41,"column":87}}]},"7":{"loc":{"start":{"line":47,"column":13},"end":{"line":47,"column":80}},"type":"binary-expr","locations":[{"start":{"line":47,"column":13},"end":{"line":47,"column":17}},{"start":{"line":47,"column":21},"end":{"line":47,"column":80}}]},"8":{"loc":{"start":{"line":58,"column":11},"end":{"line":64,"column":null}},"type":"binary-expr","locations":[{"start":{"line":58,"column":11},"end":{"line":58,"column":30}},{"start":{"line":59,"column":12},"end":{"line":63,"column":null}}]},"9":{"loc":{"start":{"line":60,"column":21},"end":{"line":60,"column":59}},"type":"cond-expr","locations":[{"start":{"line":60,"column":33},"end":{"line":60,"column":45}},{"start":{"line":60,"column":48},"end":{"line":60,"column":59}}]},"10":{"loc":{"start":{"line":62,"column":21},"end":{"line":62,"column":76}},"type":"cond-expr","locations":[{"start":{"line":62,"column":33},"end":{"line":62,"column":40}},{"start":{"line":62,"column":43},"end":{"line":62,"column":76}}]},"11":{"loc":{"start":{"line":62,"column":43},"end":{"line":62,"column":76}},"type":"cond-expr","locations":[{"start":{"line":62,"column":55},"end":{"line":62,"column":64}},{"start":{"line":62,"column":67},"end":{"line":62,"column":76}}]},"12":{"loc":{"start":{"line":75,"column":29},"end":{"line":75,"column":81}},"type":"cond-expr","locations":[{"start":{"line":75,"column":38},"end":{"line":75,"column":61}},{"start":{"line":75,"column":64},"end":{"line":75,"column":81}}]},"13":{"loc":{"start":{"line":81,"column":19},"end":{"line":81,"column":93}},"type":"cond-expr","locations":[{"start":{"line":81,"column":39},"end":{"line":81,"column":45}},{"start":{"line":81,"column":48},"end":{"line":81,"column":93}}]},"14":{"loc":{"start":{"line":81,"column":48},"end":{"line":81,"column":93}},"type":"cond-expr","locations":[{"start":{"line":81,"column":74},"end":{"line":81,"column":82}},{"start":{"line":81,"column":85},"end":{"line":81,"column":93}}]}},"s":{"0":0,"1":0,"2":0,"3":0,"4":0,"5":0,"6":0,"7":0,"8":0,"9":0},"f":{"0":0,"1":0},"b":{"0":[0],"1":[0],"2":[0,0],"3":[0,0],"4":[0,0],"5":[0,0],"6":[0,0],"7":[0,0],"8":[0,0],"9":[0,0],"10":[0,0],"11":[0,0],"12":[0,0],"13":[0,0],"14":[0,0]}}
,"/home/bamer/nextjs-llama-async-proxy/src/components/dashboard/ModelsListCard.tsx": {"path":"/home/bamer/nextjs-llama-async-proxy/src/components/dashboard/ModelsListCard.tsx","statementMap":{"0":{"start":{"line":21,"column":0},"end":{"line":21,"column":16}},"1":{"start":{"line":3,"column":0},"end":{"line":3,"column":33}},"2":{"start":{"line":4,"column":0},"end":{"line":4,"column":103}},"3":{"start":{"line":5,"column":0},"end":{"line":5,"column":64}},"4":{"start":{"line":22,"column":44},"end":{"line":22,"column":81}},"5":{"start":{"line":24,"column":25},"end":{"line":31,"column":3}},"6":{"start":{"line":25,"column":4},"end":{"line":30,"column":5}},"7":{"start":{"line":26,"column":22},"end":{"line":26,"column":39}},"8":{"start":{"line":27,"column":22},"end":{"line":27,"column":39}},"9":{"start":{"line":28,"column":20},"end":{"line":28,"column":35}},"10":{"start":{"line":29,"column":15},"end":{"line":29,"column":32}},"11":{"start":{"line":33,"column":25},"end":{"line":40,"column":3}},"12":{"start":{"line":34,"column":4},"end":{"line":39,"column":5}},"13":{"start":{"line":35,"column":22},"end":{"line":35,"column":39}},"14":{"start":{"line":36,"column":22},"end":{"line":36,"column":39}},"15":{"start":{"line":37,"column":20},"end":{"line":37,"column":35}},"16":{"start":{"line":38,"column":15},"end":{"line":38,"column":32}},"17":{"start":{"line":42,"column":26},"end":{"line":62,"column":3}},"18":{"start":{"line":43,"column":4},"end":{"line":43,"column":40}},"19":{"start":{"line":43,"column":33},"end":{"line":43,"column":40}},"20":{"start":{"line":45,"column":4},"end":{"line":45,"column":62}},"21":{"start":{"line":45,"column":30},"end":{"line":45,"column":59}},"22":{"start":{"line":47,"column":4},"end":{"line":61,"column":5}},"23":{"start":{"line":48,"column":6},"end":{"line":54,"column":7}},"24":{"start":{"line":49,"column":8},"end":{"line":49,"column":94}},"25":{"start":{"line":51,"column":25},"end":{"line":51,"column":111}},"26":{"start":{"line":52,"column":21},"end":{"line":52,"column":42}},"27":{"start":{"line":53,"column":8},"end":{"line":53,"column":81}},"28":{"start":{"line":53,"column":26},"end":{"line":53,"column":81}},"29":{"start":{"line":55,"column":6},"end":{"line":55,"column":30}},"30":{"start":{"line":57,"column":6},"end":{"line":57,"column":54}},"31":{"start":{"line":58,"column":6},"end":{"line":58,"column":78}},"32":{"start":{"line":60,"column":6},"end":{"line":60,"column":65}},"33":{"start":{"line":60,"column":32},"end":{"line":60,"column":62}},"34":{"start":{"line":64,"column":2},"end":{"line":153,"column":4}},"35":{"start":{"line":83,"column":12},"end":{"line":83,"column":null}},"36":{"start":{"line":133,"column":35},"end":{"line":133,"column":57}}},"fnMap":{"0":{"name":"ModelsListCard","decl":{"start":{"line":21,"column":16},"end":{"line":21,"column":30}},"loc":{"start":{"line":21,"column":85},"end":{"line":154,"column":1}}},"1":{"name":"(anonymous_1)","decl":{"start":{"line":24,"column":25},"end":{"line":24,"column":26}},"loc":{"start":{"line":24,"column":52},"end":{"line":31,"column":3}}},"2":{"name":"(anonymous_2)","decl":{"start":{"line":33,"column":25},"end":{"line":33,"column":26}},"loc":{"start":{"line":33,"column":52},"end":{"line":40,"column":3}}},"3":{"name":"(anonymous_3)","decl":{"start":{"line":42,"column":26},"end":{"line":42,"column":31}},"loc":{"start":{"line":42,"column":55},"end":{"line":62,"column":3}}},"4":{"name":"(anonymous_4)","decl":{"start":{"line":45,"column":21},"end":{"line":45,"column":25}},"loc":{"start":{"line":45,"column":30},"end":{"line":45,"column":59}}},"5":{"name":"(anonymous_5)","decl":{"start":{"line":60,"column":23},"end":{"line":60,"column":27}},"loc":{"start":{"line":60,"column":32},"end":{"line":60,"column":62}}},"6":{"name":"(anonymous_6)","decl":{"start":{"line":82,"column":30},"end":{"line":82,"column":31}},"loc":{"start":{"line":83,"column":12},"end":{"line":83,"column":null}}},"7":{"name":"(anonymous_7)","decl":{"start":{"line":133,"column":29},"end":{"line":133,"column":32}},"loc":{"start":{"line":133,"column":35},"end":{"line":133,"column":57}}}},"branchMap":{"0":{"loc":{"start":{"line":25,"column":4},"end":{"line":30,"column":5}},"type":"switch","locations":[{"start":{"line":26,"column":6},"end":{"line":26,"column":39}},{"start":{"line":27,"column":6},"end":{"line":27,"column":39}},{"start":{"line":28,"column":6},"end":{"line":28,"column":35}},{"start":{"line":29,"column":6},"end":{"line":29,"column":32}}]},"1":{"loc":{"start":{"line":34,"column":4},"end":{"line":39,"column":5}},"type":"switch","locations":[{"start":{"line":35,"column":6},"end":{"line":35,"column":39}},{"start":{"line":36,"column":6},"end":{"line":36,"column":39}},{"start":{"line":37,"column":6},"end":{"line":37,"column":35}},{"start":{"line":38,"column":6},"end":{"line":38,"column":32}}]},"2":{"loc":{"start":{"line":43,"column":4},"end":{"line":43,"column":40}},"type":"if","locations":[{"start":{"line":43,"column":4},"end":{"line":43,"column":40}},{"start":{},"end":{}}]},"3":{"loc":{"start":{"line":48,"column":6},"end":{"line":54,"column":7}},"type":"if","locations":[{"start":{"line":48,"column":6},"end":{"line":54,"column":7}},{"start":{"line":50,"column":13},"end":{"line":54,"column":7}}]},"4":{"loc":{"start":{"line":53,"column":8},"end":{"line":53,"column":81}},"type":"if","locations":[{"start":{"line":53,"column":8},"end":{"line":53,"column":81}},{"start":{},"end":{}}]},"5":{"loc":{"start":{"line":53,"column":42},"end":{"line":53,"column":79}},"type":"binary-expr","locations":[{"start":{"line":53,"column":42},"end":{"line":53,"column":52}},{"start":{"line":53,"column":56},"end":{"line":53,"column":79}}]},"6":{"loc":{"start":{"line":58,"column":12},"end":{"line":58,"column":76}},"type":"cond-expr","locations":[{"start":{"line":58,"column":37},"end":{"line":58,"column":50}},{"start":{"line":58,"column":53},"end":{"line":58,"column":76}}]},"7":{"loc":{"start":{"line":66,"column":18},"end":{"line":66,"column":79}},"type":"cond-expr","locations":[{"start":{"line":66,"column":27},"end":{"line":66,"column":50}},{"start":{"line":66,"column":53},"end":{"line":66,"column":79}}]},"8":{"loc":{"start":{"line":68,"column":27},"end":{"line":68,"column":80}},"type":"cond-expr","locations":[{"start":{"line":68,"column":36},"end":{"line":68,"column":59}},{"start":{"line":68,"column":62},"end":{"line":68,"column":80}}]},"9":{"loc":{"start":{"line":77,"column":13},"end":{"line":77,"column":32}},"type":"binary-expr","locations":[{"start":{"line":77,"column":13},"end":{"line":77,"column":27}},{"start":{"line":77,"column":31},"end":{"line":77,"column":32}}]},"10":{"loc":{"start":{"line":82,"column":12},"end":{"line":82,"column":24}},"type":"binary-expr","locations":[{"start":{"line":82,"column":12},"end":{"line":82,"column":18}},{"start":{"line":82,"column":22},"end":{"line":82,"column":24}}]},"11":{"loc":{"start":{"line":88,"column":30},"end":{"line":88,"column":82}},"type":"cond-expr","locations":[{"start":{"line":88,"column":39},"end":{"line":88,"column":56}},{"start":{"line":88,"column":59},"end":{"line":88,"column":82}}]},"12":{"loc":{"start":{"line":89,"column":39},"end":{"line":89,"column":92}},"type":"cond-expr","locations":[{"start":{"line":89,"column":48},"end":{"line":89,"column":71}},{"start":{"line":89,"column":74},"end":{"line":89,"column":92}}]},"13":{"loc":{"start":{"line":93,"column":31},"end":{"line":93,"column":99}},"type":"cond-expr","locations":[{"start":{"line":93,"column":40},"end":{"line":93,"column":68}},{"start":{"line":93,"column":71},"end":{"line":93,"column":99}}]},"14":{"loc":{"start":{"line":114,"column":17},"end":{"line":124,"column":null}},"type":"binary-expr","locations":[{"start":{"line":114,"column":17},"end":{"line":114,"column":43}},{"start":{"line":114,"column":47},"end":{"line":114,"column":75}},{"start":{"line":115,"column":18},"end":{"line":123,"column":null}}]},"15":{"loc":{"start":{"line":130,"column":29},"end":{"line":130,"column":82}},"type":"cond-expr","locations":[{"start":{"line":130,"column":58},"end":{"line":130,"column":68}},{"start":{"line":130,"column":71},"end":{"line":130,"column":82}}]},"16":{"loc":{"start":{"line":131,"column":27},"end":{"line":131,"column":75}},"type":"cond-expr","locations":[{"start":{"line":131,"column":56},"end":{"line":131,"column":63}},{"start":{"line":131,"column":66},"end":{"line":131,"column":75}}]},"17":{"loc":{"start":{"line":132,"column":31},"end":{"line":132,"column":84}},"type":"cond-expr","locations":[{"start":{"line":132,"column":60},"end":{"line":132,"column":68}},{"start":{"line":132,"column":71},"end":{"line":132,"column":84}}]},"18":{"loc":{"start":{"line":134,"column":30},"end":{"line":134,"column":83}},"type":"binary-expr","locations":[{"start":{"line":134,"column":30},"end":{"line":134,"column":56}},{"start":{"line":134,"column":60},"end":{"line":134,"column":83}}]},"19":{"loc":{"start":{"line":137,"column":21},"end":{"line":137,"column":157}},"type":"cond-expr","locations":[{"start":{"line":137,"column":48},"end":{"line":137,"column":106}},{"start":{"line":137,"column":111},"end":{"line":137,"column":156}}]},"20":{"loc":{"start":{"line":137,"column":48},"end":{"line":137,"column":106}},"type":"cond-expr","locations":[{"start":{"line":137,"column":77},"end":{"line":137,"column":90}},{"start":{"line":137,"column":93},"end":{"line":137,"column":106}}]},"21":{"loc":{"start":{"line":137,"column":111},"end":{"line":137,"column":156}},"type":"cond-expr","locations":[{"start":{"line":137,"column":140},"end":{"line":137,"column":146}},{"start":{"line":137,"column":149},"end":{"line":137,"column":156}}]}},"s":{"0":0,"1":0,"2":0,"3":0,"4":0,"5":0,"6":0,"7":0,"8":0,"9":0,"10":0,"11":0,"12":0,"13":0,"14":0,"15":0,"16":0,"17":0,"18":0,"19":0,"20":0,"21":0,"22":0,"23":0,"24":0,"25":0,"26":0,"27":0,"28":0,"29":0,"30":0,"31":0,"32":0,"33":0,"34":0,"35":0,"36":0},"f":{"0":0,"1":0,"2":0,"3":0,"4":0,"5":0,"6":0,"7":0},"b":{"0":[0,0,0,0],"1":[0,0,0,0],"2":[0,0],"3":[0,0],"4":[0,0],"5":[0,0],"6":[0,0],"7":[0,0],"8":[0,0],"9":[0,0],"10":[0,0],"11":[0,0],"12":[0,0],"13":[0,0],"14":[0,0,0],"15":[0,0],"16":[0,0],"17":[0,0],"18":[0,0],"19":[0,0],"20":[0,0],"21":[0,0]}}
,"/home/bamer/nextjs-llama-async-proxy/src/components/dashboard/ModernDashboard.tsx": {"path":"/home/bamer/nextjs-llama-async-proxy/src/components/dashboard/ModernDashboard.tsx","statementMap":{"0":{"start":{"line":18,"column":0},"end":{"line":18,"column":24}},"1":{"start":{"line":3,"column":0},"end":{"line":3,"column":44}},"2":{"start":{"line":4,"column":0},"end":{"line":4,"column":39}},"3":{"start":{"line":5,"column":0},"end":{"line":5,"column":53}},"4":{"start":{"line":6,"column":0},"end":{"line":6,"column":58}},"5":{"start":{"line":7,"column":0},"end":{"line":7,"column":91}},"6":{"start":{"line":8,"column":0},"end":{"line":8,"column":51}},"7":{"start":{"line":10,"column":0},"end":{"line":10,"column":73}},"8":{"start":{"line":11,"column":0},"end":{"line":11,"column":63}},"9":{"start":{"line":12,"column":0},"end":{"line":12,"column":71}},"10":{"start":{"line":13,"column":0},"end":{"line":13,"column":75}},"11":{"start":{"line":14,"column":0},"end":{"line":14,"column":72}},"12":{"start":{"line":15,"column":0},"end":{"line":15,"column":70}},"13":{"start":{"line":16,"column":0},"end":{"line":16,"column":44}},"14":{"start":{"line":19,"column":39},"end":{"line":19,"column":53}},"15":{"start":{"line":20,"column":17},"end":{"line":20,"column":50}},"16":{"start":{"line":20,"column":37},"end":{"line":20,"column":49}},"17":{"start":{"line":21,"column":21},"end":{"line":21,"column":55}},"18":{"start":{"line":21,"column":41},"end":{"line":21,"column":54}},"19":{"start":{"line":22,"column":22},"end":{"line":22,"column":57}},"20":{"start":{"line":23,"column":32},"end":{"line":23,"column":46}},"21":{"start":{"line":24,"column":23},"end":{"line":24,"column":40}},"22":{"start":{"line":25,"column":21},"end":{"line":25,"column":31}},"23":{"start":{"line":26,"column":17},"end":{"line":26,"column":28}},"24":{"start":{"line":28,"column":2},"end":{"line":34,"column":20}},"25":{"start":{"line":29,"column":4},"end":{"line":29,"column":39}},"26":{"start":{"line":30,"column":4},"end":{"line":30,"column":38}},"27":{"start":{"line":32,"column":18},"end":{"line":32,"column":59}},"28":{"start":{"line":32,"column":35},"end":{"line":32,"column":52}},"29":{"start":{"line":33,"column":4},"end":{"line":33,"column":37}},"30":{"start":{"line":33,"column":17},"end":{"line":33,"column":36}},"31":{"start":{"line":36,"column":24},"end":{"line":39,"column":3}},"32":{"start":{"line":37,"column":4},"end":{"line":37,"column":39}},"33":{"start":{"line":38,"column":4},"end":{"line":38,"column":38}},"34":{"start":{"line":41,"column":29},"end":{"line":43,"column":3}},"35":{"start":{"line":42,"column":4},"end":{"line":42,"column":37}},"36":{"start":{"line":45,"column":30},"end":{"line":47,"column":3}},"37":{"start":{"line":46,"column":4},"end":{"line":46,"column":38}},"38":{"start":{"line":49,"column":28},"end":{"line":51,"column":3}},"39":{"start":{"line":50,"column":4},"end":{"line":50,"column":42}},"40":{"start":{"line":53,"column":29},"end":{"line":55,"column":3}},"41":{"start":{"line":54,"column":4},"end":{"line":54,"column":29}},"42":{"start":{"line":57,"column":28},"end":{"line":59,"column":3}},"43":{"start":{"line":58,"column":4},"end":{"line":58,"column":45}},"44":{"start":{"line":61,"column":23},"end":{"line":67,"column":3}},"45":{"start":{"line":62,"column":4},"end":{"line":62,"column":31}},"46":{"start":{"line":62,"column":18},"end":{"line":62,"column":31}},"47":{"start":{"line":63,"column":17},"end":{"line":63,"column":44}},"48":{"start":{"line":64,"column":18},"end":{"line":64,"column":54}},"49":{"start":{"line":65,"column":17},"end":{"line":65,"column":50}},"50":{"start":{"line":66,"column":4},"end":{"line":66,"column":41}},"51":{"start":{"line":69,"column":2},"end":{"line":78,"column":3}},"52":{"start":{"line":70,"column":4},"end":{"line":77,"column":6}},"53":{"start":{"line":80,"column":2},"end":{"line":258,"column":4}},"54":{"start":{"line":160,"column":43},"end":{"line":160,"column":90}},"55":{"start":{"line":168,"column":43},"end":{"line":168,"column":90}},"56":{"start":{"line":176,"column":43},"end":{"line":176,"column":91}},"57":{"start":{"line":195,"column":45},"end":{"line":195,"column":92}},"58":{"start":{"line":203,"column":45},"end":{"line":203,"column":92}},"59":{"start":{"line":218,"column":36},"end":{"line":218,"column":51}}},"fnMap":{"0":{"name":"ModernDashboard","decl":{"start":{"line":18,"column":24},"end":{"line":18,"column":39}},"loc":{"start":{"line":18,"column":39},"end":{"line":259,"column":1}}},"1":{"name":"(anonymous_1)","decl":{"start":{"line":20,"column":26},"end":{"line":20,"column":27}},"loc":{"start":{"line":20,"column":37},"end":{"line":20,"column":49}}},"2":{"name":"(anonymous_2)","decl":{"start":{"line":21,"column":30},"end":{"line":21,"column":31}},"loc":{"start":{"line":21,"column":41},"end":{"line":21,"column":54}}},"3":{"name":"(anonymous_3)","decl":{"start":{"line":28,"column":12},"end":{"line":28,"column":15}},"loc":{"start":{"line":28,"column":17},"end":{"line":34,"column":3}}},"4":{"name":"(anonymous_4)","decl":{"start":{"line":32,"column":29},"end":{"line":32,"column":32}},"loc":{"start":{"line":32,"column":35},"end":{"line":32,"column":52}}},"5":{"name":"(anonymous_5)","decl":{"start":{"line":33,"column":11},"end":{"line":33,"column":14}},"loc":{"start":{"line":33,"column":17},"end":{"line":33,"column":36}}},"6":{"name":"(anonymous_6)","decl":{"start":{"line":36,"column":24},"end":{"line":36,"column":27}},"loc":{"start":{"line":36,"column":29},"end":{"line":39,"column":3}}},"7":{"name":"(anonymous_7)","decl":{"start":{"line":41,"column":29},"end":{"line":41,"column":32}},"loc":{"start":{"line":41,"column":34},"end":{"line":43,"column":3}}},"8":{"name":"(anonymous_8)","decl":{"start":{"line":45,"column":30},"end":{"line":45,"column":33}},"loc":{"start":{"line":45,"column":35},"end":{"line":47,"column":3}}},"9":{"name":"(anonymous_9)","decl":{"start":{"line":49,"column":28},"end":{"line":49,"column":31}},"loc":{"start":{"line":49,"column":33},"end":{"line":51,"column":3}}},"10":{"name":"(anonymous_10)","decl":{"start":{"line":53,"column":29},"end":{"line":53,"column":32}},"loc":{"start":{"line":53,"column":34},"end":{"line":55,"column":3}}},"11":{"name":"(anonymous_11)","decl":{"start":{"line":57,"column":28},"end":{"line":57,"column":29}},"loc":{"start":{"line":57,"column":48},"end":{"line":59,"column":3}}},"12":{"name":"(anonymous_12)","decl":{"start":{"line":61,"column":23},"end":{"line":61,"column":24}},"loc":{"start":{"line":61,"column":52},"end":{"line":67,"column":3}}},"13":{"name":"(anonymous_13)","decl":{"start":{"line":160,"column":32},"end":{"line":160,"column":33}},"loc":{"start":{"line":160,"column":43},"end":{"line":160,"column":90}}},"14":{"name":"(anonymous_14)","decl":{"start":{"line":168,"column":32},"end":{"line":168,"column":33}},"loc":{"start":{"line":168,"column":43},"end":{"line":168,"column":90}}},"15":{"name":"(anonymous_15)","decl":{"start":{"line":176,"column":32},"end":{"line":176,"column":33}},"loc":{"start":{"line":176,"column":43},"end":{"line":176,"column":91}}},"16":{"name":"(anonymous_16)","decl":{"start":{"line":195,"column":34},"end":{"line":195,"column":35}},"loc":{"start":{"line":195,"column":45},"end":{"line":195,"column":92}}},"17":{"name":"(anonymous_17)","decl":{"start":{"line":203,"column":34},"end":{"line":203,"column":35}},"loc":{"start":{"line":203,"column":45},"end":{"line":203,"column":92}}},"18":{"name":"(anonymous_18)","decl":{"start":{"line":218,"column":24},"end":{"line":218,"column":25}},"loc":{"start":{"line":218,"column":36},"end":{"line":218,"column":51}}}},"branchMap":{"0":{"loc":{"start":{"line":22,"column":22},"end":{"line":22,"column":57}},"type":"cond-expr","locations":[{"start":{"line":22,"column":35},"end":{"line":22,"column":45}},{"start":{"line":22,"column":48},"end":{"line":22,"column":57}}]},"1":{"loc":{"start":{"line":62,"column":4},"end":{"line":62,"column":31}},"type":"if","locations":[{"start":{"line":62,"column":4},"end":{"line":62,"column":31}},{"start":{},"end":{}}]},"2":{"loc":{"start":{"line":69,"column":2},"end":{"line":78,"column":3}},"type":"if","locations":[{"start":{"line":69,"column":2},"end":{"line":78,"column":3}},{"start":{},"end":{}}]},"3":{"loc":{"start":{"line":69,"column":6},"end":{"line":69,"column":29}},"type":"binary-expr","locations":[{"start":{"line":69,"column":6},"end":{"line":69,"column":13}},{"start":{"line":69,"column":17},"end":{"line":69,"column":29}}]},"4":{"loc":{"start":{"line":92,"column":19},"end":{"line":92,"column":45}},"type":"binary-expr","locations":[{"start":{"line":92,"column":19},"end":{"line":92,"column":40}},{"start":{"line":92,"column":44},"end":{"line":92,"column":45}}]},"5":{"loc":{"start":{"line":102,"column":19},"end":{"line":102,"column":48}},"type":"binary-expr","locations":[{"start":{"line":102,"column":19},"end":{"line":102,"column":43}},{"start":{"line":102,"column":47},"end":{"line":102,"column":48}}]},"6":{"loc":{"start":{"line":112,"column":19},"end":{"line":112,"column":46}},"type":"binary-expr","locations":[{"start":{"line":112,"column":19},"end":{"line":112,"column":41}},{"start":{"line":112,"column":45},"end":{"line":112,"column":46}}]},"7":{"loc":{"start":{"line":122,"column":19},"end":{"line":122,"column":49}},"type":"binary-expr","locations":[{"start":{"line":122,"column":19},"end":{"line":122,"column":44}},{"start":{"line":122,"column":48},"end":{"line":122,"column":49}}]},"8":{"loc":{"start":{"line":160,"column":43},"end":{"line":160,"column":90}},"type":"cond-expr","locations":[{"start":{"line":160,"column":60},"end":{"line":160,"column":82}},{"start":{"line":160,"column":85},"end":{"line":160,"column":90}}]},"9":{"loc":{"start":{"line":168,"column":43},"end":{"line":168,"column":90}},"type":"cond-expr","locations":[{"start":{"line":168,"column":60},"end":{"line":168,"column":82}},{"start":{"line":168,"column":85},"end":{"line":168,"column":90}}]},"10":{"loc":{"start":{"line":176,"column":43},"end":{"line":176,"column":91}},"type":"cond-expr","locations":[{"start":{"line":176,"column":60},"end":{"line":176,"column":85}},{"start":{"line":176,"column":88},"end":{"line":176,"column":91}}]},"11":{"loc":{"start":{"line":185,"column":11},"end":{"line":219,"column":null}},"type":"cond-expr","locations":[{"start":{"line":186,"column":12},"end":{"line":208,"column":null}},{"start":{"line":211,"column":12},"end":{"line":219,"column":38}}]},"12":{"loc":{"start":{"line":195,"column":45},"end":{"line":195,"column":92}},"type":"cond-expr","locations":[{"start":{"line":195,"column":62},"end":{"line":195,"column":84}},{"start":{"line":195,"column":87},"end":{"line":195,"column":92}}]},"13":{"loc":{"start":{"line":203,"column":45},"end":{"line":203,"column":92}},"type":"cond-expr","locations":[{"start":{"line":203,"column":62},"end":{"line":203,"column":84}},{"start":{"line":203,"column":87},"end":{"line":203,"column":92}}]},"14":{"loc":{"start":{"line":211,"column":38},"end":{"line":219,"column":18}},"type":"cond-expr","locations":[{"start":{"line":211,"column":52},"end":{"line":218,"column":null}},{"start":{"line":219,"column":16},"end":{"line":219,"column":18}}]},"15":{"loc":{"start":{"line":227,"column":22},"end":{"line":227,"column":83}},"type":"cond-expr","locations":[{"start":{"line":227,"column":31},"end":{"line":227,"column":54}},{"start":{"line":227,"column":57},"end":{"line":227,"column":83}}]},"16":{"loc":{"start":{"line":229,"column":31},"end":{"line":229,"column":84}},"type":"cond-expr","locations":[{"start":{"line":229,"column":40},"end":{"line":229,"column":63}},{"start":{"line":229,"column":66},"end":{"line":229,"column":84}}]},"17":{"loc":{"start":{"line":247,"column":13},"end":{"line":247,"column":44}},"type":"binary-expr","locations":[{"start":{"line":247,"column":13},"end":{"line":247,"column":39}},{"start":{"line":247,"column":43},"end":{"line":247,"column":44}}]},"18":{"loc":{"start":{"line":253,"column":13},"end":{"line":253,"column":46}},"type":"binary-expr","locations":[{"start":{"line":253,"column":13},"end":{"line":253,"column":41}},{"start":{"line":253,"column":45},"end":{"line":253,"column":46}}]}},"s":{"0":0,"1":0,"2":0,"3":0,"4":0,"5":0,"6":0,"7":0,"8":0,"9":0,"10":0,"11":0,"12":0,"13":0,"14":0,"15":0,"16":0,"17":0,"18":0,"19":0,"20":0,"21":0,"22":0,"23":0,"24":0,"25":0,"26":0,"27":0,"28":0,"29":0,"30":0,"31":0,"32":0,"33":0,"34":0,"35":0,"36":0,"37":0,"38":0,"39":0,"40":0,"41":0,"42":0,"43":0,"44":0,"45":0,"46":0,"47":0,"48":0,"49":0,"50":0,"51":0,"52":0,"53":0,"54":0,"55":0,"56":0,"57":0,"58":0,"59":0},"f":{"0":0,"1":0,"2":0,"3":0,"4":0,"5":0,"6":0,"7":0,"8":0,"9":0,"10":0,"11":0,"12":0,"13":0,"14":0,"15":0,"16":0,"17":0,"18":0},"b":{"0":[0,0],"1":[0,0],"2":[0,0],"3":[0,0],"4":[0,0],"5":[0,0],"6":[0,0],"7":[0,0],"8":[0,0],"9":[0,0],"10":[0,0],"11":[0,0],"12":[0,0],"13":[0,0],"14":[0,0],"15":[0,0],"16":[0,0],"17":[0,0],"18":[0,0]}}
[...]
66,"column":9},"end":{"line":66,"column":14}},"loc":{"start":{"line":66,"column":35},"end":{"line":73,"column":3}}},"8":{"name":"(anonymous_8)","decl":{"start":{"line":76,"column":9},"end":{"line":76,"column":14}},"loc":{"start":{"line":76,"column":25},"end":{"line":83,"column":3}}},"9":{"name":"(anonymous_9)","decl":{"start":{"line":85,"column":9},"end":{"line":85,"column":14}},"loc":{"start":{"line":85,"column":75},"end":{"line":93,"column":3}}},"10":{"name":"(anonymous_10)","decl":{"start":{"line":96,"column":9},"end":{"line":96,"column":14}},"loc":{"start":{"line":96,"column":65},"end":{"line":103,"column":3}}},"11":{"name":"(anonymous_11)","decl":{"start":{"line":105,"column":9},"end":{"line":105,"column":14}},"loc":{"start":{"line":105,"column":24},"end":{"line":112,"column":3}}},"12":{"name":"(anonymous_12)","decl":{"start":{"line":115,"column":9},"end":{"line":115,"column":14}},"loc":{"start":{"line":115,"column":26},"end":{"line":117,"column":3}}},"13":{"name":"(anonymous_13)","decl":{"start":{"line":119,"column":9},"end":{"line":119,"column":14}},"loc":{"start":{"line":119,"column":43},"end":{"line":126,"column":3}}},"14":{"name":"(anonymous_14)","decl":{"start":{"line":129,"column":9},"end":{"line":129,"column":14}},"loc":{"start":{"line":129,"column":28},"end":{"line":131,"column":3}}},"15":{"name":"(anonymous_15)","decl":{"start":{"line":133,"column":9},"end":{"line":133,"column":14}},"loc":{"start":{"line":133,"column":28},"end":{"line":135,"column":3}}},"16":{"name":"(anonymous_16)","decl":{"start":{"line":137,"column":9},"end":{"line":137,"column":14}},"loc":{"start":{"line":137,"column":29},"end":{"line":139,"column":3}}},"17":{"name":"(anonymous_17)","decl":{"start":{"line":142,"column":9},"end":{"line":142,"column":14}},"loc":{"start":{"line":142,"column":26},"end":{"line":144,"column":3}}},"18":{"name":"(anonymous_18)","decl":{"start":{"line":147,"column":9},"end":{"line":147,"column":14}},"loc":{"start":{"line":147,"column":89},"end":{"line":149,"column":3}}},"19":{"name":"(anonymous_19)","decl":{"start":{"line":151,"column":9},"end":{"line":151,"column":14}},"loc":{"start":{"line":151,"column":82},"end":{"line":153,"column":3}}},"20":{"name":"(anonymous_20)","decl":{"start":{"line":156,"column":9},"end":{"line":156,"column":14}},"loc":{"start":{"line":156,"column":49},"end":{"line":158,"column":3}}},"21":{"name":"(anonymous_21)","decl":{"start":{"line":160,"column":9},"end":{"line":160,"column":14}},"loc":{"start":{"line":160,"column":37},"end":{"line":162,"column":3}}},"22":{"name":"(anonymous_22)","decl":{"start":{"line":165,"column":9},"end":{"line":165,"column":14}},"loc":{"start":{"line":165,"column":24},"end":{"line":167,"column":3}}},"23":{"name":"(anonymous_23)","decl":{"start":{"line":169,"column":9},"end":{"line":169,"column":14}},"loc":{"start":{"line":169,"column":39},"end":{"line":171,"column":3}}}},"branchMap":{"0":{"loc":{"start":{"line":15,"column":4},"end":{"line":18,"column":5}},"type":"if","locations":[{"start":{"line":15,"column":4},"end":{"line":18,"column":5}},{"start":{},"end":{}}]},"1":{"loc":{"start":{"line":15,"column":8},"end":{"line":15,"column":41}},"type":"binary-expr","locations":[{"start":{"line":15,"column":8},"end":{"line":15,"column":24}},{"start":{"line":15,"column":28},"end":{"line":15,"column":41}}]},"2":{"loc":{"start":{"line":19,"column":20},"end":{"line":19,"column":71}},"type":"binary-expr","locations":[{"start":{"line":19,"column":20},"end":{"line":19,"column":43}},{"start":{"line":19,"column":47},"end":{"line":19,"column":71}}]},"3":{"loc":{"start":{"line":24,"column":4},"end":{"line":26,"column":5}},"type":"if","locations":[{"start":{"line":24,"column":4},"end":{"line":26,"column":5}},{"start":{},"end":{}}]},"4":{"loc":{"start":{"line":24,"column":8},"end":{"line":24,"column":41}},"type":"binary-expr","locations":[{"start":{"line":24,"column":8},"end":{"line":24,"column":24}},{"start":{"line":24,"column":28},"end":{"line":24,"column":41}}]},"5":{"loc":{"start":{"line":27,"column":20},"end":{"line":27,"column":76}},"type":"binary-expr","locations":[{"start":{"line":27,"column":20},"end":{"line":27,"column":43}},{"start":{"line":27,"column":47},"end":{"line":27,"column":76}}]},"6":{"loc":{"start":{"line":32,"column":4},"end":{"line":35,"column":5}},"type":"if","locations":[{"start":{"line":32,"column":4},"end":{"line":35,"column":5}},{"start":{},"end":{}}]},"7":{"loc":{"start":{"line":32,"column":8},"end":{"line":32,"column":41}},"type":"binary-expr","locations":[{"start":{"line":32,"column":8},"end":{"line":32,"column":24}},{"start":{"line":32,"column":28},"end":{"line":32,"column":41}}]},"8":{"loc":{"start":{"line":36,"column":20},"end":{"line":36,"column":71}},"type":"binary-expr","locations":[{"start":{"line":36,"column":20},"end":{"line":36,"column":43}},{"start":{"line":36,"column":47},"end":{"line":36,"column":71}}]},"9":{"loc":{"start":{"line":41,"column":4},"end":{"line":44,"column":5}},"type":"if","locations":[{"start":{"line":41,"column":4},"end":{"line":44,"column":5}},{"start":{},"end":{}}]},"10":{"loc":{"start":{"line":41,"column":8},"end":{"line":41,"column":41}},"type":"binary-expr","locations":[{"start":{"line":41,"column":8},"end":{"line":41,"column":24}},{"start":{"line":41,"column":28},"end":{"line":41,"column":41}}]},"11":{"loc":{"start":{"line":45,"column":20},"end":{"line":45,"column":77}},"type":"binary-expr","locations":[{"start":{"line":45,"column":20},"end":{"line":45,"column":43}},{"start":{"line":45,"column":47},"end":{"line":45,"column":77}}]},"12":{"loc":{"start":{"line":50,"column":4},"end":{"line":53,"column":5}},"type":"if","locations":[{"start":{"line":50,"column":4},"end":{"line":53,"column":5}},{"start":{},"end":{}}]},"13":{"loc":{"start":{"line":54,"column":20},"end":{"line":54,"column":77}},"type":"binary-expr","locations":[{"start":{"line":54,"column":20},"end":{"line":54,"column":43}},{"start":{"line":54,"column":47},"end":{"line":54,"column":77}}]},"14":{"loc":{"start":{"line":59,"column":4},"end":{"line":62,"column":5}},"type":"if","locations":[{"start":{"line":59,"column":4},"end":{"line":62,"column":5}},{"start":{},"end":{}}]},"15":{"loc":{"start":{"line":59,"column":8},"end":{"line":59,"column":41}},"type":"binary-expr","locations":[{"start":{"line":59,"column":8},"end":{"line":59,"column":24}},{"start":{"line":59,"column":28},"end":{"line":59,"column":41}}]},"16":{"loc":{"start":{"line":63,"column":20},"end":{"line":63,"column":76}},"type":"binary-expr","locations":[{"start":{"line":63,"column":20},"end":{"line":63,"column":43}},{"start":{"line":63,"column":47},"end":{"line":63,"column":76}}]},"17":{"loc":{"start":{"line":68,"column":4},"end":{"line":71,"column":5}},"type":"if","locations":[{"start":{"line":68,"column":4},"end":{"line":71,"column":5}},{"start":{},"end":{}}]},"18":{"loc":{"start":{"line":68,"column":8},"end":{"line":68,"column":41}},"type":"binary-expr","locations":[{"start":{"line":68,"column":8},"end":{"line":68,"column":24}},{"start":{"line":68,"column":28},"end":{"line":68,"column":41}}]},"19":{"loc":{"start":{"line":72,"column":20},"end":{"line":72,"column":75}},"type":"binary-expr","locations":[{"start":{"line":72,"column":20},"end":{"line":72,"column":43}},{"start":{"line":72,"column":47},"end":{"line":72,"column":75}}]},"20":{"loc":{"start":{"line":78,"column":4},"end":{"line":81,"column":5}},"type":"if","locations":[{"start":{"line":78,"column":4},"end":{"line":81,"column":5}},{"start":{},"end":{}}]},"21":{"loc":{"start":{"line":78,"column":8},"end":{"line":78,"column":41}},"type":"binary-expr","locations":[{"start":{"line":78,"column":8},"end":{"line":78,"column":24}},{"start":{"line":78,"column":28},"end":{"line":78,"column":41}}]},"22":{"loc":{"start":{"line":82,"column":20},"end":{"line":82,"column":72}},"type":"binary-expr","locations":[{"start":{"line":82,"column":20},"end":{"line":82,"column":43}},{"start":{"line":82,"column":47},"end":{"line":82,"column":72}}]},"23":{"loc":{"start":{"line":89,"column":4},"end":{"line":91,"column":5}},"type":"if","locations":[{"start":{"line":89,"column":4},"end":{"line":91,"column":5}},{"start":{},"end":{}}]},"24":{"loc":{"start":{"line":89,"column":8},"end":{"line":89,"column":41}},"type":"binary-expr","locations":[{"start":{"line":89,"column":8},"end":{"line":89,"column":24}},{"start":{"line":89,"column":28},"end":{"line":89,"column":41}}]},"25":{"loc":{"start":{"line":92,"column":20},"end":{"line":92,"column":80}},"type":"binary-expr","locations":[{"start":{"line":92,"column":20},"end":{"line":92,"column":43}},{"start":{"line":92,"column":47},"end":{"line":92,"column":80}}]},"26":{"loc":{"start":{"line":98,"column":4},"end":{"line":101,"column":5}},"type":"if","locations":[{"start":{"line":98,"column":4},"end":{"line":101,"column":5}},{"start":{},"end":{}}]},"27":{"loc":{"start":{"line":98,"column":8},"end":{"line":98,"column":41}},"type":"binary-expr","locations":[{"start":{"line":98,"column":8},"end":{"line":98,"column":24}},{"start":{"line":98,"column":28},"end":{"line":98,"column":41}}]},"28":{"loc":{"start":{"line":102,"column":20},"end":{"line":102,"column":69}},"type":"binary-expr","locations":[{"start":{"line":102,"column":20},"end":{"line":102,"column":43}},{"start":{"line":102,"column":47},"end":{"line":102,"column":69}}]},"29":{"loc":{"start":{"line":107,"column":4},"end":{"line":110,"column":5}},"type":"if","locations":[{"start":{"line":107,"column":4},"end":{"line":110,"column":5}},{"start":{},"end":{}}]},"30":{"loc":{"start":{"line":111,"column":20},"end":{"line":111,"column":69}},"type":"binary-expr","locations":[{"start":{"line":111,"column":20},"end":{"line":111,"column":43}},{"start":{"line":111,"column":47},"end":{"line":111,"column":69}}]},"31":{"loc":{"start":{"line":121,"column":4},"end":{"line":124,"column":5}},"type":"if","locations":[{"start":{"line":121,"column":4},"end":{"line":124,"column":5}},{"start":{},"end":{}}]},"32":{"loc":{"start":{"line":121,"column":8},"end":{"line":121,"column":41}},"type":"binary-expr","locations":[{"start":{"line":121,"column":8},"end":{"line":121,"column":24}},{"start":{"line":121,"column":28},"end":{"line":121,"column":41}}]},"33":{"loc":{"start":{"line":125,"column":20},"end":{"line":125,"column":74}},"type":"binary-expr","locations":[{"start":{"line":125,"column":20},"end":{"line":125,"column":43}},{"start":{"line":125,"column":47},"end":{"line":125,"column":74}}]}},"s":{"0":0,"1":0,"2":0,"3":0,"4":0,"5":0,"6":0,"7":0,"8":0,"9":0,"10":0,"11":0,"12":0,"13":0,"14":0,"15":0,"16":0,"17":0,"18":0,"19":0,"20":0,"21":0,"22":0,"23":0,"24":0,"25":0,"26":0,"27":0,"28":0,"29":0,"30":0,"31":0,"32":0,"33":0,"34":0,"35":0,"36":0,"37":0,"38":0,"39":0,"40":0,"41":0,"42":0,"43":0,"44":0,"45":0,"46":0,"47":0,"48":0,"49":0,"50":0,"51":0,"52":0,"53":0,"54":0,"55":0,"56":0,"57":0,"58":0,"59":0,"60":0,"61":0,"62":0,"63":0,"64":0,"65":0,"66":0,"67":0,"68":0,"69":0,"70":0,"71":0,"72":0},"f":{"0":0,"1":0,"2":0,"3":0,"4":0,"5":0,"6":0,"7":0,"8":0,"9":0,"10":0,"11":0,"12":0,"13":0,"14":0,"15":0,"16":0,"17":0,"18":0,"19":0,"20":0,"21":0,"22":0,"23":0},"b":{"0":[0,0],"1":[0,0],"2":[0,0],"3":[0,0],"4":[0,0],"5":[0,0],"6":[0,0],"7":[0,0],"8":[0,0],"9":[0,0],"10":[0,0],"11":[0,0],"12":[0,0],"13":[0,0],"14":[0,0],"15":[0,0],"16":[0,0],"17":[0,0],"18":[0,0],"19":[0,0],"20":[0,0],"21":[0,0],"22":[0,0],"23":[0,0],"24":[0,0],"25":[0,0],"26":[0,0],"27":[0,0],"28":[0,0],"29":[0,0],"30":[0,0],"31":[0,0],"32":[0,0],"33":[0,0]}}
,"/home/bamer/nextjs-llama-async-proxy/src/styles/theme.ts": {"path":"/home/bamer/nextjs-llama-async-proxy/src/styles/theme.ts","statementMap":{"0":{"start":{"line":2,"column":0},"end":{"line":2,"column":65}},"1":{"start":{"line":3,"column":0},"end":{"line":3,"column":39}},"2":{"start":{"line":6,"column":21},"end":{"line":105,"column":2}},"3":{"start":{"line":348,"column":32},"end":{"line":348,"column":44}},"4":{"start":{"line":108,"column":32},"end":{"line":234,"column":2}},"5":{"start":{"line":237,"column":19},"end":{"line":289,"column":null}},"6":{"start":{"line":348,"column":9},"end":{"line":348,"column":19}},"7":{"start":{"line":293,"column":18},"end":{"line":345,"column":null}},"8":{"start":{"line":348,"column":21},"end":{"line":348,"column":30}},"9":{"start":{"line":351,"column":0},"end":{"line":355,"column":2}}},"fnMap":{},"branchMap":{},"s":{"0":0,"1":0,"2":0,"3":0,"4":0,"5":0,"6":0,"7":0,"8":0,"9":0},"f":{},"b":{}}
,"/home/bamer/nextjs-llama-async-proxy/src/utils/api-client.ts": {"path":"/home/bamer/nextjs-llama-async-proxy/src/utils/api-client.ts","statementMap":{"0":{"start":{"line":1,"column":0},"end":{"line":1,"column":92}},"1":{"start":{"line":2,"column":0},"end":{"line":2,"column":49}},"2":{"start":{"line":5,"column":10},"end":{"line":5,"column":49}},"3":{"start":{"line":9,"column":4},"end":{"line":16,"column":6}},"4":{"start":{"line":20,"column":4},"end":{"line":23,"column":5}},"5":{"start":{"line":21,"column":6},"end":{"line":21,"column":53}},"6":{"start":{"line":22,"column":6},"end":{"line":22,"column":36}},"7":{"start":{"line":24,"column":4},"end":{"line":24,"column":26}},"8":{"start":{"line":28,"column":4},"end":{"line":28,"column":32}},"9":{"start":{"line":28,"column":25},"end":{"line":28,"column":32}},"10":{"start":{"line":31,"column":4},"end":{"line":44,"column":6}},"11":{"start":{"line":39,"column":8},"end":{"line":39,"column":22}},"12":{"start":{"line":42,"column":8},"end":{"line":42,"column":37}},"13":{"start":{"line":47,"column":4},"end":{"line":72,"column":6}},"14":{"start":{"line":49,"column":8},"end":{"line":49,"column":29}},"15":{"start":{"line":52,"column":8},"end":{"line":68,"column":9}},"16":{"start":{"line":54,"column":10},"end":{"line":67,"column":11}},"17":{"start":{"line":57,"column":14},"end":{"line":57,"column":20}},"18":{"start":{"line":60,"column":14},"end":{"line":60,"column":20}},"19":{"start":{"line":63,"column":14},"end":{"line":63,"column":20}},"20":{"start":{"line":66,"column":14},"end":{"line":66,"column":20}},"21":{"start":{"line":70,"column":8},"end":{"line":70,"column":55}},"22":{"start":{"line":76,"column":4},"end":{"line":106,"column":5}},"23":{"start":{"line":77,"column":6},"end":{"line":85,"column":8}},"24":{"start":{"line":86,"column":11},"end":{"line":106,"column":5}},"25":{"start":{"line":87,"column":6},"end":{"line":95,"column":8}},"26":{"start":{"line":97,"column":6},"end":{"line":105,"column":8}},"27":{"start":{"line":110,"column":4},"end":{"line":119,"column":5}},"28":{"start":{"line":111,"column":23},"end":{"line":111,"column":67}},"29":{"start":{"line":112,"column":6},"end":{"line":116,"column":8}},"30":{"start":{"line":118,"column":6},"end":{"line":118,"column":51}},"31":{"start":{"line":127,"column":4},"end":{"line":136,"column":5}},"32":{"start":{"line":128,"column":23},"end":{"line":128,"column":74}},"33":{"start":{"line":129,"column":6},"end":{"line":133,"column":8}},"34":{"start":{"line":135,"column":6},"end":{"line":135,"column":51}},"35":{"start":{"line":144,"column":4},"end":{"line":153,"column":5}},"36":{"start":{"line":145,"column":23},"end":{"line":145,"column":73}},"37":{"start":{"line":146,"column":6},"end":{"line":150,"column":8}},"38":{"start":{"line":152,"column":6},"end":{"line":152,"column":51}},"39":{"start":{"line":157,"column":4},"end":{"line":166,"column":5}},"40":{"start":{"line":158,"column":23},"end":{"line":158,"column":70}},"41":{"start":{"line":159,"column":6},"end":{"line":163,"column":8}},"42":{"start":{"line":165,"column":6},"end":{"line":165,"column":51}},"43":{"start":{"line":174,"column":4},"end":{"line":183,"column":5}},"44":{"start":{"line":175,"column":23},"end":{"line":175,"column":75}},"45":{"start":{"line":176,"column":6},"end":{"line":180,"column":8}},"46":{"start":{"line":182,"column":6},"end":{"line":182,"column":51}},"47":{"start":{"line":187,"column":9},"end":{"line":187,"column":18}},"48":{"start":{"line":188,"column":13},"end":{"line":188,"column":41}}},"fnMap":{"0":{"name":"(anonymous_1)","decl":{"start":{"line":8,"column":2},"end":{"line":8,"column":null}},"loc":{"start":{"line":8,"column":2},"end":{"line":17,"column":3}}},"1":{"name":"(anonymous_2)","decl":{"start":{"line":19,"column":10},"end":{"line":19,"column":21}},"loc":{"start":{"line":19,"column":21},"end":{"line":25,"column":3}}},"2":{"name":"(anonymous_3)","decl":{"start":{"line":27,"column":10},"end":{"line":27,"column":32}},"loc":{"start":{"line":27,"column":32},"end":{"line":73,"column":3}}},"3":{"name":"(anonymous_4)","decl":{"start":{"line":32,"column":6},"end":{"line":32,"column":7}},"loc":{"start":{"line":32,"column":17},"end":{"line":40,"column":7}}},"4":{"name":"(anonymous_5)","decl":{"start":{"line":41,"column":6},"end":{"line":41,"column":7}},"loc":{"start":{"line":41,"column":28},"end":{"line":43,"column":7}}},"5":{"name":"(anonymous_6)","decl":{"start":{"line":48,"column":6},"end":{"line":48,"column":7}},"loc":{"start":{"line":48,"column":34},"end":{"line":50,"column":7}}},"6":{"name":"(anonymous_7)","decl":{"start":{"line":51,"column":6},"end":{"line":51,"column":7}},"loc":{"start":{"line":51,"column":28},"end":{"line":71,"column":7}}},"7":{"name":"(anonymous_8)","decl":{"start":{"line":75,"column":10},"end":{"line":75,"column":21}},"loc":{"start":{"line":75,"column":39},"end":{"line":107,"column":3}}},"8":{"name":"(anonymous_9)","decl":{"start":{"line":109,"column":9},"end":{"line":109,"column":14}},"loc":{"start":{"line":109,"column":68},"end":{"line":120,"column":3}}},"9":{"name":"(anonymous_10)","decl":{"start":{"line":122,"column":9},"end":{"line":122,"column":14}},"loc":{"start":{"line":125,"column":31},"end":{"line":137,"column":3}}},"10":{"name":"(anonymous_11)","decl":{"start":{"line":139,"column":9},"end":{"line":139,"column":14}},"loc":{"start":{"line":142,"column":31},"end":{"line":154,"column":3}}},"11":{"name":"(anonymous_12)","decl":{"start":{"line":156,"column":9},"end":{"line":156,"column":14}},"loc":{"start":{"line":156,"column":71},"end":{"line":167,"column":3}}},"12":{"name":"(anonymous_13)","decl":{"start":{"line":169,"column":9},"end":{"line":169,"column":14}},"loc":{"start":{"line":172,"column":31},"end":{"line":184,"column":3}}}},"branchMap":{"0":{"loc":{"start":{"line":20,"column":4},"end":{"line":23,"column":5}},"type":"if","locations":[{"start":{"line":20,"column":4},"end":{"line":23,"column":5}},{"start":{},"end":{}}]},"1":{"loc":{"start":{"line":28,"column":4},"end":{"line":28,"column":32}},"type":"if","locations":[{"start":{"line":28,"column":4},"end":{"line":28,"column":32}},{"start":{},"end":{}}]},"2":{"loc":{"start":{"line":52,"column":8},"end":{"line":68,"column":9}},"type":"if","locations":[{"start":{"line":52,"column":8},"end":{"line":68,"column":9}},{"start":{},"end":{}}]},"3":{"loc":{"start":{"line":54,"column":10},"end":{"line":67,"column":11}},"type":"switch","locations":[{"start":{"line":55,"column":12},"end":{"line":57,"column":20}},{"start":{"line":58,"column":12},"end":{"line":60,"column":20}},{"start":{"line":61,"column":12},"end":{"line":63,"column":20}},{"start":{"line":64,"column":12},"end":{"line":66,"column":20}}]},"4":{"loc":{"start":{"line":76,"column":4},"end":{"line":106,"column":5}},"type":"if","locations":[{"start":{"line":76,"column":4},"end":{"line":106,"column":5}},{"start":{"line":86,"column":11},"end":{"line":106,"column":5}}]},"5":{"loc":{"start":{"line":86,"column":11},"end":{"line":106,"column":5}},"type":"if","locations":[{"start":{"line":86,"column":11},"end":{"line":106,"column":5}},{"start":{"line":96,"column":11},"end":{"line":106,"column":5}}]}},"s":{"0":0,"1":0,"2":0,"3":0,"4":0,"5":0,"6":0,"7":0,"8":0,"9":0,"10":0,"11":0,"12":0,"13":0,"14":0,"15":0,"16":0,"17":0,"18":0,"19":0,"20":0,"21":0,"22":0,"23":0,"24":0,"25":0,"26":0,"27":0,"28":0,"29":0,"30":0,"31":0,"32":0,"33":0,"34":0,"35":0,"36":0,"37":0,"38":0,"39":0,"40":0,"41":0,"42":0,"43":0,"44":0,"45":0,"46":0,"47":0,"48":0},"f":{"0":0,"1":0,"2":0,"3":0,"4":0,"5":0,"6":0,"7":0,"8":0,"9":0,"10":0,"11":0,"12":0},"b":{"0":[0,0],"1":[0,0],"2":[0,0],"3":[0,0,0,0],"4":[0,0],"5":[0,0]}}
}
