TN:
SF:src/components/animate/motion-lazy-container.tsx
FN:10,MotionLazyContainer
FNF:1
FNH:0
FNDA:0,MotionLazyContainer
DA:3,0
DA:10,0
DA:11,0
LF:3
LH:0
BRF:0
BRH:0
end_of_record
TN:
SF:src/components/charts/GPUUMetricsCard.tsx
FN:17,GPUMetricsCard
FN:123,GPUUMetricsCard
FNF:2
FNH:0
FNDA:0,GPUMetricsCard
FNDA:0,GPUUMetricsCard
DA:3,0
DA:17,0
DA:18,0
DA:24,0
DA:31,0
DA:32,0
DA:46,0
DA:123,0
DA:124,0
LF:9
LH:0
BRDA:19,0,0,0
BRDA:19,0,1,0
BRDA:21,1,0,0
BRDA:21,1,1,0
BRDA:26,2,0,0
BRDA:26,2,1,0
BRDA:28,3,0,0
BRDA:28,3,1,0
BRDA:31,4,0,0
BRDA:31,4,1,0
BRDA:31,5,0,0
BRDA:31,5,1,0
BRDA:31,5,2,0
BRDA:60,6,0,0
BRDA:60,6,1,0
BRDA:71,7,0,0
BRDA:71,7,1,0
BRDA:88,8,0,0
BRDA:88,8,1,0
BRDA:92,9,0,0
BRDA:92,9,1,0
BRDA:105,10,0,0
BRDA:105,10,1,0
BRDA:105,11,0,0
BRDA:105,11,1,0
BRDA:111,12,0,0
BRDA:111,12,1,0
BRDA:111,13,0,0
BRDA:111,13,1,0
BRF:29
BRH:0
end_of_record
TN:
SF:src/components/charts/PerformanceChart.tsx
FN:33,PerformanceChart
FN:42,(anonymous_1)
FN:64,(anonymous_2)
FN:65,(anonymous_3)
FN:69,(anonymous_4)
FN:99,(anonymous_5)
FN:106,(anonymous_6)
FNF:7
FNH:0
FNDA:0,PerformanceChart
FNDA:0,(anonymous_1)
FNDA:0,(anonymous_2)
FNDA:0,(anonymous_3)
FNDA:0,(anonymous_4)
FNDA:0,(anonymous_5)
FNDA:0,(anonymous_6)
DA:3,0
DA:4,0
DA:33,0
DA:42,0
DA:44,0
DA:45,0
DA:64,0
DA:65,0
DA:66,0
DA:69,0
DA:70,0
DA:71,0
DA:74,0
DA:77,0
DA:99,0
DA:106,0
LF:16
LH:0
BRDA:38,0,0,0
BRDA:39,1,0,0
BRDA:40,2,0,0
BRDA:44,3,0,0
BRDA:44,3,1,0
BRDA:47,4,0,0
BRDA:47,4,1,0
BRDA:49,5,0,0
BRDA:49,5,1,0
BRDA:65,6,0,0
BRDA:65,6,1,0
BRDA:70,7,0,0
BRDA:70,7,1,0
BRDA:79,8,0,0
BRDA:79,8,1,0
BRDA:81,9,0,0
BRDA:81,9,1,0
BRDA:97,10,0,0
BRDA:97,10,1,0
BRDA:105,11,0,0
BRDA:105,11,1,0
BRDA:106,12,0,0
BRDA:106,12,1,0
BRDA:106,13,0,0
BRDA:106,13,1,0
BRDA:107,14,0,0
BRDA:107,14,1,0
BRDA:113,15,0,0
BRDA:113,15,1,0
BRDA:114,16,0,0
BRDA:114,16,1,0
BRF:31
BRH:0
end_of_record
TN:
SF:src/components/configuration/AdvancedSettingsTab.tsx
FN:14,AdvancedSettingsTab
FNF:1
FNH:0
FNDA:0,AdvancedSettingsTab
DA:3,0
DA:4,0
DA:5,0
DA:6,0
DA:14,0
DA:19,0
DA:21,0
LF:7
LH:0
BRDA:30,0,0,0
BRDA:30,0,1,0
BRDA:33,1,0,0
BRDA:33,1,1,0
BRF:4
BRH:0
end_of_record
TN:
SF:src/components/configuration/ConfigurationActions.tsx
FN:11,ConfigurationActions
FNF:1
FNH:0
FNDA:0,ConfigurationActions
DA:3,0
DA:4,0
DA:11,0
DA:15,0
LF:4
LH:0
BRDA:25,0,0,0
BRDA:25,0,1,0
BRF:2
BRH:0
end_of_record
TN:
SF:src/components/configuration/ConfigurationHeader.tsx
FN:5,ConfigurationHeader
FNF:1
FNH:0
FNDA:0,ConfigurationHeader
DA:1,0
DA:2,0
DA:3,0
DA:5,0
DA:6,0
DA:8,0
LF:6
LH:0
BRDA:28,0,0,0
BRDA:28,0,1,0
BRF:2
BRH:0
end_of_record
TN:
SF:src/components/configuration/ConfigurationStatusMessages.tsx
FN:13,ConfigurationStatusMessages
FN:75,(anonymous_1)
FNF:2
FNH:0
FNDA:0,ConfigurationStatusMessages
FNDA:0,(anonymous_1)
DA:3,0
DA:4,0
DA:5,0
DA:6,0
DA:13,0
DA:17,0
DA:19,0
DA:76,0
LF:8
LH:0
BRDA:22,0,0,0
BRDA:22,0,1,0
BRDA:31,1,0,0
BRDA:31,1,1,0
BRDA:49,2,0,0
BRDA:49,2,1,0
BRDA:58,3,0,0
BRDA:58,3,1,0
BRF:8
BRH:0
end_of_record
TN:
SF:src/components/configuration/ConfigurationTabs.tsx
FN:9,ConfigurationTabs
FNF:1
FNH:0
FNDA:0,ConfigurationTabs
DA:1,0
DA:2,0
DA:9,0
DA:13,0
DA:15,0
LF:5
LH:0
BRDA:19,0,0,0
BRDA:19,0,1,0
BRDA:22,1,0,0
BRDA:22,1,1,0
BRF:4
BRH:0
end_of_record
TN:
SF:src/components/configuration/GeneralSettingsTab.tsx
FN:20,GeneralSettingsTab
FN:75,(anonymous_1)
FN:103,(anonymous_2)
FN:133,(anonymous_3)
FNF:4
FNH:0
FNDA:0,GeneralSettingsTab
FNDA:0,(anonymous_1)
FNDA:0,(anonymous_2)
FNDA:0,(anonymous_3)
DA:3,0
DA:12,0
DA:13,0
DA:20,0
DA:24,0
DA:26,0
DA:76,0
DA:104,0
DA:134,0
LF:9
LH:0
BRDA:35,0,0,0
BRDA:35,0,1,0
BRDA:38,1,0,0
BRDA:38,1,1,0
BRDA:163,2,0,0
BRDA:163,2,1,0
BRF:6
BRH:0
end_of_record
TN:
SF:src/components/configuration/LlamaServerSettingsTab.tsx
FN:18,LlamaServerSettingsTab
FN:24,(anonymous_1)
FNF:2
FNH:0
FNDA:0,LlamaServerSettingsTab
FNDA:0,(anonymous_1)
DA:3,0
DA:10,0
DA:11,0
DA:18,0
DA:22,0
DA:24,0
DA:25,0
DA:39,0
LF:8
LH:0
BRDA:48,0,0,0
BRDA:48,0,1,0
BRDA:51,1,0,0
BRDA:51,1,1,0
BRDA:69,2,0,0
BRDA:69,2,1,0
BRDA:82,3,0,0
BRDA:82,3,1,0
BRDA:99,4,0,0
BRDA:99,4,1,0
BRDA:112,5,0,0
BRDA:112,5,1,0
BRDA:125,6,0,0
BRDA:125,6,1,0
BRDA:138,7,0,0
BRDA:138,7,1,0
BRDA:155,8,0,0
BRDA:155,8,1,0
BRDA:168,9,0,0
BRDA:168,9,1,0
BRDA:185,10,0,0
BRDA:185,10,1,0
BRDA:199,11,0,0
BRDA:199,11,1,0
BRDA:212,12,0,0
BRDA:212,12,1,0
BRF:26
BRH:0
end_of_record
TN:
SF:src/components/configuration/LoggerSettingsTab.tsx
FN:18,LoggerSettingsTab
FN:44,(anonymous_1)
FN:61,(anonymous_2)
FN:79,(anonymous_3)
FN:98,(anonymous_4)
FN:118,(anonymous_5)
FN:136,(anonymous_6)
FN:157,(anonymous_7)
FNF:8
FNH:0
FNDA:0,LoggerSettingsTab
FNDA:0,(anonymous_1)
FNDA:0,(anonymous_2)
FNDA:0,(anonymous_3)
FNDA:0,(anonymous_4)
FNDA:0,(anonymous_5)
FNDA:0,(anonymous_6)
FNDA:0,(anonymous_7)
DA:3,0
DA:4,0
DA:5,0
DA:18,0
DA:19,0
DA:20,0
DA:22,0
DA:45,0
DA:61,0
DA:80,0
DA:98,0
DA:118,0
DA:136,0
DA:157,0
LF:14
LH:0
BRDA:25,0,0,0
BRDA:25,0,1,0
BRDA:30,1,0,0
BRDA:30,1,1,0
BRDA:43,2,0,0
BRDA:43,2,1,0
BRDA:60,3,0,0
BRDA:60,3,1,0
BRDA:78,4,0,0
BRDA:78,4,1,0
BRDA:97,5,0,0
BRDA:97,5,1,0
BRDA:117,6,0,0
BRDA:117,6,1,0
BRDA:135,7,0,0
BRDA:135,7,1,0
BRDA:156,8,0,0
BRDA:156,8,1,0
BRF:18
BRH:0
end_of_record
TN:
SF:src/components/configuration/ModernConfiguration.tsx
FN:14,ModernConfiguration
FNF:1
FNH:0
FNDA:0,ModernConfiguration
DA:3,0
DA:4,0
DA:5,0
DA:6,0
DA:7,0
DA:8,0
DA:9,0
DA:10,0
DA:11,0
DA:12,0
DA:14,0
DA:29,0
DA:31,0
DA:32,0
DA:42,0
LF:15
LH:0
BRDA:31,0,0,0
BRDA:31,0,1,0
BRDA:54,1,0,0
BRDA:54,1,1,0
BRDA:61,2,0,0
BRDA:61,2,1,0
BRDA:68,3,0,0
BRDA:68,3,1,0
BRDA:76,4,0,0
BRDA:76,4,1,0
BRF:10
BRH:0
end_of_record
TN:
SF:src/components/configuration/hooks/useConfigurationForm.ts
FN:20,useConfigurationForm
FN:30,(anonymous_1)
FN:34,(anonymous_2)
FN:61,(anonymous_3)
FN:96,(anonymous_4)
FN:100,(anonymous_5)
FN:102,(anonymous_6)
FN:108,(anonymous_7)
FN:111,(anonymous_8)
FN:120,(anonymous_9)
FN:121,(anonymous_10)
FN:130,(anonymous_11)
FN:166,(anonymous_12)
FN:174,(anonymous_13)
FN:179,(anonymous_14)
FNF:15
FNH:0
FNDA:0,useConfigurationForm
FNDA:0,(anonymous_1)
FNDA:0,(anonymous_2)
FNDA:0,(anonymous_3)
FNDA:0,(anonymous_4)
FNDA:0,(anonymous_5)
FNDA:0,(anonymous_6)
FNDA:0,(anonymous_7)
FNDA:0,(anonymous_8)
FNDA:0,(anonymous_9)
FNDA:0,(anonymous_10)
FNDA:0,(anonymous_11)
FNDA:0,(anonymous_12)
FNDA:0,(anonymous_13)
FNDA:0,(anonymous_14)
DA:1,0
DA:2,0
DA:20,0
DA:21,0
DA:22,0
DA:23,0
DA:24,0
DA:25,0
DA:26,0
DA:27,0
DA:30,0
DA:31,0
DA:34,0
DA:35,0
DA:36,0
DA:37,0
DA:38,0
DA:39,0
DA:41,0
DA:55,0
DA:57,0
DA:61,0
DA:62,0
DA:64,0
DA:65,0
DA:68,0
DA:69,0
DA:70,0
DA:74,0
DA:75,0
DA:78,0
DA:79,0
DA:80,0
DA:84,0
DA:85,0
DA:86,0
DA:90,0
DA:96,0
DA:97,0
DA:100,0
DA:101,0
DA:102,0
DA:108,0
DA:109,0
DA:110,0
DA:111,0
DA:120,0
DA:121,0
DA:130,0
DA:131,0
DA:132,0
DA:133,0
DA:135,0
DA:136,0
DA:137,0
DA:138,0
DA:139,0
DA:143,0
DA:158,0
DA:159,0
DA:163,0
DA:165,0
DA:166,0
DA:168,0
DA:170,0
DA:174,0
DA:175,0
DA:176,0
DA:179,0
DA:180,0
DA:183,0
LF:71
LH:0
BRDA:38,0,0,0
BRDA:38,0,1,0
BRDA:64,1,0,0
BRDA:64,1,1,0
BRDA:64,2,0,0
BRDA:64,2,1,0
BRDA:68,3,0,0
BRDA:68,3,1,0
BRDA:69,4,0,0
BRDA:69,4,1,0
BRDA:69,5,0,0
BRDA:69,5,1,0
BRDA:69,5,2,0
BRDA:74,6,0,0
BRDA:74,6,1,0
BRDA:74,7,0,0
BRDA:74,7,1,0
BRDA:78,8,0,0
BRDA:78,8,1,0
BRDA:79,9,0,0
BRDA:79,9,1,0
BRDA:79,10,0,0
BRDA:79,10,1,0
BRDA:84,11,0,0
BRDA:84,11,1,0
BRDA:85,12,0,0
BRDA:85,12,1,0
BRDA:85,13,0,0
BRDA:85,13,1,0
BRDA:104,14,0,0
BRDA:104,14,1,0
BRDA:115,15,0,0
BRDA:115,15,1,0
BRDA:137,16,0,0
BRDA:137,16,1,0
BRDA:138,17,0,0
BRDA:138,17,1,0
BRDA:147,18,0,0
BRDA:147,18,1,0
BRDA:148,19,0,0
BRDA:148,19,1,0
BRDA:149,20,0,0
BRDA:149,20,1,0
BRDA:150,21,0,0
BRDA:150,21,1,0
BRDA:151,22,0,0
BRDA:151,22,1,0
BRDA:152,23,0,0
BRDA:152,23,1,0
BRDA:153,24,0,0
BRDA:153,24,1,0
BRDA:154,25,0,0
BRDA:154,25,1,0
BRDA:158,26,0,0
BRDA:158,26,1,0
BRF:55
BRH:0
end_of_record
TN:
SF:src/components/dashboard/DashboardHeader.tsx
FN:18,DashboardHeader
FN:26,(anonymous_1)
FN:80,(anonymous_2)
FNF:3
FNH:0
FNDA:0,DashboardHeader
FNDA:0,(anonymous_1)
FNDA:0,(anonymous_2)
DA:1,0
DA:2,0
DA:3,0
DA:4,0
DA:5,0
DA:18,0
DA:23,0
DA:24,0
DA:26,0
DA:27,0
DA:28,0
DA:29,0
DA:30,0
DA:31,0
DA:34,0
DA:80,0
LF:16
LH:0
BRDA:27,0,0,0
BRDA:27,0,1,0
BRDA:51,1,0,0
BRDA:51,1,1,0
BRDA:60,2,0,0
BRDA:60,2,1,0
BRDA:61,3,0,0
BRDA:61,3,1,0
BRDA:66,4,0,0
BRDA:66,4,1,0
BRF:10
BRH:0
end_of_record
TN:
SF:src/components/dashboard/MetricCard.tsx
FN:15,MetricCard
FN:24,(anonymous_1)
FNF:2
FNH:0
FNDA:0,MetricCard
FNDA:0,(anonymous_1)
DA:3,0
DA:15,0
DA:24,0
DA:25,0
DA:26,0
DA:27,0
DA:30,0
DA:32,0
LF:8
LH:0
BRDA:18,0,0,0
BRDA:22,1,0,0
BRDA:25,2,0,0
BRDA:25,2,1,0
BRDA:26,3,0,0
BRDA:26,3,1,0
BRDA:34,4,0,0
BRDA:34,4,1,0
BRDA:36,5,0,0
BRDA:36,5,1,0
BRDA:41,6,0,0
BRDA:41,6,1,0
BRDA:47,7,0,0
BRDA:47,7,1,0
BRDA:58,8,0,0
BRDA:58,8,1,0
BRDA:60,9,0,0
BRDA:60,9,1,0
BRDA:62,10,0,0
BRDA:62,10,1,0
BRDA:62,11,0,0
BRDA:62,11,1,0
BRDA:75,12,0,0
BRDA:75,12,1,0
BRDA:81,13,0,0
BRDA:81,13,1,0
BRDA:81,14,0,0
BRDA:81,14,1,0
BRF:28
BRH:0
end_of_record
TN:
SF:src/components/dashboard/ModelsListCard.tsx
FN:21,ModelsListCard
FN:24,(anonymous_1)
FN:33,(anonymous_2)
FN:42,(anonymous_3)
FN:45,(anonymous_4)
FN:60,(anonymous_5)
FN:82,(anonymous_6)
FN:133,(anonymous_7)
FNF:8
FNH:0
FNDA:0,ModelsListCard
FNDA:0,(anonymous_1)
FNDA:0,(anonymous_2)
FNDA:0,(anonymous_3)
FNDA:0,(anonymous_4)
FNDA:0,(anonymous_5)
FNDA:0,(anonymous_6)
FNDA:0,(anonymous_7)
DA:3,0
DA:4,0
DA:5,0
DA:21,0
DA:22,0
DA:24,0
DA:25,0
DA:26,0
DA:27,0
DA:28,0
DA:29,0
DA:33,0
DA:34,0
DA:35,0
DA:36,0
DA:37,0
DA:38,0
DA:42,0
DA:43,0
DA:45,0
DA:47,0
DA:48,0
DA:49,0
DA:51,0
DA:52,0
DA:53,0
DA:55,0
DA:57,0
DA:58,0
DA:60,0
DA:64,0
DA:83,0
DA:133,0
LF:33
LH:0
BRDA:25,0,0,0
BRDA:25,0,1,0
BRDA:25,0,2,0
BRDA:25,0,3,0
BRDA:34,1,0,0
BRDA:34,1,1,0
BRDA:34,1,2,0
BRDA:34,1,3,0
BRDA:43,2,0,0
BRDA:43,2,1,0
BRDA:48,3,0,0
BRDA:48,3,1,0
BRDA:53,4,0,0
BRDA:53,4,1,0
BRDA:53,5,0,0
BRDA:53,5,1,0
BRDA:58,6,0,0
BRDA:58,6,1,0
BRDA:66,7,0,0
BRDA:66,7,1,0
BRDA:68,8,0,0
BRDA:68,8,1,0
BRDA:77,9,0,0
BRDA:77,9,1,0
BRDA:82,10,0,0
BRDA:82,10,1,0
BRDA:88,11,0,0
BRDA:88,11,1,0
BRDA:89,12,0,0
BRDA:89,12,1,0
BRDA:93,13,0,0
BRDA:93,13,1,0
BRDA:114,14,0,0
BRDA:114,14,1,0
BRDA:114,14,2,0
BRDA:130,15,0,0
BRDA:130,15,1,0
BRDA:131,16,0,0
BRDA:131,16,1,0
BRDA:132,17,0,0
BRDA:132,17,1,0
BRDA:134,18,0,0
BRDA:134,18,1,0
BRDA:137,19,0,0
BRDA:137,19,1,0
BRDA:137,20,0,0
BRDA:137,20,1,0
BRDA:137,21,0,0
BRDA:137,21,1,0
BRF:49
BRH:0
end_of_record
TN:
SF:src/components/dashboard/ModernDashboard.tsx
FN:18,ModernDashboard
FN:20,(anonymous_1)
FN:21,(anonymous_2)
FN:28,(anonymous_3)
FN:32,(anonymous_4)
FN:33,(anonymous_5)
FN:36,(anonymous_6)
FN:41,(anonymous_7)
FN:45,(anonymous_8)
FN:49,(anonymous_9)
FN:53,(anonymous_10)
FN:57,(anonymous_11)
FN:61,(anonymous_12)
FN:160,(anonymous_13)
FN:168,(anonymous_14)
FN:176,(anonymous_15)
FN:195,(anonymous_16)
FN:203,(anonymous_17)
FN:218,(anonymous_18)
FNF:19
FNH:0
FNDA:0,ModernDashboard
FNDA:0,(anonymous_1)
FNDA:0,(anonymous_2)
FNDA:0,(anonymous_3)
FNDA:0,(anonymous_4)
FNDA:0,(anonymous_5)
FNDA:0,(anonymous_6)
FNDA:0,(anonymous_7)
FNDA:0,(anonymous_8)
FNDA:0,(anonymous_9)
FNDA:0,(anonymous_10)
FNDA:0,(anonymous_11)
FNDA:0,(anonymous_12)
FNDA:0,(anonymous_13)
FNDA:0,(anonymous_14)
FNDA:0,(anonymous_15)
FNDA:0,(anonymous_16)
FNDA:0,(anonymous_17)
FNDA:0,(anonymous_18)
DA:3,0
DA:4,0
DA:5,0
DA:6,0
DA:7,0
DA:8,0
DA:10,0
DA:11,0
DA:12,0
DA:13,0
DA:14,0
DA:15,0
DA:16,0
DA:18,0
DA:19,0
DA:20,0
DA:21,0
DA:22,0
DA:23,0
DA:24,0
DA:25,0
DA:26,0
DA:28,0
DA:29,0
DA:30,0
DA:32,0
DA:33,0
DA:36,0
DA:37,0
DA:38,0
DA:41,0
DA:42,0
DA:45,0
DA:46,0
DA:49,0
DA:50,0
DA:53,0
DA:54,0
DA:57,0
DA:58,0
DA:61,0
DA:62,0
DA:63,0
DA:64,0
DA:65,0
DA:66,0
DA:69,0
DA:70,0
DA:80,0
DA:160,0
DA:168,0
DA:176,0
DA:195,0
DA:203,0
DA:218,0
LF:55
LH:0
BRDA:22,0,0,0
BRDA:22,0,1,0
BRDA:62,1,0,0
BRDA:62,1,1,0
BRDA:69,2,0,0
BRDA:69,2,1,0
BRDA:69,3,0,0
BRDA:69,3,1,0
BRDA:92,4,0,0
BRDA:92,4,1,0
BRDA:102,5,0,0
BRDA:102,5,1,0
BRDA:112,6,0,0
BRDA:112,6,1,0
BRDA:122,7,0,0
BRDA:122,7,1,0
BRDA:160,8,0,0
BRDA:160,8,1,0
BRDA:168,9,0,0
BRDA:168,9,1,0
BRDA:176,10,0,0
BRDA:176,10,1,0
BRDA:185,11,0,0
BRDA:185,11,1,0
BRDA:195,12,0,0
BRDA:195,12,1,0
BRDA:203,13,0,0
BRDA:203,13,1,0
BRDA:211,14,0,0
BRDA:211,14,1,0
BRDA:227,15,0,0
BRDA:227,15,1,0
BRDA:229,16,0,0
BRDA:229,16,1,0
BRDA:247,17,0,0
BRDA:247,17,1,0
BRDA:253,18,0,0
BRDA:253,18,1,0
BRF:38
BRH:0
end_of_record
TN:
SF:src/components/dashboard/QuickActionsCard.tsx
FN:14,QuickActionsCard
FN:57,(anonymous_1)
FNF:2
FNH:0
FNDA:0,QuickActionsCard
FNDA:0,(anonymous_1)
DA:3,0
DA:4,0
DA:14,0
DA:20,0
DA:44,0
DA:58,0
LF:6
LH:0
BRDA:46,0,0,0
BRDA:46,0,1,0
BRDA:48,1,0,0
BRDA:48,1,1,0
BRDA:61,2,0,0
BRDA:61,2,1,0
BRDA:70,3,0,0
BRDA:70,3,1,0
BRDA:72,4,0,0
BRDA:72,4,1,0
BRDA:89,5,0,0
BRDA:89,5,1,0
BRDA:91,6,0,0
BRDA:91,6,1,0
BRF:14
BRH:0
end_of_record
TN:
SF:src/components/dashboard/hooks/useDashboardMetrics.ts
FN:16,useDashboardMetrics
FN:17,(anonymous_1)
FN:23,(anonymous_2)
FN:30,(anonymous_3)
FN:37,(anonymous_4)
FN:38,(anonymous_5)
FN:45,(anonymous_6)
FN:49,(anonymous_7)
FN:51,(anonymous_8)
FNF:9
FNH:0
FNDA:0,useDashboardMetrics
FNDA:0,(anonymous_1)
FNDA:0,(anonymous_2)
FNDA:0,(anonymous_3)
FNDA:0,(anonymous_4)
FNDA:0,(anonymous_5)
FNDA:0,(anonymous_6)
FNDA:0,(anonymous_7)
FNDA:0,(anonymous_8)
DA:1,0
DA:2,0
DA:3,0
DA:4,0
DA:16,0
DA:17,0
DA:18,0
DA:19,0
DA:20,0
DA:23,0
DA:24,0
DA:25,0
DA:30,0
DA:31,0
DA:32,0
DA:37,0
DA:38,0
DA:39,0
DA:40,0
DA:41,0
DA:45,0
DA:49,0
DA:50,0
DA:51,0
DA:53,0
DA:60,0
DA:61,0
DA:64,0
DA:65,0
DA:75,0
DA:80,0
LF:31
LH:0
BRDA:24,0,0,0
BRDA:24,0,1,0
BRDA:31,1,0,0
BRDA:31,1,1,0
BRDA:31,2,0,0
BRDA:31,2,1,0
BRDA:39,3,0,0
BRDA:39,3,1,0
BRDA:50,4,0,0
BRDA:50,4,1,0
BRDA:50,5,0,0
BRDA:50,5,1,0
BRDA:53,6,0,0
BRDA:53,6,1,0
BRDA:53,6,2,0
BRDA:53,6,3,0
BRDA:53,6,4,0
BRDA:53,6,5,0
BRDA:60,7,0,0
BRDA:60,7,1,0
BRDA:70,8,0,0
BRDA:70,8,1,0
BRDA:71,9,0,0
BRDA:71,9,1,0
BRDA:72,10,0,0
BRDA:72,10,1,0
BRF:26
BRH:0
end_of_record
TN:
SF:src/components/layout/Header.tsx
FN:10,Header
FN:23,(anonymous_1)
FNF:2
FNH:0
FNDA:0,Header
FNDA:0,(anonymous_1)
DA:3,0
DA:4,0
DA:5,0
DA:6,0
DA:7,0
DA:8,0
DA:10,0
DA:11,0
DA:12,0
DA:14,0
DA:23,0
LF:11
LH:0
BRDA:19,0,0,0
BRDA:19,0,1,0
BRDA:21,1,0,0
BRDA:21,1,1,0
BRDA:31,2,0,0
BRDA:31,2,1,0
BRDA:36,3,0,0
BRDA:36,3,1,0
BRDA:40,4,0,0
BRDA:40,4,1,0
BRF:10
BRH:0
end_of_record
TN:
SF:src/components/layout/Layout.tsx
FN:8,(anonymous_1)
FN:26,(anonymous_2)
FNF:2
FNH:0
FNDA:0,(anonymous_1)
FNDA:0,(anonymous_2)
DA:3,0
DA:4,0
DA:5,0
DA:6,0
DA:8,0
DA:9,0
DA:11,0
DA:26,0
DA:27,0
DA:34,0
LF:10
LH:0
BRDA:16,0,0,0
BRDA:16,0,1,0
BRF:2
BRH:0
end_of_record
TN:
SF:src/components/layout/RootLayoutContent.tsx
FN:8,RootLayoutContent
FNF:1
FNH:0
FNDA:0,RootLayoutContent
DA:3,0
DA:4,0
DA:5,0
DA:6,0
DA:8,0
DA:10,0
LF:6
LH:0
BRF:0
BRH:0
end_of_record
TN:
SF:src/components/layout/Sidebar.tsx
FN:44,Sidebar
FN:49,(anonymous_2)
FN:60,(anonymous_3)
FN:99,(anonymous_4)
FNF:4
FNH:0
FNDA:0,Sidebar
FNDA:0,(anonymous_2)
FNDA:0,(anonymous_3)
FNDA:0,(anonymous_4)
DA:3,0
DA:4,0
DA:5,0
DA:6,0
DA:7,0
DA:15,0
DA:26,0
DA:27,0
DA:36,0
DA:44,0
DA:45,0
DA:46,0
DA:47,0
DA:49,0
DA:51,0
DA:60,0
DA:100,0
DA:101,0
DA:103,0
LF:19
LH:0
BRDA:54,0,0,0
BRDA:54,0,1,0
BRDA:75,1,0,0
BRDA:75,1,1,0
BRDA:76,2,0,0
BRDA:76,2,1,0
BRDA:77,3,0,0
BRDA:77,3,1,0
BRDA:85,4,0,0
BRDA:85,4,1,0
BRDA:87,5,0,0
BRDA:87,5,1,0
BRDA:90,6,0,0
BRDA:90,6,1,0
BRDA:113,7,0,0
BRDA:113,7,1,0
BRDA:113,8,0,0
BRDA:113,8,1,0
BRDA:115,9,0,0
BRDA:115,9,1,0
BRDA:120,10,0,0
BRDA:120,10,1,0
BRDA:120,11,0,0
BRDA:120,11,1,0
BRDA:120,12,0,0
BRDA:120,12,1,0
BRDA:126,13,0,0
BRDA:126,13,1,0
BRDA:127,14,0,0
BRDA:127,14,1,0
BRDA:127,15,0,0
BRDA:127,15,1,0
BRDA:127,16,0,0
BRDA:127,16,1,0
BRDA:143,17,0,0
BRDA:143,17,1,0
BRF:36
BRH:0
end_of_record
TN:
SF:src/components/layout/SidebarProvider.tsx
FN:16,SidebarProvider
FN:19,(anonymous_10)
FN:20,(anonymous_11)
FN:21,(anonymous_12)
FN:32,useSidebar
FNF:5
FNH:0
FNDA:0,SidebarProvider
FNDA:0,(anonymous_10)
FNDA:0,(anonymous_11)
FNDA:0,(anonymous_12)
FNDA:0,useSidebar
DA:3,0
DA:12,0
DA:16,0
DA:17,0
DA:19,0
DA:20,0
DA:21,0
DA:23,0
DA:32,0
DA:33,0
DA:34,0
DA:35,0
DA:37,0
LF:13
LH:0
BRDA:34,0,0,0
BRDA:34,0,1,0
BRF:2
BRH:0
end_of_record
TN:
SF:src/components/layout/index.tsx
FN:1,(anonymous_0)
FN:2,(anonymous_1)
FNF:2
FNH:0
FNDA:0,(anonymous_0)
FNDA:0,(anonymous_1)
DA:1,0
DA:2,0
LF:2
LH:0
BRF:0
BRH:0
end_of_record
TN:
SF:src/components/layout/main-layout.tsx
FN:13,MainLayout
FNF:1
FNH:0
FNDA:0,MainLayout
DA:3,0
DA:4,0
DA:5,0
DA:6,0
DA:7,0
DA:13,0
DA:14,0
DA:16,0
LF:8
LH:0
BRDA:22,0,0,0
BRDA:22,0,1,0
BRF:2
BRH:0
end_of_record
TN:
SF:src/components/pages/ApiRoutes.tsx
FN:8,GET_monitoring
FN:22,GET_monitoring_history
FNF:2
FNH:0
FNDA:0,GET_monitoring
FNDA:0,GET_monitoring_history
DA:1,0
DA:2,0
DA:8,0
DA:9,0
DA:10,0
DA:11,0
DA:13,0
DA:14,0
DA:22,0
DA:23,0
DA:24,0
DA:25,0
DA:26,0
DA:27,0
DA:28,0
DA:30,0
DA:31,0
LF:17
LH:0
BRDA:25,0,0,0
BRDA:25,0,1,0
BRDA:27,1,0,0
BRDA:27,1,1,0
BRF:4
BRH:0
end_of_record
TN:
SF:src/components/pages/ConfigurationPage.tsx
FN:26,(anonymous_9)
FN:48,(anonymous_10)
FN:78,(anonymous_11)
FN:80,(anonymous_12)
FN:86,(anonymous_13)
FN:117,(anonymous_14)
FN:134,(anonymous_15)
FN:137,(anonymous_16)
FN:244,(anonymous_17)
FN:244,(anonymous_18)
FN:260,(anonymous_19)
FN:260,(anonymous_20)
FN:275,(anonymous_21)
FN:275,(anonymous_22)
FN:292,(anonymous_23)
FN:292,(anonymous_24)
FN:309,(anonymous_25)
FN:309,(anonymous_26)
FN:324,(anonymous_27)
FN:324,(anonymous_28)
FN:338,(anonymous_29)
FN:338,(anonymous_30)
FNF:22
FNH:0
FNDA:0,(anonymous_9)
FNDA:0,(anonymous_10)
FNDA:0,(anonymous_11)
FNDA:0,(anonymous_12)
FNDA:0,(anonymous_13)
FNDA:0,(anonymous_14)
FNDA:0,(anonymous_15)
FNDA:0,(anonymous_16)
FNDA:0,(anonymous_17)
FNDA:0,(anonymous_18)
FNDA:0,(anonymous_19)
FNDA:0,(anonymous_20)
FNDA:0,(anonymous_21)
FNDA:0,(anonymous_22)
FNDA:0,(anonymous_23)
FNDA:0,(anonymous_24)
FNDA:0,(anonymous_25)
FNDA:0,(anonymous_26)
FNDA:0,(anonymous_27)
FNDA:0,(anonymous_28)
FNDA:0,(anonymous_29)
FNDA:0,(anonymous_30)
DA:3,0
DA:26,0
DA:27,0
DA:28,0
DA:44,0
DA:45,0
DA:48,0
DA:49,0
DA:50,0
DA:51,0
DA:52,0
DA:54,0
DA:70,0
DA:72,0
DA:78,0
DA:79,0
DA:80,0
DA:86,0
DA:87,0
DA:88,0
DA:90,0
DA:92,0
DA:95,0
DA:96,0
DA:104,0
DA:105,0
DA:107,0
DA:110,0
DA:113,0
DA:114,0
DA:116,0
DA:117,0
DA:121,0
DA:126,0
DA:135,0
DA:137,0
DA:244,0
DA:260,0
DA:275,0
DA:292,0
DA:309,0
DA:324,0
DA:338,0
DA:364,0
LF:44
LH:0
BRDA:50,0,0,0
BRDA:50,0,1,0
BRDA:55,1,0,0
BRDA:55,1,1,0
BRDA:56,2,0,0
BRDA:56,2,1,0
BRDA:57,3,0,0
BRDA:57,3,1,0
BRDA:58,4,0,0
BRDA:58,4,1,0
BRDA:59,5,0,0
BRDA:59,5,1,0
BRDA:61,6,0,0
BRDA:61,6,1,0
BRDA:62,7,0,0
BRDA:62,7,1,0
BRDA:63,8,0,0
BRDA:63,8,1,0
BRDA:64,9,0,0
BRDA:64,9,1,0
BRDA:65,10,0,0
BRDA:65,10,1,0
BRDA:66,11,0,0
BRDA:66,11,1,0
BRDA:67,12,0,0
BRDA:67,12,1,0
BRDA:82,13,0,0
BRDA:82,13,1,0
BRDA:82,14,0,0
BRDA:82,14,1,0
BRDA:104,15,0,0
BRDA:104,15,1,0
BRDA:139,16,0,0
BRDA:139,16,1,0
BRDA:153,17,0,0
BRDA:153,17,1,0
BRDA:221,18,0,0
BRDA:221,18,1,0
BRDA:224,19,0,0
BRDA:224,19,1,0
BRDA:225,20,0,0
BRDA:225,20,1,0
BRDA:234,21,0,0
BRDA:234,21,1,0
BRDA:246,22,0,0
BRDA:246,22,1,0
BRDA:262,23,0,0
BRDA:262,23,1,0
BRDA:277,24,0,0
BRDA:277,24,1,0
BRDA:294,25,0,0
BRDA:294,25,1,0
BRDA:311,26,0,0
BRDA:311,26,1,0
BRDA:326,27,0,0
BRDA:326,27,1,0
BRDA:340,28,0,0
BRDA:340,28,1,0
BRDA:354,29,0,0
BRDA:354,29,1,0
BRF:60
BRH:0
end_of_record
TN:
SF:src/components/pages/LoggingSettings.tsx
FN:12,LoggingSettings
FN:19,(anonymous_1)
FN:26,(anonymous_2)
FN:27,(anonymous_3)
FN:30,(anonymous_4)
FN:49,(anonymous_5)
FN:65,(anonymous_6)
FN:70,(anonymous_7)
FN:132,(anonymous_8)
FN:146,(anonymous_9)
FN:153,(anonymous_10)
FN:155,(anonymous_11)
FN:192,(anonymous_12)
FN:206,(anonymous_13)
FN:213,(anonymous_14)
FN:215,(anonymous_15)
FN:223,(anonymous_16)
FN:230,(anonymous_17)
FN:232,(anonymous_18)
FN:238,(anonymous_19)
FN:246,(anonymous_20)
FNF:21
FNH:0
FNDA:0,LoggingSettings
FNDA:0,(anonymous_1)
FNDA:0,(anonymous_2)
FNDA:0,(anonymous_3)
FNDA:0,(anonymous_4)
FNDA:0,(anonymous_5)
FNDA:0,(anonymous_6)
FNDA:0,(anonymous_7)
FNDA:0,(anonymous_8)
FNDA:0,(anonymous_9)
FNDA:0,(anonymous_10)
FNDA:0,(anonymous_11)
FNDA:0,(anonymous_12)
FNDA:0,(anonymous_13)
FNDA:0,(anonymous_14)
FNDA:0,(anonymous_15)
FNDA:0,(anonymous_16)
FNDA:0,(anonymous_17)
FNDA:0,(anonymous_18)
FNDA:0,(anonymous_19)
FNDA:0,(anonymous_20)
DA:3,0
DA:4,0
DA:5,0
DA:6,0
DA:7,0
DA:9,0
DA:10,0
DA:12,0
DA:13,0
DA:14,0
DA:15,0
DA:16,0
DA:17,0
DA:19,0
DA:21,0
DA:22,0
DA:23,0
DA:26,0
DA:27,0
DA:30,0
DA:31,0
DA:32,0
DA:35,0
DA:37,0
DA:38,0
DA:42,0
DA:44,0
DA:45,0
DA:49,0
DA:50,0
DA:60,0
DA:61,0
DA:62,0
DA:65,0
DA:66,0
DA:67,0
DA:70,0
DA:71,0
DA:72,0
DA:75,0
DA:76,0
DA:83,0
DA:132,0
DA:147,0
DA:148,0
DA:153,0
DA:155,0
DA:192,0
DA:207,0
DA:208,0
DA:213,0
DA:215,0
DA:224,0
DA:225,0
DA:230,0
DA:232,0
DA:238,0
DA:246,0
LF:58
LH:0
BRDA:72,0,0,0
BRDA:72,0,1,0
BRDA:75,1,0,0
BRDA:75,1,1,0
BRDA:101,2,0,0
BRDA:101,2,1,0
BRDA:115,3,0,0
BRDA:115,3,1,0
BRDA:116,4,0,0
BRDA:116,4,1,0
BRDA:139,5,0,0
BRDA:139,5,1,0
BRDA:175,6,0,0
BRDA:175,6,1,0
BRDA:176,7,0,0
BRDA:176,7,1,0
BRDA:199,8,0,0
BRDA:199,8,1,0
BRDA:269,9,0,0
BRDA:269,9,1,0
BRDA:270,10,0,0
BRDA:270,10,1,0
BRDA:316,11,0,0
BRDA:316,11,1,0
BRDA:317,12,0,0
BRDA:317,12,1,0
BRDA:332,13,0,0
BRDA:332,13,1,0
BRDA:333,14,0,0
BRDA:333,14,1,0
BRDA:350,15,0,0
BRDA:350,15,1,0
BRDA:351,16,0,0
BRDA:351,16,1,0
BRF:34
BRH:0
end_of_record
TN:
SF:src/components/pages/LogsPage.tsx
FN:15,(anonymous_0)
FN:17,(anonymous_1)
FN:23,(anonymous_2)
FN:31,(anonymous_3)
FN:40,(anonymous_4)
FN:44,(anonymous_5)
FN:54,(anonymous_6)
FN:75,(anonymous_7)
FN:80,(anonymous_8)
FN:100,(anonymous_9)
FN:106,(anonymous_10)
FN:112,(anonymous_11)
FN:127,(anonymous_12)
FNF:13
FNH:0
FNDA:0,(anonymous_0)
FNDA:0,(anonymous_1)
FNDA:0,(anonymous_2)
FNDA:0,(anonymous_3)
FNDA:0,(anonymous_4)
FNDA:0,(anonymous_5)
FNDA:0,(anonymous_6)
FNDA:0,(anonymous_7)
FNDA:0,(anonymous_8)
FNDA:0,(anonymous_9)
FNDA:0,(anonymous_10)
FNDA:0,(anonymous_11)
FNDA:0,(anonymous_12)
DA:3,0
DA:4,0
DA:5,0
DA:15,0
DA:16,0
DA:17,0
DA:18,0
DA:19,0
DA:20,0
DA:23,0
DA:24,0
DA:25,0
DA:31,0
DA:32,0
DA:34,0
DA:36,0
DA:37,0
DA:40,0
DA:41,0
DA:44,0
DA:45,0
DA:46,0
DA:47,0
DA:48,0
DA:49,0
DA:50,0
DA:54,0
DA:55,0
DA:56,0
DA:57,0
DA:58,0
DA:59,0
DA:60,0
DA:64,0
DA:75,0
DA:80,0
DA:100,0
DA:106,0
DA:112,0
DA:128,0
DA:129,0
DA:148,0
LF:42
LH:0
BRDA:24,0,0,0
BRDA:24,0,1,0
BRDA:32,1,0,0
BRDA:32,1,1,0
BRDA:32,1,2,0
BRDA:34,2,0,0
BRDA:34,2,1,0
BRDA:36,3,0,0
BRDA:36,3,1,0
BRDA:37,4,0,0
BRDA:37,4,1,0
BRDA:45,5,0,0
BRDA:45,5,1,0
BRDA:45,5,2,0
BRDA:45,5,3,0
BRDA:45,5,4,0
BRDA:55,6,0,0
BRDA:55,6,1,0
BRDA:55,6,2,0
BRDA:55,6,3,0
BRDA:55,6,4,0
BRDA:101,7,0,0
BRDA:101,7,1,0
BRDA:107,8,0,0
BRDA:107,8,1,0
BRDA:113,9,0,0
BRDA:113,9,1,0
BRDA:122,10,0,0
BRDA:122,10,1,0
BRDA:124,11,0,0
BRDA:124,11,1,0
BRDA:128,12,0,0
BRDA:128,12,1,0
BRDA:128,12,2,0
BRF:34
BRH:0
end_of_record
TN:
SF:src/components/pages/ModelsPage.tsx
FN:19,(anonymous_0)
FN:27,(anonymous_1)
FN:35,(anonymous_2)
FN:52,(anonymous_3)
FN:60,(anonymous_4)
FN:66,(anonymous_5)
FN:78,(anonymous_6)
FN:102,(anonymous_7)
FN:111,(anonymous_8)
FN:125,(anonymous_9)
FN:126,(anonymous_10)
FN:134,(anonymous_11)
FN:134,(anonymous_12)
FN:141,(anonymous_13)
FN:145,(anonymous_14)
FN:146,(anonymous_15)
FN:154,(anonymous_16)
FN:154,(anonymous_17)
FN:161,(anonymous_18)
FN:165,(anonymous_19)
FN:178,(anonymous_20)
FN:200,(anonymous_21)
FN:221,(anonymous_22)
FN:229,(anonymous_23)
FNF:24
FNH:0
FNDA:0,(anonymous_0)
FNDA:0,(anonymous_1)
FNDA:0,(anonymous_2)
FNDA:0,(anonymous_3)
FNDA:0,(anonymous_4)
FNDA:0,(anonymous_5)
FNDA:0,(anonymous_6)
FNDA:0,(anonymous_7)
FNDA:0,(anonymous_8)
FNDA:0,(anonymous_9)
FNDA:0,(anonymous_10)
FNDA:0,(anonymous_11)
FNDA:0,(anonymous_12)
FNDA:0,(anonymous_13)
FNDA:0,(anonymous_14)
FNDA:0,(anonymous_15)
FNDA:0,(anonymous_16)
FNDA:0,(anonymous_17)
FNDA:0,(anonymous_18)
FNDA:0,(anonymous_19)
FNDA:0,(anonymous_20)
FNDA:0,(anonymous_21)
FNDA:0,(anonymous_22)
FNDA:0,(anonymous_23)
DA:3,0
DA:4,0
DA:19,0
DA:20,0
DA:21,0
DA:22,0
DA:23,0
DA:24,0
DA:27,0
DA:29,0
DA:32,0
DA:35,0
DA:36,0
DA:44,0
DA:45,0
DA:49,0
DA:52,0
DA:53,0
DA:54,0
DA:57,0
DA:60,0
DA:61,0
DA:62,0
DA:66,0
DA:67,0
DA:68,0
DA:69,0
DA:70,0
DA:71,0
DA:74,0
DA:78,0
DA:79,0
DA:80,0
DA:82,0
DA:83,0
DA:85,0
DA:86,0
DA:87,0
DA:88,0
DA:92,0
DA:100,0
DA:101,0
DA:102,0
DA:105,0
DA:107,0
DA:111,0
DA:112,0
DA:113,0
DA:114,0
DA:117,0
DA:119,0
DA:125,0
DA:126,0
DA:127,0
DA:128,0
DA:132,0
DA:134,0
DA:135,0
DA:139,0
DA:141,0
DA:145,0
DA:146,0
DA:147,0
DA:148,0
DA:152,0
DA:154,0
DA:155,0
DA:159,0
DA:161,0
DA:165,0
DA:166,0
DA:169,0
DA:178,0
DA:201,0
DA:221,0
DA:229,0
DA:247,0
LF:77
LH:0
BRDA:36,0,0,0
BRDA:36,0,1,0
BRDA:37,1,0,0
BRDA:37,1,1,0
BRDA:37,1,2,0
BRDA:37,1,3,0
BRDA:37,1,4,0
BRDA:37,1,5,0
BRDA:69,2,0,0
BRDA:69,2,1,0
BRDA:71,3,0,0
BRDA:71,3,1,0
BRDA:85,4,0,0
BRDA:85,4,1,0
BRDA:87,5,0,0
BRDA:87,5,1,0
BRDA:100,6,0,0
BRDA:100,6,1,0
BRDA:132,7,0,0
BRDA:132,7,1,0
BRDA:135,8,0,0
BRDA:135,8,1,0
BRDA:152,9,0,0
BRDA:152,9,1,0
BRDA:155,10,0,0
BRDA:155,10,1,0
BRDA:187,11,0,0
BRDA:187,11,1,0
BRDA:194,12,0,0
BRDA:194,12,1,0
BRDA:205,13,0,0
BRDA:205,13,1,0
BRDA:206,14,0,0
BRDA:206,14,1,0
BRDA:209,15,0,0
BRDA:209,15,1,0
BRDA:219,16,0,0
BRDA:219,16,1,0
BRDA:222,17,0,0
BRDA:222,17,1,0
BRDA:225,18,0,0
BRDA:225,18,1,0
BRF:42
BRH:0
end_of_record
TN:
SF:src/components/pages/MonitoringPage.tsx
FN:19,(anonymous_0)
FN:27,(anonymous_1)
FN:44,(anonymous_2)
FN:47,(anonymous_3)
FN:50,(anonymous_4)
FN:150,(anonymous_5)
FN:154,(anonymous_6)
FN:158,(anonymous_7)
FN:197,(anonymous_8)
FNF:9
FNH:0
FNDA:0,(anonymous_0)
FNDA:0,(anonymous_1)
FNDA:0,(anonymous_2)
FNDA:0,(anonymous_3)
FNDA:0,(anonymous_4)
FNDA:0,(anonymous_5)
FNDA:0,(anonymous_6)
FNDA:0,(anonymous_7)
FNDA:0,(anonymous_8)
DA:3,0
DA:4,0
DA:16,0
DA:19,0
DA:20,0
DA:21,0
DA:22,0
DA:23,0
DA:24,0
DA:25,0
DA:27,0
DA:28,0
DA:29,0
DA:30,0
DA:31,0
DA:33,0
DA:35,0
DA:37,0
DA:38,0
DA:40,0
DA:44,0
DA:45,0
DA:46,0
DA:47,0
DA:50,0
DA:51,0
DA:52,0
DA:53,0
DA:54,0
DA:55,0
DA:56,0
DA:60,0
DA:61,0
DA:68,0
DA:69,0
DA:76,0
DA:77,0
DA:84,0
DA:150,0
DA:154,0
DA:158,0
DA:198,0
DA:214,0
LF:43
LH:0
BRDA:30,0,0,0
BRDA:30,0,1,0
BRDA:38,1,0,0
BRDA:38,1,1,0
BRDA:51,2,0,0
BRDA:51,2,1,0
BRDA:51,2,2,0
BRDA:51,2,3,0
BRDA:51,2,4,0
BRDA:60,3,0,0
BRDA:60,3,1,0
BRDA:68,4,0,0
BRDA:68,4,1,0
BRDA:76,5,0,0
BRDA:76,5,1,0
BRDA:178,6,0,0
BRDA:178,6,1,0
BRDA:180,7,0,0
BRDA:180,7,1,0
BRDA:180,8,0,0
BRDA:180,8,1,0
BRDA:194,9,0,0
BRDA:194,9,1,0
BRF:23
BRH:0
end_of_record
TN:
SF:src/components/pages/index.tsx
FNF:0
FNH:0
DA:1,0
DA:2,0
DA:3,0
DA:4,0
DA:6,0
LF:5
LH:0
BRF:0
BRH:0
end_of_record
TN:
SF:src/components/pages/settings/SettingsAppearance.tsx
FN:8,SettingsAppearance
FN:19,(anonymous_1)
FN:22,(anonymous_2)
FNF:3
FNH:0
FNDA:0,SettingsAppearance
FNDA:0,(anonymous_1)
FNDA:0,(anonymous_2)
DA:8,0
DA:12,0
DA:20,0
DA:22,0
LF:4
LH:0
BRDA:24,0,0,0
BRDA:24,0,1,0
BRDA:30,1,0,0
BRDA:30,1,1,0
BRDA:31,2,0,0
BRDA:31,2,1,0
BRDA:32,3,0,0
BRDA:32,3,1,0
BRF:8
BRH:0
end_of_record
TN:
SF:src/components/pages/settings/SettingsFeatures.tsx
FN:8,SettingsFeatures
FN:30,(anonymous_1)
FN:54,(anonymous_2)
FNF:3
FNH:0
FNDA:0,SettingsFeatures
FNDA:0,(anonymous_1)
FNDA:0,(anonymous_2)
DA:8,0
DA:12,0
DA:30,0
DA:54,0
LF:4
LH:0
BRDA:32,0,0,0
BRDA:32,0,1,0
BRDA:37,1,0,0
BRDA:37,1,1,0
BRDA:56,2,0,0
BRDA:56,2,1,0
BRDA:61,3,0,0
BRDA:61,3,1,0
BRF:8
BRH:0
end_of_record
TN:
SF:src/components/pages/settings/SettingsSystem.tsx
FN:11,SettingsSystem
FN:37,(anonymous_2)
FN:66,(anonymous_3)
FNF:3
FNH:0
FNDA:0,SettingsSystem
FNDA:0,(anonymous_2)
FNDA:0,(anonymous_3)
DA:1,0
DA:11,0
DA:15,0
DA:38,0
DA:67,0
LF:5
LH:0
BRF:0
BRH:0
end_of_record
TN:
SF:src/components/ui/Button.tsx
FN:12,(anonymous_1)
FN:43,(anonymous_2)
FN:79,(anonymous_3)
FNF:3
FNH:0
FNDA:0,(anonymous_1)
FNDA:0,(anonymous_2)
FNDA:0,(anonymous_3)
DA:1,0
DA:12,0
DA:21,0
DA:29,0
DA:31,0
DA:43,0
DA:58,0
DA:79,0
DA:94,0
LF:9
LH:0
BRDA:14,0,0,0
BRDA:15,1,0,0
BRDA:16,2,0,0
BRDA:46,3,0,0
BRDA:47,4,0,0
BRDA:49,5,0,0
BRDA:68,6,0,0
BRDA:68,6,1,0
BRDA:69,7,0,0
BRDA:69,7,1,0
BRDA:70,8,0,0
BRDA:70,8,1,0
BRDA:71,9,0,0
BRDA:71,9,1,0
BRDA:82,10,0,0
BRDA:83,11,0,0
BRDA:85,12,0,0
BRDA:97,13,0,0
BRDA:97,13,1,0
BRDA:106,14,0,0
BRDA:106,14,1,0
BRDA:107,15,0,0
BRDA:107,15,1,0
BRDA:108,16,0,0
BRDA:108,16,1,0
BRDA:109,17,0,0
BRDA:109,17,1,0
BRF:27
BRH:0
end_of_record
TN:
SF:src/components/ui/Card.tsx
FN:17,Card
FNF:1
FNH:0
FNDA:0,Card
DA:1,0
DA:2,0
DA:3,0
DA:4,0
DA:5,0
DA:6,0
DA:9,0
DA:17,0
DA:18,0
LF:9
LH:0
BRF:0
BRH:0
end_of_record
TN:
SF:src/components/ui/Input.tsx
FN:8,(anonymous_1)
FN:19,(anonymous_2)
FN:31,(anonymous_3)
FN:45,(anonymous_4)
FNF:4
FNH:0
FNDA:0,(anonymous_1)
FNDA:0,(anonymous_2)
FNDA:0,(anonymous_3)
FNDA:0,(anonymous_4)
DA:1,0
DA:8,0
DA:9,0
DA:19,0
DA:20,0
DA:31,0
DA:32,0
DA:45,0
DA:46,0
LF:9
LH:0
BRDA:8,0,0,0
BRDA:19,1,0,0
BRDA:31,2,0,0
BRDA:45,3,0,0
BRF:4
BRH:0
end_of_record
TN:
SF:src/components/ui/MetricsCard.tsx
FN:13,MetricsCard
FN:14,(anonymous_2)
FN:84,(anonymous_3)
FNF:3
FNH:0
FNDA:0,MetricsCard
FNDA:0,(anonymous_2)
FNDA:0,(anonymous_3)
DA:3,0
DA:4,0
DA:5,0
DA:6,0
DA:7,0
DA:8,0
DA:9,0
DA:10,0
DA:11,0
DA:13,0
DA:14,0
DA:15,0
DA:17,0
DA:18,0
DA:31,0
DA:69,0
DA:85,0
LF:17
LH:0
BRDA:17,0,0,0
BRDA:17,0,1,0
BRDA:73,1,0,0
BRDA:73,1,1,0
BRDA:74,2,0,0
BRDA:74,2,1,0
BRDA:92,3,0,0
BRDA:92,3,1,0
BRDA:105,4,0,0
BRDA:105,4,1,0
BRDA:105,5,0,0
BRDA:105,5,1,0
BRDA:110,6,0,0
BRDA:110,6,1,0
BRF:14
BRH:0
end_of_record
TN:
SF:src/components/ui/ThemeToggle.tsx
FN:8,ThemeToggle
FN:12,(anonymous_1)
FN:20,(anonymous_2)
FN:33,(anonymous_3)
FN:46,(anonymous_4)
FNF:5
FNH:0
FNDA:0,ThemeToggle
FNDA:0,(anonymous_1)
FNDA:0,(anonymous_2)
FNDA:0,(anonymous_3)
FNDA:0,(anonymous_4)
DA:3,0
DA:4,0
DA:5,0
DA:6,0
DA:8,0
DA:9,0
DA:10,0
DA:12,0
DA:13,0
DA:16,0
DA:17,0
DA:20,0
DA:21,0
DA:23,0
DA:25,0
DA:27,0
DA:29,0
DA:33,0
DA:34,0
DA:36,0
DA:38,0
DA:40,0
DA:42,0
DA:46,0
DA:47,0
DA:48,0
DA:49,0
DA:50,0
DA:52,0
DA:56,0
LF:30
LH:0
BRDA:16,0,0,0
BRDA:16,0,1,0
BRDA:21,1,0,0
BRDA:21,1,1,0
BRDA:21,1,2,0
BRDA:21,1,3,0
BRDA:34,2,0,0
BRDA:34,2,1,0
BRDA:34,2,2,0
BRDA:34,2,3,0
BRDA:47,3,0,0
BRDA:47,3,1,0
BRDA:49,4,0,0
BRDA:49,4,1,0
BRF:14
BRH:0
end_of_record
TN:
SF:src/components/ui/error-boundary.tsx
FN:18,(anonymous_0)
FN:35,(anonymous_1)
FN:26,(anonymous_2)
FN:30,(anonymous_3)
FN:39,(anonymous_4)
FNF:5
FNH:0
FNDA:0,(anonymous_0)
FNDA:0,(anonymous_1)
FNDA:0,(anonymous_2)
FNDA:0,(anonymous_3)
FNDA:0,(anonymous_4)
DA:3,0
DA:4,0
DA:5,0
DA:17,0
DA:19,0
DA:20,0
DA:27,0
DA:31,0
DA:35,0
DA:36,0
DA:40,0
DA:41,0
DA:42,0
DA:45,0
DA:76,0
LF:15
LH:0
BRDA:40,0,0,0
BRDA:40,0,1,0
BRDA:41,1,0,0
BRDA:41,1,1,0
BRF:4
BRH:0
end_of_record
TN:
SF:src/components/ui/index.tsx
FN:1,(anonymous_1)
FN:2,(anonymous_2)
FN:3,(anonymous_3)
FN:3,(anonymous_4)
FN:3,(anonymous_5)
FN:3,(anonymous_6)
FNF:6
FNH:0
FNDA:0,(anonymous_1)
FNDA:0,(anonymous_2)
FNDA:0,(anonymous_3)
FNDA:0,(anonymous_4)
FNDA:0,(anonymous_5)
FNDA:0,(anonymous_6)
DA:1,0
DA:2,0
DA:3,0
LF:3
LH:0
BRF:0
BRH:0
end_of_record
TN:
SF:src/components/ui/loading.tsx
FN:11,Loading
FNF:1
FNH:0
FNDA:0,Loading
DA:3,0
DA:4,0
DA:11,0
DA:12,0
DA:13,0
DA:48,0
LF:6
LH:0
BRDA:11,0,0,0
BRDA:11,1,0,0
BRDA:12,2,0,0
BRDA:12,2,1,0
BRDA:58,3,0,0
BRDA:58,3,1,0
BRF:6
BRH:0
end_of_record
TN:
SF:src/config/app.config.ts
FNF:0
FNH:0
DA:1,0
LF:1
LH:0
BRDA:6,0,0,0
BRDA:6,0,1,0
BRDA:7,1,0,0
BRDA:7,1,1,0
BRDA:26,2,0,0
BRDA:26,2,1,0
BRDA:27,3,0,0
BRDA:27,3,1,0
BRF:8
BRH:0
end_of_record
TN:
SF:src/config/llama-defaults.ts
FNF:0
FNH:0
DA:2,0
LF:1
LH:0
BRF:0
BRH:0
end_of_record
TN:
SF:src/config/monitoring.config.ts
FNF:0
FNH:0
DA:8,0
LF:1
LH:0
BRF:0
BRH:0
end_of_record
TN:
SF:src/contexts/ThemeContext.tsx
FN:22,ThemeProvider
FN:28,(anonymous_1)
FN:32,(anonymous_2)
FN:41,(anonymous_3)
FN:49,(anonymous_4)
FN:53,(anonymous_5)
FN:54,(anonymous_6)
FN:79,useTheme
FN:87,(anonymous_8)
FN:87,(anonymous_9)
FNF:10
FNH:0
FNDA:0,ThemeProvider
FNDA:0,(anonymous_1)
FNDA:0,(anonymous_2)
FNDA:0,(anonymous_3)
FNDA:0,(anonymous_4)
FNDA:0,(anonymous_5)
FNDA:0,(anonymous_6)
FNDA:0,useTheme
FNDA:0,(anonymous_8)
FNDA:0,(anonymous_9)
DA:3,0
DA:4,0
DA:5,0
DA:6,0
DA:7,0
DA:8,0
DA:20,0
DA:22,0
DA:23,0
DA:24,0
DA:25,0
DA:26,0
DA:28,0
DA:29,0
DA:32,0
DA:34,0
DA:35,0
DA:36,0
DA:37,0
DA:41,0
DA:43,0
DA:44,0
DA:45,0
DA:49,0
DA:50,0
DA:53,0
DA:54,0
DA:55,0
DA:56,0
DA:58,0
DA:62,0
DA:63,0
DA:65,0
DA:66,0
DA:69,0
DA:79,0
DA:80,0
DA:81,0
DA:82,0
DA:84,0
DA:87,0
LF:41
LH:0
BRDA:35,0,0,0
BRDA:35,0,1,0
BRDA:43,1,0,0
BRDA:43,1,1,0
BRDA:55,2,0,0
BRDA:55,2,1,0
BRDA:56,3,0,0
BRDA:56,3,1,0
BRDA:58,4,0,0
BRDA:58,4,1,0
BRDA:62,5,0,0
BRDA:62,5,1,0
BRDA:62,5,2,0
BRDA:63,6,0,0
BRDA:63,6,1,0
BRDA:65,7,0,0
BRDA:65,7,1,0
BRDA:81,8,0,0
BRDA:81,8,1,0
BRF:19
BRH:0
end_of_record
TN:
SF:src/hooks/use-api.ts
FN:4,useApi
FN:10,(anonymous_1)
FN:17,(anonymous_2)
FN:24,(anonymous_3)
FN:31,(anonymous_4)
FNF:5
FNH:0
FNDA:0,useApi
FNDA:0,(anonymous_1)
FNDA:0,(anonymous_2)
FNDA:0,(anonymous_3)
FNDA:0,(anonymous_4)
DA:1,0
DA:2,0
DA:4,0
DA:5,0
DA:8,0
DA:10,0
DA:15,0
DA:17,0
DA:22,0
DA:24,0
DA:29,0
DA:31,0
DA:34,0
LF:13
LH:0
BRF:0
BRH:0
end_of_record
TN:
SF:src/hooks/use-logger-config.ts
FN:25,useLoggerConfig
FN:29,(anonymous_1)
FN:40,(anonymous_2)
FN:50,(anonymous_3)
FN:60,(anonymous_4)
FN:65,(anonymous_5)
FNF:6
FNH:0
FNDA:0,useLoggerConfig
FNDA:0,(anonymous_1)
FNDA:0,(anonymous_2)
FNDA:0,(anonymous_3)
FNDA:0,(anonymous_4)
FNDA:0,(anonymous_5)
DA:1,0
DA:13,0
DA:15,0
DA:25,0
DA:26,0
DA:27,0
DA:29,0
DA:30,0
DA:31,0
DA:32,0
DA:33,0
DA:36,0
DA:40,0
DA:41,0
DA:42,0
DA:43,0
DA:44,0
DA:46,0
DA:50,0
DA:51,0
DA:52,0
DA:53,0
DA:54,0
DA:56,0
DA:60,0
DA:61,0
DA:66,0
DA:70,0
LF:28
LH:0
BRDA:32,0,0,0
BRDA:32,0,1,0
BRF:2
BRH:0
end_of_record
TN:
SF:src/hooks/use-websocket.ts
FN:5,useWebSocket
FN:11,(anonymous_1)
FN:16,(anonymous_2)
FN:21,(anonymous_3)
FN:26,(anonymous_4)
FN:30,(anonymous_5)
FN:33,(anonymous_6)
FN:41,(anonymous_7)
FN:71,(anonymous_8)
FN:86,(anonymous_9)
FN:94,(anonymous_10)
FN:98,(anonymous_11)
FN:102,(anonymous_12)
FN:106,(anonymous_13)
FN:110,(anonymous_14)
FNF:15
FNH:0
FNDA:0,useWebSocket
FNDA:0,(anonymous_1)
FNDA:0,(anonymous_2)
FNDA:0,(anonymous_3)
FNDA:0,(anonymous_4)
FNDA:0,(anonymous_5)
FNDA:0,(anonymous_6)
FNDA:0,(anonymous_7)
FNDA:0,(anonymous_8)
FNDA:0,(anonymous_9)
FNDA:0,(anonymous_10)
FNDA:0,(anonymous_11)
FNDA:0,(anonymous_12)
FNDA:0,(anonymous_13)
FNDA:0,(anonymous_14)
DA:1,0
DA:2,0
DA:3,0
DA:5,0
DA:6,0
DA:7,0
DA:8,0
DA:9,0
DA:11,0
DA:13,0
DA:16,0
DA:17,0
DA:18,0
DA:21,0
DA:22,0
DA:23,0
DA:26,0
DA:27,0
DA:30,0
DA:31,0
DA:33,0
DA:34,0
DA:36,0
DA:38,0
DA:41,0
DA:43,0
DA:44,0
DA:45,0
DA:46,0
DA:47,0
DA:48,0
DA:49,0
DA:51,0
DA:52,0
DA:54,0
DA:57,0
DA:58,0
DA:65,0
DA:66,0
DA:67,0
DA:68,0
DA:71,0
DA:73,0
DA:74,0
DA:75,0
DA:78,0
DA:79,0
DA:80,0
DA:81,0
DA:82,0
DA:86,0
DA:87,0
DA:88,0
DA:89,0
DA:91,0
DA:94,0
DA:95,0
DA:98,0
DA:99,0
DA:102,0
DA:103,0
DA:106,0
DA:107,0
DA:110,0
DA:111,0
DA:114,0
LF:66
LH:0
BRDA:31,0,0,0
BRDA:31,0,1,0
BRDA:43,1,0,0
BRDA:43,1,1,0
BRDA:43,2,0,0
BRDA:43,2,1,0
BRDA:43,2,2,0
BRDA:45,3,0,0
BRDA:45,3,1,0
BRDA:45,4,0,0
BRDA:45,4,1,0
BRDA:47,5,0,0
BRDA:47,5,1,0
BRDA:47,6,0,0
BRDA:47,6,1,0
BRDA:49,7,0,0
BRDA:49,7,1,0
BRDA:49,8,0,0
BRDA:49,8,1,0
BRDA:52,9,0,0
BRDA:52,9,1,0
BRDA:52,10,0,0
BRDA:52,10,1,0
BRDA:57,11,0,0
BRDA:57,11,1,0
BRDA:73,12,0,0
BRDA:73,12,1,0
BRDA:87,13,0,0
BRDA:87,13,1,0
BRF:29
BRH:0
end_of_record
TN:
SF:src/hooks/useChartHistory.ts
FN:6,useChartHistory
FN:7,(anonymous_1)
FN:8,(anonymous_2)
FN:9,(anonymous_3)
FN:11,(anonymous_4)
FN:27,(anonymous_5)
FN:28,(anonymous_6)
FN:44,(anonymous_7)
FNF:8
FNH:0
FNDA:0,useChartHistory
FNDA:0,(anonymous_1)
FNDA:0,(anonymous_2)
FNDA:0,(anonymous_3)
FNDA:0,(anonymous_4)
FNDA:0,(anonymous_5)
FNDA:0,(anonymous_6)
FNDA:0,(anonymous_7)
DA:3,0
DA:4,0
DA:6,0
DA:7,0
DA:8,0
DA:9,0
DA:11,0
DA:12,0
DA:14,0
DA:15,0
DA:16,0
DA:18,0
DA:19,0
DA:22,0
DA:23,0
DA:27,0
DA:28,0
DA:29,0
DA:31,0
DA:32,0
DA:33,0
DA:35,0
DA:36,0
DA:39,0
DA:40,0
DA:44,0
DA:47,0
LF:27
LH:0
BRDA:12,0,0,0
BRDA:12,0,1,0
BRDA:18,1,0,0
BRDA:18,1,1,0
BRDA:22,2,0,0
BRDA:22,2,1,0
BRDA:29,3,0,0
BRDA:29,3,1,0
BRDA:35,4,0,0
BRDA:35,4,1,0
BRDA:39,5,0,0
BRDA:39,5,1,0
BRF:12
BRH:0
end_of_record
TN:
SF:src/hooks/useLlamaStatus.ts
FN:14,useLlamaStatus
FN:19,(anonymous_1)
FN:33,(anonymous_2)
FN:35,(anonymous_3)
FN:46,(anonymous_4)
FN:54,(anonymous_5)
FNF:6
FNH:0
FNDA:0,useLlamaStatus
FNDA:0,(anonymous_1)
FNDA:0,(anonymous_2)
FNDA:0,(anonymous_3)
FNDA:0,(anonymous_4)
FNDA:0,(anonymous_5)
DA:1,0
DA:2,0
DA:5,0
DA:14,0
DA:15,0
DA:16,0
DA:19,0
DA:20,0
DA:21,0
DA:29,0
DA:33,0
DA:35,0
DA:36,0
DA:37,0
DA:41,0
DA:44,0
DA:45,0
DA:46,0
DA:47,0
DA:52,0
DA:54,0
DA:55,0
DA:59,0
LF:23
LH:0
BRDA:20,0,0,0
BRDA:20,0,1,0
BRDA:20,1,0,0
BRDA:20,1,1,0
BRDA:23,2,0,0
BRDA:23,2,1,0
BRDA:36,3,0,0
BRDA:36,3,1,0
BRDA:45,4,0,0
BRDA:45,4,1,0
BRF:10
BRH:0
end_of_record
TN:
SF:src/hooks/useSettings.ts
FN:23,useSettings
FN:27,(anonymous_1)
FN:42,(anonymous_2)
FNF:3
FNH:0
FNDA:0,useSettings
FNDA:0,(anonymous_1)
FNDA:0,(anonymous_2)
DA:3,0
DA:14,0
DA:23,0
DA:24,0
DA:25,0
DA:27,0
DA:29,0
DA:30,0
DA:31,0
DA:32,0
DA:33,0
DA:35,0
DA:36,0
DA:39,0
DA:42,0
DA:43,0
DA:44,0
DA:45,0
DA:48,0
LF:19
LH:0
BRDA:30,0,0,0
BRDA:30,0,1,0
BRF:2
BRH:0
end_of_record
TN:
SF:src/hooks/useSystemMetrics.ts
FN:16,useSystemMetrics
FN:21,(anonymous_1)
FN:22,(anonymous_2)
FN:43,(anonymous_3)
FNF:4
FNH:0
FNDA:0,useSystemMetrics
FNDA:0,(anonymous_1)
FNDA:0,(anonymous_2)
FNDA:0,(anonymous_3)
DA:3,0
DA:16,0
DA:17,0
DA:18,0
DA:19,0
DA:21,0
DA:22,0
DA:23,0
DA:24,0
DA:25,0
DA:26,0
DA:27,0
DA:28,0
DA:30,0
DA:31,0
DA:33,0
DA:38,0
DA:41,0
DA:43,0
DA:46,0
LF:20
LH:0
BRDA:25,0,0,0
BRDA:25,0,1,0
BRDA:30,1,0,0
BRDA:30,1,1,0
BRF:4
BRH:0
end_of_record
TN:
SF:src/lib/analytics.ts
FN:29,(anonymous_0)
FN:31,(anonymous_1)
FN:39,(anonymous_2)
FN:51,(anonymous_3)
FN:56,(anonymous_4)
FN:62,(anonymous_5)
FN:67,(anonymous_6)
FN:70,(anonymous_7)
FN:77,(anonymous_8)
FN:80,(anonymous_9)
FN:85,(anonymous_10)
FN:116,(anonymous_11)
FN:122,(anonymous_12)
FN:138,(anonymous_13)
FN:160,(anonymous_14)
FNF:15
FNH:0
FNDA:0,(anonymous_0)
FNDA:0,(anonymous_1)
FNDA:0,(anonymous_2)
FNDA:0,(anonymous_3)
FNDA:0,(anonymous_4)
FNDA:0,(anonymous_5)
FNDA:0,(anonymous_6)
FNDA:0,(anonymous_7)
FNDA:0,(anonymous_8)
FNDA:0,(anonymous_9)
FNDA:0,(anonymous_10)
FNDA:0,(anonymous_11)
FNDA:0,(anonymous_12)
FNDA:0,(anonymous_13)
FNDA:0,(anonymous_14)
DA:1,0
DA:2,0
DA:3,0
DA:22,0
DA:23,0
DA:24,0
DA:25,0
DA:26,0
DA:27,0
DA:32,0
DA:33,0
DA:35,0
DA:40,0
DA:41,0
DA:42,0
DA:43,0
DA:44,0
DA:46,0
DA:47,0
DA:52,0
DA:57,0
DA:58,0
DA:63,0
DA:69,0
DA:70,0
DA:74,0
DA:75,0
DA:76,0
DA:77,0
DA:78,0
DA:79,0
DA:81,0
DA:82,0
DA:85,0
DA:87,0
DA:91,0
DA:93,0
DA:107,0
DA:112,0
DA:113,0
DA:117,0
DA:118,0
DA:121,0
DA:123,0
DA:125,0
DA:126,0
DA:127,0
DA:132,0
DA:134,0
DA:138,0
DA:139,0
DA:140,0
DA:141,0
DA:146,0
DA:148,0
DA:156,0
DA:161,0
LF:57
LH:0
BRDA:32,0,0,0
BRDA:32,0,1,0
BRDA:42,1,0,0
BRDA:42,1,1,0
BRDA:58,2,0,0
BRDA:58,2,1,0
BRDA:69,3,0,0
BRDA:69,3,1,0
BRDA:98,4,0,0
BRDA:98,4,1,0
BRDA:117,5,0,0
BRDA:117,5,1,0
BRF:12
BRH:0
end_of_record
TN:
SF:src/lib/auth.ts
FNF:0
FNH:0
DA:15,0
LF:1
LH:0
BRF:0
BRH:0
end_of_record
TN:
SF:src/lib/binary-lookup.ts
FN:9,resolveBinary
FN:17,binaryExists
FN:19,(anonymous_12)
FN:19,(anonymous_13)
FNF:4
FNH:0
FNDA:0,resolveBinary
FNDA:0,binaryExists
FNDA:0,(anonymous_12)
FNDA:0,(anonymous_13)
DA:1,0
DA:9,0
DA:10,0
DA:17,0
DA:18,0
DA:19,0
DA:20,0
DA:22,0
LF:8
LH:0
BRF:0
BRH:0
end_of_record
TN:
SF:src/lib/constants.ts
FNF:0
FNH:0
DA:1,0
DA:8,0
DA:9,0
DA:10,0
DA:11,0
LF:5
LH:0
BRF:0
BRH:0
end_of_record
TN:
SF:src/lib/error-handler.ts
FN:2,(anonymous_0)
FN:14,(anonymous_1)
FN:20,(anonymous_2)
FN:26,(anonymous_3)
FN:32,(anonymous_4)
FN:37,handleError
FN:63,isAppError
FN:67,logError
FNF:8
FNH:0
FNDA:0,(anonymous_0)
FNDA:0,(anonymous_1)
FNDA:0,(anonymous_2)
FNDA:0,(anonymous_3)
FNDA:0,(anonymous_4)
FNDA:0,handleError
FNDA:0,isAppError
FNDA:0,logError
DA:1,0
DA:3,0
DA:5,0
DA:6,0
DA:8,0
DA:9,0
DA:13,0
DA:15,0
DA:19,0
DA:21,0
DA:25,0
DA:27,0
DA:31,0
DA:33,0
DA:37,0
DA:38,0
DA:39,0
DA:42,0
DA:43,0
DA:45,0
DA:46,0
DA:49,0
DA:50,0
DA:53,0
DA:54,0
DA:57,0
DA:60,0
DA:63,0
DA:64,0
DA:67,0
DA:68,0
DA:69,0
LF:32
LH:0
BRDA:5,0,0,0
BRDA:20,1,0,0
BRDA:26,2,0,0
BRDA:32,3,0,0
BRDA:38,4,0,0
BRDA:38,4,1,0
BRDA:42,5,0,0
BRDA:42,5,1,0
BRDA:45,6,0,0
BRDA:45,6,1,0
BRDA:45,7,0,0
BRDA:45,7,1,0
BRDA:49,8,0,0
BRDA:49,8,1,0
BRDA:49,9,0,0
BRDA:49,9,1,0
BRDA:53,10,0,0
BRDA:53,10,1,0
BRDA:53,11,0,0
BRDA:53,11,1,0
BRDA:69,12,0,0
BRDA:69,12,1,0
BRDA:69,13,0,0
BRDA:69,13,1,0
BRF:24
BRH:0
end_of_record
TN:
SF:src/lib/logger.ts
FN:54,initLogger
FN:68,(anonymous_2)
FN:145,updateLoggerConfig
FN:160,getLoggerConfig
FN:167,getLogger
FN:178,setSocketIOInstance
FN:187,getWebSocketTransport
FN:196,(anonymous_8)
FN:197,(anonymous_9)
FN:198,(anonymous_10)
FN:199,(anonymous_11)
FN:200,(anonymous_12)
FNF:12
FNH:0
FNDA:0,initLogger
FNDA:0,(anonymous_2)
FNDA:0,updateLoggerConfig
FNDA:0,getLoggerConfig
FNDA:0,getLogger
FNDA:0,setSocketIOInstance
FNDA:0,getWebSocketTransport
FNDA:0,(anonymous_8)
FNDA:0,(anonymous_9)
FNDA:0,(anonymous_10)
FNDA:0,(anonymous_11)
FNDA:0,(anonymous_12)
DA:1,0
DA:2,0
DA:3,0
DA:7,0
DA:16,0
DA:38,0
DA:41,0
DA:54,0
DA:55,0
DA:56,0
DA:59,0
DA:62,0
DA:63,0
DA:69,0
DA:77,0
DA:78,0
DA:90,0
DA:104,0
DA:105,0
DA:107,0
DA:110,0
DA:118,0
DA:119,0
DA:125,0
DA:126,0
DA:131,0
DA:139,0
DA:145,0
DA:146,0
DA:148,0
DA:149,0
DA:150,0
DA:153,0
DA:160,0
DA:161,0
DA:167,0
DA:168,0
DA:169,0
DA:171,0
DA:178,0
DA:179,0
DA:180,0
DA:187,0
DA:188,0
DA:192,0
DA:195,0
DA:196,0
DA:197,0
DA:198,0
DA:199,0
DA:200,0
LF:51
LH:0
BRDA:54,0,0,0
BRDA:62,1,0,0
BRDA:62,1,1,0
BRDA:77,2,0,0
BRDA:77,2,1,0
BRDA:104,3,0,0
BRDA:104,3,1,0
BRDA:118,4,0,0
BRDA:118,4,1,0
BRDA:125,5,0,0
BRDA:125,5,1,0
BRDA:148,6,0,0
BRDA:148,6,1,0
BRDA:168,7,0,0
BRDA:168,7,1,0
BRDA:179,8,0,0
BRDA:179,8,1,0
BRF:17
BRH:0
end_of_record
TN:
SF:src/lib/monitor.ts
FN:18,readHistory
FN:31,writeHistory
FN:44,captureMetrics
FN:47,(anonymous_4)
FN:48,(anonymous_5)
FN:69,idleCpu
FN:85,startPeriodicRecording
FN:87,(anonymous_8)
FNF:8
FNH:0
FNDA:0,readHistory
FNDA:0,writeHistory
FNDA:0,captureMetrics
FNDA:0,(anonymous_4)
FNDA:0,(anonymous_5)
FNDA:0,idleCpu
FNDA:0,startPeriodicRecording
FNDA:0,(anonymous_8)
DA:7,0
DA:8,0
DA:9,0
DA:12,0
DA:18,0
DA:19,0
DA:20,0
DA:21,0
DA:22,0
DA:24,0
DA:31,0
DA:32,0
DA:33,0
DA:34,0
DA:35,0
DA:37,0
DA:44,0
DA:46,0
DA:47,0
DA:48,0
DA:49,0
DA:52,0
DA:53,0
DA:54,0
DA:55,0
DA:57,0
DA:72,0
DA:76,0
DA:82,0
DA:85,0
DA:86,0
DA:87,0
DA:88,0
DA:89,0
DA:90,0
DA:91,0
DA:96,0
DA:98,0
DA:101,0
DA:108,0
LF:40
LH:0
BRDA:20,0,0,0
BRDA:20,0,1,0
BRDA:86,1,0,0
BRDA:86,1,1,0
BRDA:96,2,0,0
BRDA:96,2,1,0
BRF:6
BRH:0
end_of_record
TN:
SF:src/lib/ollama.ts
FN:14,listModels
FN:23,pullModel
FN:32,stopModel
FN:41,ensureModel
FN:44,(anonymous_5)
FNF:5
FNH:0
FNDA:0,listModels
FNDA:0,pullModel
FNDA:0,stopModel
FNDA:0,ensureModel
FNDA:0,(anonymous_5)
DA:1,0
DA:3,0
DA:4,0
DA:6,0
DA:14,0
DA:15,0
DA:16,0
DA:23,0
DA:24,0
DA:25,0
DA:32,0
DA:33,0
DA:34,0
DA:41,0
DA:43,0
DA:44,0
DA:45,0
DA:48,0
DA:49,0
LF:19
LH:0
BRDA:3,0,0,0
BRDA:3,0,1,0
BRDA:45,1,0,0
BRDA:45,1,1,0
BRF:4
BRH:0
end_of_record
TN:
SF:src/lib/process-manager.ts
FN:28,(anonymous_0)
FN:73,(anonymous_1)
FN:89,(anonymous_2)
FN:97,(anonymous_3)
FN:104,(anonymous_4)
FN:105,(anonymous_5)
FN:106,(anonymous_6)
FNF:7
FNH:0
FNDA:0,(anonymous_0)
FNDA:0,(anonymous_1)
FNDA:0,(anonymous_2)
FNDA:0,(anonymous_3)
FNDA:0,(anonymous_4)
FNDA:0,(anonymous_5)
FNDA:0,(anonymous_6)
DA:2,0
DA:3,0
DA:21,0
DA:30,0
DA:31,0
DA:35,0
DA:36,0
DA:37,0
DA:41,0
DA:44,0
DA:45,0
DA:57,0
DA:59,0
DA:61,0
DA:62,0
DA:63,0
DA:64,0
DA:65,0
DA:74,0
DA:75,0
DA:77,0
DA:78,0
DA:82,0
DA:83,0
DA:90,0
DA:98,0
DA:103,0
DA:104,0
DA:105,0
DA:106,0
DA:110,0
LF:31
LH:0
BRDA:30,0,0,0
BRDA:30,0,1,0
BRDA:36,1,0,0
BRDA:36,1,1,0
BRDA:75,2,0,0
BRDA:75,2,1,0
BRF:6
BRH:0
end_of_record
TN:
SF:src/lib/server-config.ts
FN:28,loadConfig
FN:42,saveConfig
FNF:2
FNH:0
FNDA:0,loadConfig
FNDA:0,saveConfig
DA:1,1
DA:2,1
DA:15,1
DA:17,1
DA:28,1
DA:29,0
DA:30,0
DA:31,0
DA:32,0
DA:33,0
DA:35,0
DA:37,0
DA:38,0
DA:42,1
DA:43,0
DA:44,0
DA:45,0
DA:46,0
DA:47,0
DA:49,0
DA:50,0
LF:21
LH:6
BRDA:30,0,0,0
BRDA:30,0,1,0
BRF:2
BRH:0
end_of_record
TN:
SF:src/lib/state-file.ts
FN:15,persistState
FNF:1
FNH:0
FNDA:0,persistState
DA:1,0
DA:2,0
DA:8,0
DA:9,0
DA:15,0
DA:16,0
DA:17,0
DA:18,0
LF:8
LH:0
BRF:0
BRH:0
end_of_record
TN:
SF:src/lib/store.ts
FN:86,(anonymous_0)
FN:90,(anonymous_1)
FN:91,(anonymous_2)
FN:91,(anonymous_3)
FN:92,(anonymous_4)
FN:93,(anonymous_5)
FN:94,(anonymous_6)
FN:98,(anonymous_7)
FN:99,(anonymous_8)
FN:100,(anonymous_9)
FN:103,(anonymous_10)
FN:104,(anonymous_11)
FN:105,(anonymous_12)
FN:105,(anonymous_13)
FN:106,(anonymous_14)
FN:107,(anonymous_15)
FN:108,(anonymous_16)
FN:109,(anonymous_17)
FN:110,(anonymous_18)
FN:111,(anonymous_19)
FN:112,(anonymous_20)
FN:113,(anonymous_21)
FN:117,(anonymous_22)
FN:126,(anonymous_23)
FN:127,(anonymous_24)
FN:129,(anonymous_25)
FN:139,(anonymous_26)
FN:140,(anonymous_27)
FN:154,(anonymous_28)
FN:155,(anonymous_29)
FN:167,(anonymous_30)
FN:168,(anonymous_31)
FN:169,(anonymous_32)
FN:170,(anonymous_33)
FN:171,(anonymous_34)
FN:172,(anonymous_35)
FN:173,(anonymous_36)
FN:174,(anonymous_37)
FNF:38
FNH:0
FNDA:0,(anonymous_0)
FNDA:0,(anonymous_1)
FNDA:0,(anonymous_2)
FNDA:0,(anonymous_3)
FNDA:0,(anonymous_4)
FNDA:0,(anonymous_5)
FNDA:0,(anonymous_6)
FNDA:0,(anonymous_7)
FNDA:0,(anonymous_8)
FNDA:0,(anonymous_9)
FNDA:0,(anonymous_10)
FNDA:0,(anonymous_11)
FNDA:0,(anonymous_12)
FNDA:0,(anonymous_13)
FNDA:0,(anonymous_14)
FNDA:0,(anonymous_15)
FNDA:0,(anonymous_16)
FNDA:0,(anonymous_17)
FNDA:0,(anonymous_18)
FNDA:0,(anonymous_19)
FNDA:0,(anonymous_20)
FNDA:0,(anonymous_21)
FNDA:0,(anonymous_22)
FNDA:0,(anonymous_23)
FNDA:0,(anonymous_24)
FNDA:0,(anonymous_25)
FNDA:0,(anonymous_26)
FNDA:0,(anonymous_27)
FNDA:0,(anonymous_28)
FNDA:0,(anonymous_29)
FNDA:0,(anonymous_30)
FNDA:0,(anonymous_31)
FNDA:0,(anonymous_32)
FNDA:0,(anonymous_33)
FNDA:0,(anonymous_34)
FNDA:0,(anonymous_35)
FNDA:0,(anonymous_36)
FNDA:0,(anonymous_37)
DA:1,0
DA:2,0
DA:3,0
DA:60,0
DA:84,0
DA:86,0
DA:90,0
DA:91,0
DA:93,0
DA:95,0
DA:99,0
DA:100,0
DA:103,0
DA:104,0
DA:105,0
DA:106,0
DA:107,0
DA:109,0
DA:110,0
DA:111,0
DA:112,0
DA:114,0
DA:115,0
DA:116,0
DA:117,0
DA:118,0
DA:119,0
DA:120,0
DA:121,0
DA:123,0
DA:127,0
DA:128,0
DA:129,0
DA:130,0
DA:131,0
DA:132,0
DA:133,0
DA:136,0
DA:140,0
DA:154,0
DA:155,0
DA:165,0
DA:167,0
DA:168,0
DA:169,0
DA:170,0
DA:171,0
DA:172,0
DA:173,0
DA:174,0
LF:50
LH:0
BRDA:95,0,0,0
BRDA:95,0,1,0
BRDA:101,1,0,0
BRDA:101,1,1,0
BRDA:120,2,0,0
BRDA:120,2,1,0
BRDA:126,3,0,0
BRDA:130,4,0,0
BRDA:130,4,1,0
BRDA:132,5,0,0
BRDA:132,5,1,0
BRDA:169,6,0,0
BRDA:169,6,1,0
BRF:13
BRH:0
end_of_record
TN:
SF:src/lib/validators.ts
FNF:0
FNH:0
DA:3,0
DA:9,0
DA:32,0
DA:41,0
LF:4
LH:0
BRF:0
BRH:0
end_of_record
TN:
SF:src/lib/websocket-client.ts
FN:8,(anonymous_0)
FN:12,(anonymous_1)
FN:31,(anonymous_2)
FN:36,(anonymous_3)
FN:43,(anonymous_4)
FN:47,(anonymous_5)
FN:51,(anonymous_6)
FN:56,(anonymous_7)
FN:62,(anonymous_8)
FN:67,(anonymous_9)
FN:78,(anonymous_10)
FN:85,(anonymous_11)
FN:93,(anonymous_12)
FN:97,(anonymous_13)
FN:101,(anonymous_14)
FN:105,(anonymous_15)
FN:109,(anonymous_16)
FN:113,(anonymous_17)
FN:117,(anonymous_18)
FN:121,(anonymous_19)
FN:126,(anonymous_20)
FN:130,(anonymous_21)
FNF:22
FNH:0
FNDA:0,(anonymous_0)
FNDA:0,(anonymous_1)
FNDA:0,(anonymous_2)
FNDA:0,(anonymous_3)
FNDA:0,(anonymous_4)
FNDA:0,(anonymous_5)
FNDA:0,(anonymous_6)
FNDA:0,(anonymous_7)
FNDA:0,(anonymous_8)
FNDA:0,(anonymous_9)
FNDA:0,(anonymous_10)
FNDA:0,(anonymous_11)
FNDA:0,(anonymous_12)
FNDA:0,(anonymous_13)
FNDA:0,(anonymous_14)
FNDA:0,(anonymous_15)
FNDA:0,(anonymous_16)
FNDA:0,(anonymous_17)
FNDA:0,(anonymous_18)
FNDA:0,(anonymous_19)
FNDA:0,(anonymous_20)
FNDA:0,(anonymous_21)
DA:1,0
DA:2,0
DA:5,0
DA:6,0
DA:9,0
DA:13,0
DA:14,0
DA:17,0
DA:18,0
DA:22,0
DA:31,0
DA:32,0
DA:33,0
DA:36,0
DA:37,0
DA:38,0
DA:40,0
DA:43,0
DA:44,0
DA:47,0
DA:48,0
DA:51,0
DA:52,0
DA:56,0
DA:57,0
DA:58,0
DA:62,0
DA:63,0
DA:64,0
DA:67,0
DA:68,0
DA:69,0
DA:73,0
DA:74,0
DA:79,0
DA:80,0
DA:81,0
DA:86,0
DA:87,0
DA:89,0
DA:94,0
DA:98,0
DA:102,0
DA:106,0
DA:110,0
DA:114,0
DA:118,0
DA:122,0
DA:123,0
DA:127,0
DA:131,0
DA:136,0
DA:137,0
LF:53
LH:0
BRDA:13,0,0,0
BRDA:13,0,1,0
BRDA:18,1,0,0
BRDA:18,1,1,0
BRDA:32,2,0,0
BRDA:32,2,1,0
BRDA:37,3,0,0
BRDA:37,3,1,0
BRDA:57,4,0,0
BRDA:57,4,1,0
BRDA:79,5,0,0
BRDA:79,5,1,0
BRDA:86,6,0,0
BRDA:86,6,1,0
BRDA:122,7,0,0
BRDA:122,7,1,0
BRDA:123,8,0,0
BRDA:123,8,1,0
BRF:18
BRH:0
end_of_record
TN:
SF:src/lib/websocket-transport.ts
FN:16,(anonymous_1)
FN:24,(anonymous_2)
FN:31,(anonymous_3)
FN:32,(anonymous_4)
FN:81,(anonymous_5)
FN:88,(anonymous_6)
FN:89,(anonymous_7)
FN:95,(anonymous_8)
FNF:8
FNH:0
FNDA:0,(anonymous_1)
FNDA:0,(anonymous_2)
FNDA:0,(anonymous_3)
FNDA:0,(anonymous_4)
FNDA:0,(anonymous_5)
FNDA:0,(anonymous_6)
FNDA:0,(anonymous_7)
FNDA:0,(anonymous_8)
DA:2,0
DA:11,0
DA:12,0
DA:13,0
DA:14,0
DA:17,0
DA:18,0
DA:25,0
DA:32,0
DA:34,0
DA:35,0
DA:36,0
DA:39,0
DA:40,0
DA:42,0
DA:46,0
DA:57,0
DA:58,0
DA:59,0
DA:63,0
DA:64,0
DA:72,0
DA:73,0
DA:82,0
DA:89,0
DA:96,0
DA:100,0
LF:27
LH:0
BRDA:16,0,0,0
BRDA:18,1,0,0
BRDA:18,1,1,0
BRDA:34,2,0,0
BRDA:34,2,1,0
BRDA:35,3,0,0
BRDA:35,3,1,0
BRDA:36,4,0,0
BRDA:36,4,1,0
BRDA:39,5,0,0
BRDA:39,5,1,0
BRDA:49,6,0,0
BRDA:49,6,1,0
BRDA:58,7,0,0
BRDA:58,7,1,0
BRDA:63,8,0,0
BRDA:63,8,1,0
BRDA:72,9,0,0
BRDA:72,9,1,0
BRF:19
BRH:0
end_of_record
TN:
SF:src/lib/services/ModelDiscoveryService.ts
FN:29,(anonymous_9)
FN:39,(anonymous_10)
FN:48,(anonymous_11)
FN:114,(anonymous_12)
FN:131,(anonymous_13)
FNF:5
FNH:0
FNDA:0,(anonymous_9)
FNDA:0,(anonymous_10)
FNDA:0,(anonymous_11)
FNDA:0,(anonymous_12)
FNDA:0,(anonymous_13)
DA:1,0
DA:2,0
DA:3,0
DA:5,0
DA:26,0
DA:40,0
DA:41,0
DA:42,0
DA:43,0
DA:48,0
DA:49,0
DA:50,0
DA:51,0
DA:52,0
DA:53,0
DA:54,0
DA:55,0
DA:57,0
DA:58,0
DA:60,0
DA:61,0
DA:62,0
DA:63,0
DA:64,0
DA:67,0
DA:70,0
DA:75,0
DA:76,0
DA:77,0
DA:78,0
DA:81,0
DA:84,0
DA:94,0
DA:101,0
DA:102,0
DA:103,0
DA:105,0
DA:106,0
DA:116,0
DA:132,0
DA:135,0
DA:136,0
DA:138,0
DA:139,0
DA:140,0
DA:141,0
DA:145,0
DA:146,0
DA:149,0
LF:49
LH:0
BRDA:39,0,0,0
BRDA:49,1,0,0
BRDA:49,1,1,0
BRDA:52,2,0,0
BRDA:52,2,1,0
BRDA:52,3,0,0
BRDA:52,3,1,0
BRDA:55,4,0,0
BRDA:55,4,1,0
BRDA:58,5,0,0
BRDA:58,5,1,0
BRDA:63,6,0,0
BRDA:63,6,1,0
BRDA:135,7,0,0
BRDA:135,7,1,0
BRDA:138,8,0,0
BRDA:138,8,1,0
BRDA:140,9,0,0
BRDA:140,9,1,0
BRDA:145,10,0,0
BRDA:145,10,1,0
BRF:21
BRH:0
end_of_record
TN:
SF:src/lib/services/parameterService.ts
FN:48,(anonymous_1)
FN:55,(anonymous_2)
FN:75,(anonymous_3)
FN:87,(anonymous_4)
FN:94,(anonymous_5)
FN:101,(anonymous_6)
FN:109,(anonymous_7)
FN:120,(anonymous_8)
FN:134,(anonymous_9)
FNF:9
FNH:0
FNDA:0,(anonymous_1)
FNDA:0,(anonymous_2)
FNDA:0,(anonymous_3)
FNDA:0,(anonymous_4)
FNDA:0,(anonymous_5)
FNDA:0,(anonymous_6)
FNDA:0,(anonymous_7)
FNDA:0,(anonymous_8)
FNDA:0,(anonymous_9)
DA:1,0
DA:2,0
DA:44,0
DA:45,0
DA:46,0
DA:49,0
DA:56,0
DA:57,0
DA:58,0
DA:59,0
DA:61,0
DA:62,0
DA:63,0
DA:66,0
DA:68,0
DA:76,0
DA:77,0
DA:78,0
DA:79,0
DA:88,0
DA:95,0
DA:102,0
DA:103,0
DA:110,0
DA:111,0
DA:113,0
DA:114,0
DA:121,0
DA:122,0
DA:124,0
DA:135,0
DA:136,0
DA:137,0
DA:140,0
DA:143,0
DA:145,0
DA:146,0
DA:148,0
DA:150,0
DA:151,0
DA:153,0
DA:155,0
DA:156,0
DA:158,0
DA:161,0
DA:162,0
DA:163,0
DA:165,0
DA:169,0
DA:170,0
DA:171,0
DA:173,0
DA:174,0
DA:178,0
DA:183,0
LF:55
LH:0
BRDA:61,0,0,0
BRDA:61,0,1,0
BRDA:103,1,0,0
BRDA:103,1,1,0
BRDA:111,2,0,0
BRDA:111,2,1,0
BRDA:114,3,0,0
BRDA:114,3,1,0
BRDA:122,4,0,0
BRDA:122,4,1,0
BRDA:136,5,0,0
BRDA:136,5,1,0
BRDA:143,6,0,0
BRDA:143,6,1,0
BRDA:143,6,2,0
BRDA:143,6,3,0
BRDA:145,7,0,0
BRDA:145,7,1,0
BRDA:145,8,0,0
BRDA:145,8,1,0
BRDA:150,9,0,0
BRDA:150,9,1,0
BRDA:155,10,0,0
BRDA:155,10,1,0
BRDA:162,11,0,0
BRDA:162,11,1,0
BRDA:169,12,0,0
BRDA:169,12,1,0
BRDA:170,13,0,0
BRDA:170,13,1,0
BRDA:170,14,0,0
BRDA:170,14,1,0
BRDA:173,15,0,0
BRDA:173,15,1,0
BRDA:173,16,0,0
BRDA:173,16,1,0
BRF:36
BRH:0
end_of_record
TN:
SF:src/providers/app-provider.tsx
FN:28,AppProvider
FNF:1
FNH:0
FNDA:0,AppProvider
DA:4,0
DA:5,0
DA:7,0
DA:8,0
DA:9,0
DA:12,0
DA:28,0
DA:29,0
LF:8
LH:0
BRF:0
BRH:0
end_of_record
TN:
SF:src/server/ServiceRegistry.ts
FN:7,(anonymous_0)
FN:9,(anonymous_1)
FN:16,(anonymous_2)
FN:20,(anonymous_3)
FN:25,(anonymous_4)
FN:29,(anonymous_5)
FN:33,(anonymous_6)
FNF:7
FNH:0
FNDA:0,(anonymous_0)
FNDA:0,(anonymous_1)
FNDA:0,(anonymous_2)
FNDA:0,(anonymous_3)
FNDA:0,(anonymous_4)
FNDA:0,(anonymous_5)
FNDA:0,(anonymous_6)
DA:3,0
DA:4,0
DA:5,0
DA:10,0
DA:11,0
DA:13,0
DA:17,0
DA:21,0
DA:22,0
DA:26,0
DA:30,0
DA:34,0
DA:38,0
LF:13
LH:0
BRDA:10,0,0,0
BRDA:10,0,1,0
BRDA:22,1,0,0
BRDA:22,1,1,0
BRF:4
BRH:0
end_of_record
TN:
SF:src/server/config.ts
FN:76,createBackendConfig
FN:87,createDefaultLlamaConfig
FN:151,createModelPaths
FN:158,createUpdateConfig
FNF:4
FNH:0
FNDA:0,createBackendConfig
FNDA:0,createDefaultLlamaConfig
FNDA:0,createModelPaths
FNDA:0,createUpdateConfig
DA:76,0
DA:77,0
DA:87,0
DA:88,0
DA:151,0
DA:152,0
DA:158,0
DA:159,0
DA:166,0
DA:167,0
DA:168,0
DA:169,0
LF:12
LH:0
BRDA:79,0,0,0
BRDA:79,0,1,0
BRDA:79,1,0,0
BRDA:79,1,1,0
BRDA:79,2,0,0
BRDA:79,2,1,0
BRDA:80,3,0,0
BRDA:80,3,1,0
BRDA:81,4,0,0
BRDA:81,4,1,0
BRDA:82,5,0,0
BRDA:82,5,1,0
BRDA:89,6,0,0
BRDA:89,6,1,0
BRDA:90,7,0,0
BRDA:90,7,1,0
BRDA:91,8,0,0
BRDA:91,8,1,0
BRDA:92,9,0,0
BRDA:92,9,1,0
BRDA:93,10,0,0
BRDA:93,10,1,0
BRDA:94,11,0,0
BRDA:94,11,1,0
BRDA:95,12,0,0
BRDA:95,12,1,0
BRDA:96,13,0,0
BRDA:96,13,1,0
BRDA:97,14,0,0
BRDA:97,14,1,0
BRDA:98,15,0,0
BRDA:98,15,1,0
BRDA:99,16,0,0
BRDA:99,16,1,0
BRDA:100,17,0,0
BRDA:100,17,1,0
BRDA:101,18,0,0
BRDA:101,18,1,0
BRDA:102,19,0,0
BRDA:102,19,1,0
BRDA:103,20,0,0
BRDA:103,20,1,0
BRDA:104,21,0,0
BRDA:104,21,1,0
BRDA:105,22,0,0
BRDA:105,22,1,0
BRDA:106,23,0,0
BRDA:106,23,1,0
BRDA:107,24,0,0
BRDA:107,24,1,0
BRDA:108,25,0,0
BRDA:108,25,1,0
BRDA:109,26,0,0
BRDA:109,26,1,0
BRDA:110,27,0,0
BRDA:110,27,1,0
BRDA:111,28,0,0
BRDA:111,28,1,0
BRDA:112,29,0,0
BRDA:112,29,1,0
BRDA:113,30,0,0
BRDA:113,30,1,0
BRDA:114,31,0,0
BRDA:114,31,1,0
BRDA:115,32,0,0
BRDA:115,32,1,0
BRDA:116,33,0,0
BRDA:116,33,1,0
BRDA:117,34,0,0
BRDA:117,34,1,0
BRDA:118,35,0,0
BRDA:118,35,1,0
BRDA:119,36,0,0
BRDA:119,36,1,0
BRDA:120,37,0,0
BRDA:120,37,1,0
BRDA:121,38,0,0
BRDA:121,38,1,0
BRDA:127,39,0,0
BRDA:127,39,1,0
BRDA:128,40,0,0
BRDA:128,40,1,0
BRDA:129,41,0,0
BRDA:129,41,1,0
BRDA:130,42,0,0
BRDA:130,42,1,0
BRDA:131,43,0,0
BRDA:131,43,1,0
BRDA:132,44,0,0
BRDA:132,44,1,0
BRDA:133,45,0,0
BRDA:133,45,1,0
BRDA:134,46,0,0
BRDA:134,46,1,0
BRDA:135,47,0,0
BRDA:135,47,1,0
BRDA:136,48,0,0
BRDA:136,48,1,0
BRDA:137,49,0,0
BRDA:137,49,1,0
BRDA:138,50,0,0
BRDA:138,50,1,0
BRDA:139,51,0,0
BRDA:139,51,1,0
BRDA:140,52,0,0
BRDA:140,52,1,0
BRDA:143,53,0,0
BRDA:143,53,1,0
BRDA:144,54,0,0
BRDA:144,54,1,0
BRDA:145,55,0,0
BRDA:145,55,1,0
BRDA:153,56,0,0
BRDA:153,56,1,0
BRDA:154,57,0,0
BRDA:154,57,1,0
BRDA:160,58,0,0
BRDA:160,58,1,0
BRDA:161,59,0,0
BRDA:161,59,1,0
BRDA:162,60,0,0
BRDA:162,60,1,0
BRF:122
BRH:0
end_of_record
TN:
SF:src/server/services/LlamaServerIntegration.ts
FN:36,(anonymous_0)
FN:40,(anonymous_1)
FN:45,(anonymous_2)
FN:60,(anonymous_3)
FN:67,(anonymous_4)
FN:86,(anonymous_5)
FN:103,(anonymous_6)
FN:108,(anonymous_7)
FN:116,(anonymous_8)
FN:130,(anonymous_9)
FN:138,(anonymous_10)
FN:152,(anonymous_11)
FN:161,(anonymous_12)
FN:169,(anonymous_13)
FN:188,(anonymous_14)
FN:189,(anonymous_15)
FN:190,(anonymous_16)
FN:195,(anonymous_17)
FN:200,(anonymous_18)
FN:218,(anonymous_19)
FN:233,(anonymous_20)
FN:256,(anonymous_21)
FN:266,(anonymous_22)
FN:289,(anonymous_23)
FN:298,(anonymous_24)
FN:312,(anonymous_25)
FN:339,(anonymous_26)
FN:352,(anonymous_27)
FN:362,(anonymous_28)
FN:376,(anonymous_29)
FNF:30
FNH:0
FNDA:0,(anonymous_0)
FNDA:0,(anonymous_1)
FNDA:0,(anonymous_2)
FNDA:0,(anonymous_3)
FNDA:0,(anonymous_4)
FNDA:0,(anonymous_5)
FNDA:0,(anonymous_6)
FNDA:0,(anonymous_7)
FNDA:0,(anonymous_8)
FNDA:0,(anonymous_9)
FNDA:0,(anonymous_10)
FNDA:0,(anonymous_11)
FNDA:0,(anonymous_12)
FNDA:0,(anonymous_13)
FNDA:0,(anonymous_14)
FNDA:0,(anonymous_15)
FNDA:0,(anonymous_16)
FNDA:0,(anonymous_17)
FNDA:0,(anonymous_18)
FNDA:0,(anonymous_19)
FNDA:0,(anonymous_20)
FNDA:0,(anonymous_21)
FNDA:0,(anonymous_22)
FNDA:0,(anonymous_23)
FNDA:0,(anonymous_24)
FNDA:0,(anonymous_25)
FNDA:0,(anonymous_26)
FNDA:0,(anonymous_27)
FNDA:0,(anonymous_28)
FNDA:0,(anonymous_29)
DA:2,0
DA:3,0
DA:4,0
DA:5,0
DA:7,0
DA:28,0
DA:30,0
DA:31,0
DA:32,0
DA:33,0
DA:34,0
DA:37,0
DA:41,0
DA:42,0
DA:43,0
DA:45,0
DA:46,0
DA:49,0
DA:50,0
DA:52,0
DA:54,0
DA:55,0
DA:56,0
DA:61,0
DA:67,0
DA:84,0
DA:86,0
DA:104,0
DA:105,0
DA:108,0
DA:109,0
DA:110,0
DA:113,0
DA:117,0
DA:118,0
DA:120,0
DA:121,0
DA:123,0
DA:130,0
DA:139,0
DA:140,0
DA:141,0
DA:143,0
DA:144,0
DA:146,0
DA:148,0
DA:153,0
DA:154,0
DA:155,0
DA:157,0
DA:162,0
DA:163,0
DA:165,0
DA:166,0
DA:169,0
DA:171,0
DA:173,0
DA:184,0
DA:189,0
DA:190,0
DA:191,0
DA:195,0
DA:196,0
DA:197,0
DA:198,0
DA:200,0
DA:218,0
DA:219,0
DA:220,0
DA:221,0
DA:233,0
DA:234,0
DA:235,0
DA:236,0
DA:237,0
DA:238,0
DA:239,0
DA:240,0
DA:246,0
DA:247,0
DA:256,0
DA:257,0
DA:258,0
DA:260,0
DA:261,0
DA:262,0
DA:265,0
DA:266,0
DA:268,0
DA:269,0
DA:270,0
DA:273,0
DA:274,0
DA:276,0
DA:286,0
DA:287,0
DA:289,0
DA:290,0
DA:293,0
DA:294,0
DA:298,0
DA:299,0
DA:300,0
DA:302,0
DA:307,0
DA:308,0
DA:312,0
DA:313,0
DA:314,0
DA:315,0
DA:316,0
DA:317,0
DA:323,0
DA:330,0
DA:331,0
DA:339,0
DA:340,0
DA:341,0
DA:342,0
DA:343,0
DA:344,0
DA:345,0
DA:347,0
DA:348,0
DA:352,0
DA:353,0
DA:354,0
DA:355,0
DA:357,0
DA:363,0
DA:364,0
DA:365,0
DA:368,0
DA:369,0
DA:370,0
DA:373,0
DA:377,0
DA:381,0
LF:138
LH:0
BRDA:54,0,0,0
BRDA:54,0,1,0
BRDA:68,1,0,0
BRDA:68,1,1,0
BRDA:70,2,0,0
BRDA:70,2,1,0
BRDA:71,3,0,0
BRDA:71,3,1,0
BRDA:72,4,0,0
BRDA:72,4,1,0
BRDA:73,5,0,0
BRDA:73,5,1,0
BRDA:73,6,0,0
BRDA:73,6,1,0
BRDA:73,6,2,0
BRDA:74,7,0,0
BRDA:74,7,1,0
BRDA:87,8,0,0
BRDA:87,8,1,0
BRDA:89,9,0,0
BRDA:89,9,1,0
BRDA:90,10,0,0
BRDA:90,10,1,0
BRDA:91,11,0,0
BRDA:91,11,1,0
BRDA:92,12,0,0
BRDA:92,12,1,0
BRDA:92,13,0,0
BRDA:92,13,1,0
BRDA:92,13,2,0
BRDA:93,14,0,0
BRDA:93,14,1,0
BRDA:104,15,0,0
BRDA:104,15,1,0
BRDA:118,16,0,0
BRDA:118,16,1,0
BRDA:127,17,0,0
BRDA:127,17,1,0
BRDA:129,18,0,0
BRDA:129,18,1,0
BRDA:141,19,0,0
BRDA:141,19,1,0
BRDA:144,20,0,0
BRDA:144,20,1,0
BRDA:155,21,0,0
BRDA:155,21,1,0
BRDA:165,22,0,0
BRDA:165,22,1,0
BRDA:171,23,0,0
BRDA:171,23,1,0
BRDA:171,24,0,0
BRDA:171,24,1,0
BRDA:174,25,0,0
BRDA:174,25,1,0
BRDA:175,26,0,0
BRDA:175,26,1,0
BRDA:176,27,0,0
BRDA:176,27,1,0
BRDA:178,28,0,0
BRDA:178,28,1,0
BRDA:179,29,0,0
BRDA:179,29,1,0
BRDA:180,30,0,0
BRDA:180,30,1,0
BRDA:181,31,0,0
BRDA:181,31,1,0
BRDA:196,32,0,0
BRDA:196,32,1,0
BRDA:201,33,0,0
BRDA:201,33,1,0
BRDA:203,34,0,0
BRDA:203,34,1,0
BRDA:204,35,0,0
BRDA:204,35,1,0
BRDA:205,36,0,0
BRDA:205,36,1,0
BRDA:206,37,0,0
BRDA:206,37,1,0
BRDA:206,38,0,0
BRDA:206,38,1,0
BRDA:206,38,2,0
BRDA:207,39,0,0
BRDA:207,39,1,0
BRDA:219,40,0,0
BRDA:219,40,1,0
BRDA:235,41,0,0
BRDA:235,41,1,0
BRDA:235,42,0,0
BRDA:235,42,1,0
BRDA:260,43,0,0
BRDA:260,43,1,0
BRDA:266,44,0,0
BRDA:266,44,1,0
BRDA:268,45,0,0
BRDA:268,45,1,0
BRDA:273,46,0,0
BRDA:273,46,1,0
BRDA:274,47,0,0
BRDA:274,47,1,0
BRDA:286,48,0,0
BRDA:286,48,1,0
BRDA:290,49,0,0
BRDA:290,49,1,0
BRDA:293,50,0,0
BRDA:293,50,1,0
BRDA:307,51,0,0
BRDA:307,51,1,0
BRDA:315,52,0,0
BRDA:315,52,1,0
BRDA:363,53,0,0
BRDA:363,53,1,0
BRDA:368,54,0,0
BRDA:368,54,1,0
BRF:113
BRH:0
end_of_record
TN:
SF:src/server/services/LlamaService.ts
FN:83,(anonymous_1)
FN:88,(anonymous_2)
FN:97,(anonymous_3)
FN:104,(anonymous_4)
FN:111,(anonymous_5)
FN:150,(anonymous_6)
FN:160,(anonymous_7)
FN:161,(anonymous_8)
FN:168,(anonymous_9)
FN:185,(anonymous_10)
FN:197,(anonymous_11)
FN:208,(anonymous_12)
FN:214,(anonymous_13)
FN:225,(anonymous_14)
FN:233,(anonymous_15)
FN:253,(anonymous_16)
FN:268,(anonymous_17)
FN:282,(anonymous_18)
FN:296,(anonymous_19)
FN:310,(anonymous_20)
FN:344,(anonymous_21)
FN:373,(anonymous_22)
FN:377,(anonymous_23)
FN:395,(anonymous_24)
FN:414,(anonymous_25)
FN:438,(anonymous_26)
FN:453,(anonymous_27)
FN:642,(anonymous_28)
FN:659,(anonymous_29)
FN:660,(anonymous_30)
FN:672,(anonymous_31)
FN:678,(anonymous_32)
FN:690,(anonymous_33)
FNF:33
FNH:0
FNDA:0,(anonymous_1)
FNDA:0,(anonymous_2)
FNDA:0,(anonymous_3)
FNDA:0,(anonymous_4)
FNDA:0,(anonymous_5)
FNDA:0,(anonymous_6)
FNDA:0,(anonymous_7)
FNDA:0,(anonymous_8)
FNDA:0,(anonymous_9)
FNDA:0,(anonymous_10)
FNDA:0,(anonymous_11)
FNDA:0,(anonymous_12)
FNDA:0,(anonymous_13)
FNDA:0,(anonymous_14)
FNDA:0,(anonymous_15)
FNDA:0,(anonymous_16)
FNDA:0,(anonymous_17)
FNDA:0,(anonymous_18)
FNDA:0,(anonymous_19)
FNDA:0,(anonymous_20)
FNDA:0,(anonymous_21)
FNDA:0,(anonymous_22)
FNDA:0,(anonymous_23)
FNDA:0,(anonymous_24)
FNDA:0,(anonymous_25)
FNDA:0,(anonymous_26)
FNDA:0,(anonymous_27)
FNDA:0,(anonymous_28)
FNDA:0,(anonymous_29)
FNDA:0,(anonymous_30)
FNDA:0,(anonymous_31)
FNDA:0,(anonymous_32)
FNDA:0,(anonymous_33)
DA:1,0
DA:2,0
DA:4,0
DA:5,0
DA:61,0
DA:63,0
DA:65,0
DA:74,0
DA:75,0
DA:76,0
DA:77,0
DA:78,0
DA:79,0
DA:80,0
DA:81,0
DA:84,0
DA:85,0
DA:88,0
DA:91,0
DA:98,0
DA:105,0
DA:112,0
DA:113,0
DA:114,0
DA:117,0
DA:118,0
DA:119,0
DA:122,0
DA:124,0
DA:126,0
DA:127,0
DA:128,0
DA:129,0
DA:130,0
DA:131,0
DA:132,0
DA:136,0
DA:137,0
DA:140,0
DA:141,0
DA:142,0
DA:143,0
DA:151,0
DA:152,0
DA:154,0
DA:155,0
DA:156,0
DA:159,0
DA:160,0
DA:161,0
DA:162,0
DA:163,0
DA:164,0
DA:165,0
DA:168,0
DA:169,0
DA:170,0
DA:171,0
DA:172,0
DA:175,0
DA:179,0
DA:186,0
DA:187,0
DA:188,0
DA:190,0
DA:198,0
DA:199,0
DA:200,0
DA:202,0
DA:208,0
DA:209,0
DA:210,0
DA:214,0
DA:215,0
DA:219,0
DA:220,0
DA:225,0
DA:226,0
DA:227,0
DA:228,0
DA:233,0
DA:234,0
DA:235,0
DA:236,0
DA:241,0
DA:244,0
DA:246,0
DA:247,0
DA:254,0
DA:256,0
DA:257,0
DA:258,0
DA:259,0
DA:260,0
DA:261,0
DA:267,0
DA:268,0
DA:269,0
DA:273,0
DA:283,0
DA:284,0
DA:287,0
DA:289,0
DA:291,0
DA:295,0
DA:296,0
DA:305,0
DA:310,0
DA:311,0
DA:314,0
DA:317,0
DA:321,0
DA:324,0
DA:328,0
DA:331,0
DA:334,0
DA:335,0
DA:337,0
DA:345,0
DA:346,0
DA:347,0
DA:351,0
DA:352,0
DA:355,0
DA:361,0
DA:362,0
DA:366,0
DA:367,0
DA:371,0
DA:372,0
DA:373,0
DA:377,0
DA:378,0
DA:379,0
DA:380,0
DA:390,0
DA:395,0
DA:396,0
DA:402,0
DA:405,0
DA:406,0
DA:407,0
DA:415,0
DA:417,0
DA:418,0
DA:422,0
DA:423,0
DA:426,0
DA:427,0
DA:432,0
DA:436,0
DA:438,0
DA:440,0
DA:441,0
DA:444,0
DA:445,0
DA:446,0
DA:454,0
DA:457,0
DA:458,0
DA:461,0
DA:462,0
DA:466,0
DA:467,0
DA:470,0
DA:471,0
DA:473,0
DA:474,0
DA:476,0
DA:477,0
DA:481,0
DA:482,0
DA:484,0
DA:485,0
DA:489,0
DA:490,0
DA:492,0
DA:493,0
DA:497,0
DA:498,0
DA:499,0
DA:500,0
DA:504,0
DA:505,0
DA:507,0
DA:508,0
DA:510,0
DA:511,0
DA:513,0
DA:514,0
DA:518,0
DA:519,0
DA:523,0
DA:524,0
DA:528,0
DA:529,0
DA:533,0
DA:534,0
DA:536,0
DA:537,0
DA:541,0
DA:542,0
DA:546,0
DA:547,0
DA:549,0
DA:550,0
DA:552,0
DA:553,0
DA:555,0
DA:556,0
DA:558,0
DA:559,0
DA:561,0
DA:562,0
DA:564,0
DA:565,0
DA:567,0
DA:568,0
DA:570,0
DA:571,0
DA:573,0
DA:574,0
DA:576,0
DA:577,0
DA:579,0
DA:580,0
DA:582,0
DA:583,0
DA:585,0
DA:586,0
DA:588,0
DA:589,0
DA:591,0
DA:592,0
DA:594,0
DA:595,0
DA:597,0
DA:598,0
DA:600,0
DA:601,0
DA:603,0
DA:604,0
DA:606,0
DA:607,0
DA:609,0
DA:610,0
DA:612,0
DA:613,0
DA:615,0
DA:616,0
DA:618,0
DA:619,0
DA:621,0
DA:622,0
DA:624,0
DA:625,0
DA:627,0
DA:628,0
DA:632,0
DA:633,0
DA:636,0
DA:646,0
DA:647,0
DA:648,0
DA:650,0
DA:651,0
DA:653,0
DA:660,0
DA:661,0
DA:662,0
DA:664,0
DA:673,0
DA:674,0
DA:677,0
DA:678,0
DA:679,0
DA:680,0
DA:694,0
DA:695,0
DA:697,0
DA:699,0
DA:700,0
DA:702,0
DA:703,0
DA:705,0
DA:706,0
DA:708,0
DA:709,0
LF:288
LH:0
BRDA:112,0,0,0
BRDA:112,0,1,0
BRDA:117,1,0,0
BRDA:117,1,1,0
BRDA:127,2,0,0
BRDA:127,2,1,0
BRDA:140,3,0,0
BRDA:140,3,1,0
BRDA:154,4,0,0
BRDA:154,4,1,0
BRDA:159,5,0,0
BRDA:159,5,1,0
BRDA:199,6,0,0
BRDA:199,6,1,0
BRDA:219,7,0,0
BRDA:219,7,1,0
BRDA:227,8,0,0
BRDA:227,8,1,0
BRDA:235,9,0,0
BRDA:235,9,1,0
BRDA:259,10,0,0
BRDA:259,10,1,0
BRDA:289,11,0,0
BRDA:289,11,1,0
BRDA:289,12,0,0
BRDA:289,12,1,0
BRDA:291,13,0,0
BRDA:291,13,1,0
BRDA:293,14,0,0
BRDA:293,14,1,0
BRDA:295,15,0,0
BRDA:295,15,1,0
BRDA:295,16,0,0
BRDA:295,16,1,0
BRDA:297,17,0,0
BRDA:297,17,1,0
BRDA:298,18,0,0
BRDA:298,18,1,0
BRDA:300,19,0,0
BRDA:300,19,1,0
BRDA:301,20,0,0
BRDA:301,20,1,0
BRDA:311,21,0,0
BRDA:311,21,1,0
BRDA:334,22,0,0
BRDA:334,22,1,0
BRDA:346,23,0,0
BRDA:346,23,1,0
BRDA:361,24,0,0
BRDA:361,24,1,0
BRDA:373,25,0,0
BRDA:373,25,1,0
BRDA:378,26,0,0
BRDA:378,26,1,0
BRDA:385,27,0,0
BRDA:385,27,1,0
BRDA:405,28,0,0
BRDA:405,28,1,0
BRDA:417,29,0,0
BRDA:417,29,1,0
BRDA:444,30,0,0
BRDA:444,30,1,0
BRDA:457,31,0,0
BRDA:457,31,1,0
BRDA:461,32,0,0
BRDA:461,32,1,0
BRDA:470,33,0,0
BRDA:470,33,1,0
BRDA:473,34,0,0
BRDA:473,34,1,0
BRDA:476,35,0,0
BRDA:476,35,1,0
BRDA:481,36,0,0
BRDA:481,36,1,0
BRDA:481,37,0,0
BRDA:481,37,1,0
BRDA:484,38,0,0
BRDA:484,38,1,0
BRDA:484,39,0,0
BRDA:484,39,1,0
BRDA:489,40,0,0
BRDA:489,40,1,0
BRDA:489,41,0,0
BRDA:489,41,1,0
BRDA:492,42,0,0
BRDA:492,42,1,0
BRDA:492,43,0,0
BRDA:492,43,1,0
BRDA:497,44,0,0
BRDA:497,44,1,0
BRDA:499,45,0,0
BRDA:499,45,1,0
BRDA:504,46,0,0
BRDA:504,46,1,0
BRDA:507,47,0,0
BRDA:507,47,1,0
BRDA:510,48,0,0
BRDA:510,48,1,0
BRDA:513,49,0,0
BRDA:513,49,1,0
BRDA:518,50,0,0
BRDA:518,50,1,0
BRDA:518,51,0,0
BRDA:518,51,1,0
BRDA:523,52,0,0
BRDA:523,52,1,0
BRDA:523,53,0,0
BRDA:523,53,1,0
BRDA:528,54,0,0
BRDA:528,54,1,0
BRDA:533,55,0,0
BRDA:533,55,1,0
BRDA:536,56,0,0
BRDA:536,56,1,0
BRDA:541,57,0,0
BRDA:541,57,1,0
BRDA:546,58,0,0
BRDA:546,58,1,0
BRDA:549,59,0,0
BRDA:549,59,1,0
BRDA:552,60,0,0
BRDA:552,60,1,0
BRDA:555,61,0,0
BRDA:555,61,1,0
BRDA:558,62,0,0
BRDA:558,62,1,0
BRDA:561,63,0,0
BRDA:561,63,1,0
BRDA:564,64,0,0
BRDA:564,64,1,0
BRDA:564,65,0,0
BRDA:564,65,1,0
BRDA:567,66,0,0
BRDA:567,66,1,0
BRDA:567,67,0,0
BRDA:567,67,1,0
BRDA:570,68,0,0
BRDA:570,68,1,0
BRDA:570,69,0,0
BRDA:570,69,1,0
BRDA:573,70,0,0
BRDA:573,70,1,0
BRDA:573,71,0,0
BRDA:573,71,1,0
BRDA:576,72,0,0
BRDA:576,72,1,0
BRDA:576,73,0,0
BRDA:576,73,1,0
BRDA:579,74,0,0
BRDA:579,74,1,0
BRDA:579,75,0,0
BRDA:579,75,1,0
BRDA:582,76,0,0
BRDA:582,76,1,0
BRDA:582,77,0,0
BRDA:582,77,1,0
BRDA:585,78,0,0
BRDA:585,78,1,0
BRDA:585,79,0,0
BRDA:585,79,1,0
BRDA:588,80,0,0
BRDA:588,80,1,0
BRDA:588,81,0,0
BRDA:588,81,1,0
BRDA:591,82,0,0
BRDA:591,82,1,0
BRDA:591,83,0,0
BRDA:591,83,1,0
BRDA:594,84,0,0
BRDA:594,84,1,0
BRDA:594,85,0,0
BRDA:594,85,1,0
BRDA:597,86,0,0
BRDA:597,86,1,0
BRDA:597,87,0,0
BRDA:597,87,1,0
BRDA:600,88,0,0
BRDA:600,88,1,0
BRDA:600,89,0,0
BRDA:600,89,1,0
BRDA:603,90,0,0
BRDA:603,90,1,0
BRDA:603,91,0,0
BRDA:603,91,1,0
BRDA:606,92,0,0
BRDA:606,92,1,0
BRDA:606,93,0,0
BRDA:606,93,1,0
BRDA:609,94,0,0
BRDA:609,94,1,0
BRDA:609,95,0,0
BRDA:609,95,1,0
BRDA:612,96,0,0
BRDA:612,96,1,0
BRDA:612,97,0,0
BRDA:612,97,1,0
BRDA:615,98,0,0
BRDA:615,98,1,0
BRDA:615,99,0,0
BRDA:615,99,1,0
BRDA:618,100,0,0
BRDA:618,100,1,0
BRDA:618,101,0,0
BRDA:618,101,1,0
BRDA:621,102,0,0
BRDA:621,102,1,0
BRDA:621,103,0,0
BRDA:621,103,1,0
BRDA:624,104,0,0
BRDA:624,104,1,0
BRDA:627,105,0,0
BRDA:627,105,1,0
BRDA:632,106,0,0
BRDA:632,106,1,0
BRDA:644,107,0,0
BRDA:647,108,0,0
BRDA:647,108,1,0
BRDA:650,109,0,0
BRDA:650,109,1,0
BRDA:673,110,0,0
BRDA:673,110,1,0
BRDA:679,111,0,0
BRDA:679,111,1,0
BRDA:697,112,0,0
BRDA:697,112,1,0
BRDA:697,112,2,0
BRDA:697,112,3,0
BRF:227
BRH:0
end_of_record
TN:
SF:src/server/services/index.ts
FN:2,(anonymous_0)
FNF:1
FNH:0
FNDA:0,(anonymous_0)
DA:2,0
LF:1
LH:0
BRF:0
BRH:0
end_of_record
TN:
SF:src/server/services/llama/LlamaService.ts
FN:19,(anonymous_0)
FN:31,(anonymous_1)
FN:35,(anonymous_2)
FN:39,(anonymous_3)
FN:74,(anonymous_4)
FN:87,(anonymous_5)
FN:97,(anonymous_6)
FN:101,(anonymous_7)
FN:105,(anonymous_8)
FN:110,(anonymous_9)
FN:124,(anonymous_10)
FN:132,(anonymous_11)
FN:146,(anonymous_12)
FNF:13
FNH:0
FNDA:0,(anonymous_0)
FNDA:0,(anonymous_1)
FNDA:0,(anonymous_2)
FNDA:0,(anonymous_3)
FNDA:0,(anonymous_4)
FNDA:0,(anonymous_5)
FNDA:0,(anonymous_6)
FNDA:0,(anonymous_7)
FNDA:0,(anonymous_8)
FNDA:0,(anonymous_9)
FNDA:0,(anonymous_10)
FNDA:0,(anonymous_11)
FNDA:0,(anonymous_12)
DA:2,0
DA:3,0
DA:4,0
DA:5,0
DA:6,0
DA:7,0
DA:8,0
DA:10,0
DA:20,0
DA:21,0
DA:22,0
DA:23,0
DA:24,0
DA:25,0
DA:26,0
DA:28,0
DA:32,0
DA:36,0
DA:40,0
DA:42,0
DA:43,0
DA:44,0
DA:47,0
DA:48,0
DA:49,0
DA:52,0
DA:54,0
DA:55,0
DA:56,0
DA:57,0
DA:58,0
DA:59,0
DA:60,0
DA:61,0
DA:64,0
DA:65,0
DA:67,0
DA:68,0
DA:69,0
DA:70,0
DA:75,0
DA:76,0
DA:77,0
DA:79,0
DA:80,0
DA:81,0
DA:84,0
DA:88,0
DA:89,0
DA:91,0
DA:95,0
DA:97,0
DA:98,0
DA:101,0
DA:102,0
DA:105,0
DA:106,0
DA:107,0
DA:110,0
DA:111,0
DA:112,0
DA:113,0
DA:117,0
DA:118,0
DA:120,0
DA:121,0
DA:125,0
DA:126,0
DA:127,0
DA:129,0
DA:131,0
DA:132,0
DA:134,0
DA:137,0
DA:140,0
DA:141,0
DA:142,0
DA:147,0
DA:149,0
DA:150,0
DA:153,0
DA:154,0
DA:157,0
DA:158,0
DA:159,0
DA:161,0
DA:164,0
DA:166,0
DA:168,0
DA:169,0
DA:171,0
DA:172,0
DA:173,0
LF:93
LH:0
BRDA:42,0,0,0
BRDA:42,0,1,0
BRDA:47,1,0,0
BRDA:47,1,1,0
BRDA:56,2,0,0
BRDA:56,2,1,0
BRDA:67,3,0,0
BRDA:67,3,1,0
BRDA:79,4,0,0
BRDA:79,4,1,0
BRDA:89,5,0,0
BRDA:89,5,1,0
BRDA:112,6,0,0
BRDA:112,6,1,0
BRDA:134,7,0,0
BRDA:134,7,1,0
BRDA:140,8,0,0
BRDA:140,8,1,0
BRDA:149,9,0,0
BRDA:149,9,1,0
BRDA:171,10,0,0
BRDA:171,10,1,0
BRF:22
BRH:0
end_of_record
TN:
SF:src/server/services/llama/argumentBuilder.ts
FN:4,(anonymous_0)
FNF:1
FNH:0
FNDA:0,(anonymous_0)
DA:3,0
DA:5,0
DA:8,0
DA:9,0
DA:10,0
DA:11,0
DA:15,0
DA:16,0
DA:19,0
DA:20,0
DA:21,0
DA:22,0
DA:25,0
DA:26,0
DA:27,0
DA:28,0
DA:31,0
DA:32,0
DA:33,0
DA:34,0
DA:37,0
DA:38,0
DA:39,0
DA:40,0
DA:44,0
DA:45,0
DA:46,0
DA:47,0
DA:48,0
DA:49,0
DA:52,0
DA:53,0
DA:56,0
DA:57,0
DA:60,0
DA:63,0
DA:64,0
DA:67,0
DA:70,0
DA:71,0
DA:72,0
DA:73,0
DA:74,0
DA:75,0
DA:78,0
DA:80,0
LF:46
LH:0
BRDA:8,0,0,0
BRDA:8,0,1,0
BRDA:10,1,0,0
BRDA:10,1,1,0
BRDA:19,2,0,0
BRDA:19,2,1,0
BRDA:20,3,0,0
BRDA:20,3,1,0
BRDA:21,4,0,0
BRDA:21,4,1,0
BRDA:25,5,0,0
BRDA:25,5,1,0
BRDA:25,6,0,0
BRDA:25,6,1,0
BRDA:27,7,0,0
BRDA:27,7,1,0
BRDA:27,8,0,0
BRDA:27,8,1,0
BRDA:31,9,0,0
BRDA:31,9,1,0
BRDA:31,10,0,0
BRDA:31,10,1,0
BRDA:33,11,0,0
BRDA:33,11,1,0
BRDA:33,12,0,0
BRDA:33,12,1,0
BRDA:37,13,0,0
BRDA:37,13,1,0
BRDA:39,14,0,0
BRDA:39,14,1,0
BRDA:44,15,0,0
BRDA:44,15,1,0
BRDA:46,16,0,0
BRDA:46,16,1,0
BRDA:47,17,0,0
BRDA:47,17,1,0
BRDA:48,18,0,0
BRDA:48,18,1,0
BRDA:52,19,0,0
BRDA:52,19,1,0
BRDA:52,20,0,0
BRDA:52,20,1,0
BRDA:56,21,0,0
BRDA:56,21,1,0
BRDA:56,22,0,0
BRDA:56,22,1,0
BRDA:60,23,0,0
BRDA:60,23,1,0
BRDA:63,24,0,0
BRDA:63,24,1,0
BRDA:64,25,0,0
BRDA:64,25,1,0
BRDA:67,26,0,0
BRDA:67,26,1,0
BRDA:70,27,0,0
BRDA:70,27,1,0
BRDA:71,28,0,0
BRDA:71,28,1,0
BRDA:72,29,0,0
BRDA:72,29,1,0
BRDA:73,30,0,0
BRDA:73,30,1,0
BRDA:74,31,0,0
BRDA:74,31,1,0
BRDA:75,32,0,0
BRDA:75,32,1,0
BRDA:78,33,0,0
BRDA:78,33,1,0
BRF:68
BRH:0
end_of_record
TN:
SF:src/server/services/llama/healthCheck.ts
FN:9,(anonymous_1)
FN:23,(anonymous_2)
FN:27,(anonymous_3)
FN:36,(anonymous_4)
FN:50,(anonymous_5)
FNF:5
FNH:0
FNDA:0,(anonymous_1)
FNDA:0,(anonymous_2)
FNDA:0,(anonymous_3)
FNDA:0,(anonymous_4)
FNDA:0,(anonymous_5)
DA:1,0
DA:3,0
DA:16,0
DA:17,0
DA:18,0
DA:20,0
DA:23,0
DA:28,0
DA:29,0
DA:30,0
DA:32,0
DA:37,0
DA:39,0
DA:40,0
DA:41,0
DA:42,0
DA:43,0
DA:49,0
DA:50,0
DA:51,0
DA:55,0
LF:21
LH:0
BRDA:12,0,0,0
BRDA:13,1,0,0
BRDA:14,2,0,0
BRDA:42,3,0,0
BRDA:42,3,1,0
BRF:5
BRH:0
end_of_record
TN:
SF:src/server/services/llama/logger.ts
FN:6,(anonymous_0)
FN:10,(anonymous_1)
FN:30,(anonymous_2)
FN:34,(anonymous_3)
FN:38,(anonymous_4)
FN:42,(anonymous_5)
FNF:6
FNH:0
FNDA:0,(anonymous_0)
FNDA:0,(anonymous_1)
FNDA:0,(anonymous_2)
FNDA:0,(anonymous_3)
FNDA:0,(anonymous_4)
FNDA:0,(anonymous_5)
DA:3,0
DA:7,0
DA:11,0
DA:12,0
DA:14,0
DA:16,0
DA:17,0
DA:19,0
DA:20,0
DA:22,0
DA:23,0
DA:25,0
DA:26,0
DA:31,0
DA:35,0
DA:39,0
DA:43,0
LF:17
LH:0
BRDA:6,0,0,0
BRDA:14,1,0,0
BRDA:14,1,1,0
BRDA:14,1,2,0
BRDA:14,1,3,0
BRF:5
BRH:0
end_of_record
TN:
SF:src/server/services/llama/modelLoader.ts
FN:10,(anonymous_1)
FN:15,(anonymous_2)
FN:19,(anonymous_3)
FN:29,(anonymous_4)
FN:46,(anonymous_5)
FN:58,(anonymous_6)
FN:61,(anonymous_7)
FN:77,(anonymous_8)
FNF:8
FNH:0
FNDA:0,(anonymous_1)
FNDA:0,(anonymous_2)
FNDA:0,(anonymous_3)
FNDA:0,(anonymous_4)
FNDA:0,(anonymous_5)
FNDA:0,(anonymous_6)
FNDA:0,(anonymous_7)
FNDA:0,(anonymous_8)
DA:1,0
DA:2,0
DA:3,0
DA:6,0
DA:11,0
DA:12,0
DA:15,0
DA:20,0
DA:21,0
DA:23,0
DA:24,0
DA:28,0
DA:29,0
DA:40,0
DA:42,0
DA:47,0
DA:48,0
DA:51,0
DA:52,0
DA:55,0
DA:56,0
DA:57,0
DA:58,0
DA:61,0
DA:62,0
DA:63,0
DA:64,0
DA:73,0
DA:78,0
DA:79,0
DA:82,0
LF:31
LH:0
BRDA:23,0,0,0
BRDA:23,0,1,0
BRDA:23,1,0,0
BRDA:23,1,1,0
BRDA:24,2,0,0
BRDA:24,2,1,0
BRDA:26,3,0,0
BRDA:26,3,1,0
BRDA:28,4,0,0
BRDA:28,4,1,0
BRDA:28,5,0,0
BRDA:28,5,1,0
BRDA:30,6,0,0
BRDA:30,6,1,0
BRDA:31,7,0,0
BRDA:31,7,1,0
BRDA:33,8,0,0
BRDA:33,8,1,0
BRDA:34,9,0,0
BRDA:34,9,1,0
BRDA:47,10,0,0
BRDA:47,10,1,0
BRDA:51,11,0,0
BRDA:51,11,1,0
BRDA:58,12,0,0
BRDA:58,12,1,0
BRDA:62,13,0,0
BRDA:62,13,1,0
BRDA:68,14,0,0
BRDA:68,14,1,0
BRF:30
BRH:0
end_of_record
TN:
SF:src/server/services/llama/processManager.ts
FN:3,(anonymous_0)
FN:6,(anonymous_1)
FN:10,(anonymous_2)
FN:14,(anonymous_3)
FN:22,(anonymous_4)
FN:27,(anonymous_5)
FN:33,(anonymous_6)
FN:39,(anonymous_7)
FN:49,(anonymous_8)
FN:56,(anonymous_9)
FN:64,(anonymous_10)
FN:69,(anonymous_11)
FN:71,(anonymous_12)
FNF:13
FNH:0
FNDA:0,(anonymous_0)
FNDA:0,(anonymous_1)
FNDA:0,(anonymous_2)
FNDA:0,(anonymous_3)
FNDA:0,(anonymous_4)
FNDA:0,(anonymous_5)
FNDA:0,(anonymous_6)
FNDA:0,(anonymous_7)
FNDA:0,(anonymous_8)
FNDA:0,(anonymous_9)
FNDA:0,(anonymous_10)
FNDA:0,(anonymous_11)
FNDA:0,(anonymous_12)
DA:1,0
DA:3,0
DA:4,0
DA:7,0
DA:11,0
DA:15,0
DA:19,0
DA:23,0
DA:24,0
DA:27,0
DA:28,0
DA:29,0
DA:30,0
DA:33,0
DA:34,0
DA:35,0
DA:36,0
DA:39,0
DA:40,0
DA:41,0
DA:42,0
DA:45,0
DA:53,0
DA:55,0
DA:56,0
DA:57,0
DA:58,0
DA:59,0
DA:65,0
DA:66,0
DA:70,0
DA:71,0
DA:72,0
LF:33
LH:0
BRDA:11,0,0,0
BRDA:11,0,1,0
BRDA:22,1,0,0
BRDA:22,2,0,0
BRDA:23,3,0,0
BRDA:23,3,1,0
BRDA:28,4,0,0
BRDA:28,4,1,0
BRDA:51,5,0,0
BRDA:53,6,0,0
BRDA:53,6,1,0
BRDA:55,7,0,0
BRDA:55,7,1,0
BRDA:58,8,0,0
BRDA:58,8,1,0
BRDA:65,9,0,0
BRDA:65,9,1,0
BRDA:70,10,0,0
BRDA:70,10,1,0
BRF:19
BRH:0
end_of_record
TN:
SF:src/server/services/llama/retryHandler.ts
FN:6,(anonymous_0)
FN:16,(anonymous_1)
FN:20,(anonymous_2)
FN:25,(anonymous_3)
FN:27,(anonymous_4)
FNF:5
FNH:0
FNDA:0,(anonymous_0)
FNDA:0,(anonymous_1)
FNDA:0,(anonymous_2)
FNDA:0,(anonymous_3)
FNDA:0,(anonymous_4)
DA:1,0
DA:11,0
DA:12,0
DA:13,0
DA:17,0
DA:21,0
DA:22,0
DA:26,0
DA:27,0
LF:9
LH:0
BRDA:7,0,0,0
BRDA:8,1,0,0
BRDA:9,2,0,0
BRF:3
BRH:0
end_of_record
TN:
SF:src/server/services/llama/stateManager.ts
FN:8,(anonymous_0)
FN:19,(anonymous_1)
FN:23,(anonymous_2)
FN:34,(anonymous_3)
FN:39,(anonymous_4)
FN:44,(anonymous_5)
FN:49,(anonymous_6)
FN:55,(anonymous_7)
FN:65,(anonymous_8)
FN:72,(anonymous_9)
FN:76,(anonymous_10)
FN:77,(anonymous_11)
FNF:12
FNH:0
FNDA:0,(anonymous_0)
FNDA:0,(anonymous_1)
FNDA:0,(anonymous_2)
FNDA:0,(anonymous_3)
FNDA:0,(anonymous_4)
FNDA:0,(anonymous_5)
FNDA:0,(anonymous_6)
FNDA:0,(anonymous_7)
FNDA:0,(anonymous_8)
FNDA:0,(anonymous_9)
FNDA:0,(anonymous_10)
FNDA:0,(anonymous_11)
DA:3,0
DA:5,0
DA:6,0
DA:9,0
DA:20,0
DA:24,0
DA:25,0
DA:26,0
DA:28,0
DA:29,0
DA:31,0
DA:35,0
DA:36,0
DA:40,0
DA:41,0
DA:45,0
DA:46,0
DA:50,0
DA:51,0
DA:54,0
DA:55,0
DA:56,0
DA:57,0
DA:60,0
DA:66,0
DA:67,0
DA:68,0
DA:73,0
DA:77,0
DA:78,0
DA:79,0
DA:81,0
LF:32
LH:0
BRDA:23,0,0,0
BRDA:25,1,0,0
BRDA:25,1,1,0
BRDA:28,2,0,0
BRDA:28,2,1,0
BRDA:50,3,0,0
BRDA:50,3,1,0
BRDA:56,4,0,0
BRDA:56,4,1,0
BRDA:66,5,0,0
BRDA:66,5,1,0
BRF:11
BRH:0
end_of_record
TN:
SF:src/services/api-service.ts
FN:8,(anonymous_0)
FN:13,(anonymous_1)
FN:22,(anonymous_2)
FN:30,(anonymous_3)
FN:39,(anonymous_4)
FN:48,(anonymous_5)
FN:57,(anonymous_6)
FN:66,(anonymous_7)
FN:76,(anonymous_8)
FN:85,(anonymous_9)
FN:96,(anonymous_10)
FN:105,(anonymous_11)
FN:115,(anonymous_12)
FN:119,(anonymous_13)
FN:129,(anonymous_14)
FN:133,(anonymous_15)
FN:137,(anonymous_16)
FN:142,(anonymous_17)
FN:147,(anonymous_18)
FN:151,(anonymous_19)
FN:156,(anonymous_20)
FN:160,(anonymous_21)
FN:165,(anonymous_22)
FN:169,(anonymous_23)
FNF:24
FNH:0
FNDA:0,(anonymous_0)
FNDA:0,(anonymous_1)
FNDA:0,(anonymous_2)
FNDA:0,(anonymous_3)
FNDA:0,(anonymous_4)
FNDA:0,(anonymous_5)
FNDA:0,(anonymous_6)
FNDA:0,(anonymous_7)
FNDA:0,(anonymous_8)
FNDA:0,(anonymous_9)
FNDA:0,(anonymous_10)
FNDA:0,(anonymous_11)
FNDA:0,(anonymous_12)
FNDA:0,(anonymous_13)
FNDA:0,(anonymous_14)
FNDA:0,(anonymous_15)
FNDA:0,(anonymous_16)
FNDA:0,(anonymous_17)
FNDA:0,(anonymous_18)
FNDA:0,(anonymous_19)
FNDA:0,(anonymous_20)
FNDA:0,(anonymous_21)
FNDA:0,(anonymous_22)
FNDA:0,(anonymous_23)
DA:1,0
DA:2,0
DA:9,0
DA:14,0
DA:15,0
DA:16,0
DA:17,0
DA:19,0
DA:23,0
DA:24,0
DA:25,0
DA:27,0
DA:31,0
DA:32,0
DA:33,0
DA:34,0
DA:36,0
DA:40,0
DA:41,0
DA:42,0
DA:43,0
DA:45,0
DA:49,0
DA:50,0
DA:51,0
DA:52,0
DA:54,0
DA:58,0
DA:59,0
DA:60,0
DA:61,0
DA:63,0
DA:67,0
DA:68,0
DA:69,0
DA:70,0
DA:72,0
DA:77,0
DA:78,0
DA:79,0
DA:80,0
DA:82,0
DA:86,0
DA:89,0
DA:90,0
DA:92,0
DA:97,0
DA:98,0
DA:99,0
DA:100,0
DA:102,0
DA:106,0
DA:107,0
DA:108,0
DA:109,0
DA:111,0
DA:116,0
DA:120,0
DA:121,0
DA:122,0
DA:123,0
DA:125,0
DA:130,0
DA:134,0
DA:138,0
DA:143,0
DA:148,0
DA:152,0
DA:157,0
DA:161,0
DA:166,0
DA:170,0
DA:174,0
LF:73
LH:0
BRDA:15,0,0,0
BRDA:15,0,1,0
BRDA:15,1,0,0
BRDA:15,1,1,0
BRDA:19,2,0,0
BRDA:19,2,1,0
BRDA:24,3,0,0
BRDA:24,3,1,0
BRDA:24,4,0,0
BRDA:24,4,1,0
BRDA:27,5,0,0
BRDA:27,5,1,0
BRDA:32,6,0,0
BRDA:32,6,1,0
BRDA:32,7,0,0
BRDA:32,7,1,0
BRDA:36,8,0,0
BRDA:36,8,1,0
BRDA:41,9,0,0
BRDA:41,9,1,0
BRDA:41,10,0,0
BRDA:41,10,1,0
BRDA:45,11,0,0
BRDA:45,11,1,0
BRDA:50,12,0,0
BRDA:50,12,1,0
BRDA:54,13,0,0
BRDA:54,13,1,0
BRDA:59,14,0,0
BRDA:59,14,1,0
BRDA:59,15,0,0
BRDA:59,15,1,0
BRDA:63,16,0,0
BRDA:63,16,1,0
BRDA:68,17,0,0
BRDA:68,17,1,0
BRDA:68,18,0,0
BRDA:68,18,1,0
BRDA:72,19,0,0
BRDA:72,19,1,0
BRDA:78,20,0,0
BRDA:78,20,1,0
BRDA:78,21,0,0
BRDA:78,21,1,0
BRDA:82,22,0,0
BRDA:82,22,1,0
BRDA:89,23,0,0
BRDA:89,23,1,0
BRDA:89,24,0,0
BRDA:89,24,1,0
BRDA:92,25,0,0
BRDA:92,25,1,0
BRDA:98,26,0,0
BRDA:98,26,1,0
BRDA:98,27,0,0
BRDA:98,27,1,0
BRDA:102,28,0,0
BRDA:102,28,1,0
BRDA:107,29,0,0
BRDA:107,29,1,0
BRDA:111,30,0,0
BRDA:111,30,1,0
BRDA:121,31,0,0
BRDA:121,31,1,0
BRDA:121,32,0,0
BRDA:121,32,1,0
BRDA:125,33,0,0
BRDA:125,33,1,0
BRF:68
BRH:0
end_of_record
TN:
SF:src/styles/theme.ts
FNF:0
FNH:0
DA:2,0
DA:3,0
DA:6,0
DA:108,0
DA:237,0
DA:293,0
DA:348,0
DA:351,0
LF:8
LH:0
BRF:0
BRH:0
end_of_record
TN:
SF:src/utils/api-client.ts
FN:8,(anonymous_1)
FN:19,(anonymous_2)
FN:27,(anonymous_3)
FN:32,(anonymous_4)
FN:41,(anonymous_5)
FN:48,(anonymous_6)
FN:51,(anonymous_7)
FN:75,(anonymous_8)
FN:109,(anonymous_9)
FN:122,(anonymous_10)
FN:139,(anonymous_11)
FN:156,(anonymous_12)
FN:169,(anonymous_13)
FNF:13
FNH:0
FNDA:0,(anonymous_1)
FNDA:0,(anonymous_2)
FNDA:0,(anonymous_3)
FNDA:0,(anonymous_4)
FNDA:0,(anonymous_5)
FNDA:0,(anonymous_6)
FNDA:0,(anonymous_7)
FNDA:0,(anonymous_8)
FNDA:0,(anonymous_9)
FNDA:0,(anonymous_10)
FNDA:0,(anonymous_11)
FNDA:0,(anonymous_12)
FNDA:0,(anonymous_13)
DA:1,0
DA:2,0
DA:5,0
DA:9,0
DA:20,0
DA:21,0
DA:22,0
DA:24,0
DA:28,0
DA:31,0
DA:39,0
DA:42,0
DA:47,0
DA:49,0
DA:52,0
DA:54,0
DA:57,0
DA:60,0
DA:63,0
DA:66,0
DA:70,0
DA:76,0
DA:77,0
DA:86,0
DA:87,0
DA:97,0
DA:110,0
DA:111,0
DA:112,0
DA:118,0
DA:127,0
DA:128,0
DA:129,0
DA:135,0
DA:144,0
DA:145,0
DA:146,0
DA:152,0
DA:157,0
DA:158,0
DA:159,0
DA:165,0
DA:174,0
DA:175,0
DA:176,0
DA:182,0
DA:187,0
DA:188,0
LF:48
LH:0
BRDA:20,0,0,0
BRDA:20,0,1,0
BRDA:28,1,0,0
BRDA:28,1,1,0
BRDA:52,2,0,0
BRDA:52,2,1,0
BRDA:54,3,0,0
BRDA:54,3,1,0
BRDA:54,3,2,0
BRDA:54,3,3,0
BRDA:76,4,0,0
BRDA:76,4,1,0
BRDA:86,5,0,0
BRDA:86,5,1,0
BRF:14
BRH:0
end_of_record
