TN:
SF:app/layout.tsx
FN:66,RootLayout
FNF:1
FNH:0
FNDA:0,RootLayout
DA:2,0
DA:3,0
DA:4,0
DA:5,0
DA:6,0
DA:7,0
DA:9,0
DA:16,0
DA:17,0
DA:18,0
DA:19,0
DA:20,0
DA:21,0
DA:22,0
DA:23,0
DA:25,0
DA:29,0
DA:59,0
DA:66,0
DA:71,0
LF:20
LH:0
BRDA:17,0,0,0
BRDA:17,0,1,0
BRDA:17,1,0,0
BRDA:17,1,1,0
BRF:4
BRH:0
end_of_record
TN:
SF:app/not-found.tsx
FN:1,NotFound
FNF:1
FNH:0
FNDA:0,NotFound
DA:1,0
DA:2,0
LF:2
LH:0
BRF:0
BRH:0
end_of_record
TN:
SF:app/page.tsx
FN:11,HomePage
FN:102,(anonymous_2)
FN:146,(anonymous_3)
FNF:3
FNH:0
FNDA:0,HomePage
FNDA:0,(anonymous_2)
FNDA:0,(anonymous_3)
DA:3,0
DA:4,0
DA:7,0
DA:8,0
DA:9,0
DA:11,0
DA:12,0
DA:14,0
DA:41,0
DA:48,0
DA:103,0
DA:147,0
LF:12
LH:0
BRDA:61,0,0,0
BRDA:61,0,1,0
BRDA:62,1,0,0
BRDA:62,1,1,0
BRDA:86,2,0,0
BRDA:86,2,1,0
BRDA:89,3,0,0
BRDA:89,3,1,0
BRDA:110,4,0,0
BRDA:110,4,1,0
BRDA:112,5,0,0
BRDA:112,5,1,0
BRDA:115,6,0,0
BRDA:115,6,1,0
BRDA:120,7,0,0
BRDA:120,7,1,0
BRDA:140,8,0,0
BRDA:140,8,1,0
BRDA:161,9,0,0
BRDA:161,9,1,0
BRDA:168,10,0,0
BRDA:168,10,1,0
BRDA:169,11,0,0
BRDA:169,11,1,0
BRDA:174,12,0,0
BRDA:174,12,1,0
BRDA:175,13,0,0
BRDA:175,13,1,0
BRDA:180,14,0,0
BRDA:180,14,1,0
BRDA:181,15,0,0
BRDA:181,15,1,0
BRDA:186,16,0,0
BRDA:186,16,1,0
BRDA:187,17,0,0
BRDA:187,17,1,0
BRDA:200,18,0,0
BRDA:200,18,1,0
BRF:38
BRH:0
end_of_record
TN:
SF:app/api/config/route.ts
FN:9,POST
FN:58,GET
FNF:2
FNH:2
FNDA:24,POST
FNDA:10,GET
DA:1,2
DA:2,2
DA:3,2
DA:4,2
DA:5,2
DA:7,2
DA:9,2
DA:10,24
DA:11,24
DA:14,20
DA:15,20
DA:16,15
DA:25,5
DA:27,5
DA:28,4
DA:31,4
DA:32,3
DA:35,4
DA:39,4
DA:40,4
DA:43,4
DA:44,4
DA:47,4
DA:49,5
DA:50,5
DA:51,5
DA:58,2
DA:59,10
DA:60,10
DA:65,2
DA:66,2
LF:31
LH:31
BRDA:15,0,0,15
BRDA:15,0,1,5
BRDA:25,1,0,5
BRDA:25,1,1,0
BRDA:27,2,0,4
BRDA:27,2,1,1
BRDA:27,3,0,5
BRDA:27,3,1,5
BRDA:31,4,0,3
BRDA:31,4,1,1
BRDA:31,5,0,4
BRDA:31,5,1,4
BRDA:39,6,0,4
BRDA:39,6,1,0
BRDA:43,7,0,4
BRDA:43,7,1,0
BRDA:49,8,0,5
BRDA:49,8,1,0
BRF:18
BRH:14
end_of_record
TN:
SF:app/api/llama-server/rescan/route.ts
FN:8,POST
FN:13,(anonymous_1)
FNF:2
FNH:2
FNDA:25,POST
FNDA:1,(anonymous_1)
DA:1,1
DA:2,1
DA:3,1
DA:4,1
DA:6,1
DA:8,1
DA:9,25
DA:10,25
DA:13,25
DA:16,25
DA:17,25
DA:18,1
DA:27,24
DA:29,24
DA:42,24
DA:43,24
DA:48,24
DA:49,1
DA:56,23
DA:57,21
DA:59,20
DA:61,20
DA:66,3
DA:67,3
LF:24
LH:24
BRDA:17,0,0,1
BRDA:17,0,1,24
BRDA:27,1,0,24
BRDA:27,1,1,0
BRDA:30,2,0,24
BRDA:30,2,1,19
BRDA:30,2,2,19
BRDA:31,3,0,9
BRDA:31,3,1,15
BRDA:32,4,0,15
BRDA:32,4,1,14
BRDA:33,5,0,24
BRDA:33,5,1,20
BRDA:33,5,2,20
BRDA:34,6,0,24
BRDA:34,6,1,20
BRDA:34,6,2,20
BRDA:35,7,0,24
BRDA:35,7,1,18
BRDA:36,8,0,24
BRDA:36,8,1,20
BRDA:37,9,0,24
BRDA:37,9,1,21
BRDA:38,10,0,24
BRDA:38,10,1,21
BRDA:48,11,0,1
BRDA:48,11,1,23
BRF:27
BRH:26
end_of_record
TN:
SF:app/api/logger/config/route.ts
FN:8,POST
FNF:1
FNH:1
FNDA:27,POST
DA:1,1
DA:2,1
DA:3,1
DA:4,1
DA:6,1
DA:8,1
DA:9,27
DA:10,27
DA:13,26
DA:14,26
DA:15,24
DA:24,2
DA:25,2
DA:26,2
DA:32,1
DA:33,1
DA:34,1
LF:17
LH:17
BRDA:14,0,0,24
BRDA:14,0,1,2
BRDA:24,1,0,2
BRDA:24,1,1,0
BRDA:32,2,0,1
BRDA:32,2,1,0
BRF:6
BRH:4
end_of_record
TN:
SF:app/api/metrics/route.ts
FN:11,generateMockMetrics
FN:62,GET
FNF:2
FNH:2
FNDA:6,generateMockMetrics
FNDA:14,GET
DA:1,2
DA:2,2
DA:3,2
DA:5,2
DA:12,6
DA:15,6
DA:16,6
DA:17,6
DA:18,6
DA:19,6
DA:20,6
DA:21,6
DA:24,6
DA:25,6
DA:26,6
DA:27,6
DA:28,6
DA:31,6
DA:32,6
DA:33,6
DA:34,6
DA:36,6
DA:55,6
DA:62,2
DA:63,14
DA:64,14
DA:67,6
DA:70,6
DA:75,5
DA:76,1
DA:77,1
DA:87,4
DA:88,4
DA:90,9
DA:91,9
DA:92,1
LF:36
LH:36
BRDA:25,0,0,3
BRDA:25,0,1,3
BRDA:26,1,0,3
BRDA:26,1,1,3
BRDA:27,2,0,3
BRDA:27,2,1,3
BRDA:28,3,0,3
BRDA:28,3,1,3
BRDA:31,4,0,3
BRDA:31,4,1,3
BRDA:32,5,0,3
BRDA:32,5,1,3
BRDA:33,6,0,3
BRDA:33,6,1,3
BRDA:34,7,0,3
BRDA:34,7,1,3
BRDA:45,8,0,6
BRDA:45,8,1,3
BRDA:46,9,0,6
BRDA:46,9,1,3
BRDA:47,10,0,6
BRDA:47,10,1,3
BRDA:48,11,0,6
BRDA:48,11,1,3
BRDA:49,12,0,6
BRDA:49,12,1,3
BRDA:50,13,0,6
BRDA:50,13,1,3
BRDA:51,14,0,6
BRDA:51,14,1,3
BRDA:52,15,0,6
BRDA:52,15,1,3
BRDA:75,16,0,1
BRDA:75,16,1,4
BRDA:90,17,0,9
BRDA:90,17,1,0
BRF:36
BRH:35
end_of_record
TN:
SF:app/api/model-templates/route.ts
FN:21,GET
FN:96,POST
FNF:2
FNH:2
FNDA:17,GET
FNDA:27,POST
DA:1,2
DA:2,2
DA:3,2
DA:4,2
DA:5,2
DA:6,2
DA:7,2
DA:9,2
DA:12,2
DA:21,2
DA:22,17
DA:24,17
DA:26,17
DA:28,0
DA:29,0
DA:30,0
DA:33,0
DA:39,0
DA:40,0
DA:46,0
DA:57,0
DA:62,0
DA:70,17
DA:73,17
DA:82,0
DA:83,0
DA:84,0
DA:96,2
DA:97,27
DA:98,27
DA:100,26
DA:103,26
DA:108,26
DA:109,3
DA:113,3
DA:125,23
DA:128,23
DA:131,7
DA:133,7
DA:138,7
DA:146,17
DA:147,17
DA:148,17
LF:43
LH:31
BRDA:26,0,0,0
BRDA:26,0,1,17
BRDA:39,1,0,0
BRDA:39,1,1,0
BRDA:58,2,0,0
BRDA:58,2,1,0
BRDA:59,3,0,0
BRDA:59,3,1,0
BRDA:76,4,0,17
BRDA:76,4,1,0
BRDA:77,5,0,17
BRDA:77,5,1,17
BRDA:82,6,0,0
BRDA:82,6,1,0
BRDA:108,7,0,3
BRDA:108,7,1,23
BRDA:128,8,0,23
BRDA:128,8,1,0
BRDA:135,9,0,7
BRDA:135,9,1,0
BRDA:141,10,0,7
BRDA:141,10,1,0
BRDA:146,11,0,17
BRDA:146,11,1,0
BRF:24
BRH:10
end_of_record
TN:
SF:app/api/models/route.ts
FN:10,GET
FN:35,(anonymous_1)
FNF:2
FNH:2
FNDA:26,GET
FNDA:1020,(anonymous_1)
DA:1,2
DA:3,2
DA:5,2
DA:7,2
DA:10,2
DA:11,26
DA:13,26
DA:14,26
DA:18,26
DA:20,26
DA:21,4
DA:27,22
DA:35,1020
DA:49,18
DA:51,8
DA:52,3
LF:16
LH:16
BRDA:20,0,0,4
BRDA:20,0,1,22
BRDA:36,1,0,1020
BRDA:36,1,1,4
BRDA:38,2,0,1019
BRDA:38,2,1,3
BRDA:42,3,0,1015
BRDA:42,3,1,4
BRDA:45,4,0,1014
BRDA:45,4,1,4
BRF:10
BRH:10
end_of_record
TN:
SF:app/api/models/[name]/analyze/route.ts
FN:9,GET
FN:30,(anonymous_1)
FN:77,POST
FN:98,(anonymous_3)
FNF:4
FNH:4
FNDA:3,GET
FNDA:1,(anonymous_1)
FNDA:4,POST
FNDA:2,(anonymous_3)
DA:1,1
DA:2,1
DA:3,1
DA:9,1
DA:13,3
DA:14,3
DA:16,3
DA:17,1
DA:28,2
DA:29,2
DA:30,2
DA:32,2
DA:33,1
DA:43,1
DA:46,1
DA:48,1
DA:60,0
DA:61,0
DA:62,0
DA:77,1
DA:81,4
DA:82,4
DA:84,4
DA:85,1
DA:96,3
DA:97,3
DA:98,3
DA:100,3
DA:101,1
DA:111,2
DA:113,2
DA:114,1
DA:125,1
DA:126,1
DA:129,1
DA:150,1
DA:152,1
DA:181,0
DA:182,0
DA:183,0
LF:40
LH:34
BRDA:16,0,0,1
BRDA:16,0,1,2
BRDA:32,1,0,1
BRDA:32,1,1,1
BRDA:32,2,0,2
BRDA:32,2,1,1
BRDA:53,3,0,1
BRDA:53,3,1,0
BRDA:60,4,0,0
BRDA:60,4,1,0
BRDA:84,5,0,1
BRDA:84,5,1,3
BRDA:100,6,0,1
BRDA:100,6,1,2
BRDA:100,7,0,3
BRDA:100,7,1,2
BRDA:113,8,0,1
BRDA:113,8,1,1
BRDA:130,9,0,1
BRDA:130,9,1,0
BRDA:131,10,0,1
BRDA:131,10,1,0
BRDA:132,11,0,1
BRDA:132,11,1,1
BRDA:133,12,0,1
BRDA:133,12,1,0
BRDA:134,13,0,1
BRDA:134,13,1,0
BRDA:135,14,0,1
BRDA:135,14,1,0
BRDA:136,15,0,1
BRDA:136,15,1,0
BRDA:137,16,0,1
BRDA:137,16,1,0
BRDA:139,17,0,1
BRDA:139,17,1,0
BRDA:140,18,0,1
BRDA:140,18,1,1
BRDA:141,19,0,1
BRDA:141,19,1,0
BRDA:142,20,0,1
BRDA:142,20,1,0
BRDA:143,21,0,1
BRDA:143,21,1,0
BRDA:169,22,0,1
BRDA:169,22,1,0
BRDA:181,23,0,0
BRDA:181,23,1,0
BRF:48
BRH:31
end_of_record
TN:
SF:app/api/models/[name]/start/route.ts
FN:9,POST
FN:23,(anonymous_1)
FN:88,(anonymous_2)
FN:95,(anonymous_3)
FN:119,(anonymous_4)
FN:159,(anonymous_5)
FN:182,(anonymous_6)
FNF:7
FNH:0
FNDA:0,POST
FNDA:0,(anonymous_1)
FNDA:0,(anonymous_2)
FNDA:0,(anonymous_3)
FNDA:0,(anonymous_4)
FNDA:0,(anonymous_5)
FNDA:0,(anonymous_6)
DA:1,1
DA:2,1
DA:3,1
DA:4,1
DA:5,1
DA:7,1
DA:9,1
DA:13,0
DA:14,0
DA:16,0
DA:17,0
DA:23,0
DA:26,0
DA:29,0
DA:30,0
DA:31,0
DA:40,0
DA:42,0
DA:44,0
DA:45,0
DA:55,0
DA:57,0
DA:58,0
DA:59,0
DA:69,0
DA:70,0
DA:71,0
DA:73,0
DA:74,0
DA:76,0
DA:77,0
DA:87,0
DA:88,0
DA:89,0
DA:92,0
DA:94,0
DA:95,0
DA:96,0
DA:97,0
DA:110,0
DA:111,0
DA:113,0
DA:117,0
DA:118,0
DA:120,0
DA:123,0
DA:125,0
DA:126,0
DA:127,0
DA:138,0
DA:140,0
DA:146,0
DA:147,0
DA:150,0
DA:160,0
DA:163,0
DA:166,0
DA:167,0
DA:182,0
DA:184,0
DA:185,0
DA:189,0
DA:200,0
DA:201,0
DA:211,0
DA:212,0
DA:213,0
LF:67
LH:7
BRDA:16,0,0,0
BRDA:16,0,1,0
BRDA:30,1,0,0
BRDA:30,1,1,0
BRDA:57,2,0,0
BRDA:57,2,1,0
BRDA:70,3,0,0
BRDA:70,3,1,0
BRDA:76,4,0,0
BRDA:76,4,1,0
BRDA:87,5,0,0
BRDA:87,5,1,0
BRDA:89,6,0,0
BRDA:89,6,1,0
BRDA:94,7,0,0
BRDA:94,7,1,0
BRDA:104,8,0,0
BRDA:104,8,1,0
BRDA:110,9,0,0
BRDA:110,9,1,0
BRDA:111,10,0,0
BRDA:111,10,1,0
BRDA:117,11,0,0
BRDA:117,11,1,0
BRDA:120,12,0,0
BRDA:120,12,1,0
BRDA:123,13,0,0
BRDA:123,13,1,0
BRDA:125,14,0,0
BRDA:125,14,1,0
BRDA:138,15,0,0
BRDA:138,15,1,0
BRDA:146,16,0,0
BRDA:146,16,1,0
BRDA:166,17,0,0
BRDA:166,17,1,0
BRDA:184,18,0,0
BRDA:184,18,1,0
BRDA:191,19,0,0
BRDA:191,19,1,0
BRDA:211,20,0,0
BRDA:211,20,1,0
BRF:42
BRH:0
end_of_record
TN:
SF:app/api/models/[name]/stop/route.ts
FN:8,POST
FN:22,(anonymous_1)
FNF:2
FNH:1
FNDA:21,POST
FNDA:0,(anonymous_1)
DA:1,1
DA:2,1
DA:3,1
DA:4,1
DA:6,1
DA:8,1
DA:12,21
DA:13,21
DA:15,19
DA:16,2
DA:22,17
DA:25,0
DA:26,0
DA:27,0
DA:36,0
DA:38,0
DA:43,0
DA:44,0
DA:46,0
DA:56,19
DA:57,19
LF:21
LH:13
BRDA:15,0,0,2
BRDA:15,0,1,17
BRDA:26,1,0,0
BRDA:26,1,1,0
BRDA:36,2,0,0
BRDA:36,2,1,0
BRF:6
BRH:2
end_of_record
TN:
SF:app/api/monitoring/latest/route.ts
FN:28,GET
FN:54,(anonymous_1)
FNF:2
FNH:2
FNDA:7,GET
FNDA:2,(anonymous_1)
DA:1,1
DA:2,1
DA:6,1
DA:28,1
DA:29,7
DA:30,7
DA:33,7
DA:34,7
DA:38,7
DA:41,7
DA:42,6
DA:43,6
DA:44,6
DA:45,6
DA:46,6
DA:49,6
DA:51,6
DA:52,2
DA:53,2
DA:54,2
DA:60,1
DA:65,6
DA:85,6
DA:86,6
DA:95,1
DA:96,1
DA:99,1
LF:27
LH:27
BRDA:51,0,0,2
BRDA:51,0,1,4
BRDA:55,1,0,2
BRDA:55,1,1,0
BRDA:56,2,0,2
BRDA:56,2,1,0
BRDA:95,3,0,1
BRDA:95,3,1,0
BRF:8
BRH:5
end_of_record
TN:
SF:app/dashboard/page.tsx
FN:8,DashboardPage
FNF:1
FNH:0
FNDA:0,DashboardPage
DA:3,0
DA:4,0
DA:5,0
DA:6,0
DA:8,0
DA:9,0
LF:6
LH:0
BRF:0
BRH:0
end_of_record
TN:
SF:app/logs/page.tsx
FN:14,LogsPage
FN:15,(anonymous_1)
FN:20,(anonymous_2)
FN:29,(anonymous_3)
FN:30,(anonymous_4)
FN:40,(anonymous_5)
FN:47,(anonymous_6)
FN:57,(anonymous_7)
FN:62,(anonymous_8)
FN:67,(anonymous_9)
FN:71,(anonymous_10)
FN:74,(anonymous_11)
FN:84,(anonymous_12)
FN:120,(anonymous_13)
FN:133,(anonymous_14)
FN:146,(anonymous_15)
FN:151,(anonymous_16)
FN:158,(anonymous_17)
FN:172,(anonymous_18)
FN:175,(anonymous_19)
FN:196,(anonymous_20)
FN:288,(anonymous_21)
FN:333,(anonymous_22)
FN:361,(anonymous_23)
FNF:24
FNH:0
FNDA:0,LogsPage
FNDA:0,(anonymous_1)
FNDA:0,(anonymous_2)
FNDA:0,(anonymous_3)
FNDA:0,(anonymous_4)
FNDA:0,(anonymous_5)
FNDA:0,(anonymous_6)
FNDA:0,(anonymous_7)
FNDA:0,(anonymous_8)
FNDA:0,(anonymous_9)
FNDA:0,(anonymous_10)
FNDA:0,(anonymous_11)
FNDA:0,(anonymous_12)
FNDA:0,(anonymous_13)
FNDA:0,(anonymous_14)
FNDA:0,(anonymous_15)
FNDA:0,(anonymous_16)
FNDA:0,(anonymous_17)
FNDA:0,(anonymous_18)
FNDA:0,(anonymous_19)
FNDA:0,(anonymous_20)
FNDA:0,(anonymous_21)
FNDA:0,(anonymous_22)
FNDA:0,(anonymous_23)
DA:3,0
DA:4,0
DA:5,0
DA:6,0
DA:7,0
DA:8,0
DA:9,0
DA:10,0
DA:11,0
DA:12,0
DA:14,0
DA:15,0
DA:16,0
DA:17,0
DA:18,0
DA:20,0
DA:21,0
DA:22,0
DA:23,0
DA:24,0
DA:25,0
DA:26,0
DA:29,0
DA:30,0
DA:31,0
DA:33,0
DA:34,0
DA:35,0
DA:36,0
DA:39,0
DA:40,0
DA:41,0
DA:42,0
DA:43,0
DA:44,0
DA:47,0
DA:49,0
DA:52,0
DA:53,0
DA:57,0
DA:58,0
DA:62,0
DA:63,0
DA:64,0
DA:67,0
DA:68,0
DA:71,0
DA:74,0
DA:75,0
DA:76,0
DA:77,0
DA:78,0
DA:79,0
DA:80,0
DA:84,0
DA:85,0
DA:89,0
DA:90,0
DA:91,0
DA:92,0
DA:93,0
DA:94,0
DA:95,0
DA:96,0
DA:97,0
DA:98,0
DA:100,0
DA:103,0
DA:106,0
DA:112,0
DA:113,0
DA:115,0
DA:118,0
DA:120,0
DA:121,0
DA:122,0
DA:125,0
DA:133,0
DA:134,0
DA:135,0
DA:137,0
DA:138,0
DA:140,0
DA:141,0
DA:143,0
DA:146,0
DA:147,0
DA:148,0
DA:149,0
DA:150,0
DA:151,0
DA:154,0
DA:158,0
DA:160,0
DA:161,0
DA:162,0
DA:163,0
DA:164,0
DA:165,0
DA:166,0
DA:167,0
DA:168,0
DA:169,0
DA:170,0
DA:171,0
DA:172,0
DA:175,0
DA:176,0
DA:179,0
DA:196,0
DA:289,0
DA:291,0
DA:292,0
DA:334,0
DA:335,0
DA:336,0
DA:337,0
DA:338,0
DA:339,0
DA:340,0
DA:342,0
DA:361,0
LF:122
LH:0
BRDA:31,0,0,0
BRDA:31,0,1,0
BRDA:39,1,0,0
BRDA:39,1,1,0
BRDA:41,2,0,0
BRDA:41,2,1,0
BRDA:63,3,0,0
BRDA:63,3,1,0
BRDA:75,4,0,0
BRDA:75,4,1,0
BRDA:75,4,2,0
BRDA:75,4,3,0
BRDA:75,4,4,0
BRDA:85,5,0,0
BRDA:85,5,1,0
BRDA:89,6,0,0
BRDA:89,6,1,0
BRDA:91,7,0,0
BRDA:91,7,1,0
BRDA:91,8,0,0
BRDA:91,8,1,0
BRDA:93,9,0,0
BRDA:93,9,1,0
BRDA:93,10,0,0
BRDA:93,10,1,0
BRDA:95,11,0,0
BRDA:95,11,1,0
BRDA:95,12,0,0
BRDA:95,12,1,0
BRDA:97,13,0,0
BRDA:97,13,1,0
BRDA:97,14,0,0
BRDA:97,14,1,0
BRDA:103,15,0,0
BRDA:103,15,1,0
BRDA:106,16,0,0
BRDA:106,16,1,0
BRDA:106,16,2,0
BRDA:112,17,0,0
BRDA:112,17,1,0
BRDA:115,18,0,0
BRDA:115,18,1,0
BRDA:134,19,0,0
BRDA:134,19,1,0
BRDA:137,20,0,0
BRDA:137,20,1,0
BRDA:137,21,0,0
BRDA:137,21,1,0
BRDA:140,22,0,0
BRDA:140,22,1,0
BRDA:141,23,0,0
BRDA:141,23,1,0
BRDA:147,24,0,0
BRDA:147,24,1,0
BRDA:205,25,0,0
BRDA:205,25,1,0
BRDA:232,26,0,0
BRDA:232,26,1,0
BRDA:249,27,0,0
BRDA:249,27,1,0
BRDA:254,28,0,0
BRDA:254,28,1,0
BRDA:254,29,0,0
BRDA:254,29,1,0
BRDA:254,29,2,0
BRDA:258,30,0,0
BRDA:258,30,1,0
BRDA:260,31,0,0
BRDA:260,31,1,0
BRDA:266,32,0,0
BRDA:266,32,1,0
BRDA:271,33,0,0
BRDA:271,33,1,0
BRDA:281,34,0,0
BRDA:281,34,1,0
BRDA:283,35,0,0
BRDA:283,35,1,0
BRDA:291,36,0,0
BRDA:291,36,1,0
BRDA:297,37,0,0
BRDA:297,37,1,0
BRDA:298,38,0,0
BRDA:298,38,1,0
BRDA:304,39,0,0
BRDA:304,39,1,0
BRDA:330,40,0,0
BRDA:330,40,1,0
BRDA:332,41,0,0
BRDA:332,41,1,0
BRDA:332,42,0,0
BRDA:332,42,1,0
BRDA:335,43,0,0
BRDA:335,43,1,0
BRDA:335,44,0,0
BRDA:335,44,1,0
BRDA:337,45,0,0
BRDA:337,45,1,0
BRDA:337,46,0,0
BRDA:337,46,1,0
BRDA:339,47,0,0
BRDA:339,47,1,0
BRDA:339,48,0,0
BRDA:339,48,1,0
BRDA:342,49,0,0
BRDA:342,49,1,0
BRDA:345,50,0,0
BRDA:345,50,1,0
BRF:107
BRH:0
end_of_record
TN:
SF:app/models/page.tsx
FN:211,storeToDatabaseModel
FN:234,storeToModelData
FN:257,formatFileSize
FN:269,ModelsPage
FN:270,(anonymous_5)
FN:279,(anonymous_6)
FN:280,(anonymous_7)
FN:301,(anonymous_8)
FN:306,(anonymous_9)
FN:310,(anonymous_10)
FN:312,(anonymous_11)
FN:327,(anonymous_12)
FN:339,(anonymous_13)
FN:356,(anonymous_14)
FN:365,(anonymous_15)
FN:375,(anonymous_16)
FN:386,(anonymous_17)
FN:410,(anonymous_18)
FN:415,(anonymous_19)
FN:453,(anonymous_20)
FN:455,(anonymous_21)
FN:508,(anonymous_22)
FN:510,(anonymous_23)
FN:562,(anonymous_24)
FN:566,(anonymous_25)
FN:570,(anonymous_26)
FN:572,(anonymous_27)
FN:619,(anonymous_28)
FN:620,(anonymous_29)
FN:642,(anonymous_30)
FN:647,(anonymous_31)
FN:652,(anonymous_32)
FN:659,(anonymous_33)
FN:765,(anonymous_34)
FN:787,(anonymous_35)
FN:817,(anonymous_36)
FN:838,(anonymous_37)
FN:905,(anonymous_38)
FN:926,(anonymous_39)
FN:947,(anonymous_40)
FN:968,(anonymous_41)
FN:989,(anonymous_42)
FN:1010,(anonymous_43)
FN:1031,(anonymous_44)
FN:1042,(anonymous_45)
FN:1075,(anonymous_46)
FN:1076,(anonymous_47)
FN:1096,(anonymous_48)
FN:1100,(anonymous_49)
FN:1128,(anonymous_50)
FNF:50
FNH:8
FNDA:0,storeToDatabaseModel
FNDA:240,storeToModelData
FNDA:0,formatFileSize
FNDA:21,ModelsPage
FNDA:40,(anonymous_5)
FNDA:40,(anonymous_6)
FNDA:40,(anonymous_7)
FNDA:0,(anonymous_8)
FNDA:0,(anonymous_9)
FNDA:0,(anonymous_10)
FNDA:0,(anonymous_11)
FNDA:0,(anonymous_12)
FNDA:0,(anonymous_13)
FNDA:0,(anonymous_14)
FNDA:120,(anonymous_15)
FNDA:40,(anonymous_16)
FNDA:0,(anonymous_17)
FNDA:0,(anonymous_18)
FNDA:0,(anonymous_19)
FNDA:0,(anonymous_20)
FNDA:0,(anonymous_21)
FNDA:0,(anonymous_22)
FNDA:0,(anonymous_23)
FNDA:0,(anonymous_24)
FNDA:0,(anonymous_25)
FNDA:0,(anonymous_26)
FNDA:0,(anonymous_27)
FNDA:0,(anonymous_28)
FNDA:0,(anonymous_29)
FNDA:0,(anonymous_30)
FNDA:0,(anonymous_31)
FNDA:0,(anonymous_32)
FNDA:0,(anonymous_33)
FNDA:0,(anonymous_34)
FNDA:20,(anonymous_35)
FNDA:0,(anonymous_36)
FNDA:0,(anonymous_37)
FNDA:0,(anonymous_38)
FNDA:0,(anonymous_39)
FNDA:0,(anonymous_40)
FNDA:0,(anonymous_41)
FNDA:0,(anonymous_42)
FNDA:0,(anonymous_43)
FNDA:0,(anonymous_44)
FNDA:0,(anonymous_45)
FNDA:0,(anonymous_46)
FNDA:0,(anonymous_47)
FNDA:0,(anonymous_48)
FNDA:0,(anonymous_49)
FNDA:0,(anonymous_50)
DA:3,1
DA:4,1
DA:5,1
DA:6,1
DA:7,1
DA:8,1
DA:9,1
DA:10,1
DA:11,1
DA:12,1
DA:13,1
DA:15,1
DA:16,1
DA:213,0
DA:219,0
DA:235,240
DA:241,240
DA:258,0
DA:259,0
DA:260,0
DA:261,0
DA:262,0
DA:263,0
DA:264,0
DA:266,0
DA:269,1
DA:270,40
DA:271,20
DA:272,20
DA:273,20
DA:274,20
DA:275,20
DA:276,20
DA:277,20
DA:278,20
DA:279,40
DA:280,40
DA:283,20
DA:284,20
DA:285,20
DA:286,20
DA:289,20
DA:290,20
DA:291,20
DA:294,20
DA:295,20
DA:296,20
DA:299,20
DA:301,20
DA:303,0
DA:304,0
DA:306,0
DA:310,20
DA:312,0
DA:313,0
DA:314,0
DA:315,0
DA:318,0
DA:319,0
DA:320,0
DA:323,0
DA:327,0
DA:328,0
DA:329,0
DA:331,0
DA:332,0
DA:334,0
DA:335,0
DA:339,0
DA:340,0
DA:341,0
DA:343,0
DA:344,0
DA:346,0
DA:347,0
DA:352,0
DA:353,0
DA:354,0
DA:356,0
DA:358,0
DA:359,0
DA:360,0
DA:365,20
DA:366,120
DA:367,120
DA:369,0
DA:370,0
DA:372,0
DA:375,20
DA:376,40
DA:377,40
DA:378,0
DA:379,0
DA:380,0
DA:381,40
DA:386,20
DA:387,0
DA:390,0
DA:391,0
DA:392,0
DA:395,0
DA:397,0
DA:398,0
DA:401,0
DA:402,0
DA:406,0
DA:410,20
DA:411,0
DA:415,20
DA:416,0
DA:418,0
DA:420,0
DA:422,0
DA:423,0
DA:425,0
DA:426,0
DA:428,0
DA:429,0
DA:431,0
DA:432,0
DA:434,0
DA:435,0
DA:437,0
DA:438,0
DA:441,0
DA:443,0
DA:444,0
DA:447,0
DA:448,0
DA:453,20
DA:455,0
DA:456,0
DA:457,0
DA:458,0
DA:461,0
DA:462,0
DA:464,0
DA:465,0
DA:468,0
DA:469,0
DA:470,0
DA:474,0
DA:480,0
DA:482,0
DA:483,0
DA:487,0
DA:490,0
DA:491,0
DA:494,0
DA:495,0
DA:496,0
DA:499,0
DA:500,0
DA:501,0
DA:504,0
DA:508,20
DA:510,0
DA:511,0
DA:512,0
DA:513,0
DA:516,0
DA:517,0
DA:519,0
DA:520,0
DA:523,0
DA:524,0
DA:525,0
DA:529,0
DA:534,0
DA:536,0
DA:537,0
DA:541,0
DA:544,0
DA:545,0
DA:548,0
DA:549,0
DA:550,0
DA:553,0
DA:554,0
DA:555,0
DA:558,0
DA:562,20
DA:563,0
DA:565,0
DA:566,0
DA:570,20
DA:571,0
DA:572,0
DA:574,0
DA:576,0
DA:577,0
DA:580,0
DA:581,0
DA:582,0
DA:586,0
DA:588,0
DA:590,0
DA:601,0
DA:611,0
DA:614,0
DA:619,20
DA:620,0
DA:621,0
DA:622,0
DA:623,0
DA:627,0
DA:630,0
DA:631,0
DA:632,0
DA:633,0
DA:637,0
DA:638,0
DA:642,20
DA:643,0
DA:644,0
DA:647,20
DA:648,0
DA:649,0
DA:652,20
DA:653,0
DA:654,0
DA:659,20
DA:660,0
DA:661,0
DA:662,0
DA:664,0
DA:666,0
DA:669,0
DA:670,0
DA:671,0
DA:672,0
DA:673,0
DA:677,0
DA:678,0
DA:679,0
DA:680,0
DA:681,0
DA:682,0
DA:683,0
DA:684,0
DA:685,0
DA:688,0
DA:689,0
DA:690,0
DA:691,0
DA:692,0
DA:695,0
DA:699,20
DA:700,0
DA:728,20
DA:765,0
DA:788,20
DA:817,0
DA:838,0
DA:905,0
DA:926,0
DA:947,0
DA:968,0
DA:989,0
DA:1010,0
DA:1031,0
DA:1042,0
DA:1075,0
DA:1077,0
DA:1079,0
DA:1084,0
DA:1096,0
DA:1100,0
DA:1128,0
LF:269
LH:62
BRDA:221,0,0,0
BRDA:221,0,1,0
BRDA:222,1,0,0
BRDA:222,1,1,0
BRDA:222,2,0,0
BRDA:222,2,1,0
BRDA:222,2,2,0
BRDA:225,3,0,0
BRDA:225,3,1,0
BRDA:226,4,0,0
BRDA:226,4,1,0
BRDA:227,5,0,0
BRDA:227,5,1,0
BRDA:228,6,0,0
BRDA:228,6,1,0
BRDA:229,7,0,0
BRDA:229,7,1,0
BRDA:244,8,0,240
BRDA:244,8,1,0
BRDA:245,9,0,0
BRDA:245,9,1,240
BRDA:245,10,0,240
BRDA:245,10,1,240
BRDA:245,10,2,240
BRDA:248,11,0,240
BRDA:248,11,1,0
BRDA:249,12,0,240
BRDA:249,12,1,0
BRDA:250,13,0,240
BRDA:250,13,1,0
BRDA:251,14,0,240
BRDA:251,14,1,240
BRDA:252,15,0,240
BRDA:252,15,1,240
BRDA:258,16,0,0
BRDA:258,16,1,0
BRDA:262,17,0,0
BRDA:262,17,1,0
BRDA:313,18,0,0
BRDA:313,18,1,0
BRDA:318,19,0,0
BRDA:318,19,1,0
BRDA:318,20,0,0
BRDA:318,20,1,0
BRDA:328,21,0,0
BRDA:328,21,1,0
BRDA:335,22,0,0
BRDA:335,22,1,0
BRDA:340,23,0,0
BRDA:340,23,1,0
BRDA:347,24,0,0
BRDA:347,24,1,0
BRDA:366,25,0,120
BRDA:366,25,1,0
BRDA:369,26,0,0
BRDA:369,26,1,0
BRDA:369,27,0,0
BRDA:369,27,1,0
BRDA:369,27,2,0
BRDA:369,27,3,0
BRDA:377,28,0,0
BRDA:377,28,1,0
BRDA:377,28,2,0
BRDA:377,28,3,40
BRDA:387,29,0,0
BRDA:387,29,1,0
BRDA:395,30,0,0
BRDA:395,30,1,0
BRDA:416,31,0,0
BRDA:416,31,1,0
BRDA:420,32,0,0
BRDA:420,32,1,0
BRDA:420,32,2,0
BRDA:420,32,3,0
BRDA:420,32,4,0
BRDA:420,32,5,0
BRDA:441,33,0,0
BRDA:441,33,1,0
BRDA:448,34,0,0
BRDA:448,34,1,0
BRDA:456,35,0,0
BRDA:456,35,1,0
BRDA:469,36,0,0
BRDA:469,36,1,0
BRDA:482,37,0,0
BRDA:482,37,1,0
BRDA:483,38,0,0
BRDA:483,38,1,0
BRDA:490,39,0,0
BRDA:490,39,1,0
BRDA:494,40,0,0
BRDA:494,40,1,0
BRDA:500,41,0,0
BRDA:500,41,1,0
BRDA:511,42,0,0
BRDA:511,42,1,0
BRDA:524,43,0,0
BRDA:524,43,1,0
BRDA:536,44,0,0
BRDA:536,44,1,0
BRDA:537,45,0,0
BRDA:537,45,1,0
BRDA:544,46,0,0
BRDA:544,46,1,0
BRDA:548,47,0,0
BRDA:548,47,1,0
BRDA:554,48,0,0
BRDA:554,48,1,0
BRDA:574,49,0,0
BRDA:574,49,1,0
BRDA:581,50,0,0
BRDA:581,50,1,0
BRDA:588,51,0,0
BRDA:588,51,1,0
BRDA:593,52,0,0
BRDA:593,52,1,0
BRDA:594,53,0,0
BRDA:594,53,1,0
BRDA:603,54,0,0
BRDA:603,54,1,0
BRDA:603,55,0,0
BRDA:603,55,1,0
BRDA:605,56,0,0
BRDA:605,56,1,0
BRDA:606,57,0,0
BRDA:606,57,1,0
BRDA:607,58,0,0
BRDA:607,58,1,0
BRDA:608,59,0,0
BRDA:608,59,1,0
BRDA:609,60,0,0
BRDA:609,60,1,0
BRDA:621,61,0,0
BRDA:621,61,1,0
BRDA:631,62,0,0
BRDA:631,62,1,0
BRDA:653,63,0,0
BRDA:653,63,1,0
BRDA:669,64,0,0
BRDA:669,64,1,0
BRDA:677,65,0,0
BRDA:677,65,1,0
BRDA:682,66,0,0
BRDA:682,66,1,0
BRDA:688,67,0,0
BRDA:688,67,1,0
BRDA:699,68,0,0
BRDA:699,68,1,20
BRDA:699,69,0,20
BRDA:699,69,1,20
BRDA:733,70,0,20
BRDA:733,70,1,0
BRDA:738,71,0,0
BRDA:738,71,1,0
BRDA:774,72,0,0
BRDA:774,72,1,20
BRDA:776,73,0,0
BRDA:776,73,1,20
BRDA:780,74,0,0
BRDA:780,74,1,20
BRDA:793,75,0,0
BRDA:793,75,1,20
BRDA:795,76,0,0
BRDA:795,76,1,20
BRDA:799,77,0,0
BRDA:799,77,1,20
BRDA:820,78,0,0
BRDA:820,78,1,20
BRDA:841,79,0,0
BRDA:841,79,1,20
BRDA:843,80,0,0
BRDA:843,80,1,20
BRDA:847,81,0,0
BRDA:847,81,1,20
BRDA:854,82,0,0
BRDA:854,82,1,20
BRDA:863,83,0,0
BRDA:863,83,1,20
BRDA:871,84,0,0
BRDA:871,84,1,20
BRDA:878,85,0,0
BRDA:878,85,1,20
BRDA:890,86,0,0
BRDA:890,86,1,20
BRDA:892,87,0,0
BRDA:892,87,1,20
BRDA:911,88,0,0
BRDA:911,88,1,20
BRDA:913,89,0,0
BRDA:913,89,1,20
BRDA:932,90,0,0
BRDA:932,90,1,20
BRDA:934,91,0,0
BRDA:934,91,1,20
BRDA:953,92,0,0
BRDA:953,92,1,20
BRDA:955,93,0,0
BRDA:955,93,1,20
BRDA:974,94,0,0
BRDA:974,94,1,20
BRDA:976,95,0,0
BRDA:976,95,1,20
BRDA:995,96,0,0
BRDA:995,96,1,20
BRDA:997,97,0,0
BRDA:997,97,1,20
BRDA:1019,98,0,0
BRDA:1019,98,1,20
BRDA:1019,99,0,0
BRDA:1019,99,1,20
BRDA:1024,100,0,0
BRDA:1024,100,1,20
BRDA:1033,101,0,0
BRDA:1033,101,1,0
BRDA:1044,102,0,0
BRDA:1044,102,1,20
BRDA:1077,103,0,0
BRDA:1077,103,1,0
BRDA:1077,104,0,0
BRDA:1077,104,1,0
BRDA:1109,105,0,20
BRDA:1109,105,1,0
BRDA:1113,106,0,0
BRDA:1113,106,1,0
BRF:224
BRH:49
end_of_record
TN:
SF:app/monitoring/page.tsx
FN:17,MonitoringPage
FN:25,MonitoringContent
FN:26,(anonymous_2)
FN:33,(anonymous_3)
FN:34,(anonymous_4)
FN:49,(anonymous_5)
FN:52,(anonymous_6)
FN:58,(anonymous_7)
FN:66,(anonymous_8)
FN:80,(anonymous_9)
FN:243,(anonymous_10)
FN:252,(anonymous_11)
FN:261,(anonymous_12)
FN:290,(anonymous_13)
FN:299,(anonymous_14)
FNF:15
FNH:0
FNDA:0,MonitoringPage
FNDA:0,MonitoringContent
FNDA:0,(anonymous_2)
FNDA:0,(anonymous_3)
FNDA:0,(anonymous_4)
FNDA:0,(anonymous_5)
FNDA:0,(anonymous_6)
FNDA:0,(anonymous_7)
FNDA:0,(anonymous_8)
FNDA:0,(anonymous_9)
FNDA:0,(anonymous_10)
FNDA:0,(anonymous_11)
FNDA:0,(anonymous_12)
FNDA:0,(anonymous_13)
FNDA:0,(anonymous_14)
DA:3,0
DA:4,0
DA:5,0
DA:6,0
DA:7,0
DA:8,0
DA:9,0
DA:10,0
DA:11,0
DA:13,0
DA:14,0
DA:15,0
DA:17,0
DA:18,0
DA:26,0
DA:27,0
DA:28,0
DA:29,0
DA:30,0
DA:31,0
DA:33,0
DA:34,0
DA:35,0
DA:36,0
DA:38,0
DA:39,0
DA:43,0
DA:44,0
DA:45,0
DA:46,0
DA:49,0
DA:52,0
DA:53,0
DA:54,0
DA:55,0
DA:58,0
DA:59,0
DA:60,0
DA:61,0
DA:62,0
DA:66,0
DA:67,0
DA:68,0
DA:69,0
DA:70,0
DA:71,0
DA:78,0
DA:80,0
DA:83,0
DA:84,0
DA:94,0
DA:243,0
DA:252,0
DA:261,0
DA:290,0
DA:299,0
LF:56
LH:0
BRDA:35,0,0,0
BRDA:35,0,1,0
BRDA:43,1,0,0
BRDA:43,1,1,0
BRDA:52,2,0,0
BRDA:53,3,0,0
BRDA:53,3,1,0
BRDA:54,4,0,0
BRDA:54,4,1,0
BRDA:70,5,0,0
BRDA:70,5,1,0
BRDA:83,6,0,0
BRDA:83,6,1,0
BRDA:109,7,0,0
BRDA:109,7,1,0
BRDA:118,8,0,0
BRDA:118,8,1,0
BRDA:120,9,0,0
BRDA:120,9,1,0
BRDA:128,10,0,0
BRDA:128,10,1,0
BRDA:132,11,0,0
BRDA:132,11,1,0
BRDA:133,12,0,0
BRDA:133,12,1,0
BRDA:137,13,0,0
BRDA:137,13,1,0
BRDA:137,14,0,0
BRDA:137,14,1,0
BRDA:137,15,0,0
BRDA:137,15,1,0
BRDA:137,16,0,0
BRDA:137,16,1,0
BRDA:138,17,0,0
BRDA:138,17,1,0
BRDA:147,18,0,0
BRDA:147,18,1,0
BRDA:149,19,0,0
BRDA:149,19,1,0
BRDA:157,20,0,0
BRDA:157,20,1,0
BRDA:161,21,0,0
BRDA:161,21,1,0
BRDA:162,22,0,0
BRDA:162,22,1,0
BRDA:166,23,0,0
BRDA:166,23,1,0
BRDA:166,24,0,0
BRDA:166,24,1,0
BRDA:166,25,0,0
BRDA:166,25,1,0
BRDA:166,26,0,0
BRDA:166,26,1,0
BRDA:167,27,0,0
BRDA:167,27,1,0
BRDA:176,28,0,0
BRDA:176,28,1,0
BRDA:178,29,0,0
BRDA:178,29,1,0
BRDA:186,30,0,0
BRDA:186,30,1,0
BRDA:190,31,0,0
BRDA:190,31,1,0
BRDA:191,32,0,0
BRDA:191,32,1,0
BRDA:195,33,0,0
BRDA:195,33,1,0
BRDA:195,34,0,0
BRDA:195,34,1,0
BRDA:195,35,0,0
BRDA:195,35,1,0
BRDA:195,36,0,0
BRDA:195,36,1,0
BRDA:196,37,0,0
BRDA:196,37,1,0
BRDA:205,38,0,0
BRDA:205,38,1,0
BRDA:207,39,0,0
BRDA:207,39,1,0
BRDA:215,40,0,0
BRDA:215,40,1,0
BRDA:219,41,0,0
BRDA:219,41,1,0
BRDA:224,42,0,0
BRDA:224,42,1,0
BRDA:243,43,0,0
BRDA:243,43,1,0
BRDA:252,44,0,0
BRDA:252,44,1,0
BRDA:261,45,0,0
BRDA:261,45,1,0
BRDA:272,46,0,0
BRDA:272,46,1,0
BRDA:272,46,2,0
BRDA:272,46,3,0
BRDA:275,47,0,0
BRDA:275,47,1,0
BRDA:275,47,2,0
BRDA:280,48,0,0
BRDA:280,48,1,0
BRDA:280,48,2,0
BRDA:280,48,3,0
BRDA:290,49,0,0
BRDA:290,49,1,0
BRDA:299,50,0,0
BRDA:299,50,1,0
BRDA:315,51,0,0
BRDA:315,51,1,0
BRDA:316,52,0,0
BRDA:316,52,1,0
BRDA:330,53,0,0
BRDA:330,53,1,0
BRDA:346,54,0,0
BRDA:346,54,1,0
BRDA:351,55,0,0
BRDA:351,55,1,0
BRDA:357,56,0,0
BRDA:357,56,1,0
BRDA:366,57,0,0
BRDA:366,57,1,0
BRDA:366,58,0,0
BRDA:366,58,1,0
BRDA:367,59,0,0
BRDA:367,59,1,0
BRDA:372,60,0,0
BRDA:372,60,1,0
BRDA:372,61,0,0
BRDA:372,61,1,0
BRDA:373,62,0,0
BRDA:373,62,1,0
BRDA:378,63,0,0
BRDA:378,63,1,0
BRDA:378,64,0,0
BRDA:378,64,1,0
BRDA:379,65,0,0
BRDA:379,65,1,0
BRDA:385,66,0,0
BRDA:385,66,1,0
BRF:138
BRH:0
end_of_record
TN:
SF:app/settings/page.tsx
FN:8,SettingsPage
FNF:1
FNH:0
FNDA:0,SettingsPage
DA:3,0
DA:4,0
DA:5,0
DA:6,0
DA:8,0
DA:9,0
LF:6
LH:0
BRF:0
BRH:0
end_of_record
TN:
SF:src/actions/config-actions.ts
FN:33,loadModelConfig
FN:63,saveModelConfig
FNF:2
FNH:2
FNDA:7,loadModelConfig
FNDA:8,saveModelConfig
DA:3,1
DA:33,1
DA:37,7
DA:38,7
DA:40,1
DA:42,1
DA:44,1
DA:46,1
DA:48,1
DA:50,1
DA:52,1
DA:55,1
DA:56,1
DA:63,1
DA:68,8
DA:69,8
DA:71,2
DA:72,1
DA:74,1
DA:75,1
DA:77,1
DA:78,1
DA:80,1
DA:81,1
DA:83,1
DA:84,1
DA:86,1
DA:87,1
DA:89,1
DA:92,2
DA:93,2
LF:31
LH:31
BRDA:38,0,0,1
BRDA:38,0,1,1
BRDA:38,0,2,1
BRDA:38,0,3,1
BRDA:38,0,4,1
BRDA:38,0,5,1
BRDA:38,0,6,1
BRDA:69,1,0,2
BRDA:69,1,1,1
BRDA:69,1,2,1
BRDA:69,1,3,1
BRDA:69,1,4,1
BRDA:69,1,5,1
BRDA:69,1,6,1
BRF:14
BRH:14
end_of_record
TN:
SF:src/actions/import-models.ts
FN:13,importModelsFromLlamaServer
FNF:1
FNH:1
FNDA:7,importModelsFromLlamaServer
DA:13,1
DA:16,7
LF:2
LH:2
BRF:0
BRH:0
end_of_record
TN:
SF:src/actions/model-actions.ts
FN:33,getModelsAction
FN:42,getModelByIdAction
FN:49,getModelSamplingConfigAction
FN:58,getModelMemoryConfigAction
FN:67,getModelGpuConfigAction
FN:76,getModelAdvancedConfigAction
FN:85,getModelLoraConfigAction
FN:94,getModelMultimodalConfigAction
FN:103,saveModelAction
FN:112,saveModelSamplingConfigAction
FN:122,saveModelMemoryConfigAction
FN:132,saveModelGpuConfigAction
FN:142,saveModelAdvancedConfigAction
FN:152,saveModelLoraConfigAction
FN:162,saveModelMultimodalConfigAction
FN:172,updateModelAction
FN:182,deleteModelAction
FNF:17
FNH:17
FNDA:3,getModelsAction
FNDA:2,getModelByIdAction
FNDA:1,getModelSamplingConfigAction
FNDA:1,getModelMemoryConfigAction
FNDA:1,getModelGpuConfigAction
FNDA:1,getModelAdvancedConfigAction
FNDA:1,getModelLoraConfigAction
FNDA:1,getModelMultimodalConfigAction
FNDA:1,saveModelAction
FNDA:1,saveModelSamplingConfigAction
FNDA:1,saveModelMemoryConfigAction
FNDA:1,saveModelGpuConfigAction
FNDA:1,saveModelAdvancedConfigAction
FNDA:1,saveModelLoraConfigAction
FNDA:1,saveModelMultimodalConfigAction
FNDA:2,updateModelAction
FNDA:1,deleteModelAction
DA:3,1
DA:33,1
DA:36,3
DA:42,1
DA:43,2
DA:49,1
DA:52,1
DA:58,1
DA:61,1
DA:67,1
DA:70,1
DA:76,1
DA:79,1
DA:85,1
DA:88,1
DA:94,1
DA:97,1
DA:103,1
DA:106,1
DA:112,1
DA:116,1
DA:122,1
DA:126,1
DA:132,1
DA:136,1
DA:142,1
DA:146,1
DA:152,1
DA:156,1
DA:162,1
DA:166,1
DA:172,1
DA:176,2
DA:182,1
DA:183,1
LF:35
LH:35
BRF:0
BRH:0
end_of_record
TN:
SF:src/components/animate/motion-lazy-container.tsx
FN:10,MotionLazyContainer
FNF:1
FNH:1
FNDA:15,MotionLazyContainer
DA:3,1
DA:10,1
DA:11,15
LF:3
LH:3
BRF:0
BRH:0
end_of_record
TN:
SF:src/components/charts/GPUUMetricsCard.tsx
FN:18,GPUMetricsCard
FN:19,(anonymous_1)
FN:25,(anonymous_2)
FN:124,(anonymous_3)
FNF:4
FNH:4
FNDA:43,GPUMetricsCard
FNDA:39,(anonymous_1)
FNDA:39,(anonymous_2)
FNDA:6,(anonymous_3)
DA:3,1
DA:4,1
DA:19,43
DA:25,43
DA:32,43
DA:33,7
DA:47,36
DA:124,1
DA:125,6
DA:129,1
DA:130,1
LF:11
LH:11
BRDA:20,0,0,0
BRDA:20,0,1,39
BRDA:22,1,0,0
BRDA:22,1,1,39
BRDA:27,2,0,0
BRDA:27,2,1,39
BRDA:29,3,0,0
BRDA:29,3,1,39
BRDA:32,4,0,7
BRDA:32,4,1,36
BRDA:32,5,0,43
BRDA:32,5,1,38
BRDA:32,5,2,4
BRDA:61,6,0,36
BRDA:61,6,1,2
BRDA:72,7,0,16
BRDA:72,7,1,20
BRDA:89,8,0,34
BRDA:89,8,1,2
BRDA:93,9,0,36
BRDA:93,9,1,3
BRDA:106,10,0,16
BRDA:106,10,1,20
BRDA:106,11,0,36
BRDA:106,11,1,17
BRDA:112,12,0,36
BRDA:112,12,1,20
BRDA:112,13,0,36
BRDA:112,13,1,21
BRDA:125,14,0,6
BRDA:125,14,1,6
BRF:31
BRH:27
end_of_record
TN:
SF:src/components/charts/PerformanceChart.tsx
FN:34,EmptyStateCard
FN:63,LegendItem
FN:99,PerformanceChart
FN:109,(anonymous_3)
FN:110,(anonymous_4)
FN:114,(anonymous_5)
FN:122,(anonymous_6)
FN:123,(anonymous_7)
FN:126,(anonymous_8)
FN:130,(anonymous_9)
FN:140,(anonymous_10)
FN:145,(anonymous_11)
FN:146,(anonymous_12)
FN:153,(anonymous_13)
FN:158,(anonymous_14)
FN:166,(anonymous_15)
FN:172,(anonymous_16)
FN:173,(anonymous_17)
FN:179,(anonymous_18)
FN:180,(anonymous_19)
FN:181,(anonymous_20)
FNF:21
FNH:20
FNDA:18,EmptyStateCard
FNDA:73,LegendItem
FNDA:73,PerformanceChart
FNDA:73,(anonymous_3)
FNDA:73,(anonymous_4)
FNDA:67,(anonymous_5)
FNDA:73,(anonymous_6)
FNDA:73,(anonymous_7)
FNDA:299,(anonymous_8)
FNDA:405,(anonymous_9)
FNDA:73,(anonymous_10)
FNDA:73,(anonymous_11)
FNDA:106,(anonymous_12)
FNDA:0,(anonymous_13)
FNDA:69,(anonymous_14)
FNDA:69,(anonymous_15)
FNDA:73,(anonymous_16)
FNDA:106,(anonymous_17)
FNDA:73,(anonymous_18)
FNDA:89,(anonymous_19)
FNDA:136,(anonymous_20)
DA:3,4
DA:4,4
DA:5,4
DA:34,4
DA:41,18
DA:60,4
DA:63,4
DA:70,73
DA:97,4
DA:99,4
DA:109,73
DA:110,73
DA:113,73
DA:114,67
DA:115,67
DA:118,6
DA:122,73
DA:123,73
DA:124,73
DA:126,67
DA:127,299
DA:130,299
DA:131,405
DA:132,383
DA:135,299
DA:140,73
DA:141,73
DA:145,73
DA:146,106
DA:153,0
DA:158,73
DA:166,73
DA:172,73
DA:173,73
DA:174,106
DA:179,73
DA:180,73
DA:181,136
DA:186,73
DA:187,18
DA:190,55
DA:247,4
DA:249,4
LF:43
LH:42
BRDA:43,0,0,1
BRDA:43,0,1,17
BRDA:45,1,0,1
BRDA:45,1,1,17
BRDA:79,2,0,8
BRDA:79,2,1,65
BRDA:87,3,0,8
BRDA:87,3,1,65
BRDA:104,4,0,50
BRDA:105,5,0,65
BRDA:106,6,0,63
BRDA:113,7,0,67
BRDA:113,7,1,6
BRDA:115,8,0,67
BRDA:115,8,1,67
BRDA:124,9,0,6
BRDA:124,9,1,67
BRDA:131,10,0,383
BRDA:131,10,1,22
BRDA:152,11,0,9
BRDA:152,11,1,97
BRDA:153,12,0,106
BRDA:153,12,1,71
BRDA:153,13,0,0
BRDA:153,13,1,0
BRDA:159,14,0,6
BRDA:159,14,1,63
BRDA:161,15,0,6
BRDA:161,15,1,63
BRDA:167,16,0,6
BRDA:167,16,1,63
BRDA:181,17,0,136
BRDA:181,17,1,57
BRDA:186,18,0,18
BRDA:186,18,1,55
BRDA:186,19,0,73
BRDA:186,19,1,65
BRDA:186,19,2,65
BRDA:221,20,0,5
BRDA:221,20,1,50
BRDA:225,21,0,5
BRDA:225,21,1,50
BRF:42
BRH:40
end_of_record
TN:
SF:src/components/configuration/AdvancedSettingsTab.tsx
FN:14,AdvancedSettingsTab
FNF:1
FNH:1
FNDA:13,AdvancedSettingsTab
DA:3,1
DA:4,1
DA:5,1
DA:6,1
DA:14,1
DA:19,13
DA:21,13
LF:7
LH:7
BRDA:30,0,0,1
BRDA:30,0,1,12
BRDA:33,1,0,1
BRDA:33,1,1,12
BRF:4
BRH:4
end_of_record
TN:
SF:src/components/configuration/ConfigurationActions.tsx
FN:11,ConfigurationActions
FNF:1
FNH:1
FNDA:7,ConfigurationActions
DA:3,1
DA:4,1
DA:11,1
DA:15,7
LF:4
LH:4
BRDA:20,0,0,3
BRDA:20,0,1,4
BRDA:25,1,0,3
BRDA:25,1,1,4
BRF:4
BRH:4
end_of_record
TN:
SF:src/components/configuration/ConfigurationHeader.tsx
FN:5,ConfigurationHeader
FNF:1
FNH:1
FNDA:5,ConfigurationHeader
DA:1,1
DA:2,1
DA:3,1
DA:5,1
DA:6,5
DA:8,5
LF:6
LH:6
BRDA:28,0,0,1
BRDA:28,0,1,4
BRF:2
BRH:2
end_of_record
TN:
SF:src/components/configuration/ConfigurationStatusMessages.tsx
FN:13,ConfigurationStatusMessages
FN:75,(anonymous_1)
FNF:2
FNH:2
FNDA:11,ConfigurationStatusMessages
FNDA:9,(anonymous_1)
DA:3,1
DA:4,1
DA:5,1
DA:6,1
DA:13,1
DA:17,11
DA:19,11
DA:76,9
LF:8
LH:8
BRDA:22,0,0,11
BRDA:22,0,1,4
BRDA:31,1,0,1
BRDA:31,1,1,3
BRDA:49,2,0,11
BRDA:49,2,1,6
BRDA:58,3,0,1
BRDA:58,3,1,5
BRF:8
BRH:8
end_of_record
TN:
SF:src/components/configuration/ConfigurationTabs.tsx
FN:9,ConfigurationTabs
FNF:1
FNH:1
FNDA:9,ConfigurationTabs
DA:1,1
DA:2,1
DA:9,1
DA:13,9
DA:15,9
LF:5
LH:5
BRDA:19,0,0,1
BRDA:19,0,1,8
BRDA:22,1,0,1
BRDA:22,1,1,8
BRF:4
BRH:4
end_of_record
TN:
SF:src/components/configuration/GeneralSettingsTab.tsx
FN:23,GeneralSettingsTab
FN:91,(anonymous_1)
FN:125,(anonymous_2)
FN:155,(anonymous_3)
FNF:4
FNH:4
FNDA:41,GeneralSettingsTab
FNDA:156,(anonymous_1)
FNDA:7,(anonymous_2)
FNDA:6,(anonymous_3)
DA:3,1
DA:14,1
DA:15,1
DA:23,1
DA:28,41
DA:30,41
DA:92,156
DA:126,7
DA:156,6
LF:9
LH:9
BRDA:39,0,0,1
BRDA:39,0,1,40
BRDA:42,1,0,1
BRDA:42,1,1,40
BRDA:52,2,0,41
BRDA:52,2,1,0
BRDA:71,3,0,39
BRDA:71,3,1,39
BRDA:87,4,0,39
BRDA:87,4,1,39
BRDA:105,5,0,39
BRDA:105,5,1,2
BRDA:109,6,0,39
BRDA:109,6,1,39
BRDA:110,7,0,0
BRDA:110,7,1,39
BRDA:185,8,0,39
BRDA:185,8,1,2
BRDA:188,9,0,39
BRDA:188,9,1,39
BRF:20
BRH:18
end_of_record
TN:
SF:src/components/configuration/LlamaServerSettingsTab.tsx
FN:19,LlamaServerSettingsTab
FN:26,(anonymous_1)
FNF:2
FNH:2
FNDA:20,LlamaServerSettingsTab
FNDA:80,(anonymous_1)
DA:3,1
DA:10,1
DA:11,1
DA:19,1
DA:24,20
DA:26,20
DA:27,80
DA:41,20
LF:8
LH:8
BRDA:50,0,0,1
BRDA:50,0,1,19
BRDA:53,1,0,1
BRDA:53,1,1,19
BRDA:71,2,0,20
BRDA:71,2,1,1
BRDA:74,3,0,20
BRDA:74,3,1,20
BRDA:85,4,0,20
BRDA:85,4,1,1
BRDA:88,5,0,20
BRDA:88,5,1,20
BRDA:103,6,0,20
BRDA:103,6,1,1
BRDA:106,7,0,20
BRDA:106,7,1,20
BRDA:117,8,0,20
BRDA:117,8,1,1
BRDA:120,9,0,20
BRDA:120,9,1,20
BRDA:131,10,0,20
BRDA:131,10,1,1
BRDA:144,11,0,20
BRDA:144,11,1,1
BRDA:147,12,0,20
BRDA:147,12,1,20
BRDA:162,13,0,20
BRDA:162,13,1,1
BRDA:165,14,0,20
BRDA:165,14,1,20
BRDA:176,15,0,20
BRDA:176,15,1,20
BRDA:193,16,0,20
BRDA:193,16,1,1
BRDA:207,17,0,20
BRDA:207,17,1,1
BRDA:220,18,0,20
BRDA:220,18,1,1
BRF:38
BRH:38
end_of_record
TN:
SF:src/components/configuration/LoggerSettingsTab.tsx
FN:23,LoggerSettingsTab
FN:49,(anonymous_1)
FN:66,(anonymous_2)
FN:93,(anonymous_3)
FN:112,(anonymous_4)
FN:141,(anonymous_5)
FN:168,(anonymous_6)
FN:198,(anonymous_7)
FNF:8
FNH:3
FNDA:62,LoggerSettingsTab
FNDA:2,(anonymous_1)
FNDA:0,(anonymous_2)
FNDA:2,(anonymous_3)
FNDA:0,(anonymous_4)
FNDA:0,(anonymous_5)
FNDA:0,(anonymous_6)
FNDA:0,(anonymous_7)
DA:3,1
DA:4,1
DA:5,1
DA:23,1
DA:24,62
DA:25,62
DA:27,62
DA:50,2
DA:67,0
DA:68,0
DA:94,2
DA:113,0
DA:114,0
DA:142,0
DA:143,0
DA:169,0
DA:170,0
DA:199,0
DA:200,0
LF:19
LH:9
BRDA:23,0,0,0
BRDA:30,1,0,1
BRDA:30,1,1,61
BRDA:35,2,0,1
BRDA:35,2,1,61
BRDA:48,3,0,62
BRDA:48,3,1,7
BRDA:65,4,0,62
BRDA:65,4,1,7
BRDA:79,5,0,62
BRDA:79,5,1,0
BRDA:92,6,0,62
BRDA:92,6,1,7
BRDA:111,7,0,62
BRDA:111,7,1,7
BRDA:125,8,0,62
BRDA:125,8,1,0
BRDA:140,9,0,62
BRDA:140,9,1,7
BRDA:152,10,0,62
BRDA:152,10,1,0
BRDA:167,11,0,62
BRDA:167,11,1,7
BRDA:182,12,0,62
BRDA:182,12,1,0
BRDA:197,13,0,62
BRDA:197,13,1,7
BRDA:212,14,0,62
BRDA:212,14,1,0
BRF:29
BRH:23
end_of_record
TN:
SF:src/components/configuration/ModernConfiguration.tsx
FN:15,ModernConfiguration
FNF:1
FNH:0
FNDA:0,ModernConfiguration
DA:3,0
DA:4,0
DA:5,0
DA:6,0
DA:7,0
DA:8,0
DA:9,0
DA:10,0
DA:11,0
DA:12,0
DA:13,0
DA:15,0
DA:31,0
DA:33,0
DA:34,0
DA:41,0
LF:16
LH:0
BRDA:33,0,0,0
BRDA:33,0,1,0
BRDA:53,1,0,0
BRDA:53,1,1,0
BRDA:61,2,0,0
BRDA:61,2,1,0
BRDA:69,3,0,0
BRDA:69,3,1,0
BRDA:77,4,0,0
BRDA:77,4,1,0
BRF:10
BRH:0
end_of_record
TN:
SF:src/components/configuration/hooks/useConfigurationForm.ts
FN:73,useConfigurationForm
FN:88,(anonymous_1)
FN:92,(anonymous_2)
FN:126,(anonymous_3)
FN:146,(anonymous_4)
FN:169,(anonymous_5)
FN:185,(anonymous_6)
FN:189,(anonymous_7)
FN:191,(anonymous_8)
FN:196,(anonymous_9)
FN:205,(anonymous_10)
FN:208,(anonymous_11)
FN:216,(anonymous_12)
FN:225,(anonymous_13)
FN:226,(anonymous_14)
FN:235,(anonymous_15)
FN:281,(anonymous_16)
FN:289,(anonymous_17)
FN:294,(anonymous_18)
FNF:19
FNH:18
FNDA:62,useConfigurationForm
FNDA:18,(anonymous_1)
FNDA:20,(anonymous_2)
FNDA:8,(anonymous_3)
FNDA:14,(anonymous_4)
FNDA:24,(anonymous_5)
FNDA:1,(anonymous_6)
FNDA:2,(anonymous_7)
FNDA:2,(anonymous_8)
FNDA:2,(anonymous_9)
FNDA:1,(anonymous_10)
FNDA:1,(anonymous_11)
FNDA:1,(anonymous_12)
FNDA:1,(anonymous_13)
FNDA:1,(anonymous_14)
FNDA:8,(anonymous_15)
FNDA:0,(anonymous_16)
FNDA:1,(anonymous_17)
FNDA:1,(anonymous_18)
DA:1,1
DA:2,1
DA:3,1
DA:73,1
DA:74,62
DA:75,62
DA:76,62
DA:77,62
DA:78,62
DA:83,62
DA:84,62
DA:85,62
DA:88,62
DA:89,18
DA:92,62
DA:93,20
DA:94,20
DA:95,20
DA:96,19
DA:97,19
DA:98,19
DA:100,19
DA:120,1
DA:122,20
DA:126,62
DA:127,8
DA:128,8
DA:135,8
DA:144,8
DA:145,8
DA:146,8
DA:147,14
DA:148,14
DA:149,14
DA:154,8
DA:155,8
DA:156,8
DA:167,8
DA:168,8
DA:169,8
DA:170,24
DA:171,24
DA:172,24
DA:177,8
DA:179,8
DA:185,62
DA:186,1
DA:189,62
DA:190,2
DA:191,2
DA:196,2
DA:205,62
DA:206,1
DA:207,1
DA:208,1
DA:216,1
DA:225,62
DA:226,1
DA:235,62
DA:236,8
DA:237,8
DA:238,8
DA:240,8
DA:241,8
DA:242,8
DA:243,8
DA:244,8
DA:247,0
DA:249,0
DA:268,0
DA:274,0
DA:275,0
DA:278,0
DA:280,0
DA:281,0
DA:283,0
DA:285,8
DA:289,62
DA:290,1
DA:291,1
DA:294,62
DA:295,1
DA:298,62
LF:83
LH:74
BRDA:96,0,0,19
BRDA:96,0,1,0
BRDA:136,1,0,8
BRDA:136,1,1,6
BRDA:137,2,0,8
BRDA:137,2,1,8
BRDA:138,3,0,8
BRDA:138,3,1,8
BRDA:139,4,0,8
BRDA:139,4,1,8
BRDA:140,5,0,0
BRDA:140,5,1,8
BRDA:141,6,0,8
BRDA:141,6,1,8
BRDA:145,7,0,8
BRDA:145,7,1,0
BRDA:155,8,0,8
BRDA:155,8,1,0
BRDA:157,9,0,8
BRDA:157,9,1,8
BRDA:158,10,0,8
BRDA:158,10,1,8
BRDA:159,11,0,8
BRDA:159,11,1,8
BRDA:160,12,0,8
BRDA:160,12,1,8
BRDA:161,13,0,8
BRDA:161,13,1,8
BRDA:162,14,0,8
BRDA:162,14,1,8
BRDA:163,15,0,8
BRDA:163,15,1,8
BRDA:164,16,0,8
BRDA:164,16,1,8
BRDA:168,17,0,8
BRDA:168,17,1,0
BRDA:193,18,0,1
BRDA:193,18,1,1
BRDA:212,19,0,1
BRDA:212,19,1,0
BRDA:242,20,0,8
BRDA:242,20,1,0
BRDA:243,21,0,8
BRDA:243,21,1,0
BRDA:247,22,0,0
BRDA:247,22,1,0
BRDA:251,23,0,0
BRDA:251,23,1,0
BRDA:252,24,0,0
BRDA:252,24,1,0
BRDA:253,25,0,0
BRDA:253,25,1,0
BRDA:254,26,0,0
BRDA:254,26,1,0
BRDA:255,27,0,0
BRDA:255,27,1,0
BRDA:256,28,0,0
BRDA:256,28,1,0
BRDA:257,29,0,0
BRDA:257,29,1,0
BRDA:258,30,0,0
BRDA:258,30,1,0
BRDA:261,31,0,0
BRDA:261,31,1,0
BRDA:262,32,0,0
BRDA:262,32,1,0
BRDA:263,33,0,0
BRDA:263,33,1,0
BRDA:264,34,0,0
BRDA:264,34,1,0
BRDA:274,35,0,0
BRDA:274,35,1,0
BRF:72
BRH:36
end_of_record
TN:
SF:src/components/dashboard/CircularGauge.tsx
FN:18,CircularGauge
FN:32,(anonymous_1)
FN:38,(anonymous_2)
FN:49,(anonymous_3)
FN:54,(anonymous_4)
FN:59,(anonymous_5)
FN:62,(anonymous_6)
FN:109,(anonymous_7)
FN:152,(anonymous_8)
FNF:9
FNH:8
FNDA:40,CircularGauge
FNDA:40,(anonymous_1)
FNDA:40,(anonymous_2)
FNDA:40,(anonymous_3)
FNDA:40,(anonymous_4)
FNDA:40,(anonymous_5)
FNDA:40,(anonymous_6)
FNDA:36,(anonymous_7)
FNDA:0,(anonymous_8)
DA:3,2
DA:4,2
DA:5,2
DA:18,2
DA:28,40
DA:29,40
DA:32,40
DA:33,40
DA:34,40
DA:38,40
DA:39,40
DA:40,7
DA:42,33
DA:43,8
DA:45,25
DA:49,40
DA:50,40
DA:54,40
DA:55,40
DA:59,40
DA:62,40
DA:63,40
DA:64,5
DA:67,40
DA:109,36
DA:155,0
DA:167,2
DA:169,2
LF:28
LH:27
BRDA:20,0,0,35
BRDA:21,1,0,31
BRDA:22,2,0,33
BRDA:23,3,0,29
BRDA:24,4,0,29
BRDA:25,5,0,32
BRDA:26,6,0,0
BRDA:39,7,0,7
BRDA:39,7,1,33
BRDA:42,8,0,8
BRDA:42,8,1,25
BRDA:50,9,0,3
BRDA:50,9,1,37
BRDA:55,10,0,3
BRDA:55,10,1,37
BRDA:59,11,0,0
BRDA:59,11,1,40
BRDA:63,12,0,35
BRDA:63,12,1,5
BRDA:122,13,0,40
BRDA:122,13,1,10
BRDA:134,14,0,40
BRDA:134,14,1,10
BRDA:156,15,0,0
BRDA:156,15,1,0
BRDA:156,15,2,0
BRDA:156,15,3,0
BRDA:156,15,4,0
BRDA:156,15,5,0
BRDA:156,15,6,0
BRDA:156,15,7,0
BRF:31
BRH:21
end_of_record
TN:
SF:src/components/dashboard/DashboardHeader.tsx
FN:36,DashboardHeader
FN:51,(anonymous_1)
FN:164,(anonymous_2)
FN:174,(anonymous_3)
FNF:4
FNH:3
FNDA:58,DashboardHeader
FNDA:30,(anonymous_1)
FNDA:0,(anonymous_2)
FNDA:10,(anonymous_3)
DA:1,2
DA:2,2
DA:3,2
DA:4,2
DA:5,2
DA:6,2
DA:27,2
DA:48,58
DA:49,58
DA:51,58
DA:52,30
DA:53,23
DA:54,23
DA:55,23
DA:56,23
DA:59,58
DA:164,0
DA:174,2
DA:175,10
DA:187,2
LF:20
LH:19
BRDA:38,0,0,55
BRDA:39,1,0,50
BRDA:42,2,0,52
BRDA:45,3,0,52
BRDA:46,4,0,52
BRDA:52,5,0,7
BRDA:52,5,1,23
BRDA:76,6,0,58
BRDA:76,6,1,30
BRDA:86,7,0,1
BRDA:86,7,1,57
BRDA:88,8,0,1
BRDA:88,8,1,56
BRDA:90,9,0,47
BRDA:90,9,1,9
BRDA:95,10,0,1
BRDA:95,10,1,57
BRDA:97,11,0,1
BRDA:97,11,1,56
BRDA:99,12,0,47
BRDA:99,12,1,9
BRDA:108,13,0,10
BRDA:108,13,1,48
BRDA:108,14,0,58
BRDA:108,14,1,11
BRDA:110,15,0,1
BRDA:110,15,1,47
BRDA:115,16,0,58
BRDA:115,16,1,6
BRDA:135,17,0,58
BRDA:135,17,1,6
BRDA:136,18,0,0
BRDA:136,18,1,6
BRDA:140,19,0,0
BRDA:140,19,1,6
BRDA:151,20,0,0
BRDA:151,20,1,6
BRDA:152,21,0,0
BRDA:152,21,1,0
BRDA:153,22,0,0
BRDA:153,22,1,6
BRDA:160,23,0,0
BRDA:160,23,1,58
BRDA:175,24,0,10
BRDA:175,24,1,1
BRDA:175,24,2,1
BRDA:175,24,3,1
BRDA:175,24,4,1
BRDA:175,24,5,1
BRDA:175,24,6,1
BRDA:175,24,7,1
BRDA:175,24,8,1
BRDA:175,24,9,1
BRF:53
BRH:46
end_of_record
TN:
SF:src/components/dashboard/GPUMetricsSection.tsx
FN:14,GPUMetricsSection
FN:16,(anonymous_1)
FN:60,(anonymous_2)
FN:69,(anonymous_3)
FN:85,(anonymous_4)
FNF:5
FNH:2
FNDA:21,GPUMetricsSection
FNDA:21,(anonymous_1)
FNDA:0,(anonymous_2)
FNDA:0,(anonymous_3)
FNDA:0,(anonymous_4)
DA:3,1
DA:4,1
DA:5,1
DA:6,1
DA:14,1
DA:15,21
DA:17,21
DA:23,21
DA:24,3
DA:31,18
DA:60,0
DA:69,0
DA:86,0
DA:90,1
LF:14
LH:11
BRDA:17,0,0,21
BRDA:17,0,1,6
BRDA:17,0,2,4
BRDA:23,1,0,3
BRDA:23,1,1,18
BRDA:34,2,0,2
BRDA:34,2,1,16
BRDA:36,3,0,2
BRDA:36,3,1,16
BRDA:60,4,0,0
BRDA:60,4,1,0
BRDA:69,5,0,0
BRDA:69,5,1,0
BRDA:86,6,0,0
BRDA:86,6,1,0
BRF:15
BRH:9
end_of_record
TN:
SF:src/components/dashboard/MemoizedModelItem.tsx
FN:33,(anonymous_0)
FN:45,(anonymous_1)
FN:51,(anonymous_2)
FN:61,(anonymous_3)
FN:71,(anonymous_4)
FN:81,ModelItem
FN:100,(anonymous_6)
FN:103,(anonymous_7)
FN:139,(anonymous_8)
FN:144,(anonymous_9)
FN:150,(anonymous_10)
FN:210,(anonymous_11)
FN:251,(anonymous_12)
FNF:13
FNH:13
FNDA:508,(anonymous_0)
FNDA:243,(anonymous_1)
FNDA:26,(anonymous_2)
FNDA:255,(anonymous_3)
FNDA:255,(anonymous_4)
FNDA:255,ModelItem
FNDA:9,(anonymous_6)
FNDA:9,(anonymous_7)
FNDA:6,(anonymous_8)
FNDA:2,(anonymous_9)
FNDA:1,(anonymous_10)
FNDA:135,(anonymous_11)
FNDA:33,(anonymous_12)
DA:3,4
DA:4,4
DA:5,4
DA:6,4
DA:33,4
DA:34,508
DA:35,508
DA:36,155
DA:38,353
DA:39,87
DA:41,266
DA:45,4
DA:46,243
DA:47,243
DA:48,243
DA:49,133
DA:51,110
DA:52,26
DA:53,26
DA:54,21
DA:56,5
DA:61,4
DA:62,255
DA:63,105
DA:64,22
DA:65,4
DA:66,124
DA:71,4
DA:72,255
DA:73,105
DA:74,22
DA:75,4
DA:76,124
DA:81,4
DA:95,255
DA:96,255
DA:97,255
DA:100,255
DA:101,9
DA:103,9
DA:106,9
DA:107,9
DA:110,9
DA:112,9
DA:113,9
DA:114,5
DA:116,4
DA:117,4
DA:118,4
DA:119,1
DA:122,4
DA:127,4
DA:128,4
DA:132,7
DA:135,2
DA:136,2
DA:137,2
DA:139,9
DA:144,255
DA:145,2
DA:146,2
DA:150,255
DA:151,1
DA:155,255
DA:157,255
DA:211,135
DA:254,33
DA:255,33
DA:257,33
DA:270,4
DA:272,4
LF:71
LH:71
BRDA:35,0,0,155
BRDA:35,0,1,353
BRDA:35,1,0,508
BRDA:35,1,1,355
BRDA:35,1,2,355
BRDA:35,1,3,354
BRDA:38,2,0,87
BRDA:38,2,1,266
BRDA:38,3,0,353
BRDA:38,3,1,270
BRDA:38,3,2,269
BRDA:38,3,3,268
BRDA:38,3,4,267
BRDA:48,4,0,133
BRDA:48,4,1,110
BRDA:53,5,0,21
BRDA:53,5,1,5
BRDA:54,6,0,21
BRDA:54,6,1,11
BRDA:54,6,2,10
BRDA:62,7,0,105
BRDA:62,7,1,22
BRDA:62,7,2,4
BRDA:62,7,3,124
BRDA:72,8,0,105
BRDA:72,8,1,22
BRDA:72,8,2,4
BRDA:72,8,3,124
BRDA:95,9,0,255
BRDA:95,9,1,233
BRDA:101,10,0,0
BRDA:101,10,1,9
BRDA:106,11,0,5
BRDA:106,11,1,4
BRDA:113,12,0,5
BRDA:113,12,1,4
BRDA:116,13,0,4
BRDA:116,13,1,4
BRDA:118,14,0,1
BRDA:118,14,1,3
BRDA:128,15,0,1
BRDA:128,15,1,3
BRDA:128,16,0,1
BRDA:128,16,1,0
BRDA:137,17,0,2
BRDA:137,17,1,0
BRDA:163,18,0,7
BRDA:163,18,1,248
BRDA:164,19,0,7
BRDA:164,19,1,248
BRDA:168,20,0,7
BRDA:168,20,1,248
BRDA:176,21,0,87
BRDA:176,21,1,168
BRDA:176,22,0,36
BRDA:176,22,1,132
BRDA:191,23,0,255
BRDA:191,23,1,22
BRDA:191,23,2,11
BRDA:199,24,0,255
BRDA:199,24,1,21
BRDA:199,24,2,20
BRDA:199,24,3,15
BRDA:221,25,0,105
BRDA:221,25,1,150
BRDA:222,26,0,105
BRDA:222,26,1,150
BRDA:224,27,0,255
BRDA:224,27,1,245
BRDA:225,28,0,105
BRDA:225,28,1,150
BRDA:229,29,0,105
BRDA:229,29,1,150
BRDA:232,30,0,255
BRDA:232,30,1,105
BRDA:232,30,2,5
BRDA:232,30,3,5
BRDA:258,31,0,33
BRDA:258,31,1,31
BRDA:258,31,2,30
BRDA:258,31,3,15
BRDA:258,31,4,15
BRDA:258,31,5,15
BRDA:258,31,6,15
BRDA:258,31,7,15
BRDA:258,31,8,15
BRF:86
BRH:83
end_of_record
TN:
SF:src/components/dashboard/MetricCard.tsx
FN:19,(anonymous_0)
FN:25,MetricCard
FN:36,(anonymous_2)
FN:39,(anonymous_3)
FN:45,(anonymous_4)
FN:48,(anonymous_5)
FN:51,(anonymous_6)
FN:58,(anonymous_7)
FN:64,(anonymous_8)
FN:147,(anonymous_9)
FNF:10
FNH:9
FNDA:93,(anonymous_0)
FNDA:93,MetricCard
FNDA:93,(anonymous_2)
FNDA:93,(anonymous_3)
FNDA:93,(anonymous_4)
FNDA:93,(anonymous_5)
FNDA:93,(anonymous_6)
FNDA:93,(anonymous_7)
FNDA:93,(anonymous_8)
FNDA:0,(anonymous_9)
DA:3,2
DA:4,2
DA:5,2
DA:19,2
DA:20,93
DA:21,84
DA:22,60
DA:25,2
DA:36,93
DA:39,93
DA:40,93
DA:41,93
DA:45,93
DA:48,93
DA:51,93
DA:52,93
DA:53,84
DA:54,60
DA:58,93
DA:59,93
DA:60,5
DA:64,93
DA:65,93
DA:66,5
DA:67,3
DA:68,1
DA:71,93
DA:150,0
DA:162,2
DA:164,2
LF:30
LH:29
BRDA:20,0,0,9
BRDA:20,0,1,84
BRDA:21,1,0,24
BRDA:21,1,1,60
BRDA:28,2,0,1
BRDA:32,3,0,31
BRDA:33,4,0,40
BRDA:40,5,0,64
BRDA:40,5,1,29
BRDA:48,6,0,64
BRDA:48,6,1,29
BRDA:52,7,0,9
BRDA:52,7,1,84
BRDA:53,8,0,24
BRDA:53,8,1,60
BRDA:59,9,0,88
BRDA:59,9,1,5
BRDA:60,10,0,2
BRDA:60,10,1,3
BRDA:65,11,0,88
BRDA:65,11,1,5
BRDA:66,12,0,2
BRDA:66,12,1,3
BRDA:67,13,0,2
BRDA:67,13,1,1
BRDA:73,14,0,5
BRDA:73,14,1,88
BRDA:75,15,0,5
BRDA:75,15,1,88
BRDA:81,16,0,5
BRDA:81,16,1,88
BRDA:87,17,0,93
BRDA:87,17,1,57
BRDA:92,18,0,93
BRDA:92,18,1,41
BRDA:99,19,0,93
BRDA:99,19,1,5
BRDA:109,20,0,52
BRDA:109,20,1,41
BRDA:113,21,0,34
BRDA:113,21,1,18
BRDA:130,22,0,3
BRDA:130,22,1,38
BRDA:151,23,0,0
BRDA:151,23,1,0
BRDA:151,23,2,0
BRDA:151,23,3,0
BRDA:151,23,4,0
BRDA:151,23,5,0
BRDA:151,23,6,0
BRDA:151,23,7,0
BRF:51
BRH:43
end_of_record
TN:
SF:src/components/dashboard/ModelsListCard.tsx
FN:26,ModelsListCard
FN:31,(anonymous_1)
FN:37,(anonymous_2)
FN:38,(anonymous_3)
FN:46,(anonymous_4)
FN:56,(anonymous_5)
FN:64,(anonymous_6)
FN:65,(anonymous_7)
FN:77,(anonymous_8)
FN:87,(anonymous_9)
FN:88,(anonymous_10)
FN:109,(anonymous_11)
FNF:12
FNH:9
FNDA:84,ModelsListCard
FNDA:234,(anonymous_1)
FNDA:0,(anonymous_2)
FNDA:0,(anonymous_3)
FNDA:65,(anonymous_4)
FNDA:0,(anonymous_5)
FNDA:2,(anonymous_6)
FNDA:2,(anonymous_7)
FNDA:1,(anonymous_8)
FNDA:11,(anonymous_9)
FNDA:11,(anonymous_10)
FNDA:240,(anonymous_11)
DA:3,2
DA:4,2
DA:5,2
DA:6,2
DA:7,2
DA:8,2
DA:26,2
DA:27,84
DA:28,84
DA:29,84
DA:31,234
DA:32,84
DA:33,84
DA:34,84
DA:37,84
DA:38,0
DA:42,84
DA:46,84
DA:47,65
DA:48,65
DA:49,65
DA:52,0
DA:53,0
DA:55,0
DA:56,0
DA:57,0
DA:58,0
DA:59,0
DA:64,84
DA:65,2
DA:66,2
DA:67,2
DA:68,0
DA:70,2
DA:73,2
DA:77,84
DA:78,1
DA:79,1
DA:82,1
DA:83,1
DA:87,84
DA:88,11
DA:91,84
DA:110,240
DA:111,240
DA:112,240
DA:114,240
LF:47
LH:38
BRDA:47,0,0,65
BRDA:47,0,1,0
BRDA:53,1,0,0
BRDA:53,1,1,0
BRDA:55,2,0,0
BRDA:55,2,1,0
BRDA:67,3,0,0
BRDA:67,3,1,2
BRDA:83,4,0,1
BRDA:83,4,1,0
BRDA:93,5,0,3
BRDA:93,5,1,81
BRDA:95,6,0,3
BRDA:95,6,1,81
BRDA:104,7,0,84
BRDA:104,7,1,4
BRDA:112,8,0,240
BRDA:112,8,1,239
BRDA:112,8,2,221
BRDA:112,8,3,221
BRF:20
BRH:13
end_of_record
TN:
SF:src/components/dashboard/ModernDashboard.tsx
FN:14,(anonymous_10)
FN:15,(anonymous_11)
FN:15,(anonymous_12)
FN:20,(anonymous_13)
FN:21,(anonymous_14)
FN:21,(anonymous_15)
FN:28,(anonymous_16)
FN:49,ModernDashboard
FN:76,(anonymous_18)
FN:79,(anonymous_19)
FN:80,(anonymous_20)
FN:84,(anonymous_21)
FN:88,(anonymous_22)
FN:94,(anonymous_23)
FN:97,(anonymous_24)
FN:101,(anonymous_25)
FN:105,(anonymous_26)
FN:108,(anonymous_27)
FN:112,(anonymous_28)
FN:116,(anonymous_29)
FN:122,(anonymous_30)
FN:126,(anonymous_31)
FN:130,(anonymous_32)
FN:136,(anonymous_33)
FN:138,(anonymous_34)
FN:144,(anonymous_35)
FN:145,(anonymous_36)
FN:148,(anonymous_37)
FN:157,(anonymous_38)
FN:163,(anonymous_39)
FN:171,(anonymous_40)
FN:179,(anonymous_41)
FN:368,(anonymous_42)
FN:377,(anonymous_43)
FNF:34
FNH:14
FNDA:1,(anonymous_10)
FNDA:1,(anonymous_11)
FNDA:1,(anonymous_12)
FNDA:1,(anonymous_13)
FNDA:1,(anonymous_14)
FNDA:1,(anonymous_15)
FNDA:1,(anonymous_16)
FNDA:8,ModernDashboard
FNDA:8,(anonymous_18)
FNDA:0,(anonymous_19)
FNDA:8,(anonymous_20)
FNDA:0,(anonymous_21)
FNDA:0,(anonymous_22)
FNDA:0,(anonymous_23)
FNDA:0,(anonymous_24)
FNDA:0,(anonymous_25)
FNDA:0,(anonymous_26)
FNDA:0,(anonymous_27)
FNDA:0,(anonymous_28)
FNDA:0,(anonymous_29)
FNDA:0,(anonymous_30)
FNDA:0,(anonymous_31)
FNDA:0,(anonymous_32)
FNDA:0,(anonymous_33)
FNDA:0,(anonymous_34)
FNDA:8,(anonymous_35)
FNDA:18,(anonymous_36)
FNDA:8,(anonymous_37)
FNDA:8,(anonymous_38)
FNDA:0,(anonymous_39)
FNDA:0,(anonymous_40)
FNDA:0,(anonymous_41)
FNDA:0,(anonymous_42)
FNDA:0,(anonymous_43)
DA:3,1
DA:4,1
DA:5,1
DA:6,1
DA:7,1
DA:8,1
DA:9,1
DA:10,1
DA:11,1
DA:14,1
DA:15,1
DA:20,1
DA:21,1
DA:28,1
DA:29,1
DA:49,1
DA:51,8
DA:56,8
DA:57,8
DA:58,8
DA:59,8
DA:60,8
DA:61,8
DA:62,8
DA:63,8
DA:66,8
DA:68,8
DA:71,8
DA:72,8
DA:74,8
DA:76,8
DA:79,8
DA:80,8
DA:84,8
DA:85,0
DA:88,0
DA:89,0
DA:90,0
DA:94,0
DA:97,8
DA:98,0
DA:101,0
DA:102,0
DA:105,0
DA:108,8
DA:109,0
DA:112,0
DA:113,0
DA:116,0
DA:117,0
DA:118,0
DA:122,8
DA:123,0
DA:126,0
DA:127,0
DA:130,0
DA:131,0
DA:132,0
DA:136,8
DA:138,0
DA:139,0
DA:144,8
DA:145,18
DA:148,8
DA:149,8
DA:150,6
DA:151,6
DA:152,6
DA:153,6
DA:157,8
DA:163,0
DA:171,0
DA:179,0
DA:184,8
DA:185,2
DA:223,6
DA:368,0
DA:377,0
LF:78
LH:50
BRDA:36,0,0,0
BRDA:36,0,1,1
BRDA:38,1,0,0
BRDA:38,1,1,1
BRDA:58,2,0,8
BRDA:58,2,1,2
BRDA:149,3,0,2
BRDA:149,3,1,6
BRDA:163,4,0,0
BRDA:163,4,1,0
BRDA:171,5,0,0
BRDA:171,5,1,0
BRDA:179,6,0,0
BRDA:179,6,1,0
BRDA:184,7,0,2
BRDA:184,7,1,6
BRDA:184,8,0,8
BRDA:184,8,1,8
BRDA:239,9,0,6
BRDA:239,9,1,0
BRDA:256,10,0,6
BRDA:256,10,1,0
BRDA:267,11,0,6
BRDA:267,11,1,0
BRDA:278,12,0,6
BRDA:278,12,1,0
BRDA:302,13,0,6
BRDA:302,13,1,0
BRDA:313,14,0,6
BRDA:313,14,1,6
BRDA:324,15,0,6
BRDA:324,15,1,6
BRDA:324,16,0,6
BRDA:324,16,1,6
BRDA:335,17,0,6
BRDA:335,17,1,6
BRDA:368,18,0,0
BRDA:368,18,1,0
BRDA:377,19,0,0
BRDA:377,19,1,0
BRF:40
BRH:23
end_of_record
TN:
SF:src/components/dashboard/QuickActionsCard.tsx
FN:16,QuickActionsCard
FN:32,(anonymous_1)
FN:61,(anonymous_2)
FN:76,(anonymous_3)
FNF:4
FNH:4
FNDA:2,QuickActionsCard
FNDA:2,(anonymous_1)
FNDA:2,(anonymous_2)
FNDA:4,(anonymous_3)
DA:3,2
DA:4,2
DA:5,2
DA:6,2
DA:23,2
DA:25,2
DA:40,2
DA:58,2
DA:61,2
DA:63,2
DA:77,4
DA:99,2
DA:101,2
LF:13
LH:13
BRDA:20,0,0,2
BRDA:21,1,0,2
BRDA:50,2,0,0
BRDA:50,2,1,2
BRDA:65,3,0,1
BRDA:65,3,1,1
BRDA:67,4,0,1
BRDA:67,4,1,1
BRDA:80,5,0,2
BRDA:80,5,1,2
BRDA:84,6,0,4
BRDA:84,6,1,4
BRF:12
BRH:11
end_of_record
TN:
SF:src/components/dashboard/ServerStatusSection.tsx
FN:12,ServerStatusSection
FNF:1
FNH:1
FNDA:16,ServerStatusSection
DA:3,1
DA:4,1
DA:5,1
DA:6,1
DA:13,16
DA:14,16
DA:16,16
DA:51,1
DA:53,1
LF:9
LH:9
BRDA:18,0,0,2
BRDA:18,0,1,14
BRDA:20,1,0,2
BRDA:20,1,1,14
BRDA:30,2,0,10
BRDA:30,2,1,6
BRDA:31,3,0,10
BRDA:31,3,1,6
BRDA:33,4,0,10
BRDA:33,4,1,6
BRDA:34,5,0,2
BRDA:34,5,1,8
BRDA:35,6,0,0
BRDA:35,6,1,6
BRDA:36,7,0,2
BRDA:36,7,1,14
BRDA:43,8,0,10
BRDA:43,8,1,6
BRF:18
BRH:17
end_of_record
TN:
SF:src/components/dashboard/hooks/useDashboardMetrics.ts
FN:16,useDashboardMetrics
FN:17,(anonymous_1)
FN:23,(anonymous_2)
FN:30,(anonymous_3)
FN:37,(anonymous_4)
FN:38,(anonymous_5)
FN:45,(anonymous_6)
FN:49,(anonymous_7)
FN:51,(anonymous_8)
FNF:9
FNH:9
FNDA:82,useDashboardMetrics
FNDA:82,(anonymous_1)
FNDA:42,(anonymous_2)
FNDA:45,(anonymous_3)
FNDA:76,(anonymous_4)
FNDA:3,(anonymous_5)
FNDA:76,(anonymous_6)
FNDA:45,(anonymous_7)
FNDA:32,(anonymous_8)
DA:1,2
DA:2,2
DA:3,2
DA:4,2
DA:16,2
DA:17,82
DA:18,82
DA:19,82
DA:20,82
DA:23,82
DA:24,42
DA:25,10
DA:30,82
DA:31,45
DA:32,32
DA:37,82
DA:38,76
DA:39,3
DA:40,1
DA:41,1
DA:45,76
DA:49,82
DA:50,45
DA:51,32
DA:53,32
DA:60,32
DA:61,1
DA:64,31
DA:65,31
DA:75,31
DA:80,82
LF:31
LH:31
BRDA:24,0,0,10
BRDA:24,0,1,32
BRDA:31,1,0,32
BRDA:31,1,1,13
BRDA:31,2,0,45
BRDA:31,2,1,34
BRDA:39,3,0,1
BRDA:39,3,1,2
BRDA:50,4,0,32
BRDA:50,4,1,13
BRDA:50,5,0,45
BRDA:50,5,1,34
BRDA:53,6,0,32
BRDA:53,6,1,3
BRDA:53,6,2,2
BRDA:53,6,3,2
BRDA:53,6,4,2
BRDA:53,6,5,2
BRDA:60,7,0,1
BRDA:60,7,1,31
BRDA:70,8,0,31
BRDA:70,8,1,16
BRDA:71,9,0,31
BRDA:71,9,1,21
BRDA:72,10,0,31
BRDA:72,10,1,21
BRF:26
BRH:26
end_of_record
TN:
SF:src/components/layout/Header.tsx
FN:10,Header
FN:24,(anonymous_1)
FNF:2
FNH:1
FNDA:115,Header
FNDA:0,(anonymous_1)
DA:3,7
DA:4,7
DA:5,7
DA:6,7
DA:7,7
DA:8,7
DA:10,7
DA:11,115
DA:12,115
DA:14,115
DA:24,0
LF:11
LH:10
BRDA:20,0,0,13
BRDA:20,0,1,102
BRDA:22,1,0,13
BRDA:22,1,1,102
BRDA:32,2,0,13
BRDA:32,2,1,102
BRDA:37,3,0,13
BRDA:37,3,1,102
BRDA:41,4,0,13
BRDA:41,4,1,102
BRF:10
BRH:10
end_of_record
TN:
SF:src/components/layout/Layout.tsx
FN:8,(anonymous_1)
FN:26,(anonymous_2)
FNF:2
FNH:2
FNDA:76,(anonymous_1)
FNDA:76,(anonymous_2)
DA:3,1
DA:4,1
DA:5,1
DA:6,1
DA:8,1
DA:9,76
DA:11,76
DA:26,1
DA:27,76
DA:34,1
LF:10
LH:10
BRDA:16,0,0,19
BRDA:16,0,1,57
BRF:2
BRH:2
end_of_record
TN:
SF:src/components/layout/RootLayoutContent.tsx
FN:8,RootLayoutContent
FNF:1
FNH:1
FNDA:16,RootLayoutContent
DA:3,1
DA:4,1
DA:5,1
DA:6,1
DA:8,1
DA:10,16
LF:6
LH:6
BRF:0
BRH:0
end_of_record
TN:
SF:src/components/layout/Sidebar.tsx
FN:44,Sidebar
FN:49,(anonymous_2)
FN:61,(anonymous_3)
FN:101,(anonymous_4)
FNF:4
FNH:3
FNDA:247,Sidebar
FNDA:1235,(anonymous_2)
FNDA:0,(anonymous_3)
FNDA:1235,(anonymous_4)
DA:3,7
DA:4,7
DA:5,7
DA:6,7
DA:7,7
DA:15,7
DA:26,7
DA:27,7
DA:36,7
DA:44,7
DA:45,247
DA:46,247
DA:47,247
DA:49,1235
DA:51,247
DA:61,0
DA:102,1235
DA:103,1235
DA:105,1235
LF:19
LH:18
BRDA:54,0,0,247
BRDA:54,0,1,235
BRDA:77,1,0,12
BRDA:77,1,1,235
BRDA:78,2,0,12
BRDA:78,2,1,235
BRDA:79,3,0,12
BRDA:79,3,1,235
BRDA:87,4,0,12
BRDA:87,4,1,235
BRDA:89,5,0,12
BRDA:89,5,1,235
BRDA:92,6,0,12
BRDA:92,6,1,235
BRDA:117,7,0,227
BRDA:117,7,1,1008
BRDA:117,8,0,12
BRDA:117,8,1,215
BRDA:119,9,0,60
BRDA:119,9,1,1175
BRDA:124,10,0,227
BRDA:124,10,1,1008
BRDA:124,11,0,12
BRDA:124,11,1,215
BRDA:124,12,0,48
BRDA:124,12,1,960
BRDA:131,13,0,227
BRDA:131,13,1,1008
BRDA:132,14,0,227
BRDA:132,14,1,1008
BRDA:132,15,0,12
BRDA:132,15,1,215
BRDA:132,16,0,48
BRDA:132,16,1,960
BRDA:148,17,0,12
BRDA:148,17,1,235
BRF:36
BRH:36
end_of_record
TN:
SF:src/components/layout/SidebarProvider.tsx
FN:16,SidebarProvider
FN:19,(anonymous_10)
FN:20,(anonymous_11)
FN:21,(anonymous_12)
FN:32,useSidebar
FNF:5
FNH:5
FNDA:238,SidebarProvider
FNDA:116,(anonymous_10)
FNDA:45,(anonymous_11)
FNDA:40,(anonymous_12)
FNDA:205,useSidebar
DA:3,4
DA:12,4
DA:16,4
DA:17,238
DA:19,238
DA:20,238
DA:21,238
DA:23,238
DA:32,4
DA:33,205
DA:34,202
DA:35,6
DA:37,196
LF:13
LH:13
BRDA:34,0,0,6
BRDA:34,0,1,196
BRF:2
BRH:2
end_of_record
TN:
SF:src/components/layout/index.tsx
FN:1,(anonymous_0)
FN:2,(anonymous_1)
FNF:2
FNH:2
FNDA:11,(anonymous_0)
FNDA:7,(anonymous_1)
DA:1,12
DA:2,8
LF:2
LH:2
BRF:0
BRH:0
end_of_record
TN:
SF:src/components/layout/main-layout.tsx
FN:13,MainLayout
FNF:1
FNH:1
FNDA:57,MainLayout
DA:3,2
DA:4,2
DA:5,2
DA:6,2
DA:7,2
DA:13,2
DA:14,57
DA:16,57
LF:8
LH:8
BRDA:22,0,0,3
BRDA:22,0,1,54
BRF:2
BRH:2
end_of_record
TN:
SF:src/components/models/ModelConfigDialog.tsx
FN:274,SliderField
FN:276,(anonymous_1)
FN:335,SamplingForm
FN:337,(anonymous_3)
FN:343,(anonymous_4)
FN:344,(anonymous_5)
FN:345,(anonymous_6)
FN:346,(anonymous_7)
FN:347,(anonymous_8)
FN:348,(anonymous_9)
FN:349,(anonymous_10)
FN:350,(anonymous_11)
FN:351,(anonymous_12)
FN:352,(anonymous_13)
FN:353,(anonymous_14)
FN:354,(anonymous_15)
FN:355,(anonymous_16)
FN:481,(anonymous_17)
FN:537,MemoryForm
FN:539,(anonymous_19)
FN:545,(anonymous_20)
FN:546,(anonymous_21)
FN:547,(anonymous_22)
FN:548,(anonymous_23)
FN:549,(anonymous_24)
FN:550,(anonymous_25)
FN:551,(anonymous_26)
FN:552,(anonymous_27)
FN:553,(anonymous_28)
FN:554,(anonymous_29)
FN:555,(anonymous_30)
FN:707,GPUForm
FN:709,(anonymous_32)
FN:715,(anonymous_33)
FN:716,(anonymous_34)
FN:717,(anonymous_35)
FN:718,(anonymous_36)
FN:719,(anonymous_37)
FN:720,(anonymous_38)
FN:721,(anonymous_39)
FN:722,(anonymous_40)
FN:723,(anonymous_41)
FN:724,(anonymous_42)
FN:725,(anonymous_43)
FN:875,AdvancedForm
FN:877,(anonymous_45)
FN:883,(anonymous_46)
FN:884,(anonymous_47)
FN:885,(anonymous_48)
FN:886,(anonymous_49)
FN:887,(anonymous_50)
FN:888,(anonymous_51)
FN:889,(anonymous_52)
FN:890,(anonymous_53)
FN:891,(anonymous_54)
FN:892,(anonymous_55)
FN:893,(anonymous_56)
FN:894,(anonymous_57)
FN:895,(anonymous_58)
FN:896,(anonymous_59)
FN:897,(anonymous_60)
FN:898,(anonymous_61)
FN:899,(anonymous_62)
FN:900,(anonymous_63)
FN:901,(anonymous_64)
FN:902,(anonymous_65)
FN:1172,LoRAForm
FN:1174,(anonymous_67)
FN:1180,(anonymous_68)
FN:1181,(anonymous_69)
FN:1182,(anonymous_70)
FN:1183,(anonymous_71)
FN:1243,MultimodalForm
FN:1245,(anonymous_73)
FN:1251,(anonymous_74)
FN:1252,(anonymous_75)
FN:1253,(anonymous_76)
FN:1254,(anonymous_77)
FN:1255,(anonymous_78)
FN:1334,ModelConfigDialog
FN:1350,(anonymous_80)
FN:1367,(anonymous_81)
FN:1384,(anonymous_82)
FN:1398,(anonymous_83)
FN:1407,(anonymous_84)
FN:1415,(anonymous_85)
FNF:86
FNH:10
FNDA:0,SliderField
FNDA:0,(anonymous_1)
FNDA:42,SamplingForm
FNDA:0,(anonymous_3)
FNDA:0,(anonymous_4)
FNDA:0,(anonymous_5)
FNDA:0,(anonymous_6)
FNDA:0,(anonymous_7)
FNDA:0,(anonymous_8)
FNDA:0,(anonymous_9)
FNDA:0,(anonymous_10)
FNDA:0,(anonymous_11)
FNDA:0,(anonymous_12)
FNDA:0,(anonymous_13)
FNDA:0,(anonymous_14)
FNDA:0,(anonymous_15)
FNDA:0,(anonymous_16)
FNDA:0,(anonymous_17)
FNDA:8,MemoryForm
FNDA:0,(anonymous_19)
FNDA:0,(anonymous_20)
FNDA:0,(anonymous_21)
FNDA:0,(anonymous_22)
FNDA:0,(anonymous_23)
FNDA:0,(anonymous_24)
FNDA:0,(anonymous_25)
FNDA:0,(anonymous_26)
FNDA:0,(anonymous_27)
FNDA:0,(anonymous_28)
FNDA:0,(anonymous_29)
FNDA:0,(anonymous_30)
FNDA:6,GPUForm
FNDA:0,(anonymous_32)
FNDA:0,(anonymous_33)
FNDA:0,(anonymous_34)
FNDA:0,(anonymous_35)
FNDA:0,(anonymous_36)
FNDA:0,(anonymous_37)
FNDA:0,(anonymous_38)
FNDA:0,(anonymous_39)
FNDA:0,(anonymous_40)
FNDA:0,(anonymous_41)
FNDA:0,(anonymous_42)
FNDA:0,(anonymous_43)
FNDA:2,AdvancedForm
FNDA:0,(anonymous_45)
FNDA:0,(anonymous_46)
FNDA:0,(anonymous_47)
FNDA:0,(anonymous_48)
FNDA:0,(anonymous_49)
FNDA:0,(anonymous_50)
FNDA:0,(anonymous_51)
FNDA:0,(anonymous_52)
FNDA:0,(anonymous_53)
FNDA:0,(anonymous_54)
FNDA:0,(anonymous_55)
FNDA:0,(anonymous_56)
FNDA:0,(anonymous_57)
FNDA:0,(anonymous_58)
FNDA:0,(anonymous_59)
FNDA:0,(anonymous_60)
FNDA:0,(anonymous_61)
FNDA:0,(anonymous_62)
FNDA:0,(anonymous_63)
FNDA:0,(anonymous_64)
FNDA:0,(anonymous_65)
FNDA:4,LoRAForm
FNDA:0,(anonymous_67)
FNDA:0,(anonymous_68)
FNDA:0,(anonymous_69)
FNDA:0,(anonymous_70)
FNDA:0,(anonymous_71)
FNDA:4,MultimodalForm
FNDA:0,(anonymous_73)
FNDA:0,(anonymous_74)
FNDA:0,(anonymous_75)
FNDA:0,(anonymous_76)
FNDA:0,(anonymous_77)
FNDA:0,(anonymous_78)
FNDA:66,ModelConfigDialog
FNDA:66,(anonymous_80)
FNDA:0,(anonymous_81)
FNDA:66,(anonymous_82)
FNDA:0,(anonymous_83)
FNDA:0,(anonymous_84)
FNDA:66,(anonymous_85)
DA:7,3
DA:8,3
DA:130,3
DA:147,3
DA:161,3
DA:175,3
DA:198,3
DA:205,3
DA:217,3
DA:274,3
DA:275,0
DA:277,0
DA:283,0
DA:328,0
DA:335,3
DA:336,42
DA:338,0
DA:343,42
DA:344,42
DA:345,42
DA:346,42
DA:347,42
DA:348,42
DA:349,42
DA:350,42
DA:351,42
DA:352,42
DA:353,42
DA:354,42
DA:355,42
DA:357,42
DA:481,0
DA:537,3
DA:538,8
DA:540,0
DA:545,8
DA:546,8
DA:547,8
DA:548,8
DA:549,8
DA:550,8
DA:551,8
DA:552,8
DA:553,8
DA:554,8
DA:555,8
DA:557,8
DA:707,3
DA:708,6
DA:710,0
DA:715,6
DA:716,6
DA:717,6
DA:718,6
DA:719,6
DA:720,6
DA:721,6
DA:722,6
DA:723,6
DA:724,6
DA:725,6
DA:727,6
DA:875,3
DA:876,2
DA:878,0
DA:883,2
DA:884,2
DA:885,2
DA:886,2
DA:887,2
DA:888,2
DA:889,2
DA:890,2
DA:891,2
DA:892,2
DA:893,2
DA:894,2
DA:895,2
DA:896,2
DA:897,2
DA:898,2
DA:899,2
DA:900,2
DA:901,2
DA:902,2
DA:904,2
DA:1172,3
DA:1173,4
DA:1175,0
DA:1180,4
DA:1181,4
DA:1182,4
DA:1183,4
DA:1185,4
DA:1243,3
DA:1244,4
DA:1246,0
DA:1251,4
DA:1252,4
DA:1253,4
DA:1254,4
DA:1255,4
DA:1257,4
DA:1334,3
DA:1343,66
DA:1349,66
DA:1350,66
DA:1362,66
DA:1367,66
DA:1368,0
DA:1373,0
DA:1374,0
DA:1376,0
DA:1381,66
DA:1384,66
DA:1385,66
DA:1393,66
DA:1397,66
DA:1401,0
DA:1407,66
DA:1408,0
DA:1409,0
DA:1410,0
DA:1415,66
DA:1416,66
DA:1418,42
DA:1420,8
DA:1422,6
DA:1424,2
DA:1426,4
DA:1428,4
DA:1430,0
DA:1434,66
DA:1464,3
LF:134
LH:114
BRDA:289,0,0,0
BRDA:289,0,1,0
BRDA:292,1,0,0
BRDA:292,1,1,0
BRDA:328,2,0,0
BRDA:328,2,1,0
BRDA:345,3,0,0
BRDA:345,3,1,0
BRDA:349,4,0,0
BRDA:349,4,1,0
BRDA:352,5,0,0
BRDA:352,5,1,0
BRDA:545,6,0,0
BRDA:545,6,1,0
BRDA:546,7,0,0
BRDA:546,7,1,0
BRDA:547,8,0,0
BRDA:547,8,1,0
BRDA:553,9,0,0
BRDA:553,9,1,0
BRDA:715,10,0,0
BRDA:715,10,1,0
BRDA:716,11,0,0
BRDA:716,11,1,0
BRDA:718,12,0,0
BRDA:718,12,1,0
BRDA:883,13,0,0
BRDA:883,13,1,0
BRDA:884,14,0,0
BRDA:884,14,1,0
BRDA:885,15,0,0
BRDA:885,15,1,0
BRDA:886,16,0,0
BRDA:886,16,1,0
BRDA:887,17,0,0
BRDA:887,17,1,0
BRDA:888,18,0,0
BRDA:888,18,1,0
BRDA:889,19,0,0
BRDA:889,19,1,0
BRDA:890,20,0,0
BRDA:890,20,1,0
BRDA:891,21,0,0
BRDA:891,21,1,0
BRDA:895,22,0,0
BRDA:895,22,1,0
BRDA:1368,23,0,0
BRDA:1368,23,1,0
BRDA:1373,24,0,0
BRDA:1373,24,1,0
BRDA:1408,25,0,0
BRDA:1408,25,1,0
BRDA:1416,26,0,42
BRDA:1416,26,1,8
BRDA:1416,26,2,6
BRDA:1416,26,3,2
BRDA:1416,26,4,4
BRDA:1416,26,5,4
BRDA:1416,26,6,0
BRF:59
BRH:6
end_of_record
TN:
SF:src/components/pages/ApiRoutes.tsx
FN:8,GET_monitoring
FN:22,GET_monitoring_history
FNF:2
FNH:2
FNDA:3,GET_monitoring
FNDA:5,GET_monitoring_history
DA:1,1
DA:2,1
DA:8,1
DA:9,3
DA:10,3
DA:11,1
DA:13,2
DA:14,2
DA:22,1
DA:23,5
DA:24,5
DA:25,5
DA:26,5
DA:27,4
DA:28,4
DA:30,1
DA:31,1
LF:17
LH:17
BRDA:25,0,0,3
BRDA:25,0,1,2
BRDA:27,1,0,2
BRDA:27,1,1,2
BRF:4
BRH:4
end_of_record
TN:
SF:src/components/pages/ConfigurationPage.tsx
FN:26,(anonymous_9)
FN:47,(anonymous_10)
FN:49,(anonymous_11)
FN:55,(anonymous_12)
FN:78,(anonymous_13)
FN:95,(anonymous_14)
FN:98,(anonymous_15)
FN:205,(anonymous_16)
FN:205,(anonymous_17)
FN:221,(anonymous_18)
FN:221,(anonymous_19)
FN:236,(anonymous_20)
FN:236,(anonymous_21)
FN:253,(anonymous_22)
FN:253,(anonymous_23)
FN:270,(anonymous_24)
FN:270,(anonymous_25)
FN:285,(anonymous_26)
FN:285,(anonymous_27)
FN:299,(anonymous_28)
FN:299,(anonymous_29)
FNF:21
FNH:8
FNDA:52,(anonymous_9)
FNDA:6,(anonymous_10)
FNDA:6,(anonymous_11)
FNDA:11,(anonymous_12)
FNDA:0,(anonymous_13)
FNDA:104,(anonymous_14)
FNDA:3,(anonymous_15)
FNDA:1,(anonymous_16)
FNDA:1,(anonymous_17)
FNDA:0,(anonymous_18)
FNDA:0,(anonymous_19)
FNDA:0,(anonymous_20)
FNDA:0,(anonymous_21)
FNDA:0,(anonymous_22)
FNDA:0,(anonymous_23)
FNDA:0,(anonymous_24)
FNDA:0,(anonymous_25)
FNDA:0,(anonymous_26)
FNDA:0,(anonymous_27)
FNDA:0,(anonymous_28)
FNDA:0,(anonymous_29)
DA:3,1
DA:26,1
DA:27,52
DA:28,52
DA:44,52
DA:45,52
DA:47,52
DA:48,6
DA:49,6
DA:55,52
DA:56,11
DA:57,11
DA:59,11
DA:60,11
DA:68,10
DA:69,9
DA:71,1
DA:74,1
DA:75,1
DA:77,11
DA:78,11
DA:82,52
DA:87,52
DA:96,104
DA:98,3
DA:205,1
DA:221,0
DA:236,0
DA:253,0
DA:270,0
DA:285,0
DA:299,0
DA:325,1
LF:33
LH:27
BRDA:51,0,0,2
BRDA:51,0,1,4
BRDA:51,1,0,1
BRDA:51,1,1,3
BRDA:68,2,0,9
BRDA:68,2,1,1
BRDA:100,3,0,52
BRDA:100,3,1,52
BRDA:114,4,0,52
BRDA:114,4,1,48
BRDA:182,5,0,11
BRDA:182,5,1,37
BRDA:185,6,0,48
BRDA:185,6,1,9
BRDA:186,7,0,7
BRDA:186,7,1,2
BRDA:195,8,0,52
BRDA:195,8,1,4
BRDA:207,9,0,1
BRDA:207,9,1,0
BRDA:223,10,0,0
BRDA:223,10,1,0
BRDA:238,11,0,0
BRDA:238,11,1,0
BRDA:255,12,0,0
BRDA:255,12,1,0
BRDA:272,13,0,0
BRDA:272,13,1,0
BRDA:287,14,0,0
BRDA:287,14,1,0
BRDA:301,15,0,0
BRDA:301,15,1,0
BRDA:315,16,0,0
BRDA:315,16,1,4
BRF:34
BRH:20
end_of_record
TN:
SF:src/components/pages/LoggingSettings.tsx
FN:12,LoggingSettings
FN:19,(anonymous_1)
FN:26,(anonymous_2)
FN:27,(anonymous_3)
FN:30,(anonymous_4)
FN:49,(anonymous_5)
FN:65,(anonymous_6)
FN:70,(anonymous_7)
FN:132,(anonymous_8)
FN:146,(anonymous_9)
FN:153,(anonymous_10)
FN:155,(anonymous_11)
FN:192,(anonymous_12)
FN:206,(anonymous_13)
FN:213,(anonymous_14)
FN:215,(anonymous_15)
FN:223,(anonymous_16)
FN:230,(anonymous_17)
FN:232,(anonymous_18)
FN:238,(anonymous_19)
FN:246,(anonymous_20)
FNF:21
FNH:0
FNDA:0,LoggingSettings
FNDA:0,(anonymous_1)
FNDA:0,(anonymous_2)
FNDA:0,(anonymous_3)
FNDA:0,(anonymous_4)
FNDA:0,(anonymous_5)
FNDA:0,(anonymous_6)
FNDA:0,(anonymous_7)
FNDA:0,(anonymous_8)
FNDA:0,(anonymous_9)
FNDA:0,(anonymous_10)
FNDA:0,(anonymous_11)
FNDA:0,(anonymous_12)
FNDA:0,(anonymous_13)
FNDA:0,(anonymous_14)
FNDA:0,(anonymous_15)
FNDA:0,(anonymous_16)
FNDA:0,(anonymous_17)
FNDA:0,(anonymous_18)
FNDA:0,(anonymous_19)
FNDA:0,(anonymous_20)
DA:3,0
DA:4,0
DA:5,0
DA:6,0
DA:7,0
DA:9,0
DA:10,0
DA:12,0
DA:13,0
DA:14,0
DA:15,0
DA:16,0
DA:17,0
DA:19,0
DA:21,0
DA:22,0
DA:23,0
DA:26,0
DA:27,0
DA:30,0
DA:31,0
DA:32,0
DA:35,0
DA:37,0
DA:38,0
DA:42,0
DA:44,0
DA:45,0
DA:49,0
DA:50,0
DA:60,0
DA:61,0
DA:62,0
DA:65,0
DA:66,0
DA:67,0
DA:70,0
DA:71,0
DA:72,0
DA:75,0
DA:76,0
DA:83,0
DA:132,0
DA:147,0
DA:148,0
DA:153,0
DA:155,0
DA:192,0
DA:207,0
DA:208,0
DA:213,0
DA:215,0
DA:224,0
DA:225,0
DA:230,0
DA:232,0
DA:238,0
DA:246,0
LF:58
LH:0
BRDA:72,0,0,0
BRDA:72,0,1,0
BRDA:75,1,0,0
BRDA:75,1,1,0
BRDA:101,2,0,0
BRDA:101,2,1,0
BRDA:115,3,0,0
BRDA:115,3,1,0
BRDA:116,4,0,0
BRDA:116,4,1,0
BRDA:139,5,0,0
BRDA:139,5,1,0
BRDA:175,6,0,0
BRDA:175,6,1,0
BRDA:176,7,0,0
BRDA:176,7,1,0
BRDA:199,8,0,0
BRDA:199,8,1,0
BRDA:269,9,0,0
BRDA:269,9,1,0
BRDA:270,10,0,0
BRDA:270,10,1,0
BRDA:316,11,0,0
BRDA:316,11,1,0
BRDA:317,12,0,0
BRDA:317,12,1,0
BRDA:332,13,0,0
BRDA:332,13,1,0
BRDA:333,14,0,0
BRDA:333,14,1,0
BRDA:350,15,0,0
BRDA:350,15,1,0
BRDA:351,16,0,0
BRDA:351,16,1,0
BRF:34
BRH:0
end_of_record
TN:
SF:src/components/pages/LogsPage.tsx
FN:7,(anonymous_0)
FN:9,(anonymous_1)
FN:15,(anonymous_2)
FN:21,(anonymous_3)
FN:27,(anonymous_4)
FN:28,(anonymous_5)
FN:43,(anonymous_6)
FN:47,(anonymous_7)
FN:58,(anonymous_8)
FN:80,(anonymous_9)
FN:85,(anonymous_10)
FN:105,(anonymous_11)
FN:111,(anonymous_12)
FN:117,(anonymous_13)
FN:132,(anonymous_14)
FNF:15
FNH:15
FNDA:226,(anonymous_0)
FNDA:1367,(anonymous_1)
FNDA:225,(anonymous_2)
FNDA:225,(anonymous_3)
FNDA:197,(anonymous_4)
FNDA:2940,(anonymous_5)
FNDA:7,(anonymous_6)
FNDA:1031,(anonymous_7)
FNDA:1031,(anonymous_8)
FNDA:36,(anonymous_9)
FNDA:18,(anonymous_10)
FNDA:11,(anonymous_11)
FNDA:13,(anonymous_12)
FNDA:12,(anonymous_13)
FNDA:1031,(anonymous_14)
DA:3,2
DA:4,2
DA:5,2
DA:7,2
DA:8,226
DA:9,1367
DA:10,226
DA:11,226
DA:12,226
DA:15,226
DA:16,225
DA:17,197
DA:21,226
DA:22,225
DA:27,226
DA:28,197
DA:29,2940
DA:30,2940
DA:31,2940
DA:34,2940
DA:37,2940
DA:38,2940
DA:43,226
DA:44,7
DA:47,226
DA:48,1031
DA:49,107
DA:50,95
DA:51,739
DA:52,89
DA:53,1
DA:54,0
DA:58,226
DA:59,1031
DA:60,107
DA:61,95
DA:62,739
DA:63,89
DA:64,1
DA:65,0
DA:69,226
DA:80,36
DA:85,18
DA:105,11
DA:111,13
DA:117,12
DA:133,1031
DA:134,1031
DA:135,1031
DA:136,1031
DA:155,2
LF:51
LH:49
BRDA:16,0,0,197
BRDA:16,0,1,28
BRDA:29,1,0,2940
BRDA:29,1,1,226
BRDA:29,2,0,112
BRDA:29,2,1,114
BRDA:30,3,0,2939
BRDA:30,3,1,1
BRDA:34,4,0,2940
BRDA:34,4,1,129
BRDA:34,4,2,119
BRDA:37,5,0,2940
BRDA:37,5,1,68
BRDA:38,6,0,2940
BRDA:38,6,1,2824
BRDA:48,7,0,107
BRDA:48,7,1,95
BRDA:48,7,2,739
BRDA:48,7,3,89
BRDA:48,7,4,1
BRDA:48,7,5,0
BRDA:59,8,0,107
BRDA:59,8,1,95
BRDA:59,8,2,739
BRDA:59,8,3,89
BRDA:59,8,4,1
BRDA:59,8,5,0
BRDA:106,9,0,201
BRDA:106,9,1,25
BRDA:112,10,0,13
BRDA:112,10,1,213
BRDA:118,11,0,12
BRDA:118,11,1,214
BRDA:127,12,0,81
BRDA:127,12,1,145
BRDA:129,13,0,58
BRDA:129,13,1,23
BRDA:133,14,0,1031
BRDA:133,14,1,150
BRDA:133,15,0,74
BRDA:133,15,1,76
BRDA:134,16,0,1030
BRDA:134,16,1,1
BRDA:135,17,0,1031
BRDA:135,17,1,1
BRF:45
BRH:43
end_of_record
TN:
SF:src/components/pages/ModelsPage.tsx
FN:19,(anonymous_0)
FN:27,(anonymous_1)
FN:41,(anonymous_2)
FN:46,(anonymous_3)
FN:47,(anonymous_4)
FN:55,(anonymous_5)
FN:55,(anonymous_6)
FN:62,(anonymous_7)
FN:66,(anonymous_8)
FN:67,(anonymous_9)
FN:75,(anonymous_10)
FN:75,(anonymous_11)
FN:82,(anonymous_12)
FN:86,(anonymous_13)
FN:99,(anonymous_14)
FN:114,(anonymous_15)
FN:124,(anonymous_16)
FN:148,(anonymous_17)
FN:157,(anonymous_18)
FN:170,(anonymous_19)
FN:171,(anonymous_20)
FN:186,(anonymous_21)
FN:208,(anonymous_22)
FN:229,(anonymous_23)
FN:237,(anonymous_24)
FNF:25
FNH:24
FNDA:121,(anonymous_0)
FNDA:1,(anonymous_1)
FNDA:1,(anonymous_2)
FNDA:4,(anonymous_3)
FNDA:4,(anonymous_4)
FNDA:1,(anonymous_5)
FNDA:1,(anonymous_6)
FNDA:2,(anonymous_7)
FNDA:3,(anonymous_8)
FNDA:3,(anonymous_9)
FNDA:1,(anonymous_10)
FNDA:1,(anonymous_11)
FNDA:2,(anonymous_12)
FNDA:119,(anonymous_13)
FNDA:119,(anonymous_14)
FNDA:119,(anonymous_15)
FNDA:5,(anonymous_16)
FNDA:0,(anonymous_17)
FNDA:1,(anonymous_18)
FNDA:109,(anonymous_19)
FNDA:240,(anonymous_20)
FNDA:10,(anonymous_21)
FNDA:229,(anonymous_22)
FNDA:4,(anonymous_23)
FNDA:3,(anonymous_24)
DA:3,1
DA:4,1
DA:19,1
DA:20,121
DA:21,121
DA:22,121
DA:23,121
DA:24,121
DA:27,121
DA:28,1
DA:36,1
DA:37,1
DA:41,121
DA:42,1
DA:43,1
DA:46,121
DA:47,4
DA:48,4
DA:49,4
DA:53,4
DA:55,3
DA:56,1
DA:60,1
DA:62,4
DA:66,121
DA:67,3
DA:68,3
DA:69,3
DA:73,3
DA:75,2
DA:76,1
DA:80,1
DA:82,3
DA:86,121
DA:87,119
DA:88,119
DA:89,113
DA:90,99
DA:91,99
DA:94,21
DA:99,121
DA:101,119
DA:104,119
DA:105,119
DA:107,103
DA:108,103
DA:110,16
DA:114,119
DA:115,119
DA:116,119
DA:117,119
DA:124,121
DA:125,5
DA:126,5
DA:128,5
DA:129,4
DA:131,4
DA:132,4
DA:133,4
DA:134,0
DA:138,4
DA:146,3
DA:147,0
DA:148,0
DA:151,5
DA:153,5
DA:157,121
DA:158,1
DA:159,1
DA:160,1
DA:163,0
DA:165,1
DA:169,121
DA:171,109
DA:172,240
DA:177,121
DA:186,10
DA:209,229
DA:229,4
DA:237,3
DA:255,1
LF:81
LH:77
BRDA:28,0,0,1
BRDA:28,0,1,0
BRDA:29,1,0,1
BRDA:29,1,1,1
BRDA:29,1,2,1
BRDA:29,1,3,1
BRDA:29,1,4,1
BRDA:29,1,5,1
BRDA:53,2,0,3
BRDA:53,2,1,0
BRDA:56,3,0,1
BRDA:56,3,1,0
BRDA:73,4,0,2
BRDA:73,4,1,0
BRDA:76,5,0,1
BRDA:76,5,1,0
BRDA:89,6,0,99
BRDA:89,6,1,0
BRDA:91,7,0,99
BRDA:91,7,1,7
BRDA:131,8,0,4
BRDA:131,8,1,0
BRDA:133,9,0,0
BRDA:133,9,1,4
BRDA:146,10,0,0
BRDA:146,10,1,0
BRDA:195,11,0,5
BRDA:195,11,1,116
BRDA:202,12,0,0
BRDA:202,12,1,121
BRDA:213,13,0,24
BRDA:213,13,1,205
BRDA:214,14,0,14
BRDA:214,14,1,191
BRDA:217,15,0,7
BRDA:217,15,1,222
BRDA:227,16,0,205
BRDA:227,16,1,24
BRDA:230,17,0,205
BRDA:230,17,1,201
BRDA:233,18,0,14
BRDA:233,18,1,191
BRF:42
BRH:31
end_of_record
TN:
SF:src/components/pages/MonitoringPage.tsx
FN:19,(anonymous_0)
FN:27,(anonymous_1)
FN:45,(anonymous_2)
FN:60,(anonymous_3)
FN:67,(anonymous_4)
FN:73,(anonymous_5)
FN:84,(anonymous_6)
FN:85,(anonymous_7)
FN:86,(anonymous_8)
FN:87,(anonymous_9)
FN:233,(anonymous_10)
FNF:11
FNH:1
FNDA:91,(anonymous_0)
FNDA:0,(anonymous_1)
FNDA:0,(anonymous_2)
FNDA:0,(anonymous_3)
FNDA:0,(anonymous_4)
FNDA:0,(anonymous_5)
FNDA:0,(anonymous_6)
FNDA:0,(anonymous_7)
FNDA:0,(anonymous_8)
FNDA:0,(anonymous_9)
FNDA:0,(anonymous_10)
DA:3,1
DA:4,1
DA:16,1
DA:19,1
DA:20,91
DA:21,91
DA:22,90
DA:23,90
DA:24,90
DA:25,90
DA:27,90
DA:28,0
DA:29,0
DA:30,0
DA:31,0
DA:33,0
DA:35,0
DA:36,0
DA:38,0
DA:39,0
DA:41,0
DA:45,90
DA:47,0
DA:48,0
DA:49,0
DA:50,0
DA:54,0
DA:57,0
DA:60,0
DA:61,0
DA:62,0
DA:63,0
DA:67,0
DA:68,0
DA:69,0
DA:73,90
DA:74,0
DA:75,0
DA:76,0
DA:77,0
DA:78,0
DA:79,0
DA:84,90
DA:85,0
DA:86,0
DA:87,0
DA:89,0
DA:96,0
DA:97,0
DA:104,0
DA:105,0
DA:112,0
DA:113,0
DA:120,0
DA:234,0
DA:250,1
LF:56
LH:15
BRDA:30,0,0,0
BRDA:30,0,1,0
BRDA:39,1,0,0
BRDA:39,1,1,0
BRDA:47,2,0,0
BRDA:47,2,1,0
BRDA:61,3,0,0
BRDA:61,3,1,0
BRDA:61,4,0,0
BRDA:61,4,1,0
BRDA:74,5,0,0
BRDA:74,5,1,0
BRDA:74,5,2,0
BRDA:74,5,3,0
BRDA:74,5,4,0
BRDA:96,6,0,0
BRDA:96,6,1,0
BRDA:104,7,0,0
BRDA:104,7,1,0
BRDA:112,8,0,0
BRDA:112,8,1,0
BRDA:214,9,0,0
BRDA:214,9,1,0
BRDA:216,10,0,0
BRDA:216,10,1,0
BRDA:216,11,0,0
BRDA:216,11,1,0
BRDA:230,12,0,0
BRDA:230,12,1,0
BRF:29
BRH:0
end_of_record
TN:
SF:src/components/pages/index.tsx
FNF:0
FNH:0
DA:1,1
DA:2,1
DA:3,1
DA:4,1
DA:6,1
LF:5
LH:5
BRF:0
BRH:0
end_of_record
TN:
SF:src/components/pages/settings/SettingsAppearance.tsx
FN:8,SettingsAppearance
FN:19,(anonymous_1)
FN:22,(anonymous_2)
FNF:3
FNH:3
FNDA:22,SettingsAppearance
FNDA:66,(anonymous_1)
FNDA:11,(anonymous_2)
DA:8,1
DA:12,22
DA:20,66
DA:22,11
LF:4
LH:4
BRDA:24,0,0,19
BRDA:24,0,1,47
BRDA:30,1,0,66
BRDA:30,1,1,22
BRDA:31,2,0,66
BRDA:31,2,1,22
BRDA:32,3,0,66
BRDA:32,3,1,22
BRF:8
BRH:8
end_of_record
TN:
SF:src/components/pages/settings/SettingsFeatures.tsx
FN:8,SettingsFeatures
FN:30,(anonymous_1)
FN:54,(anonymous_2)
FNF:3
FNH:3
FNDA:21,SettingsFeatures
FNDA:8,(anonymous_1)
FNDA:4,(anonymous_2)
DA:8,1
DA:12,21
DA:30,8
DA:54,4
LF:4
LH:4
BRDA:32,0,0,3
BRDA:32,0,1,18
BRDA:37,1,0,3
BRDA:37,1,1,18
BRDA:56,2,0,3
BRDA:56,2,1,18
BRDA:61,3,0,3
BRDA:61,3,1,18
BRF:8
BRH:8
end_of_record
TN:
SF:src/components/pages/settings/SettingsSystem.tsx
FN:11,SettingsSystem
FN:37,(anonymous_2)
FN:66,(anonymous_3)
FNF:3
FNH:3
FNDA:22,SettingsSystem
FNDA:7,(anonymous_2)
FNDA:3,(anonymous_3)
DA:1,1
DA:11,1
DA:15,22
DA:38,7
DA:67,3
LF:5
LH:5
BRF:0
BRH:0
end_of_record
TN:
SF:src/components/ui/Button.tsx
FN:12,(anonymous_1)
FN:43,(anonymous_2)
FN:79,(anonymous_3)
FNF:3
FNH:3
FNDA:17,(anonymous_1)
FNDA:12,(anonymous_2)
FNDA:13,(anonymous_3)
DA:1,3
DA:12,3
DA:21,17
DA:29,17
DA:31,17
DA:43,3
DA:58,12
DA:79,3
DA:96,13
LF:9
LH:9
BRDA:14,0,0,16
BRDA:15,1,0,13
BRDA:16,2,0,15
BRDA:38,3,0,17
BRDA:38,3,1,1
BRDA:46,4,0,11
BRDA:47,5,0,10
BRDA:49,6,0,11
BRDA:68,7,0,12
BRDA:68,7,1,1
BRDA:69,8,0,12
BRDA:69,8,1,3
BRDA:70,9,0,1
BRDA:70,9,1,2
BRDA:71,10,0,1
BRDA:71,10,1,2
BRDA:82,11,0,12
BRDA:83,12,0,12
BRDA:85,13,0,11
BRDA:86,14,0,12
BRDA:99,15,0,12
BRDA:99,15,1,1
BRDA:108,16,0,13
BRDA:108,16,1,1
BRDA:109,17,0,13
BRDA:109,17,1,2
BRDA:110,18,0,1
BRDA:110,18,1,1
BRDA:111,19,0,1
BRDA:111,19,1,1
BRF:30
BRH:30
end_of_record
TN:
SF:src/components/ui/Card.tsx
FN:17,Card
FNF:1
FNH:1
FNDA:30,Card
DA:1,2
DA:2,2
DA:3,2
DA:4,2
DA:5,2
DA:6,2
DA:9,2
DA:17,2
DA:18,30
LF:9
LH:9
BRF:0
BRH:0
end_of_record
TN:
SF:src/components/ui/FormTooltip.tsx
FN:17,FormTooltip
FN:156,FieldWithTooltip
FN:171,LabelWithTooltip
FNF:3
FNH:3
FNDA:38,FormTooltip
FNDA:8,FieldWithTooltip
FNDA:6,LabelWithTooltip
DA:3,3
DA:4,3
DA:17,3
DA:25,38
DA:28,38
DA:112,38
DA:113,16
DA:138,22
DA:156,3
DA:157,8
DA:171,3
DA:172,6
LF:12
LH:12
BRDA:19,0,0,34
BRDA:20,1,0,36
BRDA:22,2,0,35
BRDA:23,3,0,37
BRDA:25,4,0,2
BRDA:25,4,1,36
BRDA:45,5,0,38
BRDA:45,5,1,32
BRDA:60,6,0,38
BRDA:60,6,1,22
BRDA:85,7,0,38
BRDA:85,7,1,22
BRDA:112,8,0,16
BRDA:112,8,1,22
BRDA:176,9,0,6
BRDA:176,9,1,2
BRF:16
BRH:16
end_of_record
TN:
SF:src/components/ui/Input.tsx
FN:8,(anonymous_1)
FN:19,(anonymous_2)
FN:31,(anonymous_3)
FN:45,(anonymous_4)
FNF:4
FNH:4
FNDA:40,(anonymous_1)
FNDA:14,(anonymous_2)
FNDA:13,(anonymous_3)
FNDA:11,(anonymous_4)
DA:1,4
DA:8,4
DA:9,40
DA:19,4
DA:20,14
DA:31,4
DA:32,13
DA:45,4
DA:46,11
LF:9
LH:9
BRDA:8,0,0,38
BRDA:19,1,0,12
BRDA:31,2,0,11
BRDA:45,3,0,9
BRF:4
BRH:4
end_of_record
TN:
SF:src/components/ui/MetricsCard.tsx
FN:13,MetricsCard
FN:14,(anonymous_2)
FN:84,(anonymous_3)
FNF:3
FNH:3
FNDA:14,MetricsCard
FNDA:14,(anonymous_2)
FNDA:60,(anonymous_3)
DA:3,1
DA:4,1
DA:5,1
DA:6,1
DA:7,1
DA:8,1
DA:9,1
DA:10,1
DA:11,1
DA:13,1
DA:14,14
DA:15,14
DA:17,14
DA:18,2
DA:31,12
DA:69,12
DA:85,60
LF:17
LH:17
BRDA:17,0,0,2
BRDA:17,0,1,12
BRDA:73,1,0,1
BRDA:73,1,1,11
BRDA:74,2,0,1
BRDA:74,2,1,11
BRDA:92,3,0,5
BRDA:92,3,1,55
BRDA:105,4,0,5
BRDA:105,4,1,55
BRDA:105,5,0,6
BRDA:105,5,1,49
BRDA:110,6,0,5
BRDA:110,6,1,55
BRF:14
BRH:14
end_of_record
TN:
SF:src/components/ui/ModelConfigDialog.tsx
FN:464,ModelConfigDialog
FN:487,(anonymous_1)
FN:497,(anonymous_2)
FN:512,(anonymous_3)
FN:546,(anonymous_4)
FN:550,(anonymous_5)
FN:562,(anonymous_6)
FN:563,(anonymous_7)
FN:571,(anonymous_8)
FN:579,(anonymous_9)
FN:610,(anonymous_10)
FN:614,(anonymous_11)
FN:617,(anonymous_12)
FN:631,(anonymous_13)
FN:632,(anonymous_14)
FN:638,(anonymous_15)
FN:639,(anonymous_16)
FN:646,(anonymous_17)
FN:660,(anonymous_18)
FN:676,(anonymous_19)
FN:713,(anonymous_20)
FN:723,(anonymous_21)
FN:751,(anonymous_22)
FN:763,(anonymous_23)
FN:790,(anonymous_24)
FN:799,(anonymous_25)
FN:821,(anonymous_26)
FN:845,(anonymous_27)
FN:848,(anonymous_28)
FN:848,(anonymous_29)
FN:855,(anonymous_30)
FN:909,(anonymous_31)
FN:979,(anonymous_32)
FN:1033,(anonymous_33)
FN:1052,(anonymous_34)
FN:1068,(anonymous_35)
FN:1068,(anonymous_36)
FN:1072,(anonymous_37)
FN:1072,(anonymous_38)
FNF:39
FNH:9
FNDA:53,ModelConfigDialog
FNDA:1,(anonymous_1)
FNDA:0,(anonymous_2)
FNDA:0,(anonymous_3)
FNDA:0,(anonymous_4)
FNDA:0,(anonymous_5)
FNDA:0,(anonymous_6)
FNDA:0,(anonymous_7)
FNDA:0,(anonymous_8)
FNDA:0,(anonymous_9)
FNDA:0,(anonymous_10)
FNDA:0,(anonymous_11)
FNDA:0,(anonymous_12)
FNDA:0,(anonymous_13)
FNDA:0,(anonymous_14)
FNDA:0,(anonymous_15)
FNDA:0,(anonymous_16)
FNDA:0,(anonymous_17)
FNDA:1908,(anonymous_18)
FNDA:0,(anonymous_19)
FNDA:0,(anonymous_20)
FNDA:0,(anonymous_21)
FNDA:0,(anonymous_22)
FNDA:0,(anonymous_23)
FNDA:0,(anonymous_24)
FNDA:270,(anonymous_25)
FNDA:0,(anonymous_26)
FNDA:282,(anonymous_27)
FNDA:1908,(anonymous_28)
FNDA:39990,(anonymous_29)
FNDA:0,(anonymous_30)
FNDA:1908,(anonymous_31)
FNDA:282,(anonymous_32)
FNDA:0,(anonymous_33)
FNDA:0,(anonymous_34)
FNDA:0,(anonymous_35)
FNDA:0,(anonymous_36)
FNDA:0,(anonymous_37)
FNDA:0,(anonymous_38)
DA:3,2
DA:30,2
DA:44,2
DA:45,2
DA:46,2
DA:47,2
DA:94,2
DA:292,2
DA:344,2
DA:464,2
DA:472,53
DA:473,53
DA:474,53
DA:475,53
DA:476,53
DA:477,53
DA:478,53
DA:479,53
DA:484,53
DA:487,53
DA:488,1
DA:489,0
DA:490,0
DA:491,0
DA:492,1
DA:494,0
DA:495,0
DA:496,0
DA:497,0
DA:498,0
DA:500,0
DA:501,0
DA:504,0
DA:505,0
DA:506,0
DA:507,0
DA:512,53
DA:513,0
DA:514,0
DA:517,0
DA:518,0
DA:522,0
DA:523,0
DA:524,0
DA:526,0
DA:527,0
DA:531,0
DA:532,0
DA:533,0
DA:537,0
DA:538,0
DA:539,0
DA:542,0
DA:546,53
DA:547,0
DA:548,0
DA:550,0
DA:551,0
DA:552,0
DA:553,0
DA:554,0
DA:558,0
DA:559,0
DA:562,53
DA:563,0
DA:567,0
DA:570,0
DA:571,0
DA:572,0
DA:573,0
DA:574,0
DA:579,53
DA:581,0
DA:582,0
DA:587,0
DA:590,0
DA:591,0
DA:592,0
DA:593,0
DA:594,0
DA:600,0
DA:606,0
DA:610,53
DA:611,0
DA:614,53
DA:615,0
DA:616,0
DA:617,0
DA:618,0
DA:620,0
DA:621,0
DA:622,0
DA:623,0
DA:624,0
DA:631,53
DA:632,0
DA:638,53
DA:639,0
DA:646,53
DA:647,0
DA:648,0
DA:649,0
DA:652,0
DA:653,0
DA:655,0
DA:657,0
DA:660,53
DA:661,1908
DA:662,1908
DA:663,1908
DA:664,1908
DA:666,1908
DA:668,374
DA:676,0
DA:692,1400
DA:713,0
DA:723,0
DA:751,0
DA:763,0
DA:783,90
DA:790,0
DA:800,270
DA:815,44
DA:821,0
DA:841,0
DA:845,53
DA:846,282
DA:847,282
DA:848,39990
DA:851,282
DA:855,0
DA:910,1908
DA:928,53
DA:929,1
DA:932,52
DA:933,52
DA:935,52
DA:979,282
DA:1033,0
DA:1052,0
DA:1068,0
DA:1072,0
LF:142
LH:54
BRDA:488,0,0,0
BRDA:488,0,1,1
BRDA:488,1,0,1
BRDA:488,1,1,1
BRDA:488,1,2,0
BRDA:492,2,0,0
BRDA:492,2,1,1
BRDA:492,3,0,1
BRDA:492,3,1,1
BRDA:492,3,2,0
BRDA:500,4,0,0
BRDA:500,4,1,0
BRDA:500,5,0,0
BRDA:500,5,1,0
BRDA:514,6,0,0
BRDA:514,6,1,0
BRDA:517,7,0,0
BRDA:517,7,1,0
BRDA:517,8,0,0
BRDA:517,8,1,0
BRDA:517,8,2,0
BRDA:517,8,3,0
BRDA:522,9,0,0
BRDA:522,9,1,0
BRDA:523,10,0,0
BRDA:523,10,1,0
BRDA:523,11,0,0
BRDA:523,11,1,0
BRDA:526,12,0,0
BRDA:526,12,1,0
BRDA:526,13,0,0
BRDA:526,13,1,0
BRDA:531,14,0,0
BRDA:531,14,1,0
BRDA:531,15,0,0
BRDA:531,15,1,0
BRDA:532,16,0,0
BRDA:532,16,1,0
BRDA:537,17,0,0
BRDA:537,17,1,0
BRDA:539,18,0,0
BRDA:539,18,1,0
BRDA:552,19,0,0
BRDA:552,19,1,0
BRDA:570,20,0,0
BRDA:570,20,1,0
BRDA:581,21,0,0
BRDA:581,21,1,0
BRDA:647,22,0,0
BRDA:647,22,1,0
BRDA:648,23,0,0
BRDA:648,23,1,0
BRDA:652,24,0,0
BRDA:652,24,1,0
BRDA:661,25,0,1908
BRDA:661,25,1,1908
BRDA:663,26,0,1908
BRDA:663,26,1,0
BRDA:664,27,0,1908
BRDA:664,27,1,1400
BRDA:666,28,0,374
BRDA:666,28,1,1400
BRDA:666,28,2,90
BRDA:666,28,3,44
BRDA:666,28,4,0
BRDA:695,29,0,0
BRDA:695,29,1,1400
BRDA:695,30,0,1400
BRDA:695,30,1,0
BRDA:706,31,0,0
BRDA:706,31,1,0
BRDA:725,32,0,0
BRDA:725,32,1,0
BRDA:726,33,0,0
BRDA:726,33,1,0
BRDA:727,34,0,0
BRDA:727,34,1,0
BRDA:738,35,0,0
BRDA:738,35,1,0
BRDA:751,36,0,0
BRDA:751,36,1,0
BRDA:756,37,0,184
BRDA:756,37,1,1216
BRDA:760,38,0,1216
BRDA:760,38,1,0
BRDA:801,39,0,270
BRDA:801,39,1,90
BRDA:805,40,0,90
BRDA:805,40,1,0
BRDA:858,41,0,0
BRDA:858,41,1,282
BRDA:913,42,0,1908
BRDA:913,42,1,0
BRDA:914,43,0,1908
BRDA:914,43,1,88
BRDA:915,44,0,1908
BRDA:915,44,1,1908
BRDA:916,45,0,1908
BRDA:916,45,1,1908
BRDA:928,46,0,1
BRDA:928,46,1,52
BRDA:928,47,0,53
BRDA:928,47,1,52
BRDA:966,48,0,52
BRDA:966,48,1,0
BRDA:1011,49,0,52
BRDA:1011,49,1,0
BRDA:1011,49,2,0
BRDA:1012,50,0,0
BRDA:1012,50,1,52
BRDA:1025,51,0,0
BRDA:1025,51,1,52
BRDA:1075,52,0,52
BRDA:1075,52,1,0
BRF:114
BRH:40
end_of_record
TN:
SF:src/components/ui/ModelConfigDialogImproved.tsx
FN:451,ModelConfigDialog
FN:471,(anonymous_1)
FN:480,(anonymous_2)
FN:492,(anonymous_3)
FN:495,(anonymous_4)
FN:499,(anonymous_5)
FN:501,(anonymous_6)
FN:511,(anonymous_7)
FN:513,(anonymous_8)
FN:538,(anonymous_9)
FN:543,(anonymous_10)
FN:553,(anonymous_11)
FN:557,(anonymous_12)
FN:568,(anonymous_13)
FN:574,(anonymous_14)
FN:575,(anonymous_15)
FN:578,(anonymous_16)
FN:602,(anonymous_17)
FN:635,(anonymous_18)
FN:640,(anonymous_19)
FN:661,(anonymous_20)
FN:670,(anonymous_21)
FN:699,(anonymous_22)
FN:712,(anonymous_23)
FN:749,(anonymous_24)
FN:773,(anonymous_25)
FN:794,(anonymous_26)
FN:816,(anonymous_27)
FN:845,(anonymous_28)
FN:850,(anonymous_29)
FN:879,(anonymous_30)
FN:898,(anonymous_31)
FN:929,(anonymous_32)
FN:934,(anonymous_33)
FN:942,(anonymous_34)
FN:946,(anonymous_35)
FN:974,(anonymous_36)
FN:982,(anonymous_37)
FNF:38
FNH:0
FNDA:0,ModelConfigDialog
FNDA:0,(anonymous_1)
FNDA:0,(anonymous_2)
[...]
BRDA:303,17,0,4
BRDA:303,17,1,0
BRDA:304,18,0,4
BRDA:304,18,1,0
BRDA:305,19,0,4
BRDA:305,19,1,2
BRDA:306,20,0,4
BRDA:306,20,1,0
BRDA:307,21,0,4
BRDA:307,21,1,0
BRDA:317,22,0,4
BRDA:317,22,1,0
BRDA:340,23,0,4
BRDA:340,23,1,0
BRDA:354,24,0,1
BRDA:354,24,1,3
BRDA:368,25,0,1
BRDA:368,25,1,2
BRDA:398,26,0,2
BRDA:398,26,1,0
BRDA:401,27,0,0
BRDA:401,27,1,0
BRDA:404,28,0,0
BRDA:404,28,1,0
BRDA:407,29,0,0
BRDA:407,29,1,0
BRDA:424,30,0,0
BRDA:424,30,1,0
BRDA:426,31,0,0
BRDA:426,31,1,0
BRDA:431,32,0,0
BRDA:431,32,1,0
BRDA:433,33,0,0
BRDA:433,33,1,0
BRDA:451,34,0,0
BRDA:451,34,1,0
BRDA:455,35,0,0
BRDA:455,35,1,0
BRDA:458,36,0,0
BRDA:458,36,1,0
BRDA:473,37,0,0
BRDA:473,37,1,0
BRDA:481,38,0,2
BRDA:481,38,1,0
BRDA:493,39,0,0
BRDA:493,39,1,3
BRDA:520,40,0,0
BRDA:520,40,1,0
BRDA:533,41,0,14
BRDA:533,41,1,1
BRDA:537,42,0,1
BRDA:537,42,1,0
BRDA:546,43,0,14
BRDA:546,43,1,1
BRDA:549,44,0,14
BRDA:549,44,1,1
BRDA:552,45,0,0
BRDA:552,45,1,15
BRDA:557,46,0,13
BRDA:557,46,1,2
BRDA:557,47,0,15
BRDA:557,47,1,14
BRDA:560,48,0,0
BRDA:560,48,1,15
BRDA:560,49,0,15
BRDA:560,49,1,0
BRDA:565,50,0,13
BRDA:565,50,1,2
BRDA:565,51,0,15
BRDA:565,51,1,14
BRDA:568,52,0,0
BRDA:568,52,1,15
BRDA:568,53,0,15
BRDA:568,53,1,0
BRDA:573,54,0,1
BRDA:573,54,1,14
BRDA:575,55,0,1
BRDA:575,55,1,13
BRDA:580,56,0,14
BRDA:580,56,1,1
BRDA:583,57,0,0
BRDA:583,57,1,15
BRDA:586,58,0,0
BRDA:586,58,1,15
BRDA:589,59,0,0
BRDA:589,59,1,15
BRDA:594,60,0,0
BRDA:594,60,1,15
BRDA:594,61,0,15
BRDA:594,61,1,1
BRDA:599,62,0,0
BRDA:599,62,1,15
BRDA:599,63,0,15
BRDA:599,63,1,1
BRDA:604,64,0,0
BRDA:604,64,1,15
BRDA:609,65,0,0
BRDA:609,65,1,15
BRDA:612,66,0,0
BRDA:612,66,1,15
BRDA:617,67,0,14
BRDA:617,67,1,1
BRDA:622,68,0,0
BRDA:622,68,1,15
BRDA:625,69,0,0
BRDA:625,69,1,15
BRDA:628,70,0,0
BRDA:628,70,1,15
BRDA:631,71,0,0
BRDA:631,71,1,15
BRDA:634,72,0,0
BRDA:634,72,1,15
BRDA:637,73,0,0
BRDA:637,73,1,15
BRDA:640,74,0,0
BRDA:640,74,1,15
BRDA:640,75,0,15
BRDA:640,75,1,0
BRDA:643,76,0,0
BRDA:643,76,1,15
BRDA:643,77,0,15
BRDA:643,77,1,0
BRDA:646,78,0,0
BRDA:646,78,1,15
BRDA:646,79,0,15
BRDA:646,79,1,0
BRDA:649,80,0,0
BRDA:649,80,1,15
BRDA:649,81,0,15
BRDA:649,81,1,0
BRDA:652,82,0,0
BRDA:652,82,1,15
BRDA:652,83,0,15
BRDA:652,83,1,0
BRDA:655,84,0,0
BRDA:655,84,1,15
BRDA:655,85,0,15
BRDA:655,85,1,0
BRDA:658,86,0,0
BRDA:658,86,1,15
BRDA:658,87,0,15
BRDA:658,87,1,0
BRDA:661,88,0,0
BRDA:661,88,1,15
BRDA:661,89,0,15
BRDA:661,89,1,0
BRDA:664,90,0,0
BRDA:664,90,1,15
BRDA:664,91,0,15
BRDA:664,91,1,0
BRDA:667,92,0,0
BRDA:667,92,1,15
BRDA:667,93,0,15
BRDA:667,93,1,0
BRDA:670,94,0,0
BRDA:670,94,1,15
BRDA:670,95,0,15
BRDA:670,95,1,0
BRDA:673,96,0,0
BRDA:673,96,1,15
BRDA:673,97,0,15
BRDA:673,97,1,0
BRDA:676,98,0,0
BRDA:676,98,1,15
BRDA:676,99,0,15
BRDA:676,99,1,0
BRDA:679,100,0,0
BRDA:679,100,1,15
BRDA:679,101,0,15
BRDA:679,101,1,0
BRDA:682,102,0,0
BRDA:682,102,1,15
BRDA:682,103,0,15
BRDA:682,103,1,0
BRDA:685,104,0,0
BRDA:685,104,1,15
BRDA:685,105,0,15
BRDA:685,105,1,0
BRDA:688,106,0,0
BRDA:688,106,1,15
BRDA:688,107,0,15
BRDA:688,107,1,0
BRDA:691,108,0,0
BRDA:691,108,1,15
BRDA:691,109,0,15
BRDA:691,109,1,0
BRDA:694,110,0,0
BRDA:694,110,1,15
BRDA:694,111,0,15
BRDA:694,111,1,0
BRDA:697,112,0,0
BRDA:697,112,1,15
BRDA:697,113,0,15
BRDA:697,113,1,0
BRDA:700,114,0,0
BRDA:700,114,1,15
BRDA:703,115,0,0
BRDA:703,115,1,15
BRDA:708,116,0,1
BRDA:708,116,1,14
BRDA:720,117,0,16
BRDA:723,118,0,3
BRDA:723,118,1,16
BRDA:726,119,0,2
BRDA:726,119,1,17
BRDA:749,120,0,0
BRDA:749,120,1,2
BRDA:755,121,0,20
BRDA:755,121,1,0
BRDA:770,122,0,71
BRDA:770,122,1,10
BRDA:770,122,2,3
BRDA:770,122,3,0
BRF:247
BRH:138
end_of_record
TN:
SF:src/server/services/fit-params-service.ts
FN:39,parseModelFilename
FN:95,parseFitParamsOutput
FN:148,analyzeModel
FN:230,analyzeModels
FN:251,shouldAnalyze
FNF:5
FNH:5
FNDA:17,parseModelFilename
FNDA:8,parseFitParamsOutput
FNDA:10,analyzeModel
FNDA:3,analyzeModels
FNDA:5,shouldAnalyze
DA:1,1
DA:2,1
DA:3,1
DA:4,1
DA:5,1
DA:7,1
DA:8,1
DA:11,1
DA:12,1
DA:13,1
DA:14,1
DA:40,17
DA:41,17
DA:43,17
DA:44,17
DA:45,17
DA:46,17
DA:49,17
DA:50,17
DA:51,3
DA:55,17
DA:56,17
DA:57,6
DA:61,17
DA:69,17
DA:70,68
DA:71,68
DA:72,7
DA:73,7
DA:78,17
DA:79,17
DA:80,1
DA:83,17
DA:96,8
DA:107,8
DA:109,8
DA:111,26
DA:112,26
DA:113,6
DA:117,26
DA:118,26
DA:119,4
DA:123,26
DA:124,26
DA:125,1
DA:129,26
DA:130,26
DA:131,4
DA:132,4
DA:135,26
DA:136,26
DA:137,3
DA:138,3
DA:142,8
DA:149,10
DA:151,10
DA:152,10
DA:155,10
DA:156,2
DA:160,8
DA:161,1
DA:165,7
DA:167,7
DA:170,7
DA:174,4
DA:175,4
DA:178,4
DA:181,4
DA:183,4
DA:191,6
DA:192,6
DA:194,6
DA:197,6
DA:205,6
DA:206,6
DA:207,4
DA:210,0
DA:213,6
DA:231,3
DA:233,3
DA:235,3
DA:236,4
DA:237,4
DA:238,4
DA:240,0
DA:244,3
DA:245,3
DA:255,5
DA:256,2
DA:260,3
DA:261,1
DA:265,2
DA:266,2
DA:268,2
DA:272,1
DA:273,1
DA:274,1
DA:275,1
DA:276,1
LF:99
LH:97
BRDA:11,0,0,1
BRDA:11,0,1,1
BRDA:12,1,0,1
BRDA:12,1,1,1
BRDA:13,2,0,1
BRDA:13,2,1,1
BRDA:41,3,0,16
BRDA:41,3,1,1
BRDA:50,4,0,3
BRDA:50,4,1,14
BRDA:56,5,0,6
BRDA:56,5,1,11
BRDA:71,6,0,7
BRDA:71,6,1,61
BRDA:79,7,0,1
BRDA:79,7,1,16
BRDA:112,8,0,6
BRDA:112,8,1,20
BRDA:118,9,0,4
BRDA:118,9,1,22
BRDA:124,10,0,1
BRDA:124,10,1,25
BRDA:130,11,0,4
BRDA:130,11,1,22
BRDA:132,12,0,3
BRDA:132,12,1,1
BRDA:136,13,0,3
BRDA:136,13,1,23
BRDA:138,14,0,2
BRDA:138,14,1,1
BRDA:155,15,0,2
BRDA:155,15,1,8
BRDA:160,16,0,1
BRDA:160,16,1,7
BRDA:187,17,0,4
BRDA:187,17,1,4
BRDA:192,18,0,6
BRDA:192,18,1,0
BRDA:206,19,0,4
BRDA:206,19,1,2
BRDA:255,20,0,2
BRDA:255,20,1,3
BRDA:255,21,0,5
BRDA:255,21,1,4
BRDA:260,22,0,1
BRDA:260,22,1,2
BRF:46
BRH:45
end_of_record
TN:
SF:src/server/services/index.ts
FN:2,(anonymous_0)
FNF:1
FNH:1
FNDA:5,(anonymous_0)
DA:2,6
LF:1
LH:1
BRF:0
BRH:0
end_of_record
TN:
SF:src/server/services/llama/LlamaService.ts
FN:20,(anonymous_0)
FN:31,(anonymous_1)
FN:35,(anonymous_2)
FN:39,(anonymous_3)
FN:74,(anonymous_4)
FN:87,(anonymous_5)
FN:97,(anonymous_6)
FN:101,(anonymous_7)
FN:105,(anonymous_8)
FN:110,(anonymous_9)
FN:124,(anonymous_10)
FN:132,(anonymous_11)
FN:146,(anonymous_12)
FNF:13
FNH:1
FNDA:1,(anonymous_0)
FNDA:0,(anonymous_1)
FNDA:0,(anonymous_2)
FNDA:0,(anonymous_3)
FNDA:0,(anonymous_4)
FNDA:0,(anonymous_5)
FNDA:0,(anonymous_6)
FNDA:0,(anonymous_7)
FNDA:0,(anonymous_8)
FNDA:0,(anonymous_9)
FNDA:0,(anonymous_10)
FNDA:0,(anonymous_11)
FNDA:0,(anonymous_12)
DA:2,1
DA:3,1
DA:4,1
DA:5,1
DA:6,1
DA:7,1
DA:8,1
DA:10,1
DA:12,1
DA:21,1
DA:22,1
DA:23,1
DA:24,1
DA:25,1
DA:26,1
DA:28,1
DA:32,0
DA:36,0
DA:40,0
DA:42,0
DA:43,0
DA:44,0
DA:47,0
DA:48,0
DA:49,0
DA:52,0
DA:54,0
DA:55,0
DA:56,0
DA:57,0
DA:58,0
DA:59,0
DA:60,0
DA:61,0
DA:64,0
DA:65,0
DA:67,0
DA:68,0
DA:69,0
DA:70,0
DA:75,0
DA:76,0
DA:77,0
DA:79,0
DA:80,0
DA:81,0
DA:84,0
DA:88,0
DA:89,0
DA:91,0
DA:95,0
DA:97,0
DA:98,0
DA:101,0
DA:102,0
DA:105,0
DA:106,0
DA:107,0
DA:110,0
DA:111,0
DA:112,0
DA:113,0
DA:117,0
DA:118,0
DA:120,0
DA:121,0
DA:125,0
DA:126,0
DA:127,0
DA:129,0
DA:131,0
DA:132,0
DA:134,0
DA:137,0
DA:140,0
DA:141,0
DA:142,0
DA:147,0
DA:149,0
DA:150,0
DA:153,0
DA:154,0
DA:157,0
DA:158,0
DA:159,0
DA:161,0
DA:164,0
DA:166,0
DA:168,0
DA:169,0
DA:171,0
DA:172,0
DA:173,0
LF:93
LH:16
BRDA:42,0,0,0
BRDA:42,0,1,0
BRDA:47,1,0,0
BRDA:47,1,1,0
BRDA:56,2,0,0
BRDA:56,2,1,0
BRDA:67,3,0,0
BRDA:67,3,1,0
BRDA:79,4,0,0
BRDA:79,4,1,0
BRDA:89,5,0,0
BRDA:89,5,1,0
BRDA:112,6,0,0
BRDA:112,6,1,0
BRDA:134,7,0,0
BRDA:134,7,1,0
BRDA:140,8,0,0
BRDA:140,8,1,0
BRDA:149,9,0,0
BRDA:149,9,1,0
BRDA:171,10,0,0
BRDA:171,10,1,0
BRF:22
BRH:0
end_of_record
TN:
SF:src/server/services/llama/argumentBuilder.ts
FN:4,(anonymous_0)
FNF:1
FNH:1
FNDA:40,(anonymous_0)
DA:3,2
DA:5,40
DA:8,40
DA:9,2
DA:10,38
DA:11,1
DA:15,40
DA:16,40
DA:19,40
DA:20,40
DA:21,40
DA:22,2
DA:25,40
DA:26,2
DA:27,40
DA:28,2
DA:31,40
DA:32,2
DA:33,40
DA:34,2
DA:37,40
DA:38,2
DA:39,38
DA:40,1
DA:44,40
DA:45,2
DA:46,40
DA:47,40
DA:48,40
DA:49,2
DA:52,40
DA:53,2
DA:56,40
DA:57,2
DA:60,40
DA:63,40
DA:64,40
DA:67,40
DA:70,40
DA:71,40
DA:72,40
DA:73,40
DA:74,40
DA:75,40
DA:78,40
DA:80,40
LF:46
LH:46
BRDA:8,0,0,2
BRDA:8,0,1,38
BRDA:10,1,0,1
BRDA:10,1,1,37
BRDA:19,2,0,2
BRDA:19,2,1,38
BRDA:20,3,0,2
BRDA:20,3,1,38
BRDA:21,4,0,2
BRDA:21,4,1,38
BRDA:25,5,0,2
BRDA:25,5,1,38
BRDA:25,6,0,40
BRDA:25,6,1,3
BRDA:27,7,0,2
BRDA:27,7,1,38
BRDA:27,8,0,40
BRDA:27,8,1,3
BRDA:31,9,0,2
BRDA:31,9,1,38
BRDA:31,10,0,40
BRDA:31,10,1,3
BRDA:33,11,0,2
BRDA:33,11,1,38
BRDA:33,12,0,40
BRDA:33,12,1,3
BRDA:37,13,0,2
BRDA:37,13,1,38
BRDA:39,14,0,1
BRDA:39,14,1,37
BRDA:44,15,0,2
BRDA:44,15,1,38
BRDA:46,16,0,2
BRDA:46,16,1,38
BRDA:47,17,0,2
BRDA:47,17,1,38
BRDA:48,18,0,2
BRDA:48,18,1,38
BRDA:52,19,0,2
BRDA:52,19,1,38
BRDA:52,20,0,40
BRDA:52,20,1,3
BRDA:56,21,0,2
BRDA:56,21,1,38
BRDA:56,22,0,40
BRDA:56,22,1,3
BRDA:60,23,0,1
BRDA:60,23,1,39
BRDA:63,24,0,1
BRDA:63,24,1,39
BRDA:64,25,0,1
BRDA:64,25,1,39
BRDA:67,26,0,2
BRDA:67,26,1,38
BRDA:70,27,0,1
BRDA:70,27,1,39
BRDA:71,28,0,1
BRDA:71,28,1,39
BRDA:72,29,0,1
BRDA:72,29,1,39
BRDA:73,30,0,1
BRDA:73,30,1,39
BRDA:74,31,0,1
BRDA:74,31,1,39
BRDA:75,32,0,1
BRDA:75,32,1,39
BRDA:78,33,0,2
BRDA:78,33,1,38
BRF:68
BRH:68
end_of_record
TN:
SF:src/server/services/llama/healthCheck.ts
FN:9,(anonymous_1)
FN:23,(anonymous_2)
FN:27,(anonymous_3)
FN:36,(anonymous_4)
FN:50,(anonymous_5)
FNF:5
FNH:4
FNDA:25,(anonymous_1)
FNDA:0,(anonymous_2)
FNDA:147,(anonymous_3)
FNDA:9,(anonymous_4)
FNDA:137,(anonymous_5)
DA:1,2
DA:3,2
DA:16,25
DA:17,25
DA:18,25
DA:20,25
DA:23,0
DA:28,147
DA:29,147
DA:30,10
DA:32,137
DA:37,9
DA:39,9
DA:40,143
DA:41,143
DA:42,143
DA:43,6
DA:49,137
DA:50,137
DA:51,137
DA:55,3
LF:21
LH:20
BRDA:12,0,0,2
BRDA:13,1,0,2
BRDA:14,2,0,2
BRDA:42,3,0,6
BRDA:42,3,1,137
BRF:5
BRH:5
end_of_record
TN:
SF:src/server/services/llama/modelLoader.ts
FN:10,(anonymous_1)
FN:15,(anonymous_2)
FN:19,(anonymous_3)
FN:29,(anonymous_4)
FN:46,(anonymous_5)
FN:58,(anonymous_6)
FN:61,(anonymous_7)
FN:77,(anonymous_8)
FNF:8
FNH:7
FNDA:26,(anonymous_1)
FNDA:0,(anonymous_2)
FNDA:11,(anonymous_3)
FNDA:5,(anonymous_4)
FNDA:12,(anonymous_5)
FNDA:12,(anonymous_6)
FNDA:10,(anonymous_7)
FNDA:3,(anonymous_8)
DA:1,2
DA:2,2
DA:3,2
DA:6,2
DA:11,26
DA:12,26
DA:15,0
DA:20,11
DA:21,11
DA:23,8
DA:24,6
DA:28,6
DA:29,5
DA:40,4
DA:42,3
DA:47,12
DA:48,1
DA:51,11
DA:52,2
DA:55,9
DA:56,9
DA:57,8
DA:58,12
DA:61,8
DA:62,10
DA:63,10
DA:64,9
DA:73,2
DA:78,3
DA:79,3
DA:82,2
LF:31
LH:30
BRDA:23,0,0,6
BRDA:23,0,1,2
BRDA:23,1,0,8
BRDA:23,1,1,7
BRDA:24,2,0,4
BRDA:24,2,1,2
BRDA:26,3,0,2
BRDA:26,3,1,1
BRDA:28,4,0,4
BRDA:28,4,1,2
BRDA:28,5,0,6
BRDA:28,5,1,5
BRDA:30,6,0,5
BRDA:30,6,1,1
BRDA:31,7,0,5
BRDA:31,7,1,1
BRDA:33,8,0,5
BRDA:33,8,1,0
BRDA:34,9,0,5
BRDA:34,9,1,0
BRDA:47,10,0,1
BRDA:47,10,1,11
BRDA:51,11,0,2
BRDA:51,11,1,9
BRDA:58,12,0,12
BRDA:58,12,1,5
BRDA:62,13,0,10
BRDA:62,13,1,0
BRDA:68,14,0,6
BRDA:68,14,1,3
BRF:30
BRH:27
end_of_record
TN:
SF:src/server/services/llama/processManager.ts
FN:3,(anonymous_0)
FN:6,(anonymous_1)
FN:10,(anonymous_2)
FN:14,(anonymous_3)
FN:22,(anonymous_4)
FN:27,(anonymous_5)
FN:33,(anonymous_6)
FN:39,(anonymous_7)
FN:49,(anonymous_8)
FN:56,(anonymous_9)
FN:64,(anonymous_10)
FN:69,(anonymous_11)
FN:71,(anonymous_12)
FNF:13
FNH:13
FNDA:28,(anonymous_0)
FNDA:6,(anonymous_1)
FNDA:3,(anonymous_2)
FNDA:22,(anonymous_3)
FNDA:8,(anonymous_4)
FNDA:7,(anonymous_5)
FNDA:2,(anonymous_6)
FNDA:5,(anonymous_7)
FNDA:6,(anonymous_8)
FNDA:3,(anonymous_9)
FNDA:2,(anonymous_10)
FNDA:3,(anonymous_11)
FNDA:1,(anonymous_12)
DA:1,2
DA:3,2
DA:4,28
DA:7,6
DA:11,3
DA:15,22
DA:19,22
DA:23,8
DA:24,1
DA:27,7
DA:28,7
DA:29,0
DA:30,0
DA:33,7
DA:34,2
DA:35,2
DA:36,2
DA:39,7
DA:40,5
DA:41,5
DA:42,5
DA:45,7
DA:53,6
DA:55,5
DA:56,5
DA:57,3
DA:58,3
DA:59,2
DA:65,2
DA:66,1
DA:70,3
DA:71,2
DA:72,1
LF:33
LH:31
BRDA:11,0,0,3
BRDA:11,0,1,2
BRDA:22,1,0,4
BRDA:22,2,0,6
BRDA:23,3,0,1
BRDA:23,3,1,7
BRDA:28,4,0,0
BRDA:28,4,1,7
BRDA:51,5,0,1
BRDA:53,6,0,1
BRDA:53,6,1,5
BRDA:55,7,0,4
BRDA:55,7,1,1
BRDA:58,8,0,2
BRDA:58,8,1,1
BRDA:65,9,0,1
BRDA:65,9,1,1
BRDA:70,10,0,1
BRDA:70,10,1,2
BRF:19
BRH:18
end_of_record
TN:
SF:src/server/services/llama/retryHandler.ts
FN:6,(anonymous_0)
FN:16,(anonymous_1)
FN:20,(anonymous_2)
FN:25,(anonymous_3)
FN:27,(anonymous_4)
FNF:5
FNH:5
FNDA:33,(anonymous_0)
FNDA:19,(anonymous_1)
FNDA:58,(anonymous_2)
FNDA:14,(anonymous_3)
FNDA:14,(anonymous_4)
DA:1,2
DA:11,33
DA:12,33
DA:13,33
DA:17,19
DA:21,58
DA:22,58
DA:26,14
DA:27,14
LF:9
LH:9
BRDA:7,0,0,25
BRDA:8,1,0,26
BRDA:9,2,0,27
BRF:3
BRH:3
end_of_record
TN:
SF:src/server/services/llama/stateManager.ts
FN:11,(anonymous_0)
FN:22,(anonymous_1)
FN:26,(anonymous_2)
FN:37,(anonymous_3)
FN:42,(anonymous_4)
FN:47,(anonymous_5)
FN:52,(anonymous_6)
FN:58,(anonymous_7)
FN:68,(anonymous_8)
FN:75,(anonymous_9)
FN:79,(anonymous_10)
FN:80,(anonymous_11)
FNF:12
FNH:12
FNDA:32,(anonymous_0)
FNDA:57,(anonymous_1)
FNDA:23,(anonymous_2)
FNDA:5,(anonymous_3)
FNDA:12,(anonymous_4)
FNDA:2,(anonymous_5)
FNDA:10,(anonymous_6)
FNDA:20,(anonymous_7)
FNDA:4,(anonymous_8)
FNDA:14,(anonymous_9)
FNDA:62,(anonymous_10)
FNDA:21,(anonymous_11)
DA:2,2
DA:4,2
DA:6,2
DA:8,32
DA:9,32
DA:12,32
DA:23,57
DA:27,23
DA:28,23
DA:29,7
DA:31,23
DA:32,7
DA:34,23
DA:38,5
DA:39,5
DA:43,12
DA:44,12
DA:48,2
DA:49,2
DA:53,10
DA:54,2
DA:57,10
DA:58,10
DA:59,20
DA:60,20
DA:63,20
DA:69,4
DA:70,3
DA:71,3
DA:76,14
DA:80,62
DA:81,21
DA:82,21
DA:84,1
LF:34
LH:34
BRDA:26,0,0,16
BRDA:28,1,0,7
BRDA:28,1,1,16
BRDA:31,2,0,7
BRDA:31,2,1,16
BRDA:53,3,0,2
BRDA:53,3,1,8
BRDA:59,4,0,20
BRDA:59,4,1,0
BRDA:69,5,0,3
BRDA:69,5,1,1
BRF:11
BRH:10
end_of_record
TN:
SF:src/services/api-service.ts
FN:8,(anonymous_0)
FN:13,(anonymous_1)
FN:22,(anonymous_2)
FN:30,(anonymous_3)
FN:39,(anonymous_4)
FN:48,(anonymous_5)
FN:57,(anonymous_6)
FN:66,(anonymous_7)
FN:76,(anonymous_8)
FN:85,(anonymous_9)
FN:96,(anonymous_10)
FN:105,(anonymous_11)
FN:115,(anonymous_12)
FN:119,(anonymous_13)
FN:129,(anonymous_14)
FN:133,(anonymous_15)
FN:137,(anonymous_16)
FN:142,(anonymous_17)
FN:147,(anonymous_18)
FN:151,(anonymous_19)
FN:156,(anonymous_20)
FN:160,(anonymous_21)
FN:165,(anonymous_22)
FN:169,(anonymous_23)
FNF:24
FNH:24
FNDA:6,(anonymous_0)
FNDA:25,(anonymous_1)
FNDA:9,(anonymous_2)
FNDA:5,(anonymous_3)
FNDA:6,(anonymous_4)
FNDA:5,(anonymous_5)
FNDA:19,(anonymous_6)
FNDA:11,(anonymous_7)
FNDA:8,(anonymous_8)
FNDA:6,(anonymous_9)
FNDA:6,(anonymous_10)
FNDA:5,(anonymous_11)
FNDA:3,(anonymous_12)
FNDA:5,(anonymous_13)
FNDA:2,(anonymous_14)
FNDA:2,(anonymous_15)
FNDA:2,(anonymous_16)
FNDA:3,(anonymous_17)
FNDA:3,(anonymous_18)
FNDA:3,(anonymous_19)
FNDA:4,(anonymous_20)
FNDA:3,(anonymous_21)
FNDA:2,(anonymous_22)
FNDA:2,(anonymous_23)
DA:1,6
DA:2,6
DA:9,6
DA:14,25
DA:15,21
DA:16,13
DA:17,13
DA:19,8
DA:23,9
DA:24,8
DA:25,4
DA:27,4
DA:31,5
DA:32,5
DA:33,2
DA:34,2
DA:36,3
DA:40,6
DA:41,6
DA:42,3
DA:43,3
DA:45,3
DA:49,5
DA:50,5
DA:51,2
DA:52,2
DA:54,3
DA:58,19
DA:59,18
DA:60,11
DA:61,11
DA:63,7
DA:67,11
DA:68,11
DA:69,7
DA:70,7
DA:72,4
DA:77,8
DA:78,8
DA:79,4
DA:80,4
DA:82,4
DA:86,6
DA:89,6
DA:90,2
DA:92,4
DA:97,6
DA:98,6
DA:99,3
DA:100,3
DA:102,3
DA:106,5
DA:107,5
DA:108,1
DA:109,1
DA:111,4
DA:116,3
DA:120,5
DA:121,5
DA:122,2
DA:123,2
DA:125,3
DA:130,2
DA:134,2
DA:138,2
DA:143,3
DA:148,3
DA:152,3
DA:157,4
DA:161,3
DA:166,2
DA:170,2
DA:174,6
LF:73
LH:73
BRDA:15,0,0,13
BRDA:15,0,1,8
BRDA:15,1,0,21
BRDA:15,1,1,14
BRDA:19,2,0,8
BRDA:19,2,1,3
BRDA:24,3,0,4
BRDA:24,3,1,4
BRDA:24,4,0,8
BRDA:24,4,1,5
BRDA:27,5,0,4
BRDA:27,5,1,2
BRDA:32,6,0,2
BRDA:32,6,1,3
BRDA:32,7,0,5
BRDA:32,7,1,2
BRDA:36,8,0,3
BRDA:36,8,1,1
BRDA:41,9,0,3
BRDA:41,9,1,3
BRDA:41,10,0,6
BRDA:41,10,1,3
BRDA:45,11,0,3
BRDA:45,11,1,1
BRDA:50,12,0,2
BRDA:50,12,1,3
BRDA:54,13,0,3
BRDA:54,13,1,1
BRDA:59,14,0,11
BRDA:59,14,1,7
BRDA:59,15,0,18
BRDA:59,15,1,11
BRDA:63,16,0,7
BRDA:63,16,1,1
BRDA:68,17,0,7
BRDA:68,17,1,4
BRDA:68,18,0,11
BRDA:68,18,1,7
BRDA:72,19,0,4
BRDA:72,19,1,1
BRDA:78,20,0,4
BRDA:78,20,1,4
BRDA:78,21,0,8
BRDA:78,21,1,4
BRDA:82,22,0,4
BRDA:82,22,1,1
BRDA:89,23,0,2
BRDA:89,23,1,4
BRDA:89,24,0,6
BRDA:89,24,1,2
BRDA:92,25,0,4
BRDA:92,25,1,2
BRDA:98,26,0,3
BRDA:98,26,1,3
BRDA:98,27,0,6
BRDA:98,27,1,3
BRDA:102,28,0,3
BRDA:102,28,1,1
BRDA:107,29,0,1
BRDA:107,29,1,4
BRDA:111,30,0,4
BRDA:111,30,1,2
BRDA:121,31,0,2
BRDA:121,31,1,3
BRDA:121,32,0,5
BRDA:121,32,1,2
BRDA:125,33,0,3
BRDA:125,33,1,1
BRF:68
BRH:68
end_of_record
TN:
SF:src/styles/theme.ts
FNF:0
FNH:0
DA:2,1
DA:3,1
DA:6,1
DA:108,1
DA:237,1
DA:293,1
DA:348,1
DA:351,1
LF:8
LH:8
BRF:0
BRH:0
end_of_record
TN:
SF:src/utils/api-client.ts
FN:9,(anonymous_1)
FN:20,(anonymous_2)
FN:29,(anonymous_3)
FN:33,(anonymous_4)
FN:38,(anonymous_5)
FN:47,(anonymous_6)
FN:54,(anonymous_7)
FN:57,(anonymous_8)
FN:81,(anonymous_9)
FN:115,(anonymous_10)
FN:128,(anonymous_11)
FN:145,(anonymous_12)
FN:162,(anonymous_13)
FN:175,(anonymous_14)
FNF:14
FNH:9
FNDA:55,(anonymous_1)
FNDA:602,(anonymous_2)
FNDA:0,(anonymous_3)
FNDA:100,(anonymous_4)
FNDA:0,(anonymous_5)
FNDA:0,(anonymous_6)
FNDA:0,(anonymous_7)
FNDA:0,(anonymous_8)
FNDA:597,(anonymous_9)
FNDA:565,(anonymous_10)
FNDA:14,(anonymous_11)
FNDA:8,(anonymous_12)
FNDA:7,(anonymous_13)
FNDA:8,(anonymous_14)
DA:1,14
DA:2,14
DA:6,55
DA:10,55
DA:21,602
DA:22,100
DA:23,100
DA:25,556
DA:30,0
DA:34,100
DA:37,49
DA:45,0
DA:48,0
DA:53,3
DA:55,0
DA:58,0
DA:60,0
DA:63,0
DA:66,0
DA:69,0
DA:72,0
DA:76,0
DA:82,597
DA:83,0
DA:92,597
DA:93,0
DA:103,597
DA:116,565
DA:117,565
DA:118,504
DA:124,561
DA:133,14
DA:134,14
DA:135,1
DA:141,13
DA:150,8
DA:151,8
DA:152,0
DA:158,8
DA:163,7
DA:164,7
DA:165,0
DA:171,7
DA:180,8
DA:181,8
DA:182,0
DA:188,8
DA:193,14
DA:194,14
LF:49
LH:33
BRDA:21,0,0,100
BRDA:21,0,1,502
BRDA:34,1,0,51
BRDA:34,1,1,49
BRDA:58,2,0,0
BRDA:58,2,1,0
BRDA:60,3,0,0
BRDA:60,3,1,0
BRDA:60,3,2,0
BRDA:60,3,3,0
BRDA:82,4,0,0
BRDA:82,4,1,597
BRDA:92,5,0,0
BRDA:92,5,1,597
BRF:14
BRH:6
end_of_record
TN:
SF:src/utils/request-idle-callback.ts
FN:24,requestIdleCallbackPromise
FN:28,(anonymous_1)
FN:47,(anonymous_2)
FN:72,(anonymous_3)
FN:90,(anonymous_4)
FN:108,(anonymous_5)
FN:127,isRequestIdleCallbackSupported
FN:138,requestIdleCallback
FN:154,(anonymous_8)
FN:155,(anonymous_9)
FN:164,cancelIdleCallback
FN:182,runTasksInIdle
FN:186,(anonymous_12)
FN:190,(anonymous_13)
FNF:14
FNH:12
FNDA:26,requestIdleCallbackPromise
FNDA:26,(anonymous_1)
FNDA:13,(anonymous_2)
FNDA:4,(anonymous_3)
FNDA:4,(anonymous_4)
FNDA:0,(anonymous_5)
FNDA:5,isRequestIdleCallbackSupported
FNDA:7,requestIdleCallback
FNDA:2,(anonymous_8)
FNDA:0,(anonymous_9)
FNDA:7,cancelIdleCallback
FNDA:7,runTasksInIdle
FNDA:7,(anonymous_12)
FNDA:10,(anonymous_13)
DA:24,3
DA:28,26
DA:29,26
DA:31,0
DA:32,0
DA:33,0
DA:34,0
DA:36,0
DA:39,0
DA:41,0
DA:45,26
DA:46,20
DA:48,13
DA:49,13
DA:50,1
DA:52,13
DA:53,12
DA:54,10
DA:56,2
DA:59,1
DA:64,20
DA:68,6
DA:71,6
DA:72,5
DA:73,4
DA:74,4
DA:75,4
DA:76,4
DA:77,4
DA:78,2
DA:80,2
DA:83,0
DA:89,5
DA:90,5
DA:91,4
DA:92,0
DA:93,0
DA:94,0
DA:95,0
DA:96,0
DA:98,0
DA:101,0
DA:107,1
DA:108,1
DA:109,0
DA:110,0
DA:111,0
DA:112,0
DA:114,0
DA:117,0
DA:127,3
DA:128,5
DA:138,3
DA:142,7
DA:144,0
DA:145,0
DA:148,7
DA:149,4
DA:153,3
DA:154,3
DA:155,2
DA:158,3
DA:164,3
DA:165,7
DA:166,5
DA:167,3
DA:169,2
DA:182,3
DA:186,7
DA:187,7
DA:188,7
DA:190,7
DA:191,10
DA:192,3
DA:193,3
DA:196,7
DA:197,7
DA:198,6
DA:199,6
DA:200,6
DA:202,1
DA:206,7
LF:82
LH:59
BRDA:29,0,0,0
BRDA:29,0,1,26
BRDA:33,1,0,0
BRDA:33,1,1,0
BRDA:45,2,0,20
BRDA:45,2,1,6
BRDA:49,3,0,1
BRDA:49,3,1,12
BRDA:53,4,0,10
BRDA:53,4,1,2
BRDA:71,5,0,5
BRDA:71,5,1,1
BRDA:73,6,0,4
BRDA:73,6,1,0
BRDA:77,7,0,2
BRDA:77,7,1,2
BRDA:89,8,0,5
BRDA:89,8,1,5
BRDA:91,9,0,0
BRDA:91,9,1,4
BRDA:95,10,0,0
BRDA:95,10,1,0
BRDA:107,11,0,1
BRDA:107,11,1,0
BRDA:111,12,0,0
BRDA:111,12,1,0
BRDA:128,13,0,5
BRDA:128,13,1,5
BRDA:142,14,0,0
BRDA:142,14,1,7
BRDA:148,15,0,4
BRDA:148,15,1,3
BRDA:153,16,0,3
BRDA:153,16,1,2
BRDA:165,17,0,5
BRDA:165,17,1,2
BRDA:165,18,0,7
BRDA:165,18,1,5
BRDA:166,19,0,3
BRDA:166,19,1,2
BRDA:191,20,0,3
BRDA:191,20,1,7
BRF:42
BRH:31
end_of_record
TN:
SF:src/workers/template-processor.worker.ts
FN:17,(anonymous_0)
FN:18,(anonymous_1)
FN:25,(anonymous_2)
FNF:3
FNH:0
FNDA:0,(anonymous_0)
FNDA:0,(anonymous_1)
FNDA:0,(anonymous_2)
DA:17,0
DA:18,0
DA:19,0
DA:21,0
DA:23,0
DA:25,0
DA:26,0
DA:27,0
DA:32,0
LF:9
LH:0
BRDA:21,0,0,0
BRDA:21,0,1,0
BRDA:26,1,0,0
BRDA:26,1,1,0
BRDA:26,2,0,0
BRDA:26,2,1,0
BRF:6
BRH:0
end_of_record
