TN:
SF:app/layout.tsx
FN:66,RootLayout
FNF:1
FNH:0
FNDA:0,RootLayout
DA:2,0
DA:3,0
DA:4,0
DA:5,0
DA:6,0
DA:7,0
DA:9,0
DA:16,0
DA:17,0
DA:18,0
DA:19,0
DA:20,0
DA:21,0
DA:22,0
DA:23,0
DA:25,0
DA:29,0
DA:59,0
DA:66,0
DA:71,0
LF:20
LH:0
BRDA:17,0,0,0
BRDA:17,0,1,0
BRDA:17,1,0,0
BRDA:17,1,1,0
BRF:4
BRH:0
end_of_record
TN:
SF:app/not-found.tsx
FN:1,NotFound
FNF:1
FNH:0
FNDA:0,NotFound
DA:1,0
DA:2,0
LF:2
LH:0
BRF:0
BRH:0
end_of_record
TN:
SF:app/page.tsx
FN:11,HomePage
FN:102,(anonymous_2)
FN:146,(anonymous_3)
FNF:3
FNH:0
FNDA:0,HomePage
FNDA:0,(anonymous_2)
FNDA:0,(anonymous_3)
DA:3,0
DA:4,0
DA:7,0
DA:8,0
DA:9,0
DA:11,0
DA:12,0
DA:14,0
DA:41,0
DA:48,0
DA:103,0
DA:147,0
LF:12
LH:0
BRDA:61,0,0,0
BRDA:61,0,1,0
BRDA:62,1,0,0
BRDA:62,1,1,0
BRDA:86,2,0,0
BRDA:86,2,1,0
BRDA:89,3,0,0
BRDA:89,3,1,0
BRDA:110,4,0,0
BRDA:110,4,1,0
BRDA:112,5,0,0
BRDA:112,5,1,0
BRDA:115,6,0,0
BRDA:115,6,1,0
BRDA:120,7,0,0
BRDA:120,7,1,0
BRDA:140,8,0,0
BRDA:140,8,1,0
BRDA:161,9,0,0
BRDA:161,9,1,0
BRDA:168,10,0,0
BRDA:168,10,1,0
BRDA:169,11,0,0
BRDA:169,11,1,0
BRDA:174,12,0,0
BRDA:174,12,1,0
BRDA:175,13,0,0
BRDA:175,13,1,0
BRDA:180,14,0,0
BRDA:180,14,1,0
BRDA:181,15,0,0
BRDA:181,15,1,0
BRDA:186,16,0,0
BRDA:186,16,1,0
BRDA:187,17,0,0
BRDA:187,17,1,0
BRDA:200,18,0,0
BRDA:200,18,1,0
BRF:38
BRH:0
end_of_record
TN:
SF:app/api/config/route.ts
FN:9,POST
FN:58,GET
FNF:2
FNH:0
FNDA:0,POST
FNDA:0,GET
DA:1,0
DA:2,0
DA:3,0
DA:4,0
DA:5,0
DA:7,0
DA:9,0
DA:10,0
DA:11,0
DA:14,0
DA:15,0
DA:16,0
DA:25,0
DA:27,0
DA:28,0
DA:31,0
DA:32,0
DA:35,0
DA:39,0
DA:40,0
DA:43,0
DA:44,0
DA:47,0
DA:49,0
DA:50,0
DA:51,0
DA:58,0
DA:59,0
DA:60,0
DA:65,0
DA:66,0
LF:31
LH:0
BRDA:15,0,0,0
BRDA:15,0,1,0
BRDA:25,1,0,0
BRDA:25,1,1,0
BRDA:27,2,0,0
BRDA:27,2,1,0
BRDA:27,3,0,0
BRDA:27,3,1,0
BRDA:31,4,0,0
BRDA:31,4,1,0
BRDA:31,5,0,0
BRDA:31,5,1,0
BRDA:39,6,0,0
BRDA:39,6,1,0
BRDA:43,7,0,0
BRDA:43,7,1,0
BRDA:49,8,0,0
BRDA:49,8,1,0
BRF:18
BRH:0
end_of_record
TN:
SF:app/api/llama-server/rescan/route.ts
FN:8,POST
FN:13,(anonymous_1)
FNF:2
FNH:0
FNDA:0,POST
FNDA:0,(anonymous_1)
DA:1,0
DA:2,0
DA:3,0
DA:4,0
DA:6,0
DA:8,0
DA:9,0
DA:10,0
DA:13,0
DA:16,0
DA:17,0
DA:18,0
DA:27,0
DA:29,0
DA:42,0
DA:43,0
DA:48,0
DA:49,0
DA:56,0
DA:57,0
DA:59,0
DA:61,0
DA:66,0
DA:67,0
LF:24
LH:0
BRDA:17,0,0,0
BRDA:17,0,1,0
BRDA:27,1,0,0
BRDA:27,1,1,0
BRDA:30,2,0,0
BRDA:30,2,1,0
BRDA:30,2,2,0
BRDA:31,3,0,0
BRDA:31,3,1,0
BRDA:32,4,0,0
BRDA:32,4,1,0
BRDA:33,5,0,0
BRDA:33,5,1,0
BRDA:33,5,2,0
BRDA:34,6,0,0
BRDA:34,6,1,0
BRDA:34,6,2,0
BRDA:35,7,0,0
BRDA:35,7,1,0
BRDA:36,8,0,0
BRDA:36,8,1,0
BRDA:37,9,0,0
BRDA:37,9,1,0
BRDA:38,10,0,0
BRDA:38,10,1,0
BRDA:48,11,0,0
BRDA:48,11,1,0
BRF:27
BRH:0
end_of_record
TN:
SF:app/api/logger/config/route.ts
FN:8,POST
FNF:1
FNH:0
FNDA:0,POST
DA:1,0
DA:2,0
DA:3,0
DA:4,0
DA:6,0
DA:8,0
DA:9,0
DA:10,0
DA:13,0
DA:14,0
DA:15,0
DA:24,0
DA:25,0
DA:26,0
DA:32,0
DA:33,0
DA:34,0
LF:17
LH:0
BRDA:14,0,0,0
BRDA:14,0,1,0
BRDA:24,1,0,0
BRDA:24,1,1,0
BRDA:32,2,0,0
BRDA:32,2,1,0
BRF:6
BRH:0
end_of_record
TN:
SF:app/api/metrics/route.ts
FN:11,generateMockMetrics
FN:62,GET
FNF:2
FNH:0
FNDA:0,generateMockMetrics
FNDA:0,GET
DA:1,0
DA:2,0
DA:3,0
DA:5,0
DA:12,0
DA:15,0
DA:16,0
DA:17,0
DA:18,0
DA:19,0
DA:20,0
DA:21,0
DA:24,0
DA:25,0
DA:26,0
DA:27,0
DA:28,0
DA:31,0
DA:32,0
DA:33,0
DA:34,0
DA:36,0
DA:55,0
DA:62,0
DA:63,0
DA:64,0
DA:67,0
DA:70,0
DA:75,0
DA:76,0
DA:77,0
DA:87,0
DA:88,0
DA:90,0
DA:91,0
DA:92,0
LF:36
LH:0
BRDA:25,0,0,0
BRDA:25,0,1,0
BRDA:26,1,0,0
BRDA:26,1,1,0
BRDA:27,2,0,0
BRDA:27,2,1,0
BRDA:28,3,0,0
BRDA:28,3,1,0
BRDA:31,4,0,0
BRDA:31,4,1,0
BRDA:32,5,0,0
BRDA:32,5,1,0
BRDA:33,6,0,0
BRDA:33,6,1,0
BRDA:34,7,0,0
BRDA:34,7,1,0
BRDA:45,8,0,0
BRDA:45,8,1,0
BRDA:46,9,0,0
BRDA:46,9,1,0
BRDA:47,10,0,0
BRDA:47,10,1,0
BRDA:48,11,0,0
BRDA:48,11,1,0
BRDA:49,12,0,0
BRDA:49,12,1,0
BRDA:50,13,0,0
BRDA:50,13,1,0
BRDA:51,14,0,0
BRDA:51,14,1,0
BRDA:52,15,0,0
BRDA:52,15,1,0
BRDA:75,16,0,0
BRDA:75,16,1,0
BRDA:90,17,0,0
BRDA:90,17,1,0
BRF:36
BRH:0
end_of_record
TN:
SF:app/api/model-templates/route.ts
FN:21,GET
FN:96,POST
FNF:2
FNH:0
FNDA:0,GET
FNDA:0,POST
DA:1,0
DA:2,0
DA:3,0
DA:4,0
DA:5,0
DA:6,0
DA:7,0
DA:9,0
DA:12,0
DA:21,0
DA:22,0
DA:24,0
DA:26,0
DA:28,0
DA:29,0
DA:30,0
DA:33,0
DA:39,0
DA:40,0
DA:46,0
DA:57,0
DA:62,0
DA:70,0
DA:73,0
DA:82,0
DA:83,0
DA:84,0
DA:96,0
DA:97,0
DA:98,0
DA:100,0
DA:103,0
DA:108,0
DA:109,0
DA:113,0
DA:125,0
DA:128,0
DA:131,0
DA:133,0
DA:138,0
DA:146,0
DA:147,0
DA:148,0
LF:43
LH:0
BRDA:26,0,0,0
BRDA:26,0,1,0
BRDA:39,1,0,0
BRDA:39,1,1,0
BRDA:58,2,0,0
BRDA:58,2,1,0
BRDA:59,3,0,0
BRDA:59,3,1,0
BRDA:76,4,0,0
BRDA:76,4,1,0
BRDA:77,5,0,0
BRDA:77,5,1,0
BRDA:82,6,0,0
BRDA:82,6,1,0
BRDA:108,7,0,0
BRDA:108,7,1,0
BRDA:128,8,0,0
BRDA:128,8,1,0
BRDA:135,9,0,0
BRDA:135,9,1,0
BRDA:141,10,0,0
BRDA:141,10,1,0
BRDA:146,11,0,0
BRDA:146,11,1,0
BRF:24
BRH:0
end_of_record
TN:
SF:app/api/models/route.ts
FN:10,GET
FN:35,(anonymous_1)
FNF:2
FNH:0
FNDA:0,GET
FNDA:0,(anonymous_1)
DA:1,0
DA:3,0
DA:5,0
DA:7,0
DA:10,0
DA:11,0
DA:13,0
DA:14,0
DA:18,0
DA:20,0
DA:21,0
DA:27,0
DA:35,0
DA:49,0
DA:51,0
DA:52,0
LF:16
LH:0
BRDA:20,0,0,0
BRDA:20,0,1,0
BRDA:36,1,0,0
BRDA:36,1,1,0
BRDA:38,2,0,0
BRDA:38,2,1,0
BRDA:42,3,0,0
BRDA:42,3,1,0
BRDA:45,4,0,0
BRDA:45,4,1,0
BRF:10
BRH:0
end_of_record
TN:
SF:app/api/models/[name]/analyze/route.ts
FN:9,GET
FN:30,(anonymous_1)
FN:77,POST
FN:98,(anonymous_3)
FNF:4
FNH:0
FNDA:0,GET
FNDA:0,(anonymous_1)
FNDA:0,POST
FNDA:0,(anonymous_3)
DA:1,0
DA:2,0
DA:3,0
DA:9,0
DA:13,0
DA:14,0
DA:16,0
DA:17,0
DA:28,0
DA:29,0
DA:30,0
DA:32,0
DA:33,0
DA:43,0
DA:46,0
DA:48,0
DA:60,0
DA:61,0
DA:62,0
DA:77,0
DA:81,0
DA:82,0
DA:84,0
DA:85,0
DA:96,0
DA:97,0
DA:98,0
DA:100,0
DA:101,0
DA:111,0
DA:113,0
DA:114,0
DA:125,0
DA:126,0
DA:129,0
DA:150,0
DA:152,0
DA:181,0
DA:182,0
DA:183,0
LF:40
LH:0
BRDA:16,0,0,0
BRDA:16,0,1,0
BRDA:32,1,0,0
BRDA:32,1,1,0
BRDA:32,2,0,0
BRDA:32,2,1,0
BRDA:53,3,0,0
BRDA:53,3,1,0
BRDA:60,4,0,0
BRDA:60,4,1,0
BRDA:84,5,0,0
BRDA:84,5,1,0
BRDA:100,6,0,0
BRDA:100,6,1,0
BRDA:100,7,0,0
BRDA:100,7,1,0
BRDA:113,8,0,0
BRDA:113,8,1,0
BRDA:130,9,0,0
BRDA:130,9,1,0
BRDA:131,10,0,0
BRDA:131,10,1,0
BRDA:132,11,0,0
BRDA:132,11,1,0
BRDA:133,12,0,0
BRDA:133,12,1,0
BRDA:134,13,0,0
BRDA:134,13,1,0
BRDA:135,14,0,0
BRDA:135,14,1,0
BRDA:136,15,0,0
BRDA:136,15,1,0
BRDA:137,16,0,0
BRDA:137,16,1,0
BRDA:139,17,0,0
BRDA:139,17,1,0
BRDA:140,18,0,0
BRDA:140,18,1,0
BRDA:141,19,0,0
BRDA:141,19,1,0
BRDA:142,20,0,0
BRDA:142,20,1,0
BRDA:143,21,0,0
BRDA:143,21,1,0
BRDA:169,22,0,0
BRDA:169,22,1,0
BRDA:181,23,0,0
BRDA:181,23,1,0
BRF:48
BRH:0
end_of_record
TN:
SF:app/api/models/[name]/start/route.ts
FN:9,POST
FN:23,(anonymous_1)
FN:88,(anonymous_2)
FN:95,(anonymous_3)
FN:119,(anonymous_4)
FN:159,(anonymous_5)
FN:182,(anonymous_6)
FNF:7
FNH:0
FNDA:0,POST
FNDA:0,(anonymous_1)
FNDA:0,(anonymous_2)
FNDA:0,(anonymous_3)
FNDA:0,(anonymous_4)
FNDA:0,(anonymous_5)
FNDA:0,(anonymous_6)
DA:1,0
DA:2,0
DA:3,0
DA:4,0
DA:5,0
DA:7,0
DA:9,0
DA:13,0
DA:14,0
DA:16,0
DA:17,0
DA:23,0
DA:26,0
DA:29,0
DA:30,0
DA:31,0
DA:40,0
DA:42,0
DA:44,0
DA:45,0
DA:55,0
DA:57,0
DA:58,0
DA:59,0
DA:69,0
DA:70,0
DA:71,0
DA:73,0
DA:74,0
DA:76,0
DA:77,0
DA:87,0
DA:88,0
DA:89,0
DA:92,0
DA:94,0
DA:95,0
DA:96,0
DA:97,0
DA:110,0
DA:111,0
DA:113,0
DA:117,0
DA:118,0
DA:120,0
DA:123,0
DA:125,0
DA:126,0
DA:127,0
DA:138,0
DA:140,0
DA:146,0
DA:147,0
DA:150,0
DA:160,0
DA:163,0
DA:166,0
DA:167,0
DA:182,0
DA:184,0
DA:185,0
DA:189,0
DA:200,0
DA:201,0
DA:211,0
DA:212,0
DA:213,0
LF:67
LH:0
BRDA:16,0,0,0
BRDA:16,0,1,0
BRDA:30,1,0,0
BRDA:30,1,1,0
BRDA:57,2,0,0
BRDA:57,2,1,0
BRDA:70,3,0,0
BRDA:70,3,1,0
BRDA:76,4,0,0
BRDA:76,4,1,0
BRDA:87,5,0,0
BRDA:87,5,1,0
BRDA:89,6,0,0
BRDA:89,6,1,0
BRDA:94,7,0,0
BRDA:94,7,1,0
BRDA:104,8,0,0
BRDA:104,8,1,0
BRDA:110,9,0,0
BRDA:110,9,1,0
BRDA:111,10,0,0
BRDA:111,10,1,0
BRDA:117,11,0,0
BRDA:117,11,1,0
BRDA:120,12,0,0
BRDA:120,12,1,0
BRDA:123,13,0,0
BRDA:123,13,1,0
BRDA:125,14,0,0
BRDA:125,14,1,0
BRDA:138,15,0,0
BRDA:138,15,1,0
BRDA:146,16,0,0
BRDA:146,16,1,0
BRDA:166,17,0,0
BRDA:166,17,1,0
BRDA:184,18,0,0
BRDA:184,18,1,0
BRDA:191,19,0,0
BRDA:191,19,1,0
BRDA:211,20,0,0
BRDA:211,20,1,0
BRF:42
BRH:0
end_of_record
TN:
SF:app/api/models/[name]/stop/route.ts
FN:8,POST
FN:22,(anonymous_1)
FNF:2
FNH:0
FNDA:0,POST
FNDA:0,(anonymous_1)
DA:1,0
DA:2,0
DA:3,0
DA:4,0
DA:6,0
DA:8,0
DA:12,0
DA:13,0
DA:15,0
DA:16,0
DA:22,0
DA:25,0
DA:26,0
DA:27,0
DA:36,0
DA:38,0
DA:43,0
DA:44,0
DA:46,0
DA:56,0
DA:57,0
LF:21
LH:0
BRDA:15,0,0,0
BRDA:15,0,1,0
BRDA:26,1,0,0
BRDA:26,1,1,0
BRDA:36,2,0,0
BRDA:36,2,1,0
BRF:6
BRH:0
end_of_record
TN:
SF:app/api/monitoring/latest/route.ts
FN:28,GET
FN:54,(anonymous_1)
FNF:2
FNH:0
FNDA:0,GET
FNDA:0,(anonymous_1)
DA:1,0
DA:2,0
DA:6,0
DA:28,0
DA:29,0
DA:30,0
DA:33,0
DA:34,0
DA:38,0
DA:41,0
DA:42,0
DA:43,0
DA:44,0
DA:45,0
DA:46,0
DA:49,0
DA:51,0
DA:52,0
DA:53,0
DA:54,0
DA:60,0
DA:65,0
DA:85,0
DA:86,0
DA:95,0
DA:96,0
DA:99,0
LF:27
LH:0
BRDA:51,0,0,0
BRDA:51,0,1,0
BRDA:55,1,0,0
BRDA:55,1,1,0
BRDA:56,2,0,0
BRDA:56,2,1,0
BRDA:95,3,0,0
BRDA:95,3,1,0
BRF:8
BRH:0
end_of_record
TN:
SF:app/dashboard/page.tsx
FN:8,DashboardPage
FNF:1
FNH:0
FNDA:0,DashboardPage
DA:3,0
DA:4,0
DA:5,0
DA:6,0
DA:8,0
DA:9,0
LF:6
LH:0
BRF:0
BRH:0
end_of_record
TN:
SF:app/logs/page.tsx
FN:14,LogsPage
FN:15,(anonymous_1)
FN:20,(anonymous_2)
FN:29,(anonymous_3)
FN:30,(anonymous_4)
FN:40,(anonymous_5)
FN:47,(anonymous_6)
FN:57,(anonymous_7)
FN:62,(anonymous_8)
FN:67,(anonymous_9)
FN:71,(anonymous_10)
FN:74,(anonymous_11)
FN:84,(anonymous_12)
FN:120,(anonymous_13)
FN:133,(anonymous_14)
FN:146,(anonymous_15)
FN:151,(anonymous_16)
FN:158,(anonymous_17)
FN:172,(anonymous_18)
FN:175,(anonymous_19)
FN:196,(anonymous_20)
FN:288,(anonymous_21)
FN:333,(anonymous_22)
FN:361,(anonymous_23)
FNF:24
FNH:0
FNDA:0,LogsPage
FNDA:0,(anonymous_1)
FNDA:0,(anonymous_2)
FNDA:0,(anonymous_3)
FNDA:0,(anonymous_4)
FNDA:0,(anonymous_5)
FNDA:0,(anonymous_6)
FNDA:0,(anonymous_7)
FNDA:0,(anonymous_8)
FNDA:0,(anonymous_9)
FNDA:0,(anonymous_10)
FNDA:0,(anonymous_11)
FNDA:0,(anonymous_12)
FNDA:0,(anonymous_13)
FNDA:0,(anonymous_14)
FNDA:0,(anonymous_15)
FNDA:0,(anonymous_16)
FNDA:0,(anonymous_17)
FNDA:0,(anonymous_18)
FNDA:0,(anonymous_19)
FNDA:0,(anonymous_20)
FNDA:0,(anonymous_21)
FNDA:0,(anonymous_22)
FNDA:0,(anonymous_23)
DA:3,0
DA:4,0
DA:5,0
DA:6,0
DA:7,0
DA:8,0
DA:9,0
DA:10,0
DA:11,0
DA:12,0
DA:14,0
DA:15,0
DA:16,0
DA:17,0
DA:18,0
DA:20,0
DA:21,0
DA:22,0
DA:23,0
DA:24,0
DA:25,0
DA:26,0
DA:29,0
DA:30,0
DA:31,0
DA:33,0
DA:34,0
DA:35,0
DA:36,0
DA:39,0
DA:40,0
DA:41,0
DA:42,0
DA:43,0
DA:44,0
DA:47,0
DA:49,0
DA:52,0
DA:53,0
DA:57,0
DA:58,0
DA:62,0
DA:63,0
DA:64,0
DA:67,0
DA:68,0
DA:71,0
DA:74,0
DA:75,0
DA:76,0
DA:77,0
DA:78,0
DA:79,0
DA:80,0
DA:84,0
DA:85,0
DA:89,0
DA:90,0
DA:91,0
DA:92,0
DA:93,0
DA:94,0
DA:95,0
DA:96,0
DA:97,0
DA:98,0
DA:100,0
DA:103,0
DA:106,0
DA:112,0
DA:113,0
DA:115,0
DA:118,0
DA:120,0
DA:121,0
DA:122,0
DA:125,0
DA:133,0
DA:134,0
DA:135,0
DA:137,0
DA:138,0
DA:140,0
DA:141,0
DA:143,0
DA:146,0
DA:147,0
DA:148,0
DA:149,0
DA:150,0
DA:151,0
DA:154,0
DA:158,0
DA:160,0
DA:161,0
DA:162,0
DA:163,0
DA:164,0
DA:165,0
DA:166,0
DA:167,0
DA:168,0
DA:169,0
DA:170,0
DA:171,0
DA:172,0
DA:175,0
DA:176,0
DA:179,0
DA:196,0
DA:289,0
DA:291,0
DA:292,0
DA:334,0
DA:335,0
DA:336,0
DA:337,0
DA:338,0
DA:339,0
DA:340,0
DA:342,0
DA:361,0
LF:122
LH:0
BRDA:31,0,0,0
BRDA:31,0,1,0
BRDA:39,1,0,0
BRDA:39,1,1,0
BRDA:41,2,0,0
BRDA:41,2,1,0
BRDA:63,3,0,0
BRDA:63,3,1,0
BRDA:75,4,0,0
BRDA:75,4,1,0
BRDA:75,4,2,0
BRDA:75,4,3,0
BRDA:75,4,4,0
BRDA:85,5,0,0
BRDA:85,5,1,0
BRDA:89,6,0,0
BRDA:89,6,1,0
BRDA:91,7,0,0
BRDA:91,7,1,0
BRDA:91,8,0,0
BRDA:91,8,1,0
BRDA:93,9,0,0
BRDA:93,9,1,0
BRDA:93,10,0,0
BRDA:93,10,1,0
BRDA:95,11,0,0
BRDA:95,11,1,0
BRDA:95,12,0,0
BRDA:95,12,1,0
BRDA:97,13,0,0
BRDA:97,13,1,0
BRDA:97,14,0,0
BRDA:97,14,1,0
BRDA:103,15,0,0
BRDA:103,15,1,0
BRDA:106,16,0,0
BRDA:106,16,1,0
BRDA:106,16,2,0
BRDA:112,17,0,0
BRDA:112,17,1,0
BRDA:115,18,0,0
BRDA:115,18,1,0
BRDA:134,19,0,0
BRDA:134,19,1,0
BRDA:137,20,0,0
BRDA:137,20,1,0
BRDA:137,21,0,0
BRDA:137,21,1,0
BRDA:140,22,0,0
BRDA:140,22,1,0
BRDA:141,23,0,0
BRDA:141,23,1,0
BRDA:147,24,0,0
BRDA:147,24,1,0
BRDA:205,25,0,0
BRDA:205,25,1,0
BRDA:232,26,0,0
BRDA:232,26,1,0
BRDA:249,27,0,0
BRDA:249,27,1,0
BRDA:254,28,0,0
BRDA:254,28,1,0
BRDA:254,29,0,0
BRDA:254,29,1,0
BRDA:254,29,2,0
BRDA:258,30,0,0
BRDA:258,30,1,0
BRDA:260,31,0,0
BRDA:260,31,1,0
BRDA:266,32,0,0
BRDA:266,32,1,0
BRDA:271,33,0,0
BRDA:271,33,1,0
BRDA:281,34,0,0
BRDA:281,34,1,0
BRDA:283,35,0,0
BRDA:283,35,1,0
BRDA:291,36,0,0
BRDA:291,36,1,0
BRDA:297,37,0,0
BRDA:297,37,1,0
BRDA:298,38,0,0
BRDA:298,38,1,0
BRDA:304,39,0,0
BRDA:304,39,1,0
BRDA:330,40,0,0
BRDA:330,40,1,0
BRDA:332,41,0,0
BRDA:332,41,1,0
BRDA:332,42,0,0
BRDA:332,42,1,0
BRDA:335,43,0,0
BRDA:335,43,1,0
BRDA:335,44,0,0
BRDA:335,44,1,0
BRDA:337,45,0,0
BRDA:337,45,1,0
BRDA:337,46,0,0
BRDA:337,46,1,0
BRDA:339,47,0,0
BRDA:339,47,1,0
BRDA:339,48,0,0
BRDA:339,48,1,0
BRDA:342,49,0,0
BRDA:342,49,1,0
BRDA:345,50,0,0
BRDA:345,50,1,0
BRF:107
BRH:0
end_of_record
TN:
SF:app/models/page.tsx
FN:211,storeToDatabaseModel
FN:234,storeToModelData
FN:257,formatFileSize
FN:269,ModelsPage
FN:270,(anonymous_5)
FN:279,(anonymous_6)
FN:280,(anonymous_7)
FN:301,(anonymous_8)
FN:306,(anonymous_9)
FN:310,(anonymous_10)
FN:312,(anonymous_11)
FN:327,(anonymous_12)
FN:339,(anonymous_13)
FN:356,(anonymous_14)
FN:365,(anonymous_15)
FN:375,(anonymous_16)
FN:386,(anonymous_17)
FN:410,(anonymous_18)
FN:415,(anonymous_19)
FN:453,(anonymous_20)
FN:455,(anonymous_21)
FN:508,(anonymous_22)
FN:510,(anonymous_23)
FN:562,(anonymous_24)
FN:566,(anonymous_25)
FN:570,(anonymous_26)
FN:572,(anonymous_27)
FN:619,(anonymous_28)
FN:620,(anonymous_29)
FN:642,(anonymous_30)
FN:647,(anonymous_31)
FN:652,(anonymous_32)
FN:659,(anonymous_33)
FN:765,(anonymous_34)
FN:787,(anonymous_35)
FN:817,(anonymous_36)
FN:838,(anonymous_37)
FN:905,(anonymous_38)
FN:926,(anonymous_39)
FN:947,(anonymous_40)
FN:968,(anonymous_41)
FN:989,(anonymous_42)
FN:1010,(anonymous_43)
FN:1031,(anonymous_44)
FN:1042,(anonymous_45)
FN:1075,(anonymous_46)
FN:1076,(anonymous_47)
FN:1096,(anonymous_48)
FN:1100,(anonymous_49)
FN:1128,(anonymous_50)
FNF:50
FNH:0
FNDA:0,storeToDatabaseModel
FNDA:0,storeToModelData
FNDA:0,formatFileSize
FNDA:0,ModelsPage
FNDA:0,(anonymous_5)
FNDA:0,(anonymous_6)
FNDA:0,(anonymous_7)
FNDA:0,(anonymous_8)
FNDA:0,(anonymous_9)
FNDA:0,(anonymous_10)
FNDA:0,(anonymous_11)
FNDA:0,(anonymous_12)
FNDA:0,(anonymous_13)
FNDA:0,(anonymous_14)
FNDA:0,(anonymous_15)
FNDA:0,(anonymous_16)
FNDA:0,(anonymous_17)
FNDA:0,(anonymous_18)
FNDA:0,(anonymous_19)
FNDA:0,(anonymous_20)
FNDA:0,(anonymous_21)
FNDA:0,(anonymous_22)
FNDA:0,(anonymous_23)
FNDA:0,(anonymous_24)
FNDA:0,(anonymous_25)
FNDA:0,(anonymous_26)
FNDA:0,(anonymous_27)
FNDA:0,(anonymous_28)
FNDA:0,(anonymous_29)
FNDA:0,(anonymous_30)
FNDA:0,(anonymous_31)
FNDA:0,(anonymous_32)
FNDA:0,(anonymous_33)
FNDA:0,(anonymous_34)
FNDA:0,(anonymous_35)
FNDA:0,(anonymous_36)
FNDA:0,(anonymous_37)
FNDA:0,(anonymous_38)
FNDA:0,(anonymous_39)
FNDA:0,(anonymous_40)
FNDA:0,(anonymous_41)
FNDA:0,(anonymous_42)
FNDA:0,(anonymous_43)
FNDA:0,(anonymous_44)
FNDA:0,(anonymous_45)
FNDA:0,(anonymous_46)
FNDA:0,(anonymous_47)
FNDA:0,(anonymous_48)
FNDA:0,(anonymous_49)
FNDA:0,(anonymous_50)
DA:3,0
DA:4,0
DA:5,0
DA:6,0
DA:7,0
DA:8,0
DA:9,0
DA:10,0
DA:11,0
DA:12,0
DA:13,0
DA:15,0
DA:16,0
DA:213,0
DA:219,0
DA:235,0
DA:241,0
DA:258,0
DA:259,0
DA:260,0
DA:261,0
DA:262,0
DA:263,0
DA:264,0
DA:266,0
DA:269,0
DA:270,0
DA:271,0
DA:272,0
DA:273,0
DA:274,0
DA:275,0
DA:276,0
DA:277,0
DA:278,0
DA:279,0
DA:280,0
DA:283,0
DA:284,0
DA:285,0
DA:286,0
DA:289,0
DA:290,0
DA:291,0
DA:294,0
DA:295,0
DA:296,0
DA:299,0
DA:301,0
DA:303,0
DA:304,0
DA:306,0
DA:310,0
DA:312,0
DA:313,0
DA:314,0
DA:315,0
DA:318,0
DA:319,0
DA:320,0
DA:323,0
DA:327,0
DA:328,0
DA:329,0
DA:331,0
DA:332,0
DA:334,0
DA:335,0
DA:339,0
DA:340,0
DA:341,0
DA:343,0
DA:344,0
DA:346,0
DA:347,0
DA:352,0
DA:353,0
DA:354,0
DA:356,0
DA:358,0
DA:359,0
DA:360,0
DA:365,0
DA:366,0
DA:367,0
DA:369,0
DA:370,0
DA:372,0
DA:375,0
DA:376,0
DA:377,0
DA:378,0
DA:379,0
DA:380,0
DA:381,0
DA:386,0
DA:387,0
DA:390,0
DA:391,0
DA:392,0
DA:395,0
DA:397,0
DA:398,0
DA:401,0
DA:402,0
DA:406,0
DA:410,0
DA:411,0
DA:415,0
DA:416,0
DA:418,0
DA:420,0
DA:422,0
DA:423,0
DA:425,0
DA:426,0
DA:428,0
DA:429,0
DA:431,0
DA:432,0
DA:434,0
DA:435,0
DA:437,0
DA:438,0
DA:441,0
DA:443,0
DA:444,0
DA:447,0
DA:448,0
DA:453,0
DA:455,0
DA:456,0
DA:457,0
DA:458,0
DA:461,0
DA:462,0
DA:464,0
DA:465,0
DA:468,0
DA:469,0
DA:470,0
DA:474,0
DA:480,0
DA:482,0
DA:483,0
DA:487,0
DA:490,0
DA:491,0
DA:494,0
DA:495,0
DA:496,0
DA:499,0
DA:500,0
DA:501,0
DA:504,0
DA:508,0
DA:510,0
DA:511,0
DA:512,0
DA:513,0
DA:516,0
DA:517,0
DA:519,0
DA:520,0
DA:523,0
DA:524,0
DA:525,0
DA:529,0
DA:534,0
DA:536,0
DA:537,0
DA:541,0
DA:544,0
DA:545,0
DA:548,0
DA:549,0
DA:550,0
DA:553,0
DA:554,0
DA:555,0
DA:558,0
DA:562,0
DA:563,0
DA:565,0
DA:566,0
DA:570,0
DA:571,0
DA:572,0
DA:574,0
DA:576,0
DA:577,0
DA:580,0
DA:581,0
DA:582,0
DA:586,0
DA:588,0
DA:590,0
DA:601,0
DA:611,0
DA:614,0
DA:619,0
DA:620,0
DA:621,0
DA:622,0
DA:623,0
DA:627,0
DA:630,0
DA:631,0
DA:632,0
DA:633,0
DA:637,0
DA:638,0
DA:642,0
DA:643,0
DA:644,0
DA:647,0
DA:648,0
DA:649,0
DA:652,0
DA:653,0
DA:654,0
DA:659,0
DA:660,0
DA:661,0
DA:662,0
DA:664,0
DA:666,0
DA:669,0
DA:670,0
DA:671,0
DA:672,0
DA:673,0
DA:677,0
DA:678,0
DA:679,0
DA:680,0
DA:681,0
DA:682,0
DA:683,0
DA:684,0
DA:685,0
DA:688,0
DA:689,0
DA:690,0
DA:691,0
DA:692,0
DA:695,0
DA:699,0
DA:700,0
DA:728,0
DA:765,0
DA:788,0
DA:817,0
DA:838,0
DA:905,0
DA:926,0
DA:947,0
DA:968,0
DA:989,0
DA:1010,0
DA:1031,0
DA:1042,0
DA:1075,0
DA:1077,0
DA:1079,0
DA:1084,0
DA:1096,0
DA:1100,0
DA:1128,0
LF:269
LH:0
BRDA:221,0,0,0
BRDA:221,0,1,0
BRDA:222,1,0,0
BRDA:222,1,1,0
BRDA:222,2,0,0
BRDA:222,2,1,0
BRDA:222,2,2,0
BRDA:225,3,0,0
BRDA:225,3,1,0
BRDA:226,4,0,0
BRDA:226,4,1,0
BRDA:227,5,0,0
BRDA:227,5,1,0
BRDA:228,6,0,0
BRDA:228,6,1,0
BRDA:229,7,0,0
BRDA:229,7,1,0
BRDA:244,8,0,0
BRDA:244,8,1,0
BRDA:245,9,0,0
BRDA:245,9,1,0
BRDA:245,10,0,0
BRDA:245,10,1,0
BRDA:245,10,2,0
BRDA:248,11,0,0
BRDA:248,11,1,0
BRDA:249,12,0,0
BRDA:249,12,1,0
BRDA:250,13,0,0
BRDA:250,13,1,0
BRDA:251,14,0,0
BRDA:251,14,1,0
BRDA:252,15,0,0
BRDA:252,15,1,0
BRDA:258,16,0,0
BRDA:258,16,1,0
BRDA:262,17,0,0
BRDA:262,17,1,0
BRDA:313,18,0,0
BRDA:313,18,1,0
BRDA:318,19,0,0
BRDA:318,19,1,0
BRDA:318,20,0,0
BRDA:318,20,1,0
BRDA:328,21,0,0
BRDA:328,21,1,0
BRDA:335,22,0,0
BRDA:335,22,1,0
BRDA:340,23,0,0
BRDA:340,23,1,0
BRDA:347,24,0,0
BRDA:347,24,1,0
BRDA:366,25,0,0
BRDA:366,25,1,0
BRDA:369,26,0,0
BRDA:369,26,1,0
BRDA:369,27,0,0
BRDA:369,27,1,0
BRDA:369,27,2,0
BRDA:369,27,3,0
BRDA:377,28,0,0
BRDA:377,28,1,0
BRDA:377,28,2,0
BRDA:377,28,3,0
BRDA:387,29,0,0
BRDA:387,29,1,0
BRDA:395,30,0,0
BRDA:395,30,1,0
BRDA:416,31,0,0
BRDA:416,31,1,0
BRDA:420,32,0,0
BRDA:420,32,1,0
BRDA:420,32,2,0
BRDA:420,32,3,0
BRDA:420,32,4,0
BRDA:420,32,5,0
BRDA:441,33,0,0
BRDA:441,33,1,0
BRDA:448,34,0,0
BRDA:448,34,1,0
BRDA:456,35,0,0
BRDA:456,35,1,0
BRDA:469,36,0,0
BRDA:469,36,1,0
BRDA:482,37,0,0
BRDA:482,37,1,0
BRDA:483,38,0,0
BRDA:483,38,1,0
BRDA:490,39,0,0
BRDA:490,39,1,0
BRDA:494,40,0,0
BRDA:494,40,1,0
BRDA:500,41,0,0
BRDA:500,41,1,0
BRDA:511,42,0,0
BRDA:511,42,1,0
BRDA:524,43,0,0
BRDA:524,43,1,0
BRDA:536,44,0,0
BRDA:536,44,1,0
BRDA:537,45,0,0
BRDA:537,45,1,0
BRDA:544,46,0,0
BRDA:544,46,1,0
BRDA:548,47,0,0
BRDA:548,47,1,0
BRDA:554,48,0,0
BRDA:554,48,1,0
BRDA:574,49,0,0
BRDA:574,49,1,0
BRDA:581,50,0,0
BRDA:581,50,1,0
BRDA:588,51,0,0
BRDA:588,51,1,0
BRDA:593,52,0,0
BRDA:593,52,1,0
BRDA:594,53,0,0
BRDA:594,53,1,0
BRDA:603,54,0,0
BRDA:603,54,1,0
BRDA:603,55,0,0
BRDA:603,55,1,0
BRDA:605,56,0,0
BRDA:605,56,1,0
BRDA:606,57,0,0
BRDA:606,57,1,0
BRDA:607,58,0,0
BRDA:607,58,1,0
BRDA:608,59,0,0
BRDA:608,59,1,0
BRDA:609,60,0,0
BRDA:609,60,1,0
BRDA:621,61,0,0
BRDA:621,61,1,0
BRDA:631,62,0,0
BRDA:631,62,1,0
BRDA:653,63,0,0
BRDA:653,63,1,0
BRDA:669,64,0,0
BRDA:669,64,1,0
BRDA:677,65,0,0
BRDA:677,65,1,0
BRDA:682,66,0,0
BRDA:682,66,1,0
BRDA:688,67,0,0
BRDA:688,67,1,0
BRDA:699,68,0,0
BRDA:699,68,1,0
BRDA:699,69,0,0
BRDA:699,69,1,0
BRDA:733,70,0,0
BRDA:733,70,1,0
BRDA:738,71,0,0
BRDA:738,71,1,0
BRDA:774,72,0,0
BRDA:774,72,1,0
BRDA:776,73,0,0
BRDA:776,73,1,0
BRDA:780,74,0,0
BRDA:780,74,1,0
BRDA:793,75,0,0
BRDA:793,75,1,0
BRDA:795,76,0,0
BRDA:795,76,1,0
BRDA:799,77,0,0
BRDA:799,77,1,0
BRDA:820,78,0,0
BRDA:820,78,1,0
BRDA:841,79,0,0
BRDA:841,79,1,0
BRDA:843,80,0,0
BRDA:843,80,1,0
BRDA:847,81,0,0
BRDA:847,81,1,0
BRDA:854,82,0,0
BRDA:854,82,1,0
BRDA:863,83,0,0
BRDA:863,83,1,0
BRDA:871,84,0,0
BRDA:871,84,1,0
BRDA:878,85,0,0
BRDA:878,85,1,0
BRDA:890,86,0,0
BRDA:890,86,1,0
BRDA:892,87,0,0
BRDA:892,87,1,0
BRDA:911,88,0,0
BRDA:911,88,1,0
BRDA:913,89,0,0
BRDA:913,89,1,0
BRDA:932,90,0,0
BRDA:932,90,1,0
BRDA:934,91,0,0
BRDA:934,91,1,0
BRDA:953,92,0,0
BRDA:953,92,1,0
BRDA:955,93,0,0
BRDA:955,93,1,0
BRDA:974,94,0,0
BRDA:974,94,1,0
BRDA:976,95,0,0
BRDA:976,95,1,0
BRDA:995,96,0,0
BRDA:995,96,1,0
BRDA:997,97,0,0
BRDA:997,97,1,0
BRDA:1019,98,0,0
BRDA:1019,98,1,0
BRDA:1019,99,0,0
BRDA:1019,99,1,0
BRDA:1024,100,0,0
BRDA:1024,100,1,0
BRDA:1033,101,0,0
BRDA:1033,101,1,0
BRDA:1044,102,0,0
BRDA:1044,102,1,0
BRDA:1077,103,0,0
BRDA:1077,103,1,0
BRDA:1077,104,0,0
BRDA:1077,104,1,0
BRDA:1109,105,0,0
BRDA:1109,105,1,0
BRDA:1113,106,0,0
BRDA:1113,106,1,0
BRF:224
BRH:0
end_of_record
TN:
SF:app/monitoring/page.tsx
FN:17,MonitoringPage
FN:25,MonitoringContent
FN:26,(anonymous_2)
FN:33,(anonymous_3)
FN:34,(anonymous_4)
FN:49,(anonymous_5)
FN:52,(anonymous_6)
FN:58,(anonymous_7)
FN:66,(anonymous_8)
FN:80,(anonymous_9)
FN:243,(anonymous_10)
FN:252,(anonymous_11)
FN:261,(anonymous_12)
FN:290,(anonymous_13)
FN:299,(anonymous_14)
FNF:15
FNH:0
FNDA:0,MonitoringPage
FNDA:0,MonitoringContent
FNDA:0,(anonymous_2)
FNDA:0,(anonymous_3)
FNDA:0,(anonymous_4)
FNDA:0,(anonymous_5)
FNDA:0,(anonymous_6)
FNDA:0,(anonymous_7)
FNDA:0,(anonymous_8)
FNDA:0,(anonymous_9)
FNDA:0,(anonymous_10)
FNDA:0,(anonymous_11)
FNDA:0,(anonymous_12)
FNDA:0,(anonymous_13)
FNDA:0,(anonymous_14)
DA:3,0
DA:4,0
DA:5,0
DA:6,0
DA:7,0
DA:8,0
DA:9,0
DA:10,0
DA:11,0
DA:13,0
DA:14,0
DA:15,0
DA:17,0
DA:18,0
DA:26,0
DA:27,0
DA:28,0
DA:29,0
DA:30,0
DA:31,0
DA:33,0
DA:34,0
DA:35,0
DA:36,0
DA:38,0
DA:39,0
DA:43,0
DA:44,0
DA:45,0
DA:46,0
DA:49,0
DA:52,0
DA:53,0
DA:54,0
DA:55,0
DA:58,0
DA:59,0
DA:60,0
DA:61,0
DA:62,0
DA:66,0
DA:67,0
DA:68,0
DA:69,0
DA:70,0
DA:71,0
DA:78,0
DA:80,0
DA:83,0
DA:84,0
DA:94,0
DA:243,0
DA:252,0
DA:261,0
DA:290,0
DA:299,0
LF:56
LH:0
BRDA:35,0,0,0
BRDA:35,0,1,0
BRDA:43,1,0,0
BRDA:43,1,1,0
BRDA:52,2,0,0
BRDA:53,3,0,0
BRDA:53,3,1,0
BRDA:54,4,0,0
BRDA:54,4,1,0
BRDA:70,5,0,0
BRDA:70,5,1,0
BRDA:83,6,0,0
BRDA:83,6,1,0
BRDA:109,7,0,0
BRDA:109,7,1,0
BRDA:118,8,0,0
BRDA:118,8,1,0
BRDA:120,9,0,0
BRDA:120,9,1,0
BRDA:128,10,0,0
BRDA:128,10,1,0
BRDA:132,11,0,0
BRDA:132,11,1,0
BRDA:133,12,0,0
BRDA:133,12,1,0
BRDA:137,13,0,0
BRDA:137,13,1,0
BRDA:137,14,0,0
BRDA:137,14,1,0
BRDA:137,15,0,0
BRDA:137,15,1,0
BRDA:137,16,0,0
BRDA:137,16,1,0
BRDA:138,17,0,0
BRDA:138,17,1,0
BRDA:147,18,0,0
BRDA:147,18,1,0
BRDA:149,19,0,0
BRDA:149,19,1,0
BRDA:157,20,0,0
BRDA:157,20,1,0
BRDA:161,21,0,0
BRDA:161,21,1,0
BRDA:162,22,0,0
BRDA:162,22,1,0
BRDA:166,23,0,0
BRDA:166,23,1,0
BRDA:166,24,0,0
BRDA:166,24,1,0
BRDA:166,25,0,0
BRDA:166,25,1,0
BRDA:166,26,0,0
BRDA:166,26,1,0
BRDA:167,27,0,0
BRDA:167,27,1,0
BRDA:176,28,0,0
BRDA:176,28,1,0
BRDA:178,29,0,0
BRDA:178,29,1,0
BRDA:186,30,0,0
BRDA:186,30,1,0
BRDA:190,31,0,0
BRDA:190,31,1,0
BRDA:191,32,0,0
BRDA:191,32,1,0
BRDA:195,33,0,0
BRDA:195,33,1,0
BRDA:195,34,0,0
BRDA:195,34,1,0
BRDA:195,35,0,0
BRDA:195,35,1,0
BRDA:195,36,0,0
BRDA:195,36,1,0
BRDA:196,37,0,0
BRDA:196,37,1,0
BRDA:205,38,0,0
BRDA:205,38,1,0
BRDA:207,39,0,0
BRDA:207,39,1,0
BRDA:215,40,0,0
BRDA:215,40,1,0
BRDA:219,41,0,0
BRDA:219,41,1,0
BRDA:224,42,0,0
BRDA:224,42,1,0
BRDA:243,43,0,0
BRDA:243,43,1,0
BRDA:252,44,0,0
BRDA:252,44,1,0
BRDA:261,45,0,0
BRDA:261,45,1,0
BRDA:272,46,0,0
BRDA:272,46,1,0
BRDA:272,46,2,0
BRDA:272,46,3,0
BRDA:275,47,0,0
BRDA:275,47,1,0
BRDA:275,47,2,0
BRDA:280,48,0,0
BRDA:280,48,1,0
BRDA:280,48,2,0
BRDA:280,48,3,0
BRDA:290,49,0,0
BRDA:290,49,1,0
BRDA:299,50,0,0
BRDA:299,50,1,0
BRDA:315,51,0,0
BRDA:315,51,1,0
BRDA:316,52,0,0
BRDA:316,52,1,0
BRDA:330,53,0,0
BRDA:330,53,1,0
BRDA:346,54,0,0
BRDA:346,54,1,0
BRDA:351,55,0,0
BRDA:351,55,1,0
BRDA:357,56,0,0
BRDA:357,56,1,0
BRDA:366,57,0,0
BRDA:366,57,1,0
BRDA:366,58,0,0
BRDA:366,58,1,0
BRDA:367,59,0,0
BRDA:367,59,1,0
BRDA:372,60,0,0
BRDA:372,60,1,0
BRDA:372,61,0,0
BRDA:372,61,1,0
BRDA:373,62,0,0
BRDA:373,62,1,0
BRDA:378,63,0,0
BRDA:378,63,1,0
BRDA:378,64,0,0
BRDA:378,64,1,0
BRDA:379,65,0,0
BRDA:379,65,1,0
BRDA:385,66,0,0
BRDA:385,66,1,0
BRF:138
BRH:0
end_of_record
TN:
SF:app/settings/page.tsx
FN:8,SettingsPage
FNF:1
FNH:0
FNDA:0,SettingsPage
DA:3,0
DA:4,0
DA:5,0
DA:6,0
DA:8,0
DA:9,0
LF:6
LH:0
BRF:0
BRH:0
end_of_record
TN:
SF:src/actions/config-actions.ts
FN:33,loadModelConfig
FN:63,saveModelConfig
FNF:2
FNH:0
FNDA:0,loadModelConfig
FNDA:0,saveModelConfig
DA:3,0
DA:33,0
DA:37,0
DA:38,0
DA:40,0
DA:42,0
DA:44,0
DA:46,0
DA:48,0
DA:50,0
DA:52,0
DA:55,0
DA:56,0
DA:63,0
DA:68,0
DA:69,0
DA:71,0
DA:72,0
DA:74,0
DA:75,0
DA:77,0
DA:78,0
DA:80,0
DA:81,0
DA:83,0
DA:84,0
DA:86,0
DA:87,0
DA:89,0
DA:92,0
DA:93,0
LF:31
LH:0
BRDA:38,0,0,0
BRDA:38,0,1,0
BRDA:38,0,2,0
BRDA:38,0,3,0
BRDA:38,0,4,0
BRDA:38,0,5,0
BRDA:38,0,6,0
BRDA:69,1,0,0
BRDA:69,1,1,0
BRDA:69,1,2,0
BRDA:69,1,3,0
BRDA:69,1,4,0
BRDA:69,1,5,0
BRDA:69,1,6,0
BRF:14
BRH:0
end_of_record
TN:
SF:src/actions/import-models.ts
FN:13,importModelsFromLlamaServer
FNF:1
FNH:0
FNDA:0,importModelsFromLlamaServer
DA:13,0
DA:16,0
LF:2
LH:0
BRF:0
BRH:0
end_of_record
TN:
SF:src/actions/model-actions.ts
FN:33,getModelsAction
FN:42,getModelByIdAction
FN:49,getModelSamplingConfigAction
FN:58,getModelMemoryConfigAction
FN:67,getModelGpuConfigAction
FN:76,getModelAdvancedConfigAction
FN:85,getModelLoraConfigAction
FN:94,getModelMultimodalConfigAction
FN:103,saveModelAction
FN:112,saveModelSamplingConfigAction
FN:122,saveModelMemoryConfigAction
FN:132,saveModelGpuConfigAction
FN:142,saveModelAdvancedConfigAction
FN:152,saveModelLoraConfigAction
FN:162,saveModelMultimodalConfigAction
FN:172,updateModelAction
FN:182,deleteModelAction
FNF:17
FNH:0
FNDA:0,getModelsAction
FNDA:0,getModelByIdAction
FNDA:0,getModelSamplingConfigAction
FNDA:0,getModelMemoryConfigAction
FNDA:0,getModelGpuConfigAction
FNDA:0,getModelAdvancedConfigAction
FNDA:0,getModelLoraConfigAction
FNDA:0,getModelMultimodalConfigAction
FNDA:0,saveModelAction
FNDA:0,saveModelSamplingConfigAction
FNDA:0,saveModelMemoryConfigAction
FNDA:0,saveModelGpuConfigAction
FNDA:0,saveModelAdvancedConfigAction
FNDA:0,saveModelLoraConfigAction
FNDA:0,saveModelMultimodalConfigAction
FNDA:0,updateModelAction
FNDA:0,deleteModelAction
DA:3,0
DA:33,0
DA:36,0
DA:42,0
DA:43,0
DA:49,0
DA:52,0
DA:58,0
DA:61,0
DA:67,0
DA:70,0
DA:76,0
DA:79,0
DA:85,0
DA:88,0
DA:94,0
DA:97,0
DA:103,0
DA:106,0
DA:112,0
DA:116,0
DA:122,0
DA:126,0
DA:132,0
DA:136,0
DA:142,0
DA:146,0
DA:152,0
DA:156,0
DA:162,0
DA:166,0
DA:172,0
DA:176,0
DA:182,0
DA:183,0
LF:35
LH:0
BRF:0
BRH:0
end_of_record
TN:
SF:src/components/animate/motion-lazy-container.tsx
FN:10,MotionLazyContainer
FNF:1
FNH:0
FNDA:0,MotionLazyContainer
DA:3,0
DA:10,0
DA:11,0
LF:3
LH:0
BRF:0
BRH:0
end_of_record
TN:
SF:src/components/charts/GPUUMetricsCard.tsx
FN:18,GPUMetricsCard
FN:19,(anonymous_1)
FN:25,(anonymous_2)
FN:124,(anonymous_3)
FNF:4
FNH:0
FNDA:0,GPUMetricsCard
FNDA:0,(anonymous_1)
FNDA:0,(anonymous_2)
FNDA:0,(anonymous_3)
DA:3,0
DA:4,0
DA:19,0
DA:25,0
DA:32,0
DA:33,0
DA:47,0
DA:124,0
DA:125,0
DA:129,0
DA:130,0
LF:11
LH:0
BRDA:20,0,0,0
BRDA:20,0,1,0
BRDA:22,1,0,0
BRDA:22,1,1,0
BRDA:27,2,0,0
BRDA:27,2,1,0
BRDA:29,3,0,0
BRDA:29,3,1,0
BRDA:32,4,0,0
BRDA:32,4,1,0
BRDA:32,5,0,0
BRDA:32,5,1,0
BRDA:32,5,2,0
BRDA:61,6,0,0
BRDA:61,6,1,0
BRDA:72,7,0,0
BRDA:72,7,1,0
BRDA:89,8,0,0
BRDA:89,8,1,0
BRDA:93,9,0,0
BRDA:93,9,1,0
BRDA:106,10,0,0
BRDA:106,10,1,0
BRDA:106,11,0,0
BRDA:106,11,1,0
BRDA:112,12,0,0
BRDA:112,12,1,0
BRDA:112,13,0,0
BRDA:112,13,1,0
BRDA:125,14,0,0
BRDA:125,14,1,0
BRF:31
BRH:0
end_of_record
TN:
SF:src/components/charts/PerformanceChart.tsx
FN:34,EmptyStateCard
FN:63,LegendItem
FN:99,PerformanceChart
FN:109,(anonymous_3)
FN:110,(anonymous_4)
FN:114,(anonymous_5)
FN:122,(anonymous_6)
FN:123,(anonymous_7)
FN:126,(anonymous_8)
FN:130,(anonymous_9)
FN:140,(anonymous_10)
FN:145,(anonymous_11)
FN:146,(anonymous_12)
FN:153,(anonymous_13)
FN:158,(anonymous_14)
FN:166,(anonymous_15)
FN:172,(anonymous_16)
FN:173,(anonymous_17)
FN:179,(anonymous_18)
FN:180,(anonymous_19)
FN:181,(anonymous_20)
FNF:21
FNH:0
FNDA:0,EmptyStateCard
FNDA:0,LegendItem
FNDA:0,PerformanceChart
FNDA:0,(anonymous_3)
FNDA:0,(anonymous_4)
FNDA:0,(anonymous_5)
FNDA:0,(anonymous_6)
FNDA:0,(anonymous_7)
FNDA:0,(anonymous_8)
FNDA:0,(anonymous_9)
FNDA:0,(anonymous_10)
FNDA:0,(anonymous_11)
FNDA:0,(anonymous_12)
FNDA:0,(anonymous_13)
FNDA:0,(anonymous_14)
FNDA:0,(anonymous_15)
FNDA:0,(anonymous_16)
FNDA:0,(anonymous_17)
FNDA:0,(anonymous_18)
FNDA:0,(anonymous_19)
FNDA:0,(anonymous_20)
DA:3,0
DA:4,0
DA:5,0
DA:34,0
DA:41,0
DA:60,0
DA:63,0
DA:70,0
DA:97,0
DA:99,0
DA:109,0
DA:110,0
DA:113,0
DA:114,0
DA:115,0
DA:118,0
DA:122,0
DA:123,0
DA:124,0
DA:126,0
DA:127,0
DA:130,0
DA:131,0
DA:132,0
DA:135,0
DA:140,0
DA:141,0
DA:145,0
DA:146,0
DA:153,0
DA:158,0
DA:166,0
DA:172,0
DA:173,0
DA:174,0
DA:179,0
DA:180,0
DA:181,0
DA:186,0
DA:187,0
DA:190,0
DA:247,0
DA:249,0
LF:43
LH:0
BRDA:43,0,0,0
BRDA:43,0,1,0
BRDA:45,1,0,0
BRDA:45,1,1,0
BRDA:79,2,0,0
BRDA:79,2,1,0
BRDA:87,3,0,0
BRDA:87,3,1,0
BRDA:104,4,0,0
BRDA:105,5,0,0
BRDA:106,6,0,0
BRDA:113,7,0,0
BRDA:113,7,1,0
BRDA:115,8,0,0
BRDA:115,8,1,0
BRDA:124,9,0,0
BRDA:124,9,1,0
BRDA:131,10,0,0
BRDA:131,10,1,0
BRDA:152,11,0,0
BRDA:152,11,1,0
BRDA:153,12,0,0
BRDA:153,12,1,0
BRDA:153,13,0,0
BRDA:153,13,1,0
BRDA:159,14,0,0
BRDA:159,14,1,0
BRDA:161,15,0,0
BRDA:161,15,1,0
BRDA:167,16,0,0
BRDA:167,16,1,0
BRDA:181,17,0,0
BRDA:181,17,1,0
BRDA:186,18,0,0
BRDA:186,18,1,0
BRDA:186,19,0,0
BRDA:186,19,1,0
BRDA:186,19,2,0
BRDA:221,20,0,0
BRDA:221,20,1,0
BRDA:225,21,0,0
BRDA:225,21,1,0
BRF:42
BRH:0
end_of_record
TN:
SF:src/components/configuration/AdvancedSettingsTab.tsx
FN:14,AdvancedSettingsTab
FNF:1
FNH:0
FNDA:0,AdvancedSettingsTab
DA:3,0
DA:4,0
DA:5,0
DA:6,0
DA:14,0
DA:19,0
DA:21,0
LF:7
LH:0
BRDA:30,0,0,0
BRDA:30,0,1,0
BRDA:33,1,0,0
BRDA:33,1,1,0
BRF:4
BRH:0
end_of_record
TN:
SF:src/components/configuration/ConfigurationActions.tsx
FN:11,ConfigurationActions
FNF:1
FNH:0
FNDA:0,ConfigurationActions
DA:3,0
DA:4,0
DA:11,0
DA:15,0
LF:4
LH:0
BRDA:20,0,0,0
BRDA:20,0,1,0
BRDA:25,1,0,0
BRDA:25,1,1,0
BRF:4
BRH:0
end_of_record
TN:
SF:src/components/configuration/ConfigurationHeader.tsx
FN:5,ConfigurationHeader
FNF:1
FNH:0
FNDA:0,ConfigurationHeader
DA:1,0
DA:2,0
DA:3,0
DA:5,0
DA:6,0
DA:8,0
LF:6
LH:0
BRDA:28,0,0,0
BRDA:28,0,1,0
BRF:2
BRH:0
end_of_record
TN:
SF:src/components/configuration/ConfigurationStatusMessages.tsx
FN:13,ConfigurationStatusMessages
FN:75,(anonymous_1)
FNF:2
FNH:0
FNDA:0,ConfigurationStatusMessages
FNDA:0,(anonymous_1)
DA:3,0
DA:4,0
DA:5,0
DA:6,0
DA:13,0
DA:17,0
DA:19,0
DA:76,0
LF:8
LH:0
BRDA:22,0,0,0
BRDA:22,0,1,0
BRDA:31,1,0,0
BRDA:31,1,1,0
BRDA:49,2,0,0
BRDA:49,2,1,0
BRDA:58,3,0,0
BRDA:58,3,1,0
BRF:8
BRH:0
end_of_record
TN:
SF:src/components/configuration/ConfigurationTabs.tsx
FN:9,ConfigurationTabs
FNF:1
FNH:0
FNDA:0,ConfigurationTabs
DA:1,0
DA:2,0
DA:9,0
DA:13,0
DA:15,0
LF:5
LH:0
BRDA:19,0,0,0
BRDA:19,0,1,0
BRDA:22,1,0,0
BRDA:22,1,1,0
BRF:4
BRH:0
end_of_record
TN:
SF:src/components/configuration/GeneralSettingsTab.tsx
FN:23,GeneralSettingsTab
FN:91,(anonymous_1)
FN:125,(anonymous_2)
FN:155,(anonymous_3)
FNF:4
FNH:0
FNDA:0,GeneralSettingsTab
FNDA:0,(anonymous_1)
FNDA:0,(anonymous_2)
FNDA:0,(anonymous_3)
DA:3,0
DA:14,0
DA:15,0
DA:23,0
DA:28,0
DA:30,0
DA:92,0
DA:126,0
DA:156,0
LF:9
LH:0
BRDA:39,0,0,0
BRDA:39,0,1,0
BRDA:42,1,0,0
BRDA:42,1,1,0
BRDA:52,2,0,0
BRDA:52,2,1,0
BRDA:71,3,0,0
BRDA:71,3,1,0
BRDA:87,4,0,0
BRDA:87,4,1,0
BRDA:105,5,0,0
BRDA:105,5,1,0
BRDA:109,6,0,0
BRDA:109,6,1,0
BRDA:110,7,0,0
BRDA:110,7,1,0
BRDA:185,8,0,0
BRDA:185,8,1,0
BRDA:188,9,0,0
BRDA:188,9,1,0
BRF:20
BRH:0
end_of_record
TN:
SF:src/components/configuration/LlamaServerSettingsTab.tsx
FN:19,LlamaServerSettingsTab
FN:26,(anonymous_1)
FNF:2
FNH:0
FNDA:0,LlamaServerSettingsTab
FNDA:0,(anonymous_1)
DA:3,0
DA:10,0
DA:11,0
DA:19,0
DA:24,0
DA:26,0
DA:27,0
DA:41,0
LF:8
LH:0
BRDA:50,0,0,0
BRDA:50,0,1,0
BRDA:53,1,0,0
BRDA:53,1,1,0
BRDA:71,2,0,0
BRDA:71,2,1,0
BRDA:74,3,0,0
BRDA:74,3,1,0
BRDA:85,4,0,0
BRDA:85,4,1,0
BRDA:88,5,0,0
BRDA:88,5,1,0
BRDA:103,6,0,0
BRDA:103,6,1,0
BRDA:106,7,0,0
BRDA:106,7,1,0
BRDA:117,8,0,0
BRDA:117,8,1,0
BRDA:120,9,0,0
BRDA:120,9,1,0
BRDA:131,10,0,0
BRDA:131,10,1,0
BRDA:144,11,0,0
BRDA:144,11,1,0
BRDA:147,12,0,0
BRDA:147,12,1,0
BRDA:162,13,0,0
BRDA:162,13,1,0
BRDA:165,14,0,0
BRDA:165,14,1,0
BRDA:176,15,0,0
BRDA:176,15,1,0
BRDA:193,16,0,0
BRDA:193,16,1,0
BRDA:207,17,0,0
BRDA:207,17,1,0
BRDA:220,18,0,0
BRDA:220,18,1,0
BRF:38
BRH:0
end_of_record
TN:
SF:src/components/configuration/LoggerSettingsTab.tsx
FN:23,LoggerSettingsTab
FN:49,(anonymous_1)
FN:66,(anonymous_2)
FN:93,(anonymous_3)
FN:112,(anonymous_4)
FN:141,(anonymous_5)
FN:168,(anonymous_6)
FN:198,(anonymous_7)
FNF:8
FNH:0
FNDA:0,LoggerSettingsTab
FNDA:0,(anonymous_1)
FNDA:0,(anonymous_2)
FNDA:0,(anonymous_3)
FNDA:0,(anonymous_4)
FNDA:0,(anonymous_5)
FNDA:0,(anonymous_6)
FNDA:0,(anonymous_7)
DA:3,0
DA:4,0
DA:5,0
DA:23,0
DA:24,0
DA:25,0
DA:27,0
DA:50,0
DA:67,0
DA:68,0
DA:94,0
DA:113,0
DA:114,0
DA:142,0
DA:143,0
DA:169,0
DA:170,0
DA:199,0
DA:200,0
LF:19
LH:0
BRDA:23,0,0,0
BRDA:30,1,0,0
BRDA:30,1,1,0
BRDA:35,2,0,0
BRDA:35,2,1,0
BRDA:48,3,0,0
BRDA:48,3,1,0
BRDA:65,4,0,0
BRDA:65,4,1,0
BRDA:79,5,0,0
BRDA:79,5,1,0
BRDA:92,6,0,0
BRDA:92,6,1,0
BRDA:111,7,0,0
BRDA:111,7,1,0
BRDA:125,8,0,0
BRDA:125,8,1,0
BRDA:140,9,0,0
BRDA:140,9,1,0
BRDA:152,10,0,0
BRDA:152,10,1,0
BRDA:167,11,0,0
BRDA:167,11,1,0
BRDA:182,12,0,0
BRDA:182,12,1,0
BRDA:197,13,0,0
BRDA:197,13,1,0
BRDA:212,14,0,0
BRDA:212,14,1,0
BRF:29
BRH:0
end_of_record
TN:
SF:src/components/configuration/ModernConfiguration.tsx
FN:15,ModernConfiguration
FNF:1
FNH:0
FNDA:0,ModernConfiguration
DA:3,0
DA:4,0
DA:5,0
DA:6,0
DA:7,0
DA:8,0
DA:9,0
DA:10,0
DA:11,0
DA:12,0
DA:13,0
DA:15,0
DA:31,0
DA:33,0
DA:34,0
DA:41,0
LF:16
LH:0
BRDA:33,0,0,0
BRDA:33,0,1,0
BRDA:53,1,0,0
BRDA:53,1,1,0
BRDA:61,2,0,0
BRDA:61,2,1,0
BRDA:69,3,0,0
BRDA:69,3,1,0
BRDA:77,4,0,0
BRDA:77,4,1,0
BRF:10
BRH:0
end_of_record
TN:
SF:src/components/configuration/hooks/useConfigurationForm.ts
FN:73,useConfigurationForm
FN:88,(anonymous_1)
FN:92,(anonymous_2)
FN:126,(anonymous_3)
FN:146,(anonymous_4)
FN:169,(anonymous_5)
FN:185,(anonymous_6)
FN:189,(anonymous_7)
FN:191,(anonymous_8)
FN:196,(anonymous_9)
FN:205,(anonymous_10)
FN:208,(anonymous_11)
FN:216,(anonymous_12)
FN:225,(anonymous_13)
FN:226,(anonymous_14)
FN:235,(anonymous_15)
FN:281,(anonymous_16)
FN:289,(anonymous_17)
FN:294,(anonymous_18)
FNF:19
FNH:0
FNDA:0,useConfigurationForm
FNDA:0,(anonymous_1)
FNDA:0,(anonymous_2)
FNDA:0,(anonymous_3)
FNDA:0,(anonymous_4)
FNDA:0,(anonymous_5)
FNDA:0,(anonymous_6)
FNDA:0,(anonymous_7)
FNDA:0,(anonymous_8)
FNDA:0,(anonymous_9)
FNDA:0,(anonymous_10)
FNDA:0,(anonymous_11)
FNDA:0,(anonymous_12)
FNDA:0,(anonymous_13)
FNDA:0,(anonymous_14)
FNDA:0,(anonymous_15)
FNDA:0,(anonymous_16)
FNDA:0,(anonymous_17)
FNDA:0,(anonymous_18)
DA:1,0
DA:2,0
DA:3,0
DA:73,0
DA:74,0
DA:75,0
DA:76,0
DA:77,0
DA:78,0
DA:83,0
DA:84,0
DA:85,0
DA:88,0
DA:89,0
DA:92,0
DA:93,0
DA:94,0
DA:95,0
DA:96,0
DA:97,0
DA:98,0
DA:100,0
DA:120,0
DA:122,0
DA:126,0
DA:127,0
DA:128,0
DA:135,0
DA:144,0
DA:145,0
DA:146,0
DA:147,0
DA:148,0
DA:149,0
DA:154,0
DA:155,0
DA:156,0
DA:167,0
DA:168,0
DA:169,0
DA:170,0
DA:171,0
DA:172,0
DA:177,0
DA:179,0
DA:185,0
DA:186,0
DA:189,0
DA:190,0
DA:191,0
DA:196,0
DA:205,0
DA:206,0
DA:207,0
DA:208,0
DA:216,0
DA:225,0
DA:226,0
DA:235,0
DA:236,0
DA:237,0
DA:238,0
DA:240,0
DA:241,0
DA:242,0
DA:243,0
DA:244,0
DA:247,0
DA:249,0
DA:268,0
DA:274,0
DA:275,0
DA:278,0
DA:280,0
DA:281,0
DA:283,0
DA:285,0
DA:289,0
DA:290,0
DA:291,0
DA:294,0
DA:295,0
DA:298,0
LF:83
LH:0
BRDA:96,0,0,0
BRDA:96,0,1,0
BRDA:136,1,0,0
BRDA:136,1,1,0
BRDA:137,2,0,0
BRDA:137,2,1,0
BRDA:138,3,0,0
BRDA:138,3,1,0
BRDA:139,4,0,0
BRDA:139,4,1,0
BRDA:140,5,0,0
BRDA:140,5,1,0
BRDA:141,6,0,0
BRDA:141,6,1,0
BRDA:145,7,0,0
BRDA:145,7,1,0
BRDA:155,8,0,0
BRDA:155,8,1,0
BRDA:157,9,0,0
BRDA:157,9,1,0
BRDA:158,10,0,0
BRDA:158,10,1,0
BRDA:159,11,0,0
BRDA:159,11,1,0
BRDA:160,12,0,0
BRDA:160,12,1,0
BRDA:161,13,0,0
BRDA:161,13,1,0
BRDA:162,14,0,0
BRDA:162,14,1,0
BRDA:163,15,0,0
BRDA:163,15,1,0
BRDA:164,16,0,0
BRDA:164,16,1,0
BRDA:168,17,0,0
BRDA:168,17,1,0
BRDA:193,18,0,0
BRDA:193,18,1,0
BRDA:212,19,0,0
BRDA:212,19,1,0
BRDA:242,20,0,0
BRDA:242,20,1,0
BRDA:243,21,0,0
BRDA:243,21,1,0
BRDA:247,22,0,0
BRDA:247,22,1,0
BRDA:251,23,0,0
BRDA:251,23,1,0
BRDA:252,24,0,0
BRDA:252,24,1,0
BRDA:253,25,0,0
BRDA:253,25,1,0
BRDA:254,26,0,0
BRDA:254,26,1,0
BRDA:255,27,0,0
BRDA:255,27,1,0
BRDA:256,28,0,0
BRDA:256,28,1,0
BRDA:257,29,0,0
BRDA:257,29,1,0
BRDA:258,30,0,0
BRDA:258,30,1,0
BRDA:261,31,0,0
BRDA:261,31,1,0
BRDA:262,32,0,0
BRDA:262,32,1,0
BRDA:263,33,0,0
BRDA:263,33,1,0
BRDA:264,34,0,0
BRDA:264,34,1,0
BRDA:274,35,0,0
BRDA:274,35,1,0
BRF:72
BRH:0
end_of_record
TN:
SF:src/components/dashboard/CircularGauge.tsx
FN:18,CircularGauge
FN:32,(anonymous_1)
FN:38,(anonymous_2)
FN:49,(anonymous_3)
FN:54,(anonymous_4)
FN:59,(anonymous_5)
FN:62,(anonymous_6)
FN:109,(anonymous_7)
FN:152,(anonymous_8)
FNF:9
FNH:0
FNDA:0,CircularGauge
FNDA:0,(anonymous_1)
FNDA:0,(anonymous_2)
FNDA:0,(anonymous_3)
FNDA:0,(anonymous_4)
FNDA:0,(anonymous_5)
FNDA:0,(anonymous_6)
FNDA:0,(anonymous_7)
FNDA:0,(anonymous_8)
DA:3,0
DA:4,0
DA:5,0
DA:18,0
DA:28,0
DA:29,0
DA:32,0
DA:33,0
DA:34,0
DA:38,0
DA:39,0
DA:40,0
DA:42,0
DA:43,0
DA:45,0
DA:49,0
DA:50,0
DA:54,0
DA:55,0
DA:59,0
DA:62,0
DA:63,0
DA:64,0
DA:67,0
DA:109,0
DA:155,0
DA:167,0
DA:169,0
LF:28
LH:0
BRDA:20,0,0,0
BRDA:21,1,0,0
BRDA:22,2,0,0
BRDA:23,3,0,0
BRDA:24,4,0,0
BRDA:25,5,0,0
BRDA:26,6,0,0
BRDA:39,7,0,0
BRDA:39,7,1,0
BRDA:42,8,0,0
BRDA:42,8,1,0
BRDA:50,9,0,0
BRDA:50,9,1,0
BRDA:55,10,0,0
BRDA:55,10,1,0
BRDA:59,11,0,0
BRDA:59,11,1,0
BRDA:63,12,0,0
BRDA:63,12,1,0
BRDA:122,13,0,0
BRDA:122,13,1,0
BRDA:134,14,0,0
BRDA:134,14,1,0
BRDA:156,15,0,0
BRDA:156,15,1,0
BRDA:156,15,2,0
BRDA:156,15,3,0
BRDA:156,15,4,0
BRDA:156,15,5,0
BRDA:156,15,6,0
BRDA:156,15,7,0
BRF:31
BRH:0
end_of_record
TN:
SF:src/components/dashboard/DashboardHeader.tsx
FN:36,DashboardHeader
FN:51,(anonymous_1)
FN:164,(anonymous_2)
FN:174,(anonymous_3)
FNF:4
FNH:0
FNDA:0,DashboardHeader
FNDA:0,(anonymous_1)
FNDA:0,(anonymous_2)
FNDA:0,(anonymous_3)
DA:1,0
DA:2,0
DA:3,0
DA:4,0
DA:5,0
DA:6,0
DA:27,0
DA:48,0
DA:49,0
DA:51,0
DA:52,0
DA:53,0
DA:54,0
DA:55,0
DA:56,0
DA:59,0
DA:164,0
DA:174,0
DA:175,0
DA:187,0
LF:20
LH:0
BRDA:38,0,0,0
BRDA:39,1,0,0
BRDA:42,2,0,0
BRDA:45,3,0,0
BRDA:46,4,0,0
BRDA:52,5,0,0
BRDA:52,5,1,0
BRDA:76,6,0,0
BRDA:76,6,1,0
BRDA:86,7,0,0
BRDA:86,7,1,0
BRDA:88,8,0,0
BRDA:88,8,1,0
BRDA:90,9,0,0
BRDA:90,9,1,0
BRDA:95,10,0,0
BRDA:95,10,1,0
BRDA:97,11,0,0
BRDA:97,11,1,0
BRDA:99,12,0,0
BRDA:99,12,1,0
BRDA:108,13,0,0
BRDA:108,13,1,0
BRDA:108,14,0,0
BRDA:108,14,1,0
BRDA:110,15,0,0
BRDA:110,15,1,0
BRDA:115,16,0,0
BRDA:115,16,1,0
BRDA:135,17,0,0
BRDA:135,17,1,0
BRDA:136,18,0,0
BRDA:136,18,1,0
BRDA:140,19,0,0
BRDA:140,19,1,0
BRDA:151,20,0,0
BRDA:151,20,1,0
BRDA:152,21,0,0
BRDA:152,21,1,0
BRDA:153,22,0,0
BRDA:153,22,1,0
BRDA:160,23,0,0
BRDA:160,23,1,0
BRDA:175,24,0,0
BRDA:175,24,1,0
BRDA:175,24,2,0
BRDA:175,24,3,0
BRDA:175,24,4,0
BRDA:175,24,5,0
BRDA:175,24,6,0
BRDA:175,24,7,0
BRDA:175,24,8,0
BRDA:175,24,9,0
BRF:53
BRH:0
end_of_record
TN:
SF:src/components/dashboard/GPUMetricsSection.tsx
FN:14,GPUMetricsSection
FN:16,(anonymous_1)
FN:60,(anonymous_2)
FN:69,(anonymous_3)
FN:85,(anonymous_4)
FNF:5
FNH:0
FNDA:0,GPUMetricsSection
FNDA:0,(anonymous_1)
FNDA:0,(anonymous_2)
FNDA:0,(anonymous_3)
FNDA:0,(anonymous_4)
DA:3,0
DA:4,0
DA:5,0
DA:6,0
DA:14,0
DA:15,0
DA:17,0
DA:23,0
DA:24,0
DA:31,0
DA:60,0
DA:69,0
DA:86,0
DA:90,0
LF:14
LH:0
BRDA:17,0,0,0
BRDA:17,0,1,0
BRDA:17,0,2,0
BRDA:23,1,0,0
BRDA:23,1,1,0
BRDA:34,2,0,0
BRDA:34,2,1,0
BRDA:36,3,0,0
BRDA:36,3,1,0
BRDA:60,4,0,0
BRDA:60,4,1,0
BRDA:69,5,0,0
BRDA:69,5,1,0
BRDA:86,6,0,0
BRDA:86,6,1,0
BRF:15
BRH:0
end_of_record
TN:
SF:src/components/dashboard/MemoizedModelItem.tsx
FN:33,(anonymous_0)
FN:45,(anonymous_1)
FN:51,(anonymous_2)
FN:61,(anonymous_3)
FN:71,(anonymous_4)
FN:81,ModelItem
FN:100,(anonymous_6)
FN:103,(anonymous_7)
FN:139,(anonymous_8)
FN:144,(anonymous_9)
FN:150,(anonymous_10)
FN:210,(anonymous_11)
FN:251,(anonymous_12)
FNF:13
FNH:0
FNDA:0,(anonymous_0)
FNDA:0,(anonymous_1)
FNDA:0,(anonymous_2)
FNDA:0,(anonymous_3)
FNDA:0,(anonymous_4)
FNDA:0,ModelItem
FNDA:0,(anonymous_6)
FNDA:0,(anonymous_7)
FNDA:0,(anonymous_8)
FNDA:0,(anonymous_9)
FNDA:0,(anonymous_10)
FNDA:0,(anonymous_11)
FNDA:0,(anonymous_12)
DA:3,0
DA:4,0
DA:5,0
DA:6,0
DA:33,0
DA:34,0
DA:35,0
DA:36,0
DA:38,0
DA:39,0
DA:41,0
DA:45,0
DA:46,0
DA:47,0
DA:48,0
DA:49,0
DA:51,0
DA:52,0
DA:53,0
DA:54,0
DA:56,0
DA:61,0
DA:62,0
DA:63,0
DA:64,0
DA:65,0
DA:66,0
DA:71,0
DA:72,0
DA:73,0
DA:74,0
DA:75,0
DA:76,0
DA:81,0
DA:95,0
DA:96,0
DA:97,0
DA:100,0
DA:101,0
DA:103,0
DA:106,0
DA:107,0
DA:110,0
DA:112,0
DA:113,0
DA:114,0
DA:116,0
DA:117,0
DA:118,0
DA:119,0
DA:122,0
DA:127,0
DA:128,0
DA:132,0
DA:135,0
DA:136,0
DA:137,0
DA:139,0
DA:144,0
DA:145,0
DA:146,0
DA:150,0
DA:151,0
DA:155,0
DA:157,0
DA:211,0
DA:254,0
DA:255,0
DA:257,0
DA:270,0
DA:272,0
LF:71
LH:0
BRDA:35,0,0,0
BRDA:35,0,1,0
BRDA:35,1,0,0
BRDA:35,1,1,0
BRDA:35,1,2,0
BRDA:35,1,3,0
BRDA:38,2,0,0
BRDA:38,2,1,0
BRDA:38,3,0,0
BRDA:38,3,1,0
BRDA:38,3,2,0
BRDA:38,3,3,0
BRDA:38,3,4,0
BRDA:48,4,0,0
BRDA:48,4,1,0
BRDA:53,5,0,0
BRDA:53,5,1,0
BRDA:54,6,0,0
BRDA:54,6,1,0
BRDA:54,6,2,0
BRDA:62,7,0,0
BRDA:62,7,1,0
BRDA:62,7,2,0
BRDA:62,7,3,0
BRDA:72,8,0,0
BRDA:72,8,1,0
BRDA:72,8,2,0
BRDA:72,8,3,0
BRDA:95,9,0,0
BRDA:95,9,1,0
BRDA:101,10,0,0
BRDA:101,10,1,0
BRDA:106,11,0,0
BRDA:106,11,1,0
BRDA:113,12,0,0
BRDA:113,12,1,0
BRDA:116,13,0,0
BRDA:116,13,1,0
BRDA:118,14,0,0
BRDA:118,14,1,0
BRDA:128,15,0,0
BRDA:128,15,1,0
BRDA:128,16,0,0
BRDA:128,16,1,0
BRDA:137,17,0,0
BRDA:137,17,1,0
BRDA:163,18,0,0
BRDA:163,18,1,0
BRDA:164,19,0,0
BRDA:164,19,1,0
BRDA:168,20,0,0
BRDA:168,20,1,0
BRDA:176,21,0,0
BRDA:176,21,1,0
BRDA:176,22,0,0
BRDA:176,22,1,0
BRDA:191,23,0,0
BRDA:191,23,1,0
BRDA:191,23,2,0
BRDA:199,24,0,0
BRDA:199,24,1,0
BRDA:199,24,2,0
BRDA:199,24,3,0
BRDA:221,25,0,0
BRDA:221,25,1,0
BRDA:222,26,0,0
BRDA:222,26,1,0
BRDA:224,27,0,0
BRDA:224,27,1,0
BRDA:225,28,0,0
BRDA:225,28,1,0
BRDA:229,29,0,0
BRDA:229,29,1,0
BRDA:232,30,0,0
BRDA:232,30,1,0
BRDA:232,30,2,0
BRDA:232,30,3,0
BRDA:258,31,0,0
BRDA:258,31,1,0
BRDA:258,31,2,0
BRDA:258,31,3,0
BRDA:258,31,4,0
BRDA:258,31,5,0
BRDA:258,31,6,0
BRDA:258,31,7,0
BRDA:258,31,8,0
BRF:86
BRH:0
end_of_record
TN:
SF:src/components/dashboard/MetricCard.tsx
FN:19,(anonymous_0)
FN:25,MetricCard
FN:36,(anonymous_2)
FN:39,(anonymous_3)
FN:45,(anonymous_4)
FN:48,(anonymous_5)
FN:51,(anonymous_6)
FN:58,(anonymous_7)
FN:64,(anonymous_8)
FN:147,(anonymous_9)
FNF:10
FNH:0
FNDA:0,(anonymous_0)
FNDA:0,MetricCard
FNDA:0,(anonymous_2)
FNDA:0,(anonymous_3)
FNDA:0,(anonymous_4)
FNDA:0,(anonymous_5)
FNDA:0,(anonymous_6)
FNDA:0,(anonymous_7)
FNDA:0,(anonymous_8)
FNDA:0,(anonymous_9)
DA:3,0
DA:4,0
DA:5,0
DA:19,0
DA:20,0
DA:21,0
DA:22,0
DA:25,0
DA:36,0
DA:39,0
DA:40,0
DA:41,0
DA:45,0
DA:48,0
DA:51,0
DA:52,0
DA:53,0
DA:54,0
DA:58,0
DA:59,0
DA:60,0
DA:64,0
DA:65,0
DA:66,0
DA:67,0
DA:68,0
DA:71,0
DA:150,0
DA:162,0
DA:164,0
LF:30
LH:0
BRDA:20,0,0,0
BRDA:20,0,1,0
BRDA:21,1,0,0
BRDA:21,1,1,0
BRDA:28,2,0,0
BRDA:32,3,0,0
BRDA:33,4,0,0
BRDA:40,5,0,0
BRDA:40,5,1,0
BRDA:48,6,0,0
BRDA:48,6,1,0
BRDA:52,7,0,0
BRDA:52,7,1,0
BRDA:53,8,0,0
BRDA:53,8,1,0
BRDA:59,9,0,0
BRDA:59,9,1,0
BRDA:60,10,0,0
BRDA:60,10,1,0
BRDA:65,11,0,0
BRDA:65,11,1,0
BRDA:66,12,0,0
BRDA:66,12,1,0
BRDA:67,13,0,0
BRDA:67,13,1,0
BRDA:73,14,0,0
BRDA:73,14,1,0
BRDA:75,15,0,0
BRDA:75,15,1,0
BRDA:81,16,0,0
BRDA:81,16,1,0
BRDA:87,17,0,0
BRDA:87,17,1,0
BRDA:92,18,0,0
BRDA:92,18,1,0
BRDA:99,19,0,0
BRDA:99,19,1,0
BRDA:109,20,0,0
BRDA:109,20,1,0
BRDA:113,21,0,0
BRDA:113,21,1,0
BRDA:130,22,0,0
BRDA:130,22,1,0
BRDA:151,23,0,0
BRDA:151,23,1,0
BRDA:151,23,2,0
BRDA:151,23,3,0
BRDA:151,23,4,0
BRDA:151,23,5,0
BRDA:151,23,6,0
BRDA:151,23,7,0
BRF:51
BRH:0
end_of_record
TN:
SF:src/components/dashboard/ModelsListCard.tsx
FN:26,ModelsListCard
FN:31,(anonymous_1)
FN:37,(anonymous_2)
FN:38,(anonymous_3)
FN:46,(anonymous_4)
FN:56,(anonymous_5)
FN:64,(anonymous_6)
FN:65,(anonymous_7)
FN:77,(anonymous_8)
FN:87,(anonymous_9)
FN:88,(anonymous_10)
FN:109,(anonymous_11)
FNF:12
FNH:0
FNDA:0,ModelsListCard
FNDA:0,(anonymous_1)
FNDA:0,(anonymous_2)
FNDA:0,(anonymous_3)
FNDA:0,(anonymous_4)
FNDA:0,(anonymous_5)
FNDA:0,(anonymous_6)
FNDA:0,(anonymous_7)
FNDA:0,(anonymous_8)
FNDA:0,(anonymous_9)
FNDA:0,(anonymous_10)
FNDA:0,(anonymous_11)
DA:3,0
DA:4,0
DA:5,0
DA:6,0
DA:7,0
DA:8,0
DA:26,0
DA:27,0
DA:28,0
DA:29,0
DA:31,0
DA:32,0
DA:33,0
DA:34,0
DA:37,0
DA:38,0
DA:42,0
DA:46,0
DA:47,0
DA:48,0
DA:49,0
DA:52,0
DA:53,0
DA:55,0
DA:56,0
DA:57,0
DA:58,0
DA:59,0
DA:64,0
DA:65,0
DA:66,0
DA:67,0
DA:68,0
DA:70,0
DA:73,0
DA:77,0
DA:78,0
DA:79,0
DA:82,0
DA:83,0
DA:87,0
DA:88,0
DA:91,0
DA:110,0
DA:111,0
DA:112,0
DA:114,0
LF:47
LH:0
BRDA:47,0,0,0
BRDA:47,0,1,0
BRDA:53,1,0,0
BRDA:53,1,1,0
BRDA:55,2,0,0
BRDA:55,2,1,0
BRDA:67,3,0,0
BRDA:67,3,1,0
BRDA:83,4,0,0
BRDA:83,4,1,0
BRDA:93,5,0,0
BRDA:93,5,1,0
BRDA:95,6,0,0
BRDA:95,6,1,0
BRDA:104,7,0,0
BRDA:104,7,1,0
BRDA:112,8,0,0
BRDA:112,8,1,0
BRDA:112,8,2,0
BRDA:112,8,3,0
BRF:20
BRH:0
end_of_record
TN:
SF:src/components/dashboard/ModernDashboard.tsx
FN:14,(anonymous_10)
FN:15,(anonymous_11)
FN:15,(anonymous_12)
FN:20,(anonymous_13)
FN:21,(anonymous_14)
FN:21,(anonymous_15)
FN:28,(anonymous_16)
FN:49,ModernDashboard
FN:76,(anonymous_18)
FN:79,(anonymous_19)
FN:80,(anonymous_20)
FN:84,(anonymous_21)
FN:88,(anonymous_22)
FN:94,(anonymous_23)
FN:97,(anonymous_24)
FN:101,(anonymous_25)
FN:105,(anonymous_26)
FN:108,(anonymous_27)
FN:112,(anonymous_28)
FN:116,(anonymous_29)
FN:122,(anonymous_30)
FN:126,(anonymous_31)
FN:130,(anonymous_32)
FN:136,(anonymous_33)
FN:138,(anonymous_34)
FN:144,(anonymous_35)
FN:145,(anonymous_36)
FN:148,(anonymous_37)
FN:157,(anonymous_38)
FN:163,(anonymous_39)
FN:171,(anonymous_40)
FN:179,(anonymous_41)
FN:368,(anonymous_42)
FN:377,(anonymous_43)
FNF:34
FNH:0
FNDA:0,(anonymous_10)
FNDA:0,(anonymous_11)
FNDA:0,(anonymous_12)
FNDA:0,(anonymous_13)
FNDA:0,(anonymous_14)
FNDA:0,(anonymous_15)
FNDA:0,(anonymous_16)
FNDA:0,ModernDashboard
FNDA:0,(anonymous_18)
FNDA:0,(anonymous_19)
FNDA:0,(anonymous_20)
FNDA:0,(anonymous_21)
FNDA:0,(anonymous_22)
FNDA:0,(anonymous_23)
FNDA:0,(anonymous_24)
FNDA:0,(anonymous_25)
FNDA:0,(anonymous_26)
FNDA:0,(anonymous_27)
FNDA:0,(anonymous_28)
FNDA:0,(anonymous_29)
FNDA:0,(anonymous_30)
FNDA:0,(anonymous_31)
FNDA:0,(anonymous_32)
FNDA:0,(anonymous_33)
FNDA:0,(anonymous_34)
FNDA:0,(anonymous_35)
FNDA:0,(anonymous_36)
FNDA:0,(anonymous_37)
FNDA:0,(anonymous_38)
FNDA:0,(anonymous_39)
FNDA:0,(anonymous_40)
FNDA:0,(anonymous_41)
FNDA:0,(anonymous_42)
FNDA:0,(anonymous_43)
DA:3,0
DA:4,0
DA:5,0
DA:6,0
DA:7,0
DA:8,0
DA:9,0
DA:10,0
DA:11,0
DA:14,0
DA:15,0
DA:20,0
DA:21,0
DA:28,0
DA:29,0
DA:49,0
DA:51,0
DA:56,0
DA:57,0
DA:58,0
DA:59,0
DA:60,0
DA:61,0
DA:62,0
DA:63,0
DA:66,0
DA:68,0
DA:71,0
DA:72,0
DA:74,0
DA:76,0
DA:79,0
DA:80,0
DA:84,0
DA:85,0
DA:88,0
DA:89,0
DA:90,0
DA:94,0
DA:97,0
DA:98,0
DA:101,0
DA:102,0
DA:105,0
DA:108,0
DA:109,0
DA:112,0
DA:113,0
DA:116,0
DA:117,0
DA:118,0
DA:122,0
DA:123,0
DA:126,0
DA:127,0
DA:130,0
DA:131,0
DA:132,0
DA:136,0
DA:138,0
DA:139,0
DA:144,0
DA:145,0
DA:148,0
DA:149,0
DA:150,0
DA:151,0
DA:152,0
DA:153,0
DA:157,0
DA:163,0
DA:171,0
DA:179,0
DA:184,0
DA:185,0
DA:223,0
DA:368,0
DA:377,0
LF:78
LH:0
BRDA:36,0,0,0
BRDA:36,0,1,0
BRDA:38,1,0,0
BRDA:38,1,1,0
BRDA:58,2,0,0
BRDA:58,2,1,0
BRDA:149,3,0,0
BRDA:149,3,1,0
BRDA:163,4,0,0
BRDA:163,4,1,0
BRDA:171,5,0,0
BRDA:171,5,1,0
BRDA:179,6,0,0
BRDA:179,6,1,0
BRDA:184,7,0,0
BRDA:184,7,1,0
BRDA:184,8,0,0
BRDA:184,8,1,0
BRDA:239,9,0,0
BRDA:239,9,1,0
BRDA:256,10,0,0
BRDA:256,10,1,0
BRDA:267,11,0,0
BRDA:267,11,1,0
BRDA:278,12,0,0
BRDA:278,12,1,0
BRDA:302,13,0,0
BRDA:302,13,1,0
BRDA:313,14,0,0
BRDA:313,14,1,0
BRDA:324,15,0,0
BRDA:324,15,1,0
BRDA:324,16,0,0
BRDA:324,16,1,0
BRDA:335,17,0,0
BRDA:335,17,1,0
BRDA:368,18,0,0
BRDA:368,18,1,0
BRDA:377,19,0,0
BRDA:377,19,1,0
BRF:40
BRH:0
end_of_record
TN:
SF:src/components/dashboard/QuickActionsCard.tsx
FN:16,QuickActionsCard
FN:32,(anonymous_1)
FN:61,(anonymous_2)
FN:76,(anonymous_3)
FNF:4
FNH:0
FNDA:0,QuickActionsCard
FNDA:0,(anonymous_1)
FNDA:0,(anonymous_2)
FNDA:0,(anonymous_3)
DA:3,0
DA:4,0
DA:5,0
DA:6,0
DA:23,0
DA:25,0
DA:40,0
DA:58,0
DA:61,0
DA:63,0
DA:77,0
DA:99,0
DA:101,0
LF:13
LH:0
BRDA:20,0,0,0
BRDA:21,1,0,0
BRDA:50,2,0,0
BRDA:50,2,1,0
BRDA:65,3,0,0
BRDA:65,3,1,0
BRDA:67,4,0,0
BRDA:67,4,1,0
BRDA:80,5,0,0
BRDA:80,5,1,0
BRDA:84,6,0,0
BRDA:84,6,1,0
BRF:12
BRH:0
end_of_record
TN:
SF:src/components/dashboard/ServerStatusSection.tsx
FN:12,ServerStatusSection
FNF:1
FNH:0
FNDA:0,ServerStatusSection
DA:3,0
DA:4,0
DA:5,0
DA:6,0
DA:13,0
DA:14,0
DA:16,0
DA:51,0
DA:53,0
LF:9
LH:0
BRDA:18,0,0,0
BRDA:18,0,1,0
BRDA:20,1,0,0
BRDA:20,1,1,0
BRDA:30,2,0,0
BRDA:30,2,1,0
BRDA:31,3,0,0
BRDA:31,3,1,0
BRDA:33,4,0,0
BRDA:33,4,1,0
BRDA:34,5,0,0
BRDA:34,5,1,0
BRDA:35,6,0,0
BRDA:35,6,1,0
BRDA:36,7,0,0
BRDA:36,7,1,0
BRDA:43,8,0,0
BRDA:43,8,1,0
BRF:18
BRH:0
end_of_record
TN:
SF:src/components/dashboard/hooks/useDashboardMetrics.ts
FN:16,useDashboardMetrics
FN:17,(anonymous_1)
FN:23,(anonymous_2)
FN:30,(anonymous_3)
FN:37,(anonymous_4)
FN:38,(anonymous_5)
FN:45,(anonymous_6)
FN:49,(anonymous_7)
FN:51,(anonymous_8)
FNF:9
FNH:0
FNDA:0,useDashboardMetrics
FNDA:0,(anonymous_1)
FNDA:0,(anonymous_2)
FNDA:0,(anonymous_3)
FNDA:0,(anonymous_4)
FNDA:0,(anonymous_5)
FNDA:0,(anonymous_6)
FNDA:0,(anonymous_7)
FNDA:0,(anonymous_8)
DA:1,0
DA:2,0
DA:3,0
DA:4,0
DA:16,0
DA:17,0
DA:18,0
DA:19,0
DA:20,0
DA:23,0
DA:24,0
DA:25,0
DA:30,0
DA:31,0
DA:32,0
DA:37,0
DA:38,0
DA:39,0
DA:40,0
DA:41,0
DA:45,0
DA:49,0
DA:50,0
DA:51,0
DA:53,0
DA:60,0
DA:61,0
DA:64,0
DA:65,0
DA:75,0
DA:80,0
LF:31
LH:0
BRDA:24,0,0,0
BRDA:24,0,1,0
BRDA:31,1,0,0
BRDA:31,1,1,0
BRDA:31,2,0,0
BRDA:31,2,1,0
BRDA:39,3,0,0
BRDA:39,3,1,0
BRDA:50,4,0,0
BRDA:50,4,1,0
BRDA:50,5,0,0
BRDA:50,5,1,0
BRDA:53,6,0,0
BRDA:53,6,1,0
BRDA:53,6,2,0
BRDA:53,6,3,0
BRDA:53,6,4,0
BRDA:53,6,5,0
BRDA:60,7,0,0
BRDA:60,7,1,0
BRDA:70,8,0,0
BRDA:70,8,1,0
BRDA:71,9,0,0
BRDA:71,9,1,0
BRDA:72,10,0,0
BRDA:72,10,1,0
BRF:26
BRH:0
end_of_record
TN:
SF:src/components/layout/Header.tsx
FN:10,Header
FN:24,(anonymous_1)
FNF:2
FNH:1
FNDA:14,Header
FNDA:0,(anonymous_1)
DA:3,1
DA:4,1
DA:5,1
DA:6,1
DA:7,1
DA:8,1
DA:10,1
DA:11,14
DA:12,14
DA:14,14
DA:24,0
LF:11
LH:10
BRDA:20,0,0,0
BRDA:20,0,1,14
BRDA:22,1,0,0
BRDA:22,1,1,14
BRDA:32,2,0,0
BRDA:32,2,1,14
BRDA:37,3,0,0
BRDA:37,3,1,14
BRDA:41,4,0,0
BRDA:41,4,1,14
BRF:10
BRH:5
end_of_record
TN:
SF:src/components/layout/Layout.tsx
FN:8,(anonymous_1)
FN:26,(anonymous_2)
FNF:2
FNH:0
FNDA:0,(anonymous_1)
FNDA:0,(anonymous_2)
DA:3,0
DA:4,0
DA:5,0
DA:6,0
DA:8,0
DA:9,0
DA:11,0
DA:26,0
DA:27,0
DA:34,0
LF:10
LH:0
BRDA:16,0,0,0
BRDA:16,0,1,0
BRF:2
BRH:0
end_of_record
TN:
SF:src/components/layout/RootLayoutContent.tsx
FN:8,RootLayoutContent
FNF:1
FNH:0
FNDA:0,RootLayoutContent
DA:3,0
DA:4,0
DA:5,0
DA:6,0
DA:8,0
DA:10,0
LF:6
LH:0
BRF:0
BRH:0
end_of_record
TN:
SF:src/components/layout/Sidebar.tsx
FN:44,Sidebar
FN:49,(anonymous_2)
FN:61,(anonymous_3)
FN:101,(anonymous_4)
FNF:4
FNH:0
FNDA:0,Sidebar
FNDA:0,(anonymous_2)
FNDA:0,(anonymous_3)
FNDA:0,(anonymous_4)
DA:3,0
DA:4,0
DA:5,0
DA:6,0
DA:7,0
DA:15,0
DA:26,0
DA:27,0
DA:36,0
DA:44,0
DA:45,0
DA:46,0
DA:47,0
DA:49,0
DA:51,0
DA:61,0
DA:102,0
DA:103,0
DA:105,0
LF:19
LH:0
BRDA:54,0,0,0
BRDA:54,0,1,0
BRDA:77,1,0,0
BRDA:77,1,1,0
BRDA:78,2,0,0
BRDA:78,2,1,0
BRDA:79,3,0,0
BRDA:79,3,1,0
BRDA:87,4,0,0
BRDA:87,4,1,0
BRDA:89,5,0,0
BRDA:89,5,1,0
BRDA:92,6,0,0
BRDA:92,6,1,0
BRDA:117,7,0,0
BRDA:117,7,1,0
BRDA:117,8,0,0
BRDA:117,8,1,0
BRDA:119,9,0,0
BRDA:119,9,1,0
BRDA:124,10,0,0
BRDA:124,10,1,0
BRDA:124,11,0,0
BRDA:124,11,1,0
BRDA:124,12,0,0
BRDA:124,12,1,0
BRDA:131,13,0,0
BRDA:131,13,1,0
BRDA:132,14,0,0
BRDA:132,14,1,0
BRDA:132,15,0,0
BRDA:132,15,1,0
BRDA:132,16,0,0
BRDA:132,16,1,0
BRDA:148,17,0,0
BRDA:148,17,1,0
BRF:36
BRH:0
end_of_record
TN:
SF:src/components/layout/SidebarProvider.tsx
FN:16,SidebarProvider
FN:19,(anonymous_10)
FN:20,(anonymous_11)
FN:21,(anonymous_12)
FN:32,useSidebar
FNF:5
FNH:5
FNDA:25,SidebarProvider
FNDA:8,(anonymous_10)
FNDA:2,(anonymous_11)
FNDA:2,(anonymous_12)
FNDA:28,useSidebar
DA:3,1
DA:12,1
DA:16,1
DA:17,25
DA:19,25
DA:20,25
DA:21,25
DA:23,25
DA:32,1
DA:33,28
DA:34,27
DA:35,2
DA:37,25
LF:13
LH:13
BRDA:34,0,0,2
BRDA:34,0,1,25
BRF:2
BRH:2
end_of_record
TN:
SF:src/components/layout/index.tsx
FN:1,(anonymous_0)
FN:2,(anonymous_1)
FNF:2
FNH:0
FNDA:0,(anonymous_0)
FNDA:0,(anonymous_1)
DA:1,0
DA:2,0
LF:2
LH:0
BRF:0
BRH:0
end_of_record
TN:
SF:src/components/layout/main-layout.tsx
FN:13,MainLayout
FNF:1
FNH:0
FNDA:0,MainLayout
DA:3,0
DA:4,0
DA:5,0
DA:6,0
DA:7,0
DA:13,0
DA:14,0
DA:16,0
LF:8
LH:0
BRDA:22,0,0,0
BRDA:22,0,1,0
BRF:2
BRH:0
end_of_record
TN:
SF:src/components/models/ModelConfigDialog.tsx
FN:274,SliderField
FN:276,(anonymous_1)
FN:335,SamplingForm
FN:337,(anonymous_3)
FN:343,(anonymous_4)
FN:344,(anonymous_5)
FN:345,(anonymous_6)
FN:346,(anonymous_7)
FN:347,(anonymous_8)
FN:348,(anonymous_9)
FN:349,(anonymous_10)
FN:350,(anonymous_11)
FN:351,(anonymous_12)
FN:352,(anonymous_13)
FN:353,(anonymous_14)
FN:354,(anonymous_15)
FN:355,(anonymous_16)
FN:481,(anonymous_17)
FN:537,MemoryForm
FN:539,(anonymous_19)
FN:545,(anonymous_20)
FN:546,(anonymous_21)
FN:547,(anonymous_22)
FN:548,(anonymous_23)
FN:549,(anonymous_24)
FN:550,(anonymous_25)
FN:551,(anonymous_26)
FN:552,(anonymous_27)
FN:553,(anonymous_28)
FN:554,(anonymous_29)
FN:555,(anonymous_30)
FN:707,GPUForm
FN:709,(anonymous_32)
FN:715,(anonymous_33)
FN:716,(anonymous_34)
FN:717,(anonymous_35)
FN:718,(anonymous_36)
FN:719,(anonymous_37)
FN:720,(anonymous_38)
FN:721,(anonymous_39)
FN:722,(anonymous_40)
FN:723,(anonymous_41)
FN:724,(anonymous_42)
FN:725,(anonymous_43)
FN:875,AdvancedForm
FN:877,(anonymous_45)
FN:883,(anonymous_46)
FN:884,(anonymous_47)
FN:885,(anonymous_48)
FN:886,(anonymous_49)
FN:887,(anonymous_50)
FN:888,(anonymous_51)
FN:889,(anonymous_52)
FN:890,(anonymous_53)
FN:891,(anonymous_54)
FN:892,(anonymous_55)
FN:893,(anonymous_56)
FN:894,(anonymous_57)
FN:895,(anonymous_58)
FN:896,(anonymous_59)
FN:897,(anonymous_60)
FN:898,(anonymous_61)
FN:899,(anonymous_62)
FN:900,(anonymous_63)
FN:901,(anonymous_64)
FN:902,(anonymous_65)
FN:1172,LoRAForm
FN:1174,(anonymous_67)
FN:1180,(anonymous_68)
FN:1181,(anonymous_69)
FN:1182,(anonymous_70)
FN:1183,(anonymous_71)
FN:1243,MultimodalForm
FN:1245,(anonymous_73)
FN:1251,(anonymous_74)
FN:1252,(anonymous_75)
FN:1253,(anonymous_76)
FN:1254,(anonymous_77)
FN:1255,(anonymous_78)
FN:1334,ModelConfigDialog
FN:1350,(anonymous_80)
FN:1367,(anonymous_81)
FN:1384,(anonymous_82)
FN:1398,(anonymous_83)
FN:1407,(anonymous_84)
FN:1415,(anonymous_85)
FNF:86
FNH:0
FNDA:0,SliderField
FNDA:0,(anonymous_1)
FNDA:0,SamplingForm
FNDA:0,(anonymous_3)
FNDA:0,(anonymous_4)
FNDA:0,(anonymous_5)
FNDA:0,(anonymous_6)
FNDA:0,(anonymous_7)
FNDA:0,(anonymous_8)
FNDA:0,(anonymous_9)
FNDA:0,(anonymous_10)
FNDA:0,(anonymous_11)
FNDA:0,(anonymous_12)
FNDA:0,(anonymous_13)
FNDA:0,(anonymous_14)
FNDA:0,(anonymous_15)
FNDA:0,(anonymous_16)
FNDA:0,(anonymous_17)
FNDA:0,MemoryForm
FNDA:0,(anonymous_19)
FNDA:0,(anonymous_20)
FNDA:0,(anonymous_21)
FNDA:0,(anonymous_22)
FNDA:0,(anonymous_23)
FNDA:0,(anonymous_24)
FNDA:0,(anonymous_25)
FNDA:0,(anonymous_26)
FNDA:0,(anonymous_27)
FNDA:0,(anonymous_28)
FNDA:0,(anonymous_29)
FNDA:0,(anonymous_30)
FNDA:0,GPUForm
FNDA:0,(anonymous_32)
FNDA:0,(anonymous_33)
FNDA:0,(anonymous_34)
FNDA:0,(anonymous_35)
FNDA:0,(anonymous_36)
FNDA:0,(anonymous_37)
FNDA:0,(anonymous_38)
FNDA:0,(anonymous_39)
FNDA:0,(anonymous_40)
FNDA:0,(anonymous_41)
FNDA:0,(anonymous_42)
FNDA:0,(anonymous_43)
FNDA:0,AdvancedForm
FNDA:0,(anonymous_45)
FNDA:0,(anonymous_46)
FNDA:0,(anonymous_47)
FNDA:0,(anonymous_48)
FNDA:0,(anonymous_49)
FNDA:0,(anonymous_50)
FNDA:0,(anonymous_51)
FNDA:0,(anonymous_52)
FNDA:0,(anonymous_53)
FNDA:0,(anonymous_54)
FNDA:0,(anonymous_55)
FNDA:0,(anonymous_56)
FNDA:0,(anonymous_57)
FNDA:0,(anonymous_58)
FNDA:0,(anonymous_59)
FNDA:0,(anonymous_60)
FNDA:0,(anonymous_61)
FNDA:0,(anonymous_62)
FNDA:0,(anonymous_63)
FNDA:0,(anonymous_64)
FNDA:0,(anonymous_65)
FNDA:0,LoRAForm
FNDA:0,(anonymous_67)
FNDA:0,(anonymous_68)
FNDA:0,(anonymous_69)
FNDA:0,(anonymous_70)
FNDA:0,(anonymous_71)
FNDA:0,MultimodalForm
FNDA:0,(anonymous_73)
FNDA:0,(anonymous_74)
FNDA:0,(anonymous_75)
FNDA:0,(anonymous_76)
FNDA:0,(anonymous_77)
FNDA:0,(anonymous_78)
FNDA:0,ModelConfigDialog
FNDA:0,(anonymous_80)
FNDA:0,(anonymous_81)
FNDA:0,(anonymous_82)
FNDA:0,(anonymous_83)
FNDA:0,(anonymous_84)
FNDA:0,(anonymous_85)
DA:7,0
DA:8,0
DA:130,0
DA:147,0
DA:161,0
DA:175,0
DA:198,0
DA:205,0
DA:217,0
DA:274,0
DA:275,0
DA:277,0
DA:283,0
DA:328,0
DA:335,0
DA:336,0
DA:338,0
DA:343,0
DA:344,0
DA:345,0
DA:346,0
DA:347,0
DA:348,0
DA:349,0
DA:350,0
DA:351,0
DA:352,0
DA:353,0
DA:354,0
DA:355,0
DA:357,0
DA:481,0
DA:537,0
DA:538,0
DA:540,0
DA:545,0
DA:546,0
DA:547,0
DA:548,0
DA:549,0
DA:550,0
DA:551,0
DA:552,0
DA:553,0
DA:554,0
DA:555,0
DA:557,0
DA:707,0
DA:708,0
DA:710,0
DA:715,0
DA:716,0
DA:717,0
DA:718,0
DA:719,0
DA:720,0
DA:721,0
DA:722,0
DA:723,0
DA:724,0
DA:725,0
DA:727,0
DA:875,0
DA:876,0
DA:878,0
DA:883,0
DA:884,0
DA:885,0
DA:886,0
DA:887,0
DA:888,0
DA:889,0
DA:890,0
DA:891,0
DA:892,0
DA:893,0
DA:894,0
DA:895,0
DA:896,0
DA:897,0
DA:898,0
DA:899,0
DA:900,0
DA:901,0
DA:902,0
DA:904,0
DA:1172,0
DA:1173,0
DA:1175,0
DA:1180,0
DA:1181,0
DA:1182,0
DA:1183,0
DA:1185,0
DA:1243,0
DA:1244,0
DA:1246,0
DA:1251,0
DA:1252,0
DA:1253,0
DA:1254,0
DA:1255,0
DA:1257,0
DA:1334,0
DA:1343,0
DA:1349,0
DA:1350,0
DA:1362,0
DA:1367,0
DA:1368,0
DA:1373,0
DA:1374,0
DA:1376,0
DA:1381,0
DA:1384,0
DA:1385,0
DA:1393,0
DA:1397,0
DA:1401,0
DA:1407,0
DA:1408,0
DA:1409,0
DA:1410,0
DA:1415,0
DA:1416,0
DA:1418,0
DA:1420,0
DA:1422,0
DA:1424,0
DA:1426,0
DA:1428,0
DA:1430,0
DA:1434,0
DA:1464,0
LF:134
LH:0
BRDA:289,0,0,0
BRDA:289,0,1,0
BRDA:292,1,0,0
BRDA:292,1,1,0
BRDA:328,2,0,0
BRDA:328,2,1,0
BRDA:345,3,0,0
BRDA:345,3,1,0
BRDA:349,4,0,0
BRDA:349,4,1,0
BRDA:352,5,0,0
BRDA:352,5,1,0
BRDA:545,6,0,0
BRDA:545,6,1,0
BRDA:546,7,0,0
BRDA:546,7,1,0
BRDA:547,8,0,0
BRDA:547,8,1,0
BRDA:553,9,0,0
BRDA:553,9,1,0
BRDA:715,10,0,0
BRDA:715,10,1,0
BRDA:716,11,0,0
BRDA:716,11,1,0
BRDA:718,12,0,0
BRDA:718,12,1,0
BRDA:883,13,0,0
BRDA:883,13,1,0
BRDA:884,14,0,0
BRDA:884,14,1,0
BRDA:885,15,0,0
BRDA:885,15,1,0
BRDA:886,16,0,0
BRDA:886,16,1,0
BRDA:887,17,0,0
BRDA:887,17,1,0
BRDA:888,18,0,0
BRDA:888,18,1,0
BRDA:889,19,0,0
BRDA:889,19,1,0
BRDA:890,20,0,0
BRDA:890,20,1,0
BRDA:891,21,0,0
BRDA:891,21,1,0
BRDA:895,22,0,0
BRDA:895,22,1,0
BRDA:1368,23,0,0
BRDA:1368,23,1,0
BRDA:1373,24,0,0
BRDA:1373,24,1,0
BRDA:1408,25,0,0
BRDA:1408,25,1,0
BRDA:1416,26,0,0
BRDA:1416,26,1,0
BRDA:1416,26,2,0
BRDA:1416,26,3,0
BRDA:1416,26,4,0
BRDA:1416,26,5,0
BRDA:1416,26,6,0
BRF:59
BRH:0
end_of_record
TN:
SF:src/components/pages/ApiRoutes.tsx
FN:8,GET_monitoring
FN:22,GET_monitoring_history
FNF:2
FNH:0
FNDA:0,GET_monitoring
FNDA:0,GET_monitoring_history
DA:1,0
DA:2,0
DA:8,0
DA:9,0
DA:10,0
DA:11,0
DA:13,0
DA:14,0
DA:22,0
DA:23,0
DA:24,0
DA:25,0
DA:26,0
DA:27,0
DA:28,0
DA:30,0
DA:31,0
LF:17
LH:0
BRDA:25,0,0,0
BRDA:25,0,1,0
BRDA:27,1,0,0
BRDA:27,1,1,0
BRF:4
BRH:0
end_of_record
TN:
SF:src/components/pages/ConfigurationPage.tsx
FN:26,(anonymous_9)
FN:47,(anonymous_10)
FN:49,(anonymous_11)
FN:55,(anonymous_12)
FN:78,(anonymous_13)
FN:95,(anonymous_14)
FN:98,(anonymous_15)
FN:205,(anonymous_16)
FN:205,(anonymous_17)
FN:221,(anonymous_18)
FN:221,(anonymous_19)
FN:236,(anonymous_20)
FN:236,(anonymous_21)
FN:253,(anonymous_22)
FN:253,(anonymous_23)
FN:270,(anonymous_24)
FN:270,(anonymous_25)
FN:285,(anonymous_26)
FN:285,(anonymous_27)
FN:299,(anonymous_28)
FN:299,(anonymous_29)
FNF:21
FNH:0
FNDA:0,(anonymous_9)
FNDA:0,(anonymous_10)
FNDA:0,(anonymous_11)
FNDA:0,(anonymous_12)
FNDA:0,(anonymous_13)
FNDA:0,(anonymous_14)
FNDA:0,(anonymous_15)
FNDA:0,(anonymous_16)
FNDA:0,(anonymous_17)
FNDA:0,(anonymous_18)
FNDA:0,(anonymous_19)
FNDA:0,(anonymous_20)
FNDA:0,(anonymous_21)
FNDA:0,(anonymous_22)
FNDA:0,(anonymous_23)
FNDA:0,(anonymous_24)
FNDA:0,(anonymous_25)
FNDA:0,(anonymous_26)
FNDA:0,(anonymous_27)
FNDA:0,(anonymous_28)
FNDA:0,(anonymous_29)
DA:3,0
DA:26,0
DA:27,0
DA:28,0
DA:44,0
DA:45,0
DA:47,0
DA:48,0
DA:49,0
DA:55,0
DA:56,0
DA:57,0
DA:59,0
DA:60,0
DA:68,0
DA:69,0
DA:71,0
DA:74,0
DA:75,0
DA:77,0
DA:78,0
DA:82,0
DA:87,0
DA:96,0
DA:98,0
DA:205,0
DA:221,0
DA:236,0
DA:253,0
DA:270,0
DA:285,0
DA:299,0
DA:325,0
LF:33
LH:0
BRDA:51,0,0,0
BRDA:51,0,1,0
BRDA:51,1,0,0
BRDA:51,1,1,0
BRDA:68,2,0,0
BRDA:68,2,1,0
BRDA:100,3,0,0
BRDA:100,3,1,0
BRDA:114,4,0,0
BRDA:114,4,1,0
BRDA:182,5,0,0
BRDA:182,5,1,0
BRDA:185,6,0,0
BRDA:185,6,1,0
BRDA:186,7,0,0
BRDA:186,7,1,0
BRDA:195,8,0,0
BRDA:195,8,1,0
BRDA:207,9,0,0
BRDA:207,9,1,0
BRDA:223,10,0,0
BRDA:223,10,1,0
BRDA:238,11,0,0
BRDA:238,11,1,0
BRDA:255,12,0,0
BRDA:255,12,1,0
BRDA:272,13,0,0
BRDA:272,13,1,0
BRDA:287,14,0,0
BRDA:287,14,1,0
BRDA:301,15,0,0
BRDA:301,15,1,0
BRDA:315,16,0,0
BRDA:315,16,1,0
BRF:34
BRH:0
end_of_record
TN:
SF:src/components/pages/LoggingSettings.tsx
FN:12,LoggingSettings
FN:19,(anonymous_1)
FN:26,(anonymous_2)
FN:27,(anonymous_3)
FN:30,(anonymous_4)
FN:49,(anonymous_5)
FN:65,(anonymous_6)
FN:70,(anonymous_7)
FN:132,(anonymous_8)
FN:146,(anonymous_9)
FN:153,(anonymous_10)
FN:155,(anonymous_11)
FN:192,(anonymous_12)
FN:206,(anonymous_13)
FN:213,(anonymous_14)
FN:215,(anonymous_15)
FN:223,(anonymous_16)
FN:230,(anonymous_17)
FN:232,(anonymous_18)
FN:238,(anonymous_19)
FN:246,(anonymous_20)
FNF:21
FNH:0
FNDA:0,LoggingSettings
FNDA:0,(anonymous_1)
FNDA:0,(anonymous_2)
FNDA:0,(anonymous_3)
FNDA:0,(anonymous_4)
FNDA:0,(anonymous_5)
FNDA:0,(anonymous_6)
FNDA:0,(anonymous_7)
FNDA:0,(anonymous_8)
FNDA:0,(anonymous_9)
FNDA:0,(anonymous_10)
FNDA:0,(anonymous_11)
FNDA:0,(anonymous_12)
FNDA:0,(anonymous_13)
FNDA:0,(anonymous_14)
FNDA:0,(anonymous_15)
FNDA:0,(anonymous_16)
FNDA:0,(anonymous_17)
FNDA:0,(anonymous_18)
FNDA:0,(anonymous_19)
FNDA:0,(anonymous_20)
DA:3,0
DA:4,0
DA:5,0
DA:6,0
DA:7,0
DA:9,0
DA:10,0
DA:12,0
DA:13,0
DA:14,0
DA:15,0
DA:16,0
DA:17,0
DA:19,0
DA:21,0
DA:22,0
DA:23,0
DA:26,0
DA:27,0
DA:30,0
DA:31,0
DA:32,0
DA:35,0
DA:37,0
DA:38,0
DA:42,0
DA:44,0
DA:45,0
DA:49,0
DA:50,0
DA:60,0
DA:61,0
DA:62,0
DA:65,0
DA:66,0
DA:67,0
DA:70,0
DA:71,0
DA:72,0
DA:75,0
DA:76,0
DA:83,0
DA:132,0
DA:147,0
DA:148,0
DA:153,0
DA:155,0
DA:192,0
DA:207,0
DA:208,0
DA:213,0
DA:215,0
DA:224,0
DA:225,0
DA:230,0
DA:232,0
DA:238,0
DA:246,0
LF:58
LH:0
BRDA:72,0,0,0
BRDA:72,0,1,0
BRDA:75,1,0,0
BRDA:75,1,1,0
BRDA:101,2,0,0
BRDA:101,2,1,0
BRDA:115,3,0,0
BRDA:115,3,1,0
BRDA:116,4,0,0
BRDA:116,4,1,0
BRDA:139,5,0,0
BRDA:139,5,1,0
BRDA:175,6,0,0
BRDA:175,6,1,0
BRDA:176,7,0,0
BRDA:176,7,1,0
BRDA:199,8,0,0
BRDA:199,8,1,0
BRDA:269,9,0,0
BRDA:269,9,1,0
BRDA:270,10,0,0
BRDA:270,10,1,0
BRDA:316,11,0,0
BRDA:316,11,1,0
BRDA:317,12,0,0
BRDA:317,12,1,0
BRDA:332,13,0,0
BRDA:332,13,1,0
BRDA:333,14,0,0
BRDA:333,14,1,0
BRDA:350,15,0,0
BRDA:350,15,1,0
BRDA:351,16,0,0
BRDA:351,16,1,0
BRF:34
BRH:0
end_of_record
TN:
SF:src/components/pages/LogsPage.tsx
FN:7,(anonymous_0)
FN:9,(anonymous_1)
FN:15,(anonymous_2)
FN:21,(anonymous_3)
FN:27,(anonymous_4)
FN:28,(anonymous_5)
FN:43,(anonymous_6)
FN:47,(anonymous_7)
FN:58,(anonymous_8)
FN:80,(anonymous_9)
FN:85,(anonymous_10)
FN:105,(anonymous_11)
FN:111,(anonymous_12)
FN:117,(anonymous_13)
FN:132,(anonymous_14)
FNF:15
FNH:0
FNDA:0,(anonymous_0)
FNDA:0,(anonymous_1)
FNDA:0,(anonymous_2)
FNDA:0,(anonymous_3)
FNDA:0,(anonymous_4)
FNDA:0,(anonymous_5)
FNDA:0,(anonymous_6)
FNDA:0,(anonymous_7)
FNDA:0,(anonymous_8)
FNDA:0,(anonymous_9)
FNDA:0,(anonymous_10)
FNDA:0,(anonymous_11)
FNDA:0,(anonymous_12)
FNDA:0,(anonymous_13)
FNDA:0,(anonymous_14)
DA:3,0
DA:4,0
DA:5,0
DA:7,0
DA:8,0
DA:9,0
DA:10,0
DA:11,0
DA:12,0
DA:15,0
DA:16,0
DA:17,0
DA:21,0
DA:22,0
DA:27,0
DA:28,0
DA:29,0
DA:30,0
DA:31,0
DA:34,0
DA:37,0
DA:38,0
DA:43,0
DA:44,0
DA:47,0
DA:48,0
DA:49,0
DA:50,0
DA:51,0
DA:52,0
DA:53,0
DA:54,0
DA:58,0
DA:59,0
DA:60,0
DA:61,0
DA:62,0
DA:63,0
DA:64,0
DA:65,0
DA:69,0
DA:80,0
DA:85,0
DA:105,0
DA:111,0
DA:117,0
DA:133,0
DA:134,0
DA:135,0
DA:136,0
DA:155,0
LF:51
LH:0
BRDA:16,0,0,0
BRDA:16,0,1,0
BRDA:29,1,0,0
BRDA:29,1,1,0
BRDA:29,2,0,0
BRDA:29,2,1,0
BRDA:30,3,0,0
BRDA:30,3,1,0
BRDA:34,4,0,0
BRDA:34,4,1,0
BRDA:34,4,2,0
BRDA:37,5,0,0
BRDA:37,5,1,0
BRDA:38,6,0,0
BRDA:38,6,1,0
BRDA:48,7,0,0
BRDA:48,7,1,0
BRDA:48,7,2,0
BRDA:48,7,3,0
BRDA:48,7,4,0
BRDA:48,7,5,0
BRDA:59,8,0,0
BRDA:59,8,1,0
BRDA:59,8,2,0
BRDA:59,8,3,0
BRDA:59,8,4,0
BRDA:59,8,5,0
BRDA:106,9,0,0
BRDA:106,9,1,0
BRDA:112,10,0,0
BRDA:112,10,1,0
BRDA:118,11,0,0
BRDA:118,11,1,0
BRDA:127,12,0,0
BRDA:127,12,1,0
BRDA:129,13,0,0
BRDA:129,13,1,0
BRDA:133,14,0,0
BRDA:133,14,1,0
BRDA:133,15,0,0
BRDA:133,15,1,0
BRDA:134,16,0,0
BRDA:134,16,1,0
BRDA:135,17,0,0
BRDA:135,17,1,0
BRF:45
BRH:0
end_of_record
TN:
SF:src/components/pages/ModelsPage.tsx
FN:19,(anonymous_0)
FN:27,(anonymous_1)
FN:41,(anonymous_2)
FN:46,(anonymous_3)
FN:47,(anonymous_4)
FN:55,(anonymous_5)
FN:55,(anonymous_6)
FN:62,(anonymous_7)
FN:66,(anonymous_8)
FN:67,(anonymous_9)
FN:75,(anonymous_10)
FN:75,(anonymous_11)
FN:82,(anonymous_12)
FN:86,(anonymous_13)
FN:99,(anonymous_14)
FN:114,(anonymous_15)
FN:124,(anonymous_16)
FN:148,(anonymous_17)
FN:157,(anonymous_18)
FN:170,(anonymous_19)
FN:171,(anonymous_20)
FN:186,(anonymous_21)
FN:208,(anonymous_22)
FN:229,(anonymous_23)
FN:237,(anonymous_24)
FNF:25
FNH:0
FNDA:0,(anonymous_0)
FNDA:0,(anonymous_1)
FNDA:0,(anonymous_2)
FNDA:0,(anonymous_3)
FNDA:0,(anonymous_4)
FNDA:0,(anonymous_5)
FNDA:0,(anonymous_6)
FNDA:0,(anonymous_7)
FNDA:0,(anonymous_8)
FNDA:0,(anonymous_9)
FNDA:0,(anonymous_10)
FNDA:0,(anonymous_11)
FNDA:0,(anonymous_12)
FNDA:0,(anonymous_13)
FNDA:0,(anonymous_14)
FNDA:0,(anonymous_15)
FNDA:0,(anonymous_16)
FNDA:0,(anonymous_17)
FNDA:0,(anonymous_18)
FNDA:0,(anonymous_19)
FNDA:0,(anonymous_20)
FNDA:0,(anonymous_21)
FNDA:0,(anonymous_22)
FNDA:0,(anonymous_23)
FNDA:0,(anonymous_24)
DA:3,0
DA:4,0
DA:19,0
DA:20,0
DA:21,0
DA:22,0
DA:23,0
DA:24,0
DA:27,0
DA:28,0
DA:36,0
DA:37,0
DA:41,0
DA:42,0
DA:43,0
DA:46,0
DA:47,0
DA:48,0
DA:49,0
DA:53,0
DA:55,0
DA:56,0
DA:60,0
DA:62,0
DA:66,0
DA:67,0
DA:68,0
DA:69,0
DA:73,0
DA:75,0
DA:76,0
DA:80,0
DA:82,0
DA:86,0
DA:87,0
DA:88,0
DA:89,0
DA:90,0
DA:91,0
DA:94,0
DA:99,0
DA:101,0
DA:104,0
DA:105,0
DA:107,0
DA:108,0
DA:110,0
DA:114,0
DA:115,0
DA:116,0
DA:117,0
DA:124,0
DA:125,0
DA:126,0
DA:128,0
DA:129,0
DA:131,0
DA:132,0
DA:133,0
DA:134,0
DA:138,0
DA:146,0
DA:147,0
DA:148,0
DA:151,0
DA:153,0
DA:157,0
DA:158,0
DA:159,0
DA:160,0
DA:163,0
DA:165,0
DA:169,0
DA:171,0
DA:172,0
DA:177,0
DA:186,0
DA:209,0
DA:229,0
DA:237,0
DA:255,0
LF:81
LH:0
BRDA:28,0,0,0
BRDA:28,0,1,0
BRDA:29,1,0,0
BRDA:29,1,1,0
BRDA:29,1,2,0
BRDA:29,1,3,0
BRDA:29,1,4,0
BRDA:29,1,5,0
BRDA:53,2,0,0
BRDA:53,2,1,0
BRDA:56,3,0,0
BRDA:56,3,1,0
BRDA:73,4,0,0
BRDA:73,4,1,0
BRDA:76,5,0,0
BRDA:76,5,1,0
BRDA:89,6,0,0
BRDA:89,6,1,0
BRDA:91,7,0,0
BRDA:91,7,1,0
BRDA:131,8,0,0
BRDA:131,8,1,0
BRDA:133,9,0,0
BRDA:133,9,1,0
BRDA:146,10,0,0
BRDA:146,10,1,0
BRDA:195,11,0,0
BRDA:195,11,1,0
BRDA:202,12,0,0
BRDA:202,12,1,0
BRDA:213,13,0,0
BRDA:213,13,1,0
BRDA:214,14,0,0
BRDA:214,14,1,0
BRDA:217,15,0,0
BRDA:217,15,1,0
BRDA:227,16,0,0
BRDA:227,16,1,0
BRDA:230,17,0,0
BRDA:230,17,1,0
BRDA:233,18,0,0
BRDA:233,18,1,0
BRF:42
BRH:0
end_of_record
TN:
SF:src/components/pages/MonitoringPage.tsx
FN:19,(anonymous_0)
FN:27,(anonymous_1)
FN:45,(anonymous_2)
FN:60,(anonymous_3)
FN:67,(anonymous_4)
FN:73,(anonymous_5)
FN:84,(anonymous_6)
FN:85,(anonymous_7)
FN:86,(anonymous_8)
FN:87,(anonymous_9)
FN:233,(anonymous_10)
FNF:11
FNH:0
FNDA:0,(anonymous_0)
FNDA:0,(anonymous_1)
FNDA:0,(anonymous_2)
FNDA:0,(anonymous_3)
FNDA:0,(anonymous_4)
FNDA:0,(anonymous_5)
FNDA:0,(anonymous_6)
FNDA:0,(anonymous_7)
FNDA:0,(anonymous_8)
FNDA:0,(anonymous_9)
FNDA:0,(anonymous_10)
DA:3,0
DA:4,0
DA:16,0
DA:19,0
DA:20,0
DA:21,0
DA:22,0
DA:23,0
DA:24,0
DA:25,0
DA:27,0
DA:28,0
DA:29,0
DA:30,0
DA:31,0
DA:33,0
DA:35,0
DA:36,0
DA:38,0
DA:39,0
DA:41,0
DA:45,0
DA:47,0
DA:48,0
DA:49,0
DA:50,0
DA:54,0
DA:57,0
DA:60,0
DA:61,0
DA:62,0
DA:63,0
DA:67,0
DA:68,0
DA:69,0
DA:73,0
DA:74,0
DA:75,0
DA:76,0
DA:77,0
DA:78,0
DA:79,0
DA:84,0
DA:85,0
DA:86,0
DA:87,0
DA:89,0
DA:96,0
DA:97,0
DA:104,0
DA:105,0
DA:112,0
DA:113,0
DA:120,0
DA:234,0
DA:250,0
LF:56
LH:0
BRDA:30,0,0,0
BRDA:30,0,1,0
BRDA:39,1,0,0
BRDA:39,1,1,0
BRDA:47,2,0,0
BRDA:47,2,1,0
BRDA:61,3,0,0
BRDA:61,3,1,0
BRDA:61,4,0,0
BRDA:61,4,1,0
BRDA:74,5,0,0
BRDA:74,5,1,0
BRDA:74,5,2,0
BRDA:74,5,3,0
BRDA:74,5,4,0
BRDA:96,6,0,0
BRDA:96,6,1,0
BRDA:104,7,0,0
BRDA:104,7,1,0
BRDA:112,8,0,0
BRDA:112,8,1,0
BRDA:214,9,0,0
BRDA:214,9,1,0
BRDA:216,10,0,0
BRDA:216,10,1,0
BRDA:216,11,0,0
BRDA:216,11,1,0
BRDA:230,12,0,0
BRDA:230,12,1,0
BRF:29
BRH:0
end_of_record
TN:
SF:src/components/pages/index.tsx
FNF:0
FNH:0
DA:1,0
DA:2,0
DA:3,0
DA:4,0
DA:6,0
LF:5
LH:0
BRF:0
BRH:0
end_of_record
TN:
SF:src/components/pages/settings/SettingsAppearance.tsx
FN:8,SettingsAppearance
FN:19,(anonymous_1)
FN:22,(anonymous_2)
FNF:3
FNH:0
FNDA:0,SettingsAppearance
FNDA:0,(anonymous_1)
FNDA:0,(anonymous_2)
DA:8,0
DA:12,0
DA:20,0
DA:22,0
LF:4
LH:0
BRDA:24,0,0,0
BRDA:24,0,1,0
BRDA:30,1,0,0
BRDA:30,1,1,0
BRDA:31,2,0,0
BRDA:31,2,1,0
BRDA:32,3,0,0
BRDA:32,3,1,0
BRF:8
BRH:0
end_of_record
TN:
SF:src/components/pages/settings/SettingsFeatures.tsx
FN:8,SettingsFeatures
FN:30,(anonymous_1)
FN:54,(anonymous_2)
FNF:3
FNH:0
FNDA:0,SettingsFeatures
FNDA:0,(anonymous_1)
FNDA:0,(anonymous_2)
DA:8,0
DA:12,0
DA:30,0
DA:54,0
LF:4
LH:0
BRDA:32,0,0,0
BRDA:32,0,1,0
BRDA:37,1,0,0
BRDA:37,1,1,0
BRDA:56,2,0,0
BRDA:56,2,1,0
BRDA:61,3,0,0
BRDA:61,3,1,0
BRF:8
BRH:0
end_of_record
TN:
SF:src/components/pages/settings/SettingsSystem.tsx
FN:11,SettingsSystem
FN:37,(anonymous_2)
FN:66,(anonymous_3)
FNF:3
FNH:0
FNDA:0,SettingsSystem
FNDA:0,(anonymous_2)
FNDA:0,(anonymous_3)
DA:1,0
DA:11,0
DA:15,0
DA:38,0
DA:67,0
LF:5
LH:0
BRF:0
BRH:0
end_of_record
TN:
SF:src/components/ui/Button.tsx
FN:12,(anonymous_1)
FN:43,(anonymous_2)
FN:79,(anonymous_3)
FNF:3
FNH:0
FNDA:0,(anonymous_1)
FNDA:0,(anonymous_2)
FNDA:0,(anonymous_3)
DA:1,0
DA:12,0
DA:21,0
DA:29,0
DA:31,0
DA:43,0
DA:58,0
DA:79,0
DA:96,0
LF:9
LH:0
BRDA:14,0,0,0
BRDA:15,1,0,0
BRDA:16,2,0,0
BRDA:38,3,0,0
BRDA:38,3,1,0
BRDA:46,4,0,0
BRDA:47,5,0,0
BRDA:49,6,0,0
BRDA:68,7,0,0
BRDA:68,7,1,0
BRDA:69,8,0,0
BRDA:69,8,1,0
BRDA:70,9,0,0
BRDA:70,9,1,0
BRDA:71,10,0,0
BRDA:71,10,1,0
BRDA:82,11,0,0
BRDA:83,12,0,0
BRDA:85,13,0,0
BRDA:86,14,0,0
BRDA:99,15,0,0
BRDA:99,15,1,0
BRDA:108,16,0,0
BRDA:108,16,1,0
BRDA:109,17,0,0
BRDA:109,17,1,0
BRDA:110,18,0,0
BRDA:110,18,1,0
BRDA:111,19,0,0
BRDA:111,19,1,0
BRF:30
BRH:0
end_of_record
TN:
SF:src/components/ui/Card.tsx
FN:17,Card
FNF:1
FNH:0
FNDA:0,Card
DA:1,0
DA:2,0
DA:3,0
DA:4,0
DA:5,0
DA:6,0
DA:9,0
DA:17,0
DA:18,0
LF:9
LH:0
BRF:0
BRH:0
end_of_record
TN:
SF:src/components/ui/FormTooltip.tsx
FN:17,FormTooltip
FN:156,FieldWithTooltip
FN:171,LabelWithTooltip
FNF:3
FNH:0
FNDA:0,FormTooltip
FNDA:0,FieldWithTooltip
FNDA:0,LabelWithTooltip
DA:3,0
DA:4,0
DA:17,0
DA:25,0
DA:28,0
DA:112,0
DA:113,0
DA:138,0
DA:156,0
DA:157,0
DA:171,0
DA:172,0
LF:12
LH:0
BRDA:19,0,0,0
BRDA:20,1,0,0
BRDA:22,2,0,0
BRDA:23,3,0,0
BRDA:25,4,0,0
BRDA:25,4,1,0
BRDA:45,5,0,0
BRDA:45,5,1,0
BRDA:60,6,0,0
BRDA:60,6,1,0
BRDA:85,7,0,0
BRDA:85,7,1,0
BRDA:112,8,0,0
BRDA:112,8,1,0
BRDA:176,9,0,0
BRDA:176,9,1,0
BRF:16
BRH:0
end_of_record
TN:
SF:src/components/ui/Input.tsx
FN:8,(anonymous_1)
FN:19,(anonymous_2)
FN:31,(anonymous_3)
FN:45,(anonymous_4)
FNF:4
FNH:0
FNDA:0,(anonymous_1)
FNDA:0,(anonymous_2)
FNDA:0,(anonymous_3)
FNDA:0,(anonymous_4)
DA:1,0
DA:8,0
DA:9,0
DA:19,0
DA:20,0
DA:31,0
DA:32,0
DA:45,0
DA:46,0
LF:9
LH:0
BRDA:8,0,0,0
BRDA:19,1,0,0
BRDA:31,2,0,0
BRDA:45,3,0,0
BRF:4
BRH:0
end_of_record
TN:
SF:src/components/ui/MetricsCard.tsx
FN:13,MetricsCard
FN:14,(anonymous_2)
FN:84,(anonymous_3)
FNF:3
FNH:0
FNDA:0,MetricsCard
FNDA:0,(anonymous_2)
FNDA:0,(anonymous_3)
DA:3,0
DA:4,0
DA:5,0
DA:6,0
DA:7,0
DA:8,0
DA:9,0
DA:10,0
DA:11,0
DA:13,0
DA:14,0
DA:15,0
DA:17,0
DA:18,0
DA:31,0
DA:69,0
DA:85,0
LF:17
LH:0
BRDA:17,0,0,0
BRDA:17,0,1,0
BRDA:73,1,0,0
BRDA:73,1,1,0
BRDA:74,2,0,0
BRDA:74,2,1,0
BRDA:92,3,0,0
BRDA:92,3,1,0
BRDA:105,4,0,0
BRDA:105,4,1,0
BRDA:105,5,0,0
BRDA:105,5,1,0
BRDA:110,6,0,0
BRDA:110,6,1,0
BRF:14
BRH:0
end_of_record
TN:
SF:src/components/ui/ModelConfigDialog.tsx
FN:464,ModelConfigDialog
FN:487,(anonymous_1)
FN:497,(anonymous_2)
FN:512,(anonymous_3)
FN:546,(anonymous_4)
FN:550,(anonymous_5)
FN:562,(anonymous_6)
FN:563,(anonymous_7)
FN:571,(anonymous_8)
FN:579,(anonymous_9)
FN:610,(anonymous_10)
FN:614,(anonymous_11)
FN:617,(anonymous_12)
FN:631,(anonymous_13)
FN:632,(anonymous_14)
FN:638,(anonymous_15)
FN:639,(anonymous_16)
FN:646,(anonymous_17)
FN:660,(anonymous_18)
FN:676,(anonymous_19)
FN:713,(anonymous_20)
FN:723,(anonymous_21)
FN:751,(anonymous_22)
FN:763,(anonymous_23)
FN:790,(anonymous_24)
FN:799,(anonymous_25)
FN:821,(anonymous_26)
FN:845,(anonymous_27)
FN:848,(anonymous_28)
FN:848,(anonymous_29)
FN:855,(anonymous_30)
FN:909,(anonymous_31)
FN:979,(anonymous_32)
FN:1033,(anonymous_33)
FN:1052,(anonymous_34)
FN:1068,(anonymous_35)
FN:1068,(anonymous_36)
FN:1072,(anonymous_37)
FN:1072,(anonymous_38)
FNF:39
FNH:0
FNDA:0,ModelConfigDialog
FNDA:0,(anonymous_1)
FNDA:0,(anonymous_2)
FNDA:0,(anonymous_3)
FNDA:0,(anonymous_4)
FNDA:0,(anonymous_5)
FNDA:0,(anonymous_6)
FNDA:0,(anonymous_7)
FNDA:0,(anonymous_8)
FNDA:0,(anonymous_9)
FNDA:0,(anonymous_10)
FNDA:0,(anonymous_11)
FNDA:0,(anonymous_12)
FNDA:0,(anonymous_13)
FNDA:0,(anonymous_14)
FNDA:0,(anonymous_15)
FNDA:0,(anonymous_16)
FNDA:0,(anonymous_17)
FNDA:0,(anonymous_18)
FNDA:0,(anonymous_19)
FNDA:0,(anonymous_20)
FNDA:0,(anonymous_21)
FNDA:0,(anonymous_22)
FNDA:0,(anonymous_23)
FNDA:0,(anonymous_24)
FNDA:0,(anonymous_25)
FNDA:0,(anonymous_26)
FNDA:0,(anonymous_27)
FNDA:0,(anonymous_28)
FNDA:0,(anonymous_29)
FNDA:0,(anonymous_30)
FNDA:0,(anonymous_31)
FNDA:0,(anonymous_32)
FNDA:0,(anonymous_33)
FNDA:0,(anonymous_34)
FNDA:0,(anonymous_35)
FNDA:0,(anonymous_36)
FNDA:0,(anonymous_37)
FNDA:0,(anonymous_38)
DA:3,0
DA:30,0
DA:44,0
DA:45,0
DA:46,0
DA:47,0
DA:94,0
DA:292,0
DA:344,0
DA:464,0
DA:472,0
DA:473,0
DA:474,0
DA:475,0
DA:476,0
DA:477,0
DA:478,0
DA:479,0
DA:484,0
DA:487,0
DA:488,0
DA:489,0
DA:490,0
DA:491,0
DA:492,0
DA:494,0
DA:495,0
DA:496,0
DA:497,0
DA:498,0
DA:500,0
DA:501,0
DA:504,0
DA:505,0
DA:506,0
DA:507,0
DA:512,0
DA:513,0
DA:514,0
DA:517,0
DA:518,0
DA:522,0
DA:523,0
DA:524,0
DA:526,0
DA:527,0
DA:531,0
DA:532,0
DA:533,0
DA:537,0
DA:538,0
DA:539,0
DA:542,0
DA:546,0
DA:547,0
DA:548,0
DA:550,0
DA:551,0
DA:552,0
DA:553,0
DA:554,0
DA:558,0
DA:559,0
DA:562,0
DA:563,0
DA:567,0
DA:570,0
DA:571,0
DA:572,0
DA:573,0
DA:574,0
DA:579,0
DA:581,0
DA:582,0
DA:587,0
DA:590,0
DA:591,0
DA:592,0
DA:593,0
DA:594,0
DA:600,0
DA:606,0
DA:610,0
DA:611,0
DA:614,0
DA:615,0
DA:616,0
DA:617,0
DA:618,0
DA:620,0
DA:621,0
DA:622,0
DA:623,0
DA:624,0
DA:631,0
DA:632,0
DA:638,0
DA:639,0
DA:646,0
DA:647,0
DA:648,0
DA:649,0
DA:652,0
DA:653,0
DA:655,0
DA:657,0
DA:660,0
DA:661,0
DA:662,0
DA:663,0
DA:664,0
DA:666,0
DA:668,0
DA:676,0
DA:692,0
DA:713,0
DA:723,0
DA:751,0
DA:763,0
DA:783,0
DA:790,0
DA:800,0
DA:815,0
DA:821,0
DA:841,0
DA:845,0
DA:846,0
DA:847,0
DA:848,0
DA:851,0
DA:855,0
DA:910,0
DA:928,0
DA:929,0
DA:932,0
DA:933,0
DA:935,0
DA:979,0
DA:1033,0
DA:1052,0
DA:1068,0
DA:1072,0
LF:142
LH:0
BRDA:488,0,0,0
BRDA:488,0,1,0
BRDA:488,1,0,0
BRDA:488,1,1,0
BRDA:488,1,2,0
BRDA:492,2,0,0
BRDA:492,2,1,0
BRDA:492,3,0,0
BRDA:492,3,1,0
BRDA:492,3,2,0
BRDA:500,4,0,0
BRDA:500,4,1,0
BRDA:500,5,0,0
BRDA:500,5,1,0
BRDA:514,6,0,0
BRDA:514,6,1,0
BRDA:517,7,0,0
BRDA:517,7,1,0
BRDA:517,8,0,0
BRDA:517,8,1,0
BRDA:517,8,2,0
BRDA:517,8,3,0
BRDA:522,9,0,0
BRDA:522,9,1,0
BRDA:523,10,0,0
BRDA:523,10,1,0
BRDA:523,11,0,0
BRDA:523,11,1,0
BRDA:526,12,0,0
BRDA:526,12,1,0
BRDA:526,13,0,0
BRDA:526,13,1,0
BRDA:531,14,0,0
BRDA:531,14,1,0
BRDA:531,15,0,0
BRDA:531,15,1,0
BRDA:532,16,0,0
BRDA:532,16,1,0
BRDA:537,17,0,0
BRDA:537,17,1,0
BRDA:539,18,0,0
BRDA:539,18,1,0
BRDA:552,19,0,0
BRDA:552,19,1,0
BRDA:570,20,0,0
BRDA:570,20,1,0
BRDA:581,21,0,0
BRDA:581,21,1,0
BRDA:647,22,0,0
BRDA:647,22,1,0
BRDA:648,23,0,0
BRDA:648,23,1,0
BRDA:652,24,0,0
BRDA:652,24,1,0
BRDA:661,25,0,0
BRDA:661,25,1,0
BRDA:663,26,0,0
BRDA:663,26,1,0
BRDA:664,27,0,0
BRDA:664,27,1,0
BRDA:666,28,0,0
BRDA:666,28,1,0
BRDA:666,28,2,0
BRDA:666,28,3,0
BRDA:666,28,4,0
BRDA:695,29,0,0
BRDA:695,29,1,0
BRDA:695,30,0,0
BRDA:695,30,1,0
BRDA:706,31,0,0
BRDA:706,31,1,0
BRDA:725,32,0,0
BRDA:725,32,1,0
BRDA:726,33,0,0
BRDA:726,33,1,0
BRDA:727,34,0,0
BRDA:727,34,1,0
BRDA:738,35,0,0
BRDA:738,35,1,0
BRDA:751,36,0,0
BRDA:751,36,1,0
BRDA:756,37,0,0
BRDA:756,37,1,0
BRDA:760,38,0,0
BRDA:760,38,1,0
BRDA:801,39,0,0
BRDA:801,39,1,0
BRDA:805,40,0,0
BRDA:805,40,1,0
BRDA:858,41,0,0
BRDA:858,41,1,0
BRDA:913,42,0,0
BRDA:913,42,1,0
BRDA:914,43,0,0
BRDA:914,43,1,0
BRDA:915,44,0,0
BRDA:915,44,1,0
BRDA:916,45,0,0
BRDA:916,45,1,0
BRDA:928,46,0,0
BRDA:928,46,1,0
BRDA:928,47,0,0
BRDA:928,47,1,0
BRDA:966,48,0,0
BRDA:966,48,1,0
BRDA:1011,49,0,0
BRDA:1011,49,1,0
BRDA:1011,49,2,0
BRDA:1012,50,0,0
BRDA:1012,50,1,0
BRDA:1025,51,0,0
BRDA:1025,51,1,0
BRDA:1075,52,0,0
BRDA:1075,52,1,0
BRF:114
BRH:0
end_of_record
TN:
SF:src/components/ui/ModelConfigDialogImproved.tsx
FN:451,ModelConfigDialog
FN:471,(anonymous_1)
FN:480,(anonymous_2)
FN:492,(anonymous_3)
FN:495,(anonymous_4)
FN:499,(anonymous_5)
FN:501,(anonymous_6)
FN:511,(anonymous_7)
FN:513,(anonymous_8)
FN:538,(anonymous_9)
FN:543,(anonymous_10)
FN:553,(anonymous_11)
FN:557,(anonymous_12)
FN:568,(anonymous_13)
FN:574,(anonymous_14)
FN:575,(anonymous_15)
FN:578,(anonymous_16)
FN:602,(anonymous_17)
FN:635,(anonymous_18)
FN:640,(anonymous_19)
FN:661,(anonymous_20)
FN:670,(anonymous_21)
FN:699,(anonymous_22)
FN:712,(anonymous_23)
FN:749,(anonymous_24)
FN:773,(anonymous_25)
FN:794,(anonymous_26)
FN:816,(anonymous_27)
FN:845,(anonymous_28)
FN:850,(anonymous_29)
FN:879,(anonymous_30)
FN:898,(anonymous_31)
FN:929,(anonymous_32)
FN:934,(anonymous_33)
FN:942,(anonymous_34)
FN:946,(anonymous_35)
FN:974,(anonymous_36)
FN:982,(anonymous_37)
FNF:38
FNH:0
FNDA:0,ModelConfigDialog
FNDA:0,(anonymous_1)
FNDA:0,(anonymous_2)
FNDA:0,(anonymous_3)
FNDA:0,(anonymous_4)
FNDA:0,(anonymous_5)
FNDA:0,(anonymous_6)
FNDA:0,(anonymous_7)
FNDA:0,(anonymous_8)
FNDA:0,(anonymous_9)
FNDA:0,(anonymous_10)
FNDA:0,(anonymous_11)
FNDA:0,(anonymous_12)
FNDA:0,(anonymous_13)
FNDA:0,(anonymous_14)
FNDA:0,(anonymous_15)
FNDA:0,(anonymous_16)
FNDA:0,(anonymous_17)
FNDA:0,(anonymous_18)
FNDA:0,(anonymous_19)
FNDA:0,(anonymous_20)
FNDA:0,(anonymous_21)
FNDA:0,(anonymous_22)
FNDA:0,(anonymous_23)
FNDA:0,(anonymous_24)
FNDA:0,(anonymous_25)
FNDA:0,(anonymous_26)
FNDA:0,(anonymous_27)
FNDA:0,(anonymous_28)
FNDA:0,(anonymous_29)
FNDA:0,(anonymous_30)
FNDA:0,(anonymous_31)
FNDA:0,(anonymous_32)
FNDA:0,(anonymous_33)
FNDA:0,(anonymous_34)
FNDA:0,(anonymous_35)
FNDA:0,(anonymous_36)
FNDA:0,(anonymous_37)
DA:3,0
DA:33,0
DA:50,0
DA:51,0
DA:94,0
DA:451,0
DA:459,0
DA:460,0
DA:461,0
DA:463,0
DA:464,0
DA:465,0
DA:466,0
DA:467,0
DA:468,0
DA:471,0
DA:472,0
DA:473,0
DA:474,0
DA:475,0
DA:476,0
DA:478,0
DA:479,0
DA:480,0
DA:481,0
DA:482,0
DA:485,0
DA:486,0
DA:487,0
DA:492,0
DA:493,0
DA:495,0
DA:499,0
DA:500,0
DA:501,0
DA:505,0
DA:508,0
DA:511,0
DA:512,0
DA:513,0
DA:514,0
DA:516,0
DA:518,0
DA:520,0
DA:521,0
DA:522,0
DA:523,0
DA:524,0
DA:526,0
DA:527,0
DA:528,0
DA:529,0
DA:533,0
DA:534,0
DA:535,0
DA:538,0
DA:539,0
DA:540,0
DA:542,0
DA:543,0
DA:544,0
DA:545,0
DA:546,0
DA:550,0
DA:553,0
DA:554,0
DA:555,0
DA:556,0
DA:557,0
DA:558,0
DA:559,0
DA:562,0
DA:563,0
DA:564,0
DA:568,0
DA:569,0
DA:570,0
DA:571,0
DA:574,0
DA:575,0
DA:578,0
DA:579,0
DA:581,0
DA:584,0
DA:586,0
DA:589,0
DA:592,0
DA:594,0
DA:596,0
DA:598,0
DA:602,0
DA:603,0
DA:604,0
DA:635,0
DA:640,0
DA:661,0
DA:662,0
DA:663,0
DA:670,0
DA:699,0
DA:700,0
DA:701,0
DA:703,0
DA:705,0
DA:712,0
DA:736,0
DA:743,0
DA:749,0
DA:766,0
[...]
BRDA:160,4,0,0
BRDA:160,4,1,0
BRDA:165,5,0,0
BRDA:165,5,1,0
BRDA:205,6,0,0
BRDA:205,6,1,0
BRDA:225,7,0,0
BRDA:225,7,1,0
BRDA:233,8,0,0
BRDA:233,8,1,0
BRDA:241,9,0,0
BRDA:241,9,1,0
BRDA:265,10,0,0
BRDA:265,10,1,0
BRDA:295,11,0,0
BRDA:295,11,1,0
BRDA:295,12,0,0
BRDA:295,12,1,0
BRDA:297,13,0,0
BRDA:297,13,1,0
BRDA:299,14,0,0
BRDA:299,14,1,0
BRDA:301,15,0,0
BRDA:301,15,1,0
BRDA:301,16,0,0
BRDA:301,16,1,0
BRDA:303,17,0,0
BRDA:303,17,1,0
BRDA:304,18,0,0
BRDA:304,18,1,0
BRDA:305,19,0,0
BRDA:305,19,1,0
BRDA:306,20,0,0
BRDA:306,20,1,0
BRDA:307,21,0,0
BRDA:307,21,1,0
BRDA:317,22,0,0
BRDA:317,22,1,0
BRDA:340,23,0,0
BRDA:340,23,1,0
BRDA:354,24,0,0
BRDA:354,24,1,0
BRDA:368,25,0,0
BRDA:368,25,1,0
BRDA:398,26,0,0
BRDA:398,26,1,0
BRDA:401,27,0,0
BRDA:401,27,1,0
BRDA:404,28,0,0
BRDA:404,28,1,0
BRDA:407,29,0,0
BRDA:407,29,1,0
BRDA:424,30,0,0
BRDA:424,30,1,0
BRDA:426,31,0,0
BRDA:426,31,1,0
BRDA:431,32,0,0
BRDA:431,32,1,0
BRDA:433,33,0,0
BRDA:433,33,1,0
BRDA:451,34,0,0
BRDA:451,34,1,0
BRDA:455,35,0,0
BRDA:455,35,1,0
BRDA:458,36,0,0
BRDA:458,36,1,0
BRDA:473,37,0,0
BRDA:473,37,1,0
BRDA:481,38,0,0
BRDA:481,38,1,0
BRDA:493,39,0,0
BRDA:493,39,1,0
BRDA:520,40,0,0
BRDA:520,40,1,0
BRDA:533,41,0,0
BRDA:533,41,1,0
BRDA:537,42,0,0
BRDA:537,42,1,0
BRDA:546,43,0,0
BRDA:546,43,1,0
BRDA:549,44,0,0
BRDA:549,44,1,0
BRDA:552,45,0,0
BRDA:552,45,1,0
BRDA:557,46,0,0
BRDA:557,46,1,0
BRDA:557,47,0,0
BRDA:557,47,1,0
BRDA:560,48,0,0
BRDA:560,48,1,0
BRDA:560,49,0,0
BRDA:560,49,1,0
BRDA:565,50,0,0
BRDA:565,50,1,0
BRDA:565,51,0,0
BRDA:565,51,1,0
BRDA:568,52,0,0
BRDA:568,52,1,0
BRDA:568,53,0,0
BRDA:568,53,1,0
BRDA:573,54,0,0
BRDA:573,54,1,0
BRDA:575,55,0,0
BRDA:575,55,1,0
BRDA:580,56,0,0
BRDA:580,56,1,0
BRDA:583,57,0,0
BRDA:583,57,1,0
BRDA:586,58,0,0
BRDA:586,58,1,0
BRDA:589,59,0,0
BRDA:589,59,1,0
BRDA:594,60,0,0
BRDA:594,60,1,0
BRDA:594,61,0,0
BRDA:594,61,1,0
BRDA:599,62,0,0
BRDA:599,62,1,0
BRDA:599,63,0,0
BRDA:599,63,1,0
BRDA:604,64,0,0
BRDA:604,64,1,0
BRDA:609,65,0,0
BRDA:609,65,1,0
BRDA:612,66,0,0
BRDA:612,66,1,0
BRDA:617,67,0,0
BRDA:617,67,1,0
BRDA:622,68,0,0
BRDA:622,68,1,0
BRDA:625,69,0,0
BRDA:625,69,1,0
BRDA:628,70,0,0
BRDA:628,70,1,0
BRDA:631,71,0,0
BRDA:631,71,1,0
BRDA:634,72,0,0
BRDA:634,72,1,0
BRDA:637,73,0,0
BRDA:637,73,1,0
BRDA:640,74,0,0
BRDA:640,74,1,0
BRDA:640,75,0,0
BRDA:640,75,1,0
BRDA:643,76,0,0
BRDA:643,76,1,0
BRDA:643,77,0,0
BRDA:643,77,1,0
BRDA:646,78,0,0
BRDA:646,78,1,0
BRDA:646,79,0,0
BRDA:646,79,1,0
BRDA:649,80,0,0
BRDA:649,80,1,0
BRDA:649,81,0,0
BRDA:649,81,1,0
BRDA:652,82,0,0
BRDA:652,82,1,0
BRDA:652,83,0,0
BRDA:652,83,1,0
BRDA:655,84,0,0
BRDA:655,84,1,0
BRDA:655,85,0,0
BRDA:655,85,1,0
BRDA:658,86,0,0
BRDA:658,86,1,0
BRDA:658,87,0,0
BRDA:658,87,1,0
BRDA:661,88,0,0
BRDA:661,88,1,0
BRDA:661,89,0,0
BRDA:661,89,1,0
BRDA:664,90,0,0
BRDA:664,90,1,0
BRDA:664,91,0,0
BRDA:664,91,1,0
BRDA:667,92,0,0
BRDA:667,92,1,0
BRDA:667,93,0,0
BRDA:667,93,1,0
BRDA:670,94,0,0
BRDA:670,94,1,0
BRDA:670,95,0,0
BRDA:670,95,1,0
BRDA:673,96,0,0
BRDA:673,96,1,0
BRDA:673,97,0,0
BRDA:673,97,1,0
BRDA:676,98,0,0
BRDA:676,98,1,0
BRDA:676,99,0,0
BRDA:676,99,1,0
BRDA:679,100,0,0
BRDA:679,100,1,0
BRDA:679,101,0,0
BRDA:679,101,1,0
BRDA:682,102,0,0
BRDA:682,102,1,0
BRDA:682,103,0,0
BRDA:682,103,1,0
BRDA:685,104,0,0
BRDA:685,104,1,0
BRDA:685,105,0,0
BRDA:685,105,1,0
BRDA:688,106,0,0
BRDA:688,106,1,0
BRDA:688,107,0,0
BRDA:688,107,1,0
BRDA:691,108,0,0
BRDA:691,108,1,0
BRDA:691,109,0,0
BRDA:691,109,1,0
BRDA:694,110,0,0
BRDA:694,110,1,0
BRDA:694,111,0,0
BRDA:694,111,1,0
BRDA:697,112,0,0
BRDA:697,112,1,0
BRDA:697,113,0,0
BRDA:697,113,1,0
BRDA:700,114,0,0
BRDA:700,114,1,0
BRDA:703,115,0,0
BRDA:703,115,1,0
BRDA:708,116,0,0
BRDA:708,116,1,0
BRDA:720,117,0,0
BRDA:723,118,0,0
BRDA:723,118,1,0
BRDA:726,119,0,0
BRDA:726,119,1,0
BRDA:749,120,0,0
BRDA:749,120,1,0
BRDA:755,121,0,0
BRDA:755,121,1,0
BRDA:770,122,0,0
BRDA:770,122,1,0
BRDA:770,122,2,0
BRDA:770,122,3,0
BRF:247
BRH:0
end_of_record
TN:
SF:src/server/services/fit-params-service.ts
FN:39,parseModelFilename
FN:95,parseFitParamsOutput
FN:148,analyzeModel
FN:230,analyzeModels
FN:251,shouldAnalyze
FNF:5
FNH:0
FNDA:0,parseModelFilename
FNDA:0,parseFitParamsOutput
FNDA:0,analyzeModel
FNDA:0,analyzeModels
FNDA:0,shouldAnalyze
DA:1,0
DA:2,0
DA:3,0
DA:4,0
DA:5,0
DA:7,0
DA:8,0
DA:11,0
DA:12,0
DA:13,0
DA:14,0
DA:40,0
DA:41,0
DA:43,0
DA:44,0
DA:45,0
DA:46,0
DA:49,0
DA:50,0
DA:51,0
DA:55,0
DA:56,0
DA:57,0
DA:61,0
DA:69,0
DA:70,0
DA:71,0
DA:72,0
DA:73,0
DA:78,0
DA:79,0
DA:80,0
DA:83,0
DA:96,0
DA:107,0
DA:109,0
DA:111,0
DA:112,0
DA:113,0
DA:117,0
DA:118,0
DA:119,0
DA:123,0
DA:124,0
DA:125,0
DA:129,0
DA:130,0
DA:131,0
DA:132,0
DA:135,0
DA:136,0
DA:137,0
DA:138,0
DA:142,0
DA:149,0
DA:151,0
DA:152,0
DA:155,0
DA:156,0
DA:160,0
DA:161,0
DA:165,0
DA:167,0
DA:170,0
DA:174,0
DA:175,0
DA:178,0
DA:181,0
DA:183,0
DA:191,0
DA:192,0
DA:194,0
DA:197,0
DA:205,0
DA:206,0
DA:207,0
DA:210,0
DA:213,0
DA:231,0
DA:233,0
DA:235,0
DA:236,0
DA:237,0
DA:238,0
DA:240,0
DA:244,0
DA:245,0
DA:255,0
DA:256,0
DA:260,0
DA:261,0
DA:265,0
DA:266,0
DA:268,0
DA:272,0
DA:273,0
DA:274,0
DA:275,0
DA:276,0
LF:99
LH:0
BRDA:11,0,0,0
BRDA:11,0,1,0
BRDA:12,1,0,0
BRDA:12,1,1,0
BRDA:13,2,0,0
BRDA:13,2,1,0
BRDA:41,3,0,0
BRDA:41,3,1,0
BRDA:50,4,0,0
BRDA:50,4,1,0
BRDA:56,5,0,0
BRDA:56,5,1,0
BRDA:71,6,0,0
BRDA:71,6,1,0
BRDA:79,7,0,0
BRDA:79,7,1,0
BRDA:112,8,0,0
BRDA:112,8,1,0
BRDA:118,9,0,0
BRDA:118,9,1,0
BRDA:124,10,0,0
BRDA:124,10,1,0
BRDA:130,11,0,0
BRDA:130,11,1,0
BRDA:132,12,0,0
BRDA:132,12,1,0
BRDA:136,13,0,0
BRDA:136,13,1,0
BRDA:138,14,0,0
BRDA:138,14,1,0
BRDA:155,15,0,0
BRDA:155,15,1,0
BRDA:160,16,0,0
BRDA:160,16,1,0
BRDA:187,17,0,0
BRDA:187,17,1,0
BRDA:192,18,0,0
BRDA:192,18,1,0
BRDA:206,19,0,0
BRDA:206,19,1,0
BRDA:255,20,0,0
BRDA:255,20,1,0
BRDA:255,21,0,0
BRDA:255,21,1,0
BRDA:260,22,0,0
BRDA:260,22,1,0
BRF:46
BRH:0
end_of_record
TN:
SF:src/server/services/index.ts
FN:2,(anonymous_0)
FNF:1
FNH:0
FNDA:0,(anonymous_0)
DA:2,0
LF:1
LH:0
BRF:0
BRH:0
end_of_record
TN:
SF:src/server/services/llama/LlamaService.ts
FN:20,(anonymous_0)
FN:31,(anonymous_1)
FN:35,(anonymous_2)
FN:39,(anonymous_3)
FN:74,(anonymous_4)
FN:87,(anonymous_5)
FN:97,(anonymous_6)
FN:101,(anonymous_7)
FN:105,(anonymous_8)
FN:110,(anonymous_9)
FN:124,(anonymous_10)
FN:132,(anonymous_11)
FN:146,(anonymous_12)
FNF:13
FNH:0
FNDA:0,(anonymous_0)
FNDA:0,(anonymous_1)
FNDA:0,(anonymous_2)
FNDA:0,(anonymous_3)
FNDA:0,(anonymous_4)
FNDA:0,(anonymous_5)
FNDA:0,(anonymous_6)
FNDA:0,(anonymous_7)
FNDA:0,(anonymous_8)
FNDA:0,(anonymous_9)
FNDA:0,(anonymous_10)
FNDA:0,(anonymous_11)
FNDA:0,(anonymous_12)
DA:2,0
DA:3,0
DA:4,0
DA:5,0
DA:6,0
DA:7,0
DA:8,0
DA:10,0
DA:12,0
DA:21,0
DA:22,0
DA:23,0
DA:24,0
DA:25,0
DA:26,0
DA:28,0
DA:32,0
DA:36,0
DA:40,0
DA:42,0
DA:43,0
DA:44,0
DA:47,0
DA:48,0
DA:49,0
DA:52,0
DA:54,0
DA:55,0
DA:56,0
DA:57,0
DA:58,0
DA:59,0
DA:60,0
DA:61,0
DA:64,0
DA:65,0
DA:67,0
DA:68,0
DA:69,0
DA:70,0
DA:75,0
DA:76,0
DA:77,0
DA:79,0
DA:80,0
DA:81,0
DA:84,0
DA:88,0
DA:89,0
DA:91,0
DA:95,0
DA:97,0
DA:98,0
DA:101,0
DA:102,0
DA:105,0
DA:106,0
DA:107,0
DA:110,0
DA:111,0
DA:112,0
DA:113,0
DA:117,0
DA:118,0
DA:120,0
DA:121,0
DA:125,0
DA:126,0
DA:127,0
DA:129,0
DA:131,0
DA:132,0
DA:134,0
DA:137,0
DA:140,0
DA:141,0
DA:142,0
DA:147,0
DA:149,0
DA:150,0
DA:153,0
DA:154,0
DA:157,0
DA:158,0
DA:159,0
DA:161,0
DA:164,0
DA:166,0
DA:168,0
DA:169,0
DA:171,0
DA:172,0
DA:173,0
LF:93
LH:0
BRDA:42,0,0,0
BRDA:42,0,1,0
BRDA:47,1,0,0
BRDA:47,1,1,0
BRDA:56,2,0,0
BRDA:56,2,1,0
BRDA:67,3,0,0
BRDA:67,3,1,0
BRDA:79,4,0,0
BRDA:79,4,1,0
BRDA:89,5,0,0
BRDA:89,5,1,0
BRDA:112,6,0,0
BRDA:112,6,1,0
BRDA:134,7,0,0
BRDA:134,7,1,0
BRDA:140,8,0,0
BRDA:140,8,1,0
BRDA:149,9,0,0
BRDA:149,9,1,0
BRDA:171,10,0,0
BRDA:171,10,1,0
BRF:22
BRH:0
end_of_record
TN:
SF:src/server/services/llama/argumentBuilder.ts
FN:4,(anonymous_0)
FNF:1
FNH:0
FNDA:0,(anonymous_0)
DA:3,0
DA:5,0
DA:8,0
DA:9,0
DA:10,0
DA:11,0
DA:15,0
DA:16,0
DA:19,0
DA:20,0
DA:21,0
DA:22,0
DA:25,0
DA:26,0
DA:27,0
DA:28,0
DA:31,0
DA:32,0
DA:33,0
DA:34,0
DA:37,0
DA:38,0
DA:39,0
DA:40,0
DA:44,0
DA:45,0
DA:46,0
DA:47,0
DA:48,0
DA:49,0
DA:52,0
DA:53,0
DA:56,0
DA:57,0
DA:60,0
DA:63,0
DA:64,0
DA:67,0
DA:70,0
DA:71,0
DA:72,0
DA:73,0
DA:74,0
DA:75,0
DA:78,0
DA:80,0
LF:46
LH:0
BRDA:8,0,0,0
BRDA:8,0,1,0
BRDA:10,1,0,0
BRDA:10,1,1,0
BRDA:19,2,0,0
BRDA:19,2,1,0
BRDA:20,3,0,0
BRDA:20,3,1,0
BRDA:21,4,0,0
BRDA:21,4,1,0
BRDA:25,5,0,0
BRDA:25,5,1,0
BRDA:25,6,0,0
BRDA:25,6,1,0
BRDA:27,7,0,0
BRDA:27,7,1,0
BRDA:27,8,0,0
BRDA:27,8,1,0
BRDA:31,9,0,0
BRDA:31,9,1,0
BRDA:31,10,0,0
BRDA:31,10,1,0
BRDA:33,11,0,0
BRDA:33,11,1,0
BRDA:33,12,0,0
BRDA:33,12,1,0
BRDA:37,13,0,0
BRDA:37,13,1,0
BRDA:39,14,0,0
BRDA:39,14,1,0
BRDA:44,15,0,0
BRDA:44,15,1,0
BRDA:46,16,0,0
BRDA:46,16,1,0
BRDA:47,17,0,0
BRDA:47,17,1,0
BRDA:48,18,0,0
BRDA:48,18,1,0
BRDA:52,19,0,0
BRDA:52,19,1,0
BRDA:52,20,0,0
BRDA:52,20,1,0
BRDA:56,21,0,0
BRDA:56,21,1,0
BRDA:56,22,0,0
BRDA:56,22,1,0
BRDA:60,23,0,0
BRDA:60,23,1,0
BRDA:63,24,0,0
BRDA:63,24,1,0
BRDA:64,25,0,0
BRDA:64,25,1,0
BRDA:67,26,0,0
BRDA:67,26,1,0
BRDA:70,27,0,0
BRDA:70,27,1,0
BRDA:71,28,0,0
BRDA:71,28,1,0
BRDA:72,29,0,0
BRDA:72,29,1,0
BRDA:73,30,0,0
BRDA:73,30,1,0
BRDA:74,31,0,0
BRDA:74,31,1,0
BRDA:75,32,0,0
BRDA:75,32,1,0
BRDA:78,33,0,0
BRDA:78,33,1,0
BRF:68
BRH:0
end_of_record
TN:
SF:src/server/services/llama/healthCheck.ts
FN:9,(anonymous_1)
FN:23,(anonymous_2)
FN:27,(anonymous_3)
FN:36,(anonymous_4)
FN:50,(anonymous_5)
FNF:5
FNH:0
FNDA:0,(anonymous_1)
FNDA:0,(anonymous_2)
FNDA:0,(anonymous_3)
FNDA:0,(anonymous_4)
FNDA:0,(anonymous_5)
DA:1,0
DA:3,0
DA:16,0
DA:17,0
DA:18,0
DA:20,0
DA:23,0
DA:28,0
DA:29,0
DA:30,0
DA:32,0
DA:37,0
DA:39,0
DA:40,0
DA:41,0
DA:42,0
DA:43,0
DA:49,0
DA:50,0
DA:51,0
DA:55,0
LF:21
LH:0
BRDA:12,0,0,0
BRDA:13,1,0,0
BRDA:14,2,0,0
BRDA:42,3,0,0
BRDA:42,3,1,0
BRF:5
BRH:0
end_of_record
TN:
SF:src/server/services/llama/modelLoader.ts
FN:10,(anonymous_1)
FN:15,(anonymous_2)
FN:19,(anonymous_3)
FN:29,(anonymous_4)
FN:46,(anonymous_5)
FN:58,(anonymous_6)
FN:61,(anonymous_7)
FN:77,(anonymous_8)
FNF:8
FNH:0
FNDA:0,(anonymous_1)
FNDA:0,(anonymous_2)
FNDA:0,(anonymous_3)
FNDA:0,(anonymous_4)
FNDA:0,(anonymous_5)
FNDA:0,(anonymous_6)
FNDA:0,(anonymous_7)
FNDA:0,(anonymous_8)
DA:1,0
DA:2,0
DA:3,0
DA:6,0
DA:11,0
DA:12,0
DA:15,0
DA:20,0
DA:21,0
DA:23,0
DA:24,0
DA:28,0
DA:29,0
DA:40,0
DA:42,0
DA:47,0
DA:48,0
DA:51,0
DA:52,0
DA:55,0
DA:56,0
DA:57,0
DA:58,0
DA:61,0
DA:62,0
DA:63,0
DA:64,0
DA:73,0
DA:78,0
DA:79,0
DA:82,0
LF:31
LH:0
BRDA:23,0,0,0
BRDA:23,0,1,0
BRDA:23,1,0,0
BRDA:23,1,1,0
BRDA:24,2,0,0
BRDA:24,2,1,0
BRDA:26,3,0,0
BRDA:26,3,1,0
BRDA:28,4,0,0
BRDA:28,4,1,0
BRDA:28,5,0,0
BRDA:28,5,1,0
BRDA:30,6,0,0
BRDA:30,6,1,0
BRDA:31,7,0,0
BRDA:31,7,1,0
BRDA:33,8,0,0
BRDA:33,8,1,0
BRDA:34,9,0,0
BRDA:34,9,1,0
BRDA:47,10,0,0
BRDA:47,10,1,0
BRDA:51,11,0,0
BRDA:51,11,1,0
BRDA:58,12,0,0
BRDA:58,12,1,0
BRDA:62,13,0,0
BRDA:62,13,1,0
BRDA:68,14,0,0
BRDA:68,14,1,0
BRF:30
BRH:0
end_of_record
TN:
SF:src/server/services/llama/processManager.ts
FN:3,(anonymous_0)
FN:6,(anonymous_1)
FN:10,(anonymous_2)
FN:14,(anonymous_3)
FN:22,(anonymous_4)
FN:27,(anonymous_5)
FN:33,(anonymous_6)
FN:39,(anonymous_7)
FN:49,(anonymous_8)
FN:56,(anonymous_9)
FN:64,(anonymous_10)
FN:69,(anonymous_11)
FN:71,(anonymous_12)
FNF:13
FNH:0
FNDA:0,(anonymous_0)
FNDA:0,(anonymous_1)
FNDA:0,(anonymous_2)
FNDA:0,(anonymous_3)
FNDA:0,(anonymous_4)
FNDA:0,(anonymous_5)
FNDA:0,(anonymous_6)
FNDA:0,(anonymous_7)
FNDA:0,(anonymous_8)
FNDA:0,(anonymous_9)
FNDA:0,(anonymous_10)
FNDA:0,(anonymous_11)
FNDA:0,(anonymous_12)
DA:1,0
DA:3,0
DA:4,0
DA:7,0
DA:11,0
DA:15,0
DA:19,0
DA:23,0
DA:24,0
DA:27,0
DA:28,0
DA:29,0
DA:30,0
DA:33,0
DA:34,0
DA:35,0
DA:36,0
DA:39,0
DA:40,0
DA:41,0
DA:42,0
DA:45,0
DA:53,0
DA:55,0
DA:56,0
DA:57,0
DA:58,0
DA:59,0
DA:65,0
DA:66,0
DA:70,0
DA:71,0
DA:72,0
LF:33
LH:0
BRDA:11,0,0,0
BRDA:11,0,1,0
BRDA:22,1,0,0
BRDA:22,2,0,0
BRDA:23,3,0,0
BRDA:23,3,1,0
BRDA:28,4,0,0
BRDA:28,4,1,0
BRDA:51,5,0,0
BRDA:53,6,0,0
BRDA:53,6,1,0
BRDA:55,7,0,0
BRDA:55,7,1,0
BRDA:58,8,0,0
BRDA:58,8,1,0
BRDA:65,9,0,0
BRDA:65,9,1,0
BRDA:70,10,0,0
BRDA:70,10,1,0
BRF:19
BRH:0
end_of_record
TN:
SF:src/server/services/llama/retryHandler.ts
FN:6,(anonymous_0)
FN:16,(anonymous_1)
FN:20,(anonymous_2)
FN:25,(anonymous_3)
FN:27,(anonymous_4)
FNF:5
FNH:0
FNDA:0,(anonymous_0)
FNDA:0,(anonymous_1)
FNDA:0,(anonymous_2)
FNDA:0,(anonymous_3)
FNDA:0,(anonymous_4)
DA:1,0
DA:11,0
DA:12,0
DA:13,0
DA:17,0
DA:21,0
DA:22,0
DA:26,0
DA:27,0
LF:9
LH:0
BRDA:7,0,0,0
BRDA:8,1,0,0
BRDA:9,2,0,0
BRF:3
BRH:0
end_of_record
TN:
SF:src/server/services/llama/stateManager.ts
FN:11,(anonymous_0)
FN:22,(anonymous_1)
FN:26,(anonymous_2)
FN:37,(anonymous_3)
FN:42,(anonymous_4)
FN:47,(anonymous_5)
FN:52,(anonymous_6)
FN:58,(anonymous_7)
FN:68,(anonymous_8)
FN:75,(anonymous_9)
FN:79,(anonymous_10)
FN:80,(anonymous_11)
FNF:12
FNH:0
FNDA:0,(anonymous_0)
FNDA:0,(anonymous_1)
FNDA:0,(anonymous_2)
FNDA:0,(anonymous_3)
FNDA:0,(anonymous_4)
FNDA:0,(anonymous_5)
FNDA:0,(anonymous_6)
FNDA:0,(anonymous_7)
FNDA:0,(anonymous_8)
FNDA:0,(anonymous_9)
FNDA:0,(anonymous_10)
FNDA:0,(anonymous_11)
DA:2,0
DA:4,0
DA:6,0
DA:8,0
DA:9,0
DA:12,0
DA:23,0
DA:27,0
DA:28,0
DA:29,0
DA:31,0
DA:32,0
DA:34,0
DA:38,0
DA:39,0
DA:43,0
DA:44,0
DA:48,0
DA:49,0
DA:53,0
DA:54,0
DA:57,0
DA:58,0
DA:59,0
DA:60,0
DA:63,0
DA:69,0
DA:70,0
DA:71,0
DA:76,0
DA:80,0
DA:81,0
DA:82,0
DA:84,0
LF:34
LH:0
BRDA:26,0,0,0
BRDA:28,1,0,0
BRDA:28,1,1,0
BRDA:31,2,0,0
BRDA:31,2,1,0
BRDA:53,3,0,0
BRDA:53,3,1,0
BRDA:59,4,0,0
BRDA:59,4,1,0
BRDA:69,5,0,0
BRDA:69,5,1,0
BRF:11
BRH:0
end_of_record
TN:
SF:src/services/api-service.ts
FN:8,(anonymous_0)
FN:13,(anonymous_1)
FN:22,(anonymous_2)
FN:30,(anonymous_3)
FN:39,(anonymous_4)
FN:48,(anonymous_5)
FN:57,(anonymous_6)
FN:66,(anonymous_7)
FN:76,(anonymous_8)
FN:85,(anonymous_9)
FN:96,(anonymous_10)
FN:105,(anonymous_11)
FN:115,(anonymous_12)
FN:119,(anonymous_13)
FN:129,(anonymous_14)
FN:133,(anonymous_15)
FN:137,(anonymous_16)
FN:142,(anonymous_17)
FN:147,(anonymous_18)
FN:151,(anonymous_19)
FN:156,(anonymous_20)
FN:160,(anonymous_21)
FN:165,(anonymous_22)
FN:169,(anonymous_23)
FNF:24
FNH:0
FNDA:0,(anonymous_0)
FNDA:0,(anonymous_1)
FNDA:0,(anonymous_2)
FNDA:0,(anonymous_3)
FNDA:0,(anonymous_4)
FNDA:0,(anonymous_5)
FNDA:0,(anonymous_6)
FNDA:0,(anonymous_7)
FNDA:0,(anonymous_8)
FNDA:0,(anonymous_9)
FNDA:0,(anonymous_10)
FNDA:0,(anonymous_11)
FNDA:0,(anonymous_12)
FNDA:0,(anonymous_13)
FNDA:0,(anonymous_14)
FNDA:0,(anonymous_15)
FNDA:0,(anonymous_16)
FNDA:0,(anonymous_17)
FNDA:0,(anonymous_18)
FNDA:0,(anonymous_19)
FNDA:0,(anonymous_20)
FNDA:0,(anonymous_21)
FNDA:0,(anonymous_22)
FNDA:0,(anonymous_23)
DA:1,0
DA:2,0
DA:9,0
DA:14,0
DA:15,0
DA:16,0
DA:17,0
DA:19,0
DA:23,0
DA:24,0
DA:25,0
DA:27,0
DA:31,0
DA:32,0
DA:33,0
DA:34,0
DA:36,0
DA:40,0
DA:41,0
DA:42,0
DA:43,0
DA:45,0
DA:49,0
DA:50,0
DA:51,0
DA:52,0
DA:54,0
DA:58,0
DA:59,0
DA:60,0
DA:61,0
DA:63,0
DA:67,0
DA:68,0
DA:69,0
DA:70,0
DA:72,0
DA:77,0
DA:78,0
DA:79,0
DA:80,0
DA:82,0
DA:86,0
DA:89,0
DA:90,0
DA:92,0
DA:97,0
DA:98,0
DA:99,0
DA:100,0
DA:102,0
DA:106,0
DA:107,0
DA:108,0
DA:109,0
DA:111,0
DA:116,0
DA:120,0
DA:121,0
DA:122,0
DA:123,0
DA:125,0
DA:130,0
DA:134,0
DA:138,0
DA:143,0
DA:148,0
DA:152,0
DA:157,0
DA:161,0
DA:166,0
DA:170,0
DA:174,0
LF:73
LH:0
BRDA:15,0,0,0
BRDA:15,0,1,0
BRDA:15,1,0,0
BRDA:15,1,1,0
BRDA:19,2,0,0
BRDA:19,2,1,0
BRDA:24,3,0,0
BRDA:24,3,1,0
BRDA:24,4,0,0
BRDA:24,4,1,0
BRDA:27,5,0,0
BRDA:27,5,1,0
BRDA:32,6,0,0
BRDA:32,6,1,0
BRDA:32,7,0,0
BRDA:32,7,1,0
BRDA:36,8,0,0
BRDA:36,8,1,0
BRDA:41,9,0,0
BRDA:41,9,1,0
BRDA:41,10,0,0
BRDA:41,10,1,0
BRDA:45,11,0,0
BRDA:45,11,1,0
BRDA:50,12,0,0
BRDA:50,12,1,0
BRDA:54,13,0,0
BRDA:54,13,1,0
BRDA:59,14,0,0
BRDA:59,14,1,0
BRDA:59,15,0,0
BRDA:59,15,1,0
BRDA:63,16,0,0
BRDA:63,16,1,0
BRDA:68,17,0,0
BRDA:68,17,1,0
BRDA:68,18,0,0
BRDA:68,18,1,0
BRDA:72,19,0,0
BRDA:72,19,1,0
BRDA:78,20,0,0
BRDA:78,20,1,0
BRDA:78,21,0,0
BRDA:78,21,1,0
BRDA:82,22,0,0
BRDA:82,22,1,0
BRDA:89,23,0,0
BRDA:89,23,1,0
BRDA:89,24,0,0
BRDA:89,24,1,0
BRDA:92,25,0,0
BRDA:92,25,1,0
BRDA:98,26,0,0
BRDA:98,26,1,0
BRDA:98,27,0,0
BRDA:98,27,1,0
BRDA:102,28,0,0
BRDA:102,28,1,0
BRDA:107,29,0,0
BRDA:107,29,1,0
BRDA:111,30,0,0
BRDA:111,30,1,0
BRDA:121,31,0,0
BRDA:121,31,1,0
BRDA:121,32,0,0
BRDA:121,32,1,0
BRDA:125,33,0,0
BRDA:125,33,1,0
BRF:68
BRH:0
end_of_record
TN:
SF:src/styles/theme.ts
FNF:0
FNH:0
DA:2,0
DA:3,0
DA:6,0
DA:108,0
DA:237,0
DA:293,0
DA:348,0
DA:351,0
LF:8
LH:0
BRF:0
BRH:0
end_of_record
TN:
SF:src/utils/api-client.ts
FN:9,(anonymous_1)
FN:20,(anonymous_2)
FN:29,(anonymous_3)
FN:33,(anonymous_4)
FN:38,(anonymous_5)
FN:47,(anonymous_6)
FN:54,(anonymous_7)
FN:57,(anonymous_8)
FN:81,(anonymous_9)
FN:115,(anonymous_10)
FN:128,(anonymous_11)
FN:145,(anonymous_12)
FN:162,(anonymous_13)
FN:175,(anonymous_14)
FNF:14
FNH:0
FNDA:0,(anonymous_1)
FNDA:0,(anonymous_2)
FNDA:0,(anonymous_3)
FNDA:0,(anonymous_4)
FNDA:0,(anonymous_5)
FNDA:0,(anonymous_6)
FNDA:0,(anonymous_7)
FNDA:0,(anonymous_8)
FNDA:0,(anonymous_9)
FNDA:0,(anonymous_10)
FNDA:0,(anonymous_11)
FNDA:0,(anonymous_12)
FNDA:0,(anonymous_13)
FNDA:0,(anonymous_14)
DA:1,0
DA:2,0
DA:6,0
DA:10,0
DA:21,0
DA:22,0
DA:23,0
DA:25,0
DA:30,0
DA:34,0
DA:37,0
DA:45,0
DA:48,0
DA:53,0
DA:55,0
DA:58,0
DA:60,0
DA:63,0
DA:66,0
DA:69,0
DA:72,0
DA:76,0
DA:82,0
DA:83,0
DA:92,0
DA:93,0
DA:103,0
DA:116,0
DA:117,0
DA:118,0
DA:124,0
DA:133,0
DA:134,0
DA:135,0
DA:141,0
DA:150,0
DA:151,0
DA:152,0
DA:158,0
DA:163,0
DA:164,0
DA:165,0
DA:171,0
DA:180,0
DA:181,0
DA:182,0
DA:188,0
DA:193,0
DA:194,0
LF:49
LH:0
BRDA:21,0,0,0
BRDA:21,0,1,0
BRDA:34,1,0,0
BRDA:34,1,1,0
BRDA:58,2,0,0
BRDA:58,2,1,0
BRDA:60,3,0,0
BRDA:60,3,1,0
BRDA:60,3,2,0
BRDA:60,3,3,0
BRDA:82,4,0,0
BRDA:82,4,1,0
BRDA:92,5,0,0
BRDA:92,5,1,0
BRF:14
BRH:0
end_of_record
TN:
SF:src/utils/request-idle-callback.ts
FN:24,requestIdleCallbackPromise
FN:28,(anonymous_1)
FN:47,(anonymous_2)
FN:72,(anonymous_3)
FN:90,(anonymous_4)
FN:108,(anonymous_5)
FN:127,isRequestIdleCallbackSupported
FN:138,requestIdleCallback
FN:154,(anonymous_8)
FN:155,(anonymous_9)
FN:164,cancelIdleCallback
FN:182,runTasksInIdle
FN:186,(anonymous_12)
FN:190,(anonymous_13)
FNF:14
FNH:0
FNDA:0,requestIdleCallbackPromise
FNDA:0,(anonymous_1)
FNDA:0,(anonymous_2)
FNDA:0,(anonymous_3)
FNDA:0,(anonymous_4)
FNDA:0,(anonymous_5)
FNDA:0,isRequestIdleCallbackSupported
FNDA:0,requestIdleCallback
FNDA:0,(anonymous_8)
FNDA:0,(anonymous_9)
FNDA:0,cancelIdleCallback
FNDA:0,runTasksInIdle
FNDA:0,(anonymous_12)
FNDA:0,(anonymous_13)
DA:24,0
DA:28,0
DA:29,0
DA:31,0
DA:32,0
DA:33,0
DA:34,0
DA:36,0
DA:39,0
DA:41,0
DA:45,0
DA:46,0
DA:48,0
DA:49,0
DA:50,0
DA:52,0
DA:53,0
DA:54,0
DA:56,0
DA:59,0
DA:64,0
DA:68,0
DA:71,0
DA:72,0
DA:73,0
DA:74,0
DA:75,0
DA:76,0
DA:77,0
DA:78,0
DA:80,0
DA:83,0
DA:89,0
DA:90,0
DA:91,0
DA:92,0
DA:93,0
DA:94,0
DA:95,0
DA:96,0
DA:98,0
DA:101,0
DA:107,0
DA:108,0
DA:109,0
DA:110,0
DA:111,0
DA:112,0
DA:114,0
DA:117,0
DA:127,0
DA:128,0
DA:138,0
DA:142,0
DA:144,0
DA:145,0
DA:148,0
DA:149,0
DA:153,0
DA:154,0
DA:155,0
DA:158,0
DA:164,0
DA:165,0
DA:166,0
DA:167,0
DA:169,0
DA:182,0
DA:186,0
DA:187,0
DA:188,0
DA:190,0
DA:191,0
DA:192,0
DA:193,0
DA:196,0
DA:197,0
DA:198,0
DA:199,0
DA:200,0
DA:202,0
DA:206,0
LF:82
LH:0
BRDA:29,0,0,0
BRDA:29,0,1,0
BRDA:33,1,0,0
BRDA:33,1,1,0
BRDA:45,2,0,0
BRDA:45,2,1,0
BRDA:49,3,0,0
BRDA:49,3,1,0
BRDA:53,4,0,0
BRDA:53,4,1,0
BRDA:71,5,0,0
BRDA:71,5,1,0
BRDA:73,6,0,0
BRDA:73,6,1,0
BRDA:77,7,0,0
BRDA:77,7,1,0
BRDA:89,8,0,0
BRDA:89,8,1,0
BRDA:91,9,0,0
BRDA:91,9,1,0
BRDA:95,10,0,0
BRDA:95,10,1,0
BRDA:107,11,0,0
BRDA:107,11,1,0
BRDA:111,12,0,0
BRDA:111,12,1,0
BRDA:128,13,0,0
BRDA:128,13,1,0
BRDA:142,14,0,0
BRDA:142,14,1,0
BRDA:148,15,0,0
BRDA:148,15,1,0
BRDA:153,16,0,0
BRDA:153,16,1,0
BRDA:165,17,0,0
BRDA:165,17,1,0
BRDA:165,18,0,0
BRDA:165,18,1,0
BRDA:166,19,0,0
BRDA:166,19,1,0
BRDA:191,20,0,0
BRDA:191,20,1,0
BRF:42
BRH:0
end_of_record
TN:
SF:src/workers/template-processor.worker.ts
FN:17,(anonymous_0)
FN:18,(anonymous_1)
FN:25,(anonymous_2)
FNF:3
FNH:0
FNDA:0,(anonymous_0)
FNDA:0,(anonymous_1)
FNDA:0,(anonymous_2)
DA:17,0
DA:18,0
DA:19,0
DA:21,0
DA:23,0
DA:25,0
DA:26,0
DA:27,0
DA:32,0
LF:9
LH:0
BRDA:21,0,0,0
BRDA:21,0,1,0
BRDA:26,1,0,0
BRDA:26,1,1,0
BRDA:26,2,0,0
BRDA:26,2,1,0
BRF:6
BRH:0
end_of_record
