{"/home/bamer/nextjs-llama-async-proxy/src/hooks/use-api.ts": {"path":"/home/bamer/nextjs-llama-async-proxy/src/hooks/use-api.ts","statementMap":{"0":{"start":{"line":4,"column":0},"end":{"line":4,"column":16}},"1":{"start":{"line":1,"column":0},"end":{"line":1,"column":78}},"2":{"start":{"line":2,"column":0},"end":{"line":2,"column":52}},"3":{"start":{"line":5,"column":22},"end":{"line":5,"column":38}},"4":{"start":{"line":9,"column":22},"end":{"line":13,"column":4}},"5":{"start":{"line":11,"column":19},"end":{"line":11,"column":41}},"6":{"start":{"line":17,"column":23},"end":{"line":21,"column":4}},"7":{"start":{"line":19,"column":19},"end":{"line":19,"column":42}},"8":{"start":{"line":25,"column":20},"end":{"line":29,"column":4}},"9":{"start":{"line":27,"column":19},"end":{"line":27,"column":52}},"10":{"start":{"line":32,"column":22},"end":{"line":35,"column":4}},"11":{"start":{"line":34,"column":19},"end":{"line":34,"column":41}},"12":{"start":{"line":37,"column":2},"end":{"line":43,"column":4}}},"fnMap":{"0":{"name":"useApi","decl":{"start":{"line":4,"column":16},"end":{"line":4,"column":22}},"loc":{"start":{"line":4,"column":22},"end":{"line":44,"column":1}}},"1":{"name":"(anonymous_1)","decl":{"start":{"line":11,"column":13},"end":{"line":11,"column":16}},"loc":{"start":{"line":11,"column":19},"end":{"line":11,"column":41}}},"2":{"name":"(anonymous_2)","decl":{"start":{"line":19,"column":13},"end":{"line":19,"column":16}},"loc":{"start":{"line":19,"column":19},"end":{"line":19,"column":42}}},"3":{"name":"(anonymous_3)","decl":{"start":{"line":27,"column":13},"end":{"line":27,"column":16}},"loc":{"start":{"line":27,"column":19},"end":{"line":27,"column":52}}},"4":{"name":"(anonymous_4)","decl":{"start":{"line":34,"column":13},"end":{"line":34,"column":16}},"loc":{"start":{"line":34,"column":19},"end":{"line":34,"column":41}}}},"branchMap":{},"s":{"0":1,"1":1,"2":1,"3":30,"4":30,"5":0,"6":30,"7":0,"8":30,"9":0,"10":30,"11":0,"12":30},"f":{"0":30,"1":0,"2":0,"3":0,"4":0},"b":{}}
,"/home/bamer/nextjs-llama-async-proxy/src/hooks/use-effect-event.ts": {"path":"/home/bamer/nextjs-llama-async-proxy/src/hooks/use-effect-event.ts","statementMap":{"0":{"start":{"line":27,"column":0},"end":{"line":27,"column":16}},"1":{"start":{"line":3,"column":0},"end":{"line":3,"column":44}},"2":{"start":{"line":28,"column":21},"end":{"line":28,"column":39}},"3":{"start":{"line":30,"column":2},"end":{"line":30,"column":31}},"4":{"start":{"line":33,"column":2},"end":{"line":35,"column":14}},"5":{"start":{"line":34,"column":4},"end":{"line":34,"column":39}}},"fnMap":{"0":{"name":"useEffectEvent","decl":{"start":{"line":27,"column":16},"end":{"line":27,"column":30}},"loc":{"start":{"line":27,"column":76},"end":{"line":36,"column":1}}},"1":{"name":"(anonymous_1)","decl":{"start":{"line":33,"column":21},"end":{"line":33,"column":22}},"loc":{"start":{"line":33,"column":40},"end":{"line":35,"column":3}}}},"branchMap":{},"s":{"0":1,"1":1,"2":10,"3":10,"4":10,"5":6},"f":{"0":10,"1":6},"b":{}}
,"/home/bamer/nextjs-llama-async-proxy/src/hooks/use-fit-params.ts": {"path":"/home/bamer/nextjs-llama-async-proxy/src/hooks/use-fit-params.ts","statementMap":{"0":{"start":{"line":44,"column":0},"end":{"line":44,"column":16}},"1":{"start":{"line":3,"column":0},"end":{"line":3,"column":57}},"2":{"start":{"line":45,"column":26},"end":{"line":45,"column":62}},"3":{"start":{"line":46,"column":32},"end":{"line":46,"column":47}},"4":{"start":{"line":47,"column":28},"end":{"line":47,"column":57}},"5":{"start":{"line":49,"column":18},"end":{"line":77,"column":17}},"6":{"start":{"line":50,"column":4},"end":{"line":52,"column":5}},"7":{"start":{"line":51,"column":6},"end":{"line":51,"column":13}},"8":{"start":{"line":54,"column":4},"end":{"line":54,"column":21}},"9":{"start":{"line":55,"column":4},"end":{"line":55,"column":19}},"10":{"start":{"line":57,"column":4},"end":{"line":76,"column":5}},"11":{"start":{"line":58,"column":23},"end":{"line":58,"column":90}},"12":{"start":{"line":59,"column":87},"end":{"line":59,"column":108}},"13":{"start":{"line":61,"column":6},"end":{"line":63,"column":7}},"14":{"start":{"line":62,"column":8},"end":{"line":62,"column":84}},"15":{"start":{"line":65,"column":6},"end":{"line":69,"column":7}},"16":{"start":{"line":66,"column":8},"end":{"line":66,"column":39}},"17":{"start":{"line":68,"column":8},"end":{"line":68,"column":22}},"18":{"start":{"line":71,"column":22},"end":{"line":71,"column":74}},"19":{"start":{"line":72,"column":6},"end":{"line":72,"column":24}},"20":{"start":{"line":73,"column":6},"end":{"line":73,"column":70}},"21":{"start":{"line":75,"column":6},"end":{"line":75,"column":24}},"22":{"start":{"line":79,"column":18},"end":{"line":109,"column":17}},"23":{"start":{"line":80,"column":4},"end":{"line":82,"column":5}},"24":{"start":{"line":81,"column":6},"end":{"line":81,"column":13}},"25":{"start":{"line":84,"column":4},"end":{"line":84,"column":21}},"26":{"start":{"line":85,"column":4},"end":{"line":85,"column":19}},"27":{"start":{"line":87,"column":4},"end":{"line":108,"column":5}},"28":{"start":{"line":88,"column":23},"end":{"line":91,"column":8}},"29":{"start":{"line":93,"column":80},"end":{"line":93,"column":101}},"30":{"start":{"line":95,"column":6},"end":{"line":97,"column":7}},"31":{"start":{"line":96,"column":8},"end":{"line":96,"column":76}},"32":{"start":{"line":99,"column":6},"end":{"line":101,"column":7}},"33":{"start":{"line":100,"column":8},"end":{"line":100,"column":39}},"34":{"start":{"line":103,"column":22},"end":{"line":103,"column":74}},"35":{"start":{"line":104,"column":6},"end":{"line":104,"column":24}},"36":{"start":{"line":105,"column":6},"end":{"line":105,"column":66}},"37":{"start":{"line":107,"column":6},"end":{"line":107,"column":24}},"38":{"start":{"line":111,"column":2},"end":{"line":115,"column":27}},"39":{"start":{"line":112,"column":4},"end":{"line":114,"column":5}},"40":{"start":{"line":113,"column":6},"end":{"line":113,"column":16}},"41":{"start":{"line":117,"column":2},"end":{"line":117,"column":52}}},"fnMap":{"0":{"name":"useFitParams","decl":{"start":{"line":44,"column":16},"end":{"line":44,"column":28}},"loc":{"start":{"line":44,"column":53},"end":{"line":118,"column":1}}},"1":{"name":"(anonymous_1)","decl":{"start":{"line":49,"column":30},"end":{"line":49,"column":35}},"loc":{"start":{"line":49,"column":56},"end":{"line":77,"column":3}}},"2":{"name":"(anonymous_2)","decl":{"start":{"line":79,"column":30},"end":{"line":79,"column":35}},"loc":{"start":{"line":79,"column":56},"end":{"line":109,"column":3}}},"3":{"name":"(anonymous_3)","decl":{"start":{"line":111,"column":12},"end":{"line":111,"column":15}},"loc":{"start":{"line":111,"column":17},"end":{"line":115,"column":3}}}},"branchMap":{"0":{"loc":{"start":{"line":50,"column":4},"end":{"line":52,"column":5}},"type":"if","locations":[{"start":{"line":50,"column":4},"end":{"line":52,"column":5}},{"start":{},"end":{}}]},"1":{"loc":{"start":{"line":61,"column":6},"end":{"line":63,"column":7}},"type":"if","locations":[{"start":{"line":61,"column":6},"end":{"line":63,"column":7}},{"start":{},"end":{}}]},"2":{"loc":{"start":{"line":62,"column":24},"end":{"line":62,"column":82}},"type":"binary-expr","locations":[{"start":{"line":62,"column":24},"end":{"line":62,"column":45}},{"start":{"line":62,"column":49},"end":{"line":62,"column":82}}]},"3":{"loc":{"start":{"line":65,"column":6},"end":{"line":69,"column":7}},"type":"if","locations":[{"start":{"line":65,"column":6},"end":{"line":69,"column":7}},{"start":{"line":67,"column":13},"end":{"line":69,"column":7}}]},"4":{"loc":{"start":{"line":65,"column":10},"end":{"line":65,"column":50}},"type":"binary-expr","locations":[{"start":{"line":65,"column":10},"end":{"line":65,"column":24}},{"start":{"line":65,"column":28},"end":{"line":65,"column":50}}]},"5":{"loc":{"start":{"line":71,"column":22},"end":{"line":71,"column":74}},"type":"cond-expr","locations":[{"start":{"line":71,"column":45},"end":{"line":71,"column":56}},{"start":{"line":71,"column":59},"end":{"line":71,"column":74}}]},"6":{"loc":{"start":{"line":80,"column":4},"end":{"line":82,"column":5}},"type":"if","locations":[{"start":{"line":80,"column":4},"end":{"line":82,"column":5}},{"start":{},"end":{}}]},"7":{"loc":{"start":{"line":95,"column":6},"end":{"line":97,"column":7}},"type":"if","locations":[{"start":{"line":95,"column":6},"end":{"line":97,"column":7}},{"start":{},"end":{}}]},"8":{"loc":{"start":{"line":96,"column":24},"end":{"line":96,"column":74}},"type":"binary-expr","locations":[{"start":{"line":96,"column":24},"end":{"line":96,"column":45}},{"start":{"line":96,"column":49},"end":{"line":96,"column":74}}]},"9":{"loc":{"start":{"line":99,"column":6},"end":{"line":101,"column":7}},"type":"if","locations":[{"start":{"line":99,"column":6},"end":{"line":101,"column":7}},{"start":{},"end":{}}]},"10":{"loc":{"start":{"line":99,"column":10},"end":{"line":99,"column":50}},"type":"binary-expr","locations":[{"start":{"line":99,"column":10},"end":{"line":99,"column":24}},{"start":{"line":99,"column":28},"end":{"line":99,"column":50}}]},"11":{"loc":{"start":{"line":103,"column":22},"end":{"line":103,"column":74}},"type":"cond-expr","locations":[{"start":{"line":103,"column":45},"end":{"line":103,"column":56}},{"start":{"line":103,"column":59},"end":{"line":103,"column":74}}]},"12":{"loc":{"start":{"line":112,"column":4},"end":{"line":114,"column":5}},"type":"if","locations":[{"start":{"line":112,"column":4},"end":{"line":114,"column":5}},{"start":{},"end":{}}]}},"s":{"0":1,"1":1,"2":84,"3":84,"4":84,"5":84,"6":35,"7":1,"8":34,"9":34,"10":34,"11":34,"12":30,"13":29,"14":2,"15":27,"16":22,"17":5,"18":6,"19":6,"20":6,"21":33,"22":84,"23":9,"24":1,"25":8,"26":8,"27":8,"28":8,"29":7,"30":7,"31":2,"32":5,"33":5,"34":3,"35":3,"36":3,"37":8,"38":84,"39":29,"40":25,"41":84},"f":{"0":84,"1":35,"2":9,"3":29},"b":{"0":[1,34],"1":[2,27],"2":[2,0],"3":[22,5],"4":[27,25],"5":[5,1],"6":[1,8],"7":[2,5],"8":[2,0],"9":[5,0],"10":[5,5],"11":[3,0],"12":[25,4]}}
,"/home/bamer/nextjs-llama-async-proxy/src/hooks/use-logger-config.ts": {"path":"/home/bamer/nextjs-llama-async-proxy/src/hooks/use-logger-config.ts","statementMap":{"0":{"start":{"line":31,"column":0},"end":{"line":31,"column":16}},"1":{"start":{"line":1,"column":0},"end":{"line":1,"column":33}},"2":{"start":{"line":2,"column":0},"end":{"line":2,"column":null}},"3":{"start":{"line":21,"column":37},"end":{"line":29,"column":2}},"4":{"start":{"line":32,"column":30},"end":{"line":32,"column":68}},"5":{"start":{"line":33,"column":40},"end":{"line":33,"column":65}},"6":{"start":{"line":34,"column":32},"end":{"line":34,"column":47}},"7":{"start":{"line":36,"column":25},"end":{"line":58,"column":3}},"8":{"start":{"line":37,"column":40},"end":{"line":37,"column":42}},"9":{"start":{"line":39,"column":27},"end":{"line":47,"column":6}},"10":{"start":{"line":49,"column":19},"end":{"line":49,"column":65}},"11":{"start":{"line":50,"column":4},"end":{"line":55,"column":5}},"12":{"start":{"line":51,"column":6},"end":{"line":54,"column":9}},"13":{"start":{"line":52,"column":26},"end":{"line":52,"column":49}},"14":{"start":{"line":53,"column":8},"end":{"line":53,"column":50}},"15":{"start":{"line":57,"column":4},"end":{"line":57,"column":26}},"16":{"start":{"line":60,"column":23},"end":{"line":68,"column":3}},"17":{"start":{"line":61,"column":22},"end":{"line":61,"column":47}},"18":{"start":{"line":64,"column":19},"end":{"line":64,"column":44}},"19":{"start":{"line":65,"column":4},"end":{"line":65,"column":27}},"20":{"start":{"line":67,"column":4},"end":{"line":67,"column":25}},"21":{"start":{"line":70,"column":26},"end":{"line":75,"column":3}},"22":{"start":{"line":71,"column":4},"end":{"line":74,"column":8}},"23":{"start":{"line":71,"column":30},"end":{"line":74,"column":6}},"24":{"start":{"line":77,"column":22},"end":{"line":80,"column":3}},"25":{"start":{"line":78,"column":22},"end":{"line":78,"column":43}},"26":{"start":{"line":79,"column":4},"end":{"line":79,"column":25}},"27":{"start":{"line":82,"column":24},"end":{"line":90,"column":3}},"28":{"start":{"line":83,"column":4},"end":{"line":89,"column":7}},"29":{"start":{"line":88,"column":6},"end":{"line":88,"column":71}},"30":{"start":{"line":92,"column":2},"end":{"line":100,"column":4}}},"fnMap":{"0":{"name":"useLoggerConfig","decl":{"start":{"line":31,"column":16},"end":{"line":31,"column":31}},"loc":{"start":{"line":31,"column":31},"end":{"line":101,"column":1}}},"1":{"name":"(anonymous_1)","decl":{"start":{"line":36,"column":25},"end":{"line":36,"column":26}},"loc":{"start":{"line":36,"column":82},"end":{"line":58,"column":3}}},"2":{"name":"(anonymous_2)","decl":{"start":{"line":51,"column":34},"end":{"line":51,"column":35}},"loc":{"start":{"line":51,"column":49},"end":{"line":54,"column":7}}},"3":{"name":"(anonymous_3)","decl":{"start":{"line":60,"column":23},"end":{"line":60,"column":24}},"loc":{"start":{"line":60,"column":58},"end":{"line":68,"column":3}}},"4":{"name":"(anonymous_4)","decl":{"start":{"line":70,"column":26},"end":{"line":70,"column":27}},"loc":{"start":{"line":70,"column":48},"end":{"line":75,"column":3}}},"5":{"name":"(anonymous_5)","decl":{"start":{"line":71,"column":19},"end":{"line":71,"column":20}},"loc":{"start":{"line":71,"column":30},"end":{"line":74,"column":6}}},"6":{"name":"(anonymous_6)","decl":{"start":{"line":77,"column":22},"end":{"line":77,"column":25}},"loc":{"start":{"line":77,"column":27},"end":{"line":80,"column":3}}},"7":{"name":"(anonymous_7)","decl":{"start":{"line":82,"column":24},"end":{"line":82,"column":27}},"loc":{"start":{"line":82,"column":29},"end":{"line":90,"column":3}}},"8":{"name":"(anonymous_8)","decl":{"start":{"line":87,"column":13},"end":{"line":87,"column":18}},"loc":{"start":{"line":87,"column":21},"end":{"line":89,"column":5}}}},"branchMap":{"0":{"loc":{"start":{"line":40,"column":21},"end":{"line":40,"column":60}},"type":"binary-expr","locations":[{"start":{"line":40,"column":21},"end":{"line":40,"column":50}},{"start":{"line":40,"column":54},"end":{"line":40,"column":60}}]},"1":{"loc":{"start":{"line":41,"column":18},"end":{"line":41,"column":54}},"type":"binary-expr","locations":[{"start":{"line":41,"column":18},"end":{"line":41,"column":44}},{"start":{"line":41,"column":48},"end":{"line":41,"column":54}}]},"2":{"loc":{"start":{"line":42,"column":19},"end":{"line":42,"column":57}},"type":"binary-expr","locations":[{"start":{"line":42,"column":19},"end":{"line":42,"column":46}},{"start":{"line":42,"column":50},"end":{"line":42,"column":57}}]},"3":{"loc":{"start":{"line":43,"column":19},"end":{"line":43,"column":56}},"type":"binary-expr","locations":[{"start":{"line":43,"column":19},"end":{"line":43,"column":47}},{"start":{"line":43,"column":51},"end":{"line":43,"column":56}}]},"4":{"loc":{"start":{"line":44,"column":16},"end":{"line":44,"column":50}},"type":"binary-expr","locations":[{"start":{"line":44,"column":16},"end":{"line":44,"column":41}},{"start":{"line":44,"column":45},"end":{"line":44,"column":50}}]},"5":{"loc":{"start":{"line":45,"column":25},"end":{"line":45,"column":117}},"type":"cond-expr","locations":[{"start":{"line":45,"column":76},"end":{"line":45,"column":110}},{"start":{"line":45,"column":113},"end":{"line":45,"column":117}}]},"6":{"loc":{"start":{"line":46,"column":28},"end":{"line":46,"column":126}},"type":"cond-expr","locations":[{"start":{"line":46,"column":82},"end":{"line":46,"column":119}},{"start":{"line":46,"column":122},"end":{"line":46,"column":126}}]},"7":{"loc":{"start":{"line":50,"column":4},"end":{"line":55,"column":5}},"type":"if","locations":[{"start":{"line":50,"column":4},"end":{"line":55,"column":5}},{"start":{},"end":{}}]}},"s":{"0":1,"1":1,"2":1,"3":1,"4":94,"5":94,"6":94,"7":94,"8":54,"9":54,"10":54,"11":54,"12":14,"13":42,"14":42,"15":54,"16":94,"17":54,"18":54,"19":54,"20":54,"21":94,"22":1,"23":1,"24":94,"25":1,"26":1,"27":94,"28":2,"29":1,"30":94},"f":{"0":94,"1":54,"2":42,"3":54,"4":1,"5":1,"6":1,"7":2,"8":1},"b":{"0":[54,1],"1":[54,1],"2":[54,1],"3":[54,3],"4":[54,2],"5":[53,1],"6":[53,1],"7":[14,40]}}
,"/home/bamer/nextjs-llama-async-proxy/src/hooks/use-server-actions.ts": {"path":"/home/bamer/nextjs-llama-async-proxy/src/hooks/use-server-actions.ts","statementMap":{"0":{"start":{"line":7,"column":0},"end":{"line":7,"column":16}},"1":{"start":{"line":3,"column":0},"end":{"line":3,"column":75}},"2":{"start":{"line":4,"column":0},"end":{"line":4,"column":53}},"3":{"start":{"line":8,"column":39},"end":{"line":8,"column":53}},"4":{"start":{"line":10,"column":28},"end":{"line":12,"column":4}},"5":{"start":{"line":11,"column":4},"end":{"line":11,"column":42}},"6":{"start":{"line":14,"column":27},"end":{"line":16,"column":4}},"7":{"start":{"line":15,"column":4},"end":{"line":15,"column":41}},"8":{"start":{"line":18,"column":2},"end":{"line":22,"column":4}}},"fnMap":{"0":{"name":"useServerActions","decl":{"start":{"line":7,"column":16},"end":{"line":7,"column":32}},"loc":{"start":{"line":7,"column":32},"end":{"line":23,"column":1}}},"1":{"name":"(anonymous_1)","decl":{"start":{"line":10,"column":48},"end":{"line":10,"column":51}},"loc":{"start":{"line":10,"column":53},"end":{"line":12,"column":3}}},"2":{"name":"(anonymous_2)","decl":{"start":{"line":14,"column":47},"end":{"line":14,"column":50}},"loc":{"start":{"line":14,"column":52},"end":{"line":16,"column":3}}}},"branchMap":{},"s":{"0":1,"1":1,"2":1,"3":31,"4":29,"5":10,"6":29,"7":8,"8":29},"f":{"0":31,"1":10,"2":8},"b":{}}
,"/home/bamer/nextjs-llama-async-proxy/src/hooks/use-websocket.ts": {"path":"/home/bamer/nextjs-llama-async-proxy/src/hooks/use-websocket.ts","statementMap":{"0":{"start":{"line":11,"column":0},"end":{"line":11,"column":16}},"1":{"start":{"line":4,"column":0},"end":{"line":4,"column":69}},"2":{"start":{"line":12,"column":132},"end":{"line":12,"column":153}},"3":{"start":{"line":14,"column":2},"end":{"line":26,"column":4}}},"fnMap":{"0":{"name":"useWebSocket","decl":{"start":{"line":11,"column":16},"end":{"line":11,"column":28}},"loc":{"start":{"line":11,"column":28},"end":{"line":27,"column":1}}}},"branchMap":{},"s":{"0":2,"1":2,"2":48,"3":48},"f":{"0":48},"b":{}}
,"/home/bamer/nextjs-llama-async-proxy/src/hooks/useChartHistory.ts": {"path":"/home/bamer/nextjs-llama-async-proxy/src/hooks/useChartHistory.ts","statementMap":{"0":{"start":{"line":10,"column":0},"end":{"line":10,"column":16}},"1":{"start":{"line":3,"column":0},"end":{"line":3,"column":94}},"2":{"start":{"line":4,"column":0},"end":{"line":4,"column":39}},"3":{"start":{"line":5,"column":0},"end":{"line":5,"column":88}},"4":{"start":{"line":7,"column":20},"end":{"line":7,"column":24}},"5":{"start":{"line":8,"column":23},"end":{"line":8,"column":26}},"6":{"start":{"line":11,"column":18},"end":{"line":11,"column":52}},"7":{"start":{"line":11,"column":38},"end":{"line":11,"column":51}},"8":{"start":{"line":12,"column":23},"end":{"line":12,"column":62}},"9":{"start":{"line":12,"column":43},"end":{"line":12,"column":61}},"10":{"start":{"line":13,"column":23},"end":{"line":13,"column":62}},"11":{"start":{"line":13,"column":43},"end":{"line":13,"column":61}},"12":{"start":{"line":14,"column":30},"end":{"line":14,"column":76}},"13":{"start":{"line":14,"column":50},"end":{"line":14,"column":75}},"14":{"start":{"line":17,"column":24},"end":{"line":17,"column":41}},"15":{"start":{"line":20,"column":32},"end":{"line":32,"column":4}},"16":{"start":{"line":35,"column":29},"end":{"line":35,"column":61}},"17":{"start":{"line":38,"column":26},"end":{"line":46,"column":8}},"18":{"start":{"line":39,"column":16},"end":{"line":39,"column":26}},"19":{"start":{"line":40,"column":24},"end":{"line":44,"column":6}},"20":{"start":{"line":45,"column":4},"end":{"line":45,"column":59}},"21":{"start":{"line":50,"column":23},"end":{"line":85,"column":51}},"22":{"start":{"line":51,"column":20},"end":{"line":51,"column":49}},"23":{"start":{"line":55,"column":30},"end":{"line":71,"column":6}},"24":{"start":{"line":75,"column":4},"end":{"line":75,"column":36}},"25":{"start":{"line":78,"column":4},"end":{"line":84,"column":6}},"26":{"start":{"line":89,"column":29},"end":{"line":89,"column":62}},"27":{"start":{"line":94,"column":25},"end":{"line":133,"column":4}},"28":{"start":{"line":96,"column":27},"end":{"line":96,"column":54}},"29":{"start":{"line":97,"column":4},"end":{"line":97,"column":32}},"30":{"start":{"line":97,"column":25},"end":{"line":97,"column":32}},"31":{"start":{"line":99,"column":16},"end":{"line":99,"column":26}},"32":{"start":{"line":100,"column":32},"end":{"line":100,"column":59}},"33":{"start":{"line":103,"column":4},"end":{"line":105,"column":5}},"34":{"start":{"line":104,"column":6},"end":{"line":104,"column":13}},"35":{"start":{"line":109,"column":4},"end":{"line":109,"column":64}},"36":{"start":{"line":110,"column":4},"end":{"line":110,"column":70}},"37":{"start":{"line":111,"column":4},"end":{"line":111,"column":74}},"38":{"start":{"line":113,"column":4},"end":{"line":115,"column":5}},"39":{"start":{"line":114,"column":6},"end":{"line":114,"column":70}},"40":{"start":{"line":117,"column":4},"end":{"line":119,"column":5}},"41":{"start":{"line":118,"column":6},"end":{"line":118,"column":73}},"42":{"start":{"line":123,"column":19},"end":{"line":127,"column":null}},"43":{"start":{"line":125,"column":8},"end":{"line":125,"column":29}},"44":{"start":{"line":129,"column":4},"end":{"line":129,"column":40}},"45":{"start":{"line":132,"column":4},"end":{"line":132,"column":32}},"46":{"start":{"line":138,"column":2},"end":{"line":149,"column":9}},"47":{"start":{"line":140,"column":4},"end":{"line":148,"column":5}},"48":{"start":{"line":141,"column":6},"end":{"line":147,"column":9}},"49":{"start":{"line":153,"column":2},"end":{"line":155,"column":32}},"50":{"start":{"line":154,"column":4},"end":{"line":154,"column":21}},"51":{"start":{"line":158,"column":2},"end":{"line":164,"column":9}},"52":{"start":{"line":159,"column":4},"end":{"line":163,"column":6}},"53":{"start":{"line":161,"column":6},"end":{"line":161,"column":53}},"54":{"start":{"line":162,"column":6},"end":{"line":162,"column":45}},"55":{"start":{"line":166,"column":2},"end":{"line":166,"column":22}}},"fnMap":{"0":{"name":"useChartHistory","decl":{"start":{"line":10,"column":16},"end":{"line":10,"column":31}},"loc":{"start":{"line":10,"column":31},"end":{"line":167,"column":1}}},"1":{"name":"(anonymous_1)","decl":{"start":{"line":11,"column":27},"end":{"line":11,"column":28}},"loc":{"start":{"line":11,"column":38},"end":{"line":11,"column":51}}},"2":{"name":"(anonymous_2)","decl":{"start":{"line":12,"column":32},"end":{"line":12,"column":33}},"loc":{"start":{"line":12,"column":43},"end":{"line":12,"column":61}}},"3":{"name":"(anonymous_3)","decl":{"start":{"line":13,"column":32},"end":{"line":13,"column":33}},"loc":{"start":{"line":13,"column":43},"end":{"line":13,"column":61}}},"4":{"name":"(anonymous_4)","decl":{"start":{"line":14,"column":39},"end":{"line":14,"column":40}},"loc":{"start":{"line":14,"column":50},"end":{"line":14,"column":75}}},"5":{"name":"(anonymous_5)","decl":{"start":{"line":38,"column":38},"end":{"line":38,"column":39}},"loc":{"start":{"line":38,"column":56},"end":{"line":46,"column":3}}},"6":{"name":"(anonymous_6)","decl":{"start":{"line":50,"column":35},"end":{"line":50,"column":38}},"loc":{"start":{"line":50,"column":40},"end":{"line":85,"column":3}}},"7":{"name":"(anonymous_7)","decl":{"start":{"line":94,"column":45},"end":{"line":94,"column":48}},"loc":{"start":{"line":94,"column":50},"end":{"line":133,"column":3}}},"8":{"name":"(anonymous_8)","decl":{"start":{"line":124,"column":6},"end":{"line":124,"column":9}},"loc":{"start":{"line":124,"column":11},"end":{"line":126,"column":7}}},"9":{"name":"(anonymous_9)","decl":{"start":{"line":138,"column":12},"end":{"line":138,"column":15}},"loc":{"start":{"line":138,"column":17},"end":{"line":149,"column":3}}},"10":{"name":"(anonymous_10)","decl":{"start":{"line":153,"column":12},"end":{"line":153,"column":15}},"loc":{"start":{"line":153,"column":17},"end":{"line":155,"column":3}}},"11":{"name":"(anonymous_11)","decl":{"start":{"line":158,"column":12},"end":{"line":158,"column":15}},"loc":{"start":{"line":158,"column":17},"end":{"line":164,"column":3}}},"12":{"name":"(anonymous_12)","decl":{"start":{"line":159,"column":11},"end":{"line":159,"column":14}},"loc":{"start":{"line":159,"column":16},"end":{"line":163,"column":5}}}},"branchMap":{"0":{"loc":{"start":{"line":56,"column":11},"end":{"line":58,"column":26}},"type":"cond-expr","locations":[{"start":{"line":57,"column":10},"end":{"line":57,"column":72}},{"start":{"line":58,"column":10},"end":{"line":58,"column":26}}]},"1":{"loc":{"start":{"line":59,"column":14},"end":{"line":61,"column":29}},"type":"cond-expr","locations":[{"start":{"line":60,"column":10},"end":{"line":60,"column":78}},{"start":{"line":61,"column":10},"end":{"line":61,"column":29}}]},"2":{"loc":{"start":{"line":62,"column":16},"end":{"line":64,"column":31}},"type":"cond-expr","locations":[{"start":{"line":63,"column":10},"end":{"line":63,"column":82}},{"start":{"line":64,"column":10},"end":{"line":64,"column":31}}]},"3":{"loc":{"start":{"line":65,"column":15},"end":{"line":67,"column":30}},"type":"cond-expr","locations":[{"start":{"line":66,"column":10},"end":{"line":66,"column":80}},{"start":{"line":67,"column":10},"end":{"line":67,"column":30}}]},"4":{"loc":{"start":{"line":68,"column":13},"end":{"line":70,"column":28}},"type":"cond-expr","locations":[{"start":{"line":69,"column":10},"end":{"line":69,"column":76}},{"start":{"line":70,"column":10},"end":{"line":70,"column":28}}]},"5":{"loc":{"start":{"line":97,"column":4},"end":{"line":97,"column":32}},"type":"if","locations":[{"start":{"line":97,"column":4},"end":{"line":97,"column":32}},{"start":{},"end":{}}]},"6":{"loc":{"start":{"line":103,"column":4},"end":{"line":105,"column":5}},"type":"if","locations":[{"start":{"line":103,"column":4},"end":{"line":105,"column":5}},{"start":{},"end":{}}]},"7":{"loc":{"start":{"line":113,"column":4},"end":{"line":115,"column":5}},"type":"if","locations":[{"start":{"line":113,"column":4},"end":{"line":115,"column":5}},{"start":{},"end":{}}]},"8":{"loc":{"start":{"line":117,"column":4},"end":{"line":119,"column":5}},"type":"if","locations":[{"start":{"line":117,"column":4},"end":{"line":119,"column":5}},{"start":{},"end":{}}]},"9":{"loc":{"start":{"line":140,"column":4},"end":{"line":148,"column":5}},"type":"if","locations":[{"start":{"line":140,"column":4},"end":{"line":148,"column":5}},{"start":{},"end":{}}]}},"s":{"0":1,"1":1,"2":1,"3":1,"4":1,"5":1,"6":20,"7":20,"8":20,"9":20,"10":20,"11":20,"12":20,"13":20,"14":20,"15":20,"16":20,"17":20,"18":0,"19":0,"20":0,"21":20,"22":0,"23":0,"24":0,"25":0,"26":20,"27":20,"28":20,"29":0,"30":0,"31":0,"32":0,"33":0,"34":0,"35":0,"36":0,"37":0,"38":0,"39":0,"40":0,"41":0,"42":0,"43":0,"44":0,"45":0,"46":20,"47":20,"48":15,"49":20,"50":20,"51":20,"52":0,"53":0,"54":0,"55":20},"f":{"0":20,"1":20,"2":20,"3":20,"4":20,"5":0,"6":0,"7":20,"8":0,"9":20,"10":20,"11":0,"12":0},"b":{"0":[0,0],"1":[0,0],"2":[0,0],"3":[0,0],"4":[0,0],"5":[0,0],"6":[0,0],"7":[0,0],"8":[0,0],"9":[15,5]}}
,"/home/bamer/nextjs-llama-async-proxy/src/hooks/useLlamaStatus.ts": {"path":"/home/bamer/nextjs-llama-async-proxy/src/hooks/useLlamaStatus.ts","statementMap":{"0":{"start":{"line":14,"column":0},"end":{"line":14,"column":16}},"1":{"start":{"line":1,"column":0},"end":{"line":1,"column":57}},"2":{"start":{"line":2,"column":0},"end":{"line":2,"column":57}},"3":{"start":{"line":5,"column":35},"end":{"line":12,"column":2}},"4":{"start":{"line":15,"column":28},"end":{"line":15,"column":64}},"5":{"start":{"line":16,"column":36},"end":{"line":16,"column":50}},"6":{"start":{"line":19,"column":28},"end":{"line":31,"column":8}},"7":{"start":{"line":20,"column":4},"end":{"line":30,"column":5}},"8":{"start":{"line":21,"column":6},"end":{"line":28,"column":9}},"9":{"start":{"line":29,"column":6},"end":{"line":29,"column":26}},"10":{"start":{"line":33,"column":2},"end":{"line":57,"column":26}},"11":{"start":{"line":35,"column":26},"end":{"line":39,"column":5}},"12":{"start":{"line":36,"column":6},"end":{"line":38,"column":7}},"13":{"start":{"line":37,"column":8},"end":{"line":37,"column":35}},"14":{"start":{"line":41,"column":4},"end":{"line":41,"column":49}},"15":{"start":{"line":44,"column":19},"end":{"line":44,"column":46}},"16":{"start":{"line":45,"column":4},"end":{"line":49,"column":5}},"17":{"start":{"line":46,"column":6},"end":{"line":48,"column":9}},"18":{"start":{"line":47,"column":8},"end":{"line":47,"column":32}},"19":{"start":{"line":52,"column":4},"end":{"line":52,"column":54}},"20":{"start":{"line":54,"column":4},"end":{"line":56,"column":6}},"21":{"start":{"line":55,"column":6},"end":{"line":55,"column":52}},"22":{"start":{"line":59,"column":2},"end":{"line":59,"column":33}}},"fnMap":{"0":{"name":"useLlamaStatus","decl":{"start":{"line":14,"column":16},"end":{"line":14,"column":30}},"loc":{"start":{"line":14,"column":30},"end":{"line":60,"column":1}}},"1":{"name":"(anonymous_1)","decl":{"start":{"line":19,"column":40},"end":{"line":19,"column":41}},"loc":{"start":{"line":19,"column":54},"end":{"line":31,"column":3}}},"2":{"name":"(anonymous_2)","decl":{"start":{"line":33,"column":12},"end":{"line":33,"column":15}},"loc":{"start":{"line":33,"column":17},"end":{"line":57,"column":3}}},"3":{"name":"(anonymous_3)","decl":{"start":{"line":35,"column":26},"end":{"line":35,"column":27}},"loc":{"start":{"line":35,"column":43},"end":{"line":39,"column":5}}},"4":{"name":"(anonymous_4)","decl":{"start":{"line":46,"column":31},"end":{"line":46,"column":32}},"loc":{"start":{"line":46,"column":45},"end":{"line":48,"column":7}}},"5":{"name":"(anonymous_5)","decl":{"start":{"line":54,"column":11},"end":{"line":54,"column":14}},"loc":{"start":{"line":54,"column":16},"end":{"line":56,"column":5}}}},"branchMap":{"0":{"loc":{"start":{"line":20,"column":4},"end":{"line":30,"column":5}},"type":"if","locations":[{"start":{"line":20,"column":4},"end":{"line":30,"column":5}},{"start":{},"end":{}}]},"1":{"loc":{"start":{"line":20,"column":8},"end":{"line":20,"column":25}},"type":"binary-expr","locations":[{"start":{"line":20,"column":8},"end":{"line":20,"column":12}},{"start":{"line":20,"column":16},"end":{"line":20,"column":25}}]},"2":{"loc":{"start":{"line":23,"column":16},"end":{"line":23,"column":38}},"type":"binary-expr","locations":[{"start":{"line":23,"column":16},"end":{"line":23,"column":32}},{"start":{"line":23,"column":36},"end":{"line":23,"column":38}}]},"3":{"loc":{"start":{"line":36,"column":6},"end":{"line":38,"column":7}},"type":"if","locations":[{"start":{"line":36,"column":6},"end":{"line":38,"column":7}},{"start":{},"end":{}}]},"4":{"loc":{"start":{"line":45,"column":4},"end":{"line":49,"column":5}},"type":"if","locations":[{"start":{"line":45,"column":4},"end":{"line":49,"column":5}},{"start":{},"end":{}}]}},"s":{"0":1,"1":1,"2":1,"3":1,"4":57,"5":57,"6":57,"7":28,"8":26,"9":26,"10":57,"11":31,"12":27,"13":26,"14":31,"15":31,"16":31,"17":13,"18":2,"19":31,"20":31,"21":31,"22":57},"f":{"0":57,"1":28,"2":31,"3":27,"4":2,"5":31},"b":{"0":[26,2],"1":[28,28],"2":[26,2],"3":[26,1],"4":[13,18]}}
,"/home/bamer/nextjs-llama-async-proxy/src/hooks/useSettings.ts": {"path":"/home/bamer/nextjs-llama-async-proxy/src/hooks/useSettings.ts","statementMap":{"0":{"start":{"line":23,"column":0},"end":{"line":23,"column":16}},"1":{"start":{"line":3,"column":0},"end":{"line":3,"column":33}},"2":{"start":{"line":14,"column":38},"end":{"line":21,"column":2}},"3":{"start":{"line":24,"column":34},"end":{"line":24,"column":73}},"4":{"start":{"line":25,"column":36},"end":{"line":25,"column":51}},"5":{"start":{"line":27,"column":25},"end":{"line":30,"column":3}},"6":{"start":{"line":28,"column":20},"end":{"line":28,"column":51}},"7":{"start":{"line":29,"column":4},"end":{"line":29,"column":25}},"8":{"start":{"line":32,"column":2},"end":{"line":36,"column":4}}},"fnMap":{"0":{"name":"useSettings","decl":{"start":{"line":23,"column":16},"end":{"line":23,"column":27}},"loc":{"start":{"line":23,"column":27},"end":{"line":37,"column":1}}},"1":{"name":"(anonymous_1)","decl":{"start":{"line":27,"column":25},"end":{"line":27,"column":26}},"loc":{"start":{"line":27,"column":63},"end":{"line":30,"column":3}}}},"branchMap":{},"s":{"0":1,"1":1,"2":1,"3":46,"4":46,"5":46,"6":25,"7":25,"8":46},"f":{"0":46,"1":25},"b":{}}
,"/home/bamer/nextjs-llama-async-proxy/src/hooks/useSystemMetrics.ts": {"path":"/home/bamer/nextjs-llama-async-proxy/src/hooks/useSystemMetrics.ts","statementMap":{"0":{"start":{"line":16,"column":0},"end":{"line":16,"column":16}},"1":{"start":{"line":3,"column":0},"end":{"line":3,"column":44}},"2":{"start":{"line":17,"column":32},"end":{"line":17,"column":68}},"3":{"start":{"line":18,"column":28},"end":{"line":18,"column":57}},"4":{"start":{"line":19,"column":32},"end":{"line":19,"column":46}},"5":{"start":{"line":21,"column":2},"end":{"line":45,"column":9}},"6":{"start":{"line":22,"column":25},"end":{"line":35,"column":5}},"7":{"start":{"line":23,"column":6},"end":{"line":34,"column":7}},"8":{"start":{"line":24,"column":25},"end":{"line":24,"column":59}},"9":{"start":{"line":25,"column":8},"end":{"line":25,"column":69}},"10":{"start":{"line":25,"column":26},"end":{"line":25,"column":69}},"11":{"start":{"line":26,"column":21},"end":{"line":26,"column":42}},"12":{"start":{"line":27,"column":8},"end":{"line":27,"column":25}},"13":{"start":{"line":28,"column":8},"end":{"line":28,"column":23}},"14":{"start":{"line":30,"column":8},"end":{"line":30,"column":71}},"15":{"start":{"line":31,"column":8},"end":{"line":31,"column":25}},"16":{"start":{"line":33,"column":8},"end":{"line":33,"column":26}},"17":{"start":{"line":38,"column":4},"end":{"line":38,"column":19}},"18":{"start":{"line":42,"column":21},"end":{"line":42,"column":53}},"19":{"start":{"line":44,"column":4},"end":{"line":44,"column":41}},"20":{"start":{"line":44,"column":17},"end":{"line":44,"column":40}},"21":{"start":{"line":47,"column":2},"end":{"line":47,"column":37}}},"fnMap":{"0":{"name":"useSystemMetrics","decl":{"start":{"line":16,"column":16},"end":{"line":16,"column":32}},"loc":{"start":{"line":16,"column":32},"end":{"line":48,"column":1}}},"1":{"name":"(anonymous_1)","decl":{"start":{"line":21,"column":12},"end":{"line":21,"column":15}},"loc":{"start":{"line":21,"column":17},"end":{"line":45,"column":3}}},"2":{"name":"(anonymous_2)","decl":{"start":{"line":22,"column":25},"end":{"line":22,"column":30}},"loc":{"start":{"line":22,"column":36},"end":{"line":35,"column":5}}},"3":{"name":"(anonymous_3)","decl":{"start":{"line":44,"column":11},"end":{"line":44,"column":14}},"loc":{"start":{"line":44,"column":17},"end":{"line":44,"column":40}}}},"branchMap":{"0":{"loc":{"start":{"line":25,"column":8},"end":{"line":25,"column":69}},"type":"if","locations":[{"start":{"line":25,"column":8},"end":{"line":25,"column":69}},{"start":{},"end":{}}]},"1":{"loc":{"start":{"line":30,"column":17},"end":{"line":30,"column":69}},"type":"cond-expr","locations":[{"start":{"line":30,"column":40},"end":{"line":30,"column":51}},{"start":{"line":30,"column":54},"end":{"line":30,"column":69}}]}},"s":{"0":1,"1":1,"2":26,"3":26,"4":26,"5":26,"6":15,"7":15,"8":15,"9":10,"10":1,"11":8,"12":8,"13":8,"14":6,"15":6,"16":14,"17":15,"18":15,"19":15,"20":15,"21":26},"f":{"0":26,"1":15,"2":15,"3":15},"b":{"0":[1,8],"1":[5,1]}}
}
