TN:
SF:src/hooks/use-api.ts
FN:4,useApi
FN:11,(anonymous_1)
FN:19,(anonymous_2)
FN:27,(anonymous_3)
FN:34,(anonymous_4)
FNF:5
FNH:1
FNDA:30,useApi
FNDA:0,(anonymous_1)
FNDA:0,(anonymous_2)
FNDA:0,(anonymous_3)
FNDA:0,(anonymous_4)
DA:1,1
DA:2,1
DA:4,1
DA:5,30
DA:9,30
DA:11,0
DA:17,30
DA:19,0
DA:25,30
DA:27,0
DA:32,30
DA:34,0
DA:37,30
LF:13
LH:9
BRF:0
BRH:0
end_of_record
TN:
SF:src/hooks/use-effect-event.ts
FN:27,useEffectEvent
FN:33,(anonymous_1)
FNF:2
FNH:2
FNDA:10,useEffectEvent
FNDA:6,(anonymous_1)
DA:3,1
DA:27,1
DA:28,10
DA:30,10
DA:33,10
DA:34,6
LF:6
LH:6
BRF:0
BRH:0
end_of_record
TN:
SF:src/hooks/use-fit-params.ts
FN:44,useFitParams
FN:49,(anonymous_1)
FN:79,(anonymous_2)
FN:111,(anonymous_3)
FNF:4
FNH:4
FNDA:84,useFitParams
FNDA:35,(anonymous_1)
FNDA:9,(anonymous_2)
FNDA:29,(anonymous_3)
DA:3,1
DA:44,1
DA:45,84
DA:46,84
DA:47,84
DA:49,84
DA:50,35
DA:51,1
DA:54,34
DA:55,34
DA:57,34
DA:58,34
DA:59,30
DA:61,29
DA:62,2
DA:65,27
DA:66,22
DA:68,5
DA:71,6
DA:72,6
DA:73,6
DA:75,33
DA:79,84
DA:80,9
DA:81,1
DA:84,8
DA:85,8
DA:87,8
DA:88,8
DA:93,7
DA:95,7
DA:96,2
DA:99,5
DA:100,5
DA:103,3
DA:104,3
DA:105,3
DA:107,8
DA:111,84
DA:112,29
DA:113,25
DA:117,84
LF:42
LH:42
BRDA:50,0,0,1
BRDA:50,0,1,34
BRDA:61,1,0,2
BRDA:61,1,1,27
BRDA:62,2,0,2
BRDA:62,2,1,0
BRDA:65,3,0,22
BRDA:65,3,1,5
BRDA:65,4,0,27
BRDA:65,4,1,25
BRDA:71,5,0,5
BRDA:71,5,1,1
BRDA:80,6,0,1
BRDA:80,6,1,8
BRDA:95,7,0,2
BRDA:95,7,1,5
BRDA:96,8,0,2
BRDA:96,8,1,0
BRDA:99,9,0,5
BRDA:99,9,1,0
BRDA:99,10,0,5
BRDA:99,10,1,5
BRDA:103,11,0,3
BRDA:103,11,1,0
BRDA:112,12,0,25
BRDA:112,12,1,4
BRF:26
BRH:22
end_of_record
TN:
SF:src/hooks/use-logger-config.ts
FN:31,useLoggerConfig
FN:36,(anonymous_1)
FN:51,(anonymous_2)
FN:60,(anonymous_3)
FN:70,(anonymous_4)
FN:71,(anonymous_5)
FN:77,(anonymous_6)
FN:82,(anonymous_7)
FN:87,(anonymous_8)
FNF:9
FNH:9
FNDA:94,useLoggerConfig
FNDA:54,(anonymous_1)
FNDA:42,(anonymous_2)
FNDA:54,(anonymous_3)
FNDA:1,(anonymous_4)
FNDA:1,(anonymous_5)
FNDA:1,(anonymous_6)
FNDA:2,(anonymous_7)
FNDA:1,(anonymous_8)
DA:1,1
DA:2,1
DA:21,1
DA:31,1
DA:32,94
DA:33,94
DA:34,94
DA:36,94
DA:37,54
DA:39,54
DA:49,54
DA:50,54
DA:51,14
DA:52,42
DA:53,42
DA:57,54
DA:60,94
DA:61,54
DA:64,54
DA:65,54
DA:67,54
DA:70,94
DA:71,1
DA:77,94
DA:78,1
DA:79,1
DA:82,94
DA:83,2
DA:88,1
DA:92,94
LF:30
LH:30
BRDA:40,0,0,54
BRDA:40,0,1,1
BRDA:41,1,0,54
BRDA:41,1,1,1
BRDA:42,2,0,54
BRDA:42,2,1,1
BRDA:43,3,0,54
BRDA:43,3,1,3
BRDA:44,4,0,54
BRDA:44,4,1,2
BRDA:45,5,0,53
BRDA:45,5,1,1
BRDA:46,6,0,53
BRDA:46,6,1,1
BRDA:50,7,0,14
BRDA:50,7,1,40
BRF:16
BRH:16
end_of_record
TN:
SF:src/hooks/use-server-actions.ts
FN:7,useServerActions
FN:10,(anonymous_1)
FN:14,(anonymous_2)
FNF:3
FNH:3
FNDA:31,useServerActions
FNDA:10,(anonymous_1)
FNDA:8,(anonymous_2)
DA:3,1
DA:4,1
DA:7,1
DA:8,31
DA:10,29
DA:11,10
DA:14,29
DA:15,8
DA:18,29
LF:9
LH:9
BRF:0
BRH:0
end_of_record
TN:
SF:src/hooks/use-websocket.ts
FN:11,useWebSocket
FNF:1
FNH:1
FNDA:48,useWebSocket
DA:4,2
DA:11,2
DA:12,48
DA:14,48
LF:4
LH:4
BRF:0
BRH:0
end_of_record
TN:
SF:src/hooks/useChartHistory.ts
FN:10,useChartHistory
FN:11,(anonymous_1)
FN:12,(anonymous_2)
FN:13,(anonymous_3)
FN:14,(anonymous_4)
FN:38,(anonymous_5)
FN:50,(anonymous_6)
FN:94,(anonymous_7)
FN:124,(anonymous_8)
FN:138,(anonymous_9)
FN:153,(anonymous_10)
FN:158,(anonymous_11)
FN:159,(anonymous_12)
FNF:13
FNH:8
FNDA:20,useChartHistory
FNDA:20,(anonymous_1)
FNDA:20,(anonymous_2)
FNDA:20,(anonymous_3)
FNDA:20,(anonymous_4)
FNDA:0,(anonymous_5)
FNDA:0,(anonymous_6)
FNDA:20,(anonymous_7)
FNDA:0,(anonymous_8)
FNDA:20,(anonymous_9)
FNDA:20,(anonymous_10)
FNDA:0,(anonymous_11)
FNDA:0,(anonymous_12)
DA:3,1
DA:4,1
DA:5,1
DA:7,1
DA:8,1
DA:10,1
DA:11,20
DA:12,20
DA:13,20
DA:14,20
DA:17,20
DA:20,20
DA:35,20
DA:38,20
DA:39,0
DA:40,0
DA:45,0
DA:50,20
DA:51,0
DA:55,0
DA:75,0
DA:78,0
DA:89,20
DA:94,20
DA:96,20
DA:97,0
DA:99,0
DA:100,0
DA:103,0
DA:104,0
DA:109,0
DA:110,0
DA:111,0
DA:113,0
DA:114,0
DA:117,0
DA:118,0
DA:123,0
DA:125,0
DA:129,0
DA:132,0
DA:138,20
DA:140,20
DA:141,15
DA:153,20
DA:154,20
DA:158,20
DA:159,0
DA:161,0
DA:162,0
DA:166,20
LF:51
LH:25
BRDA:56,0,0,0
BRDA:56,0,1,0
BRDA:59,1,0,0
BRDA:59,1,1,0
BRDA:62,2,0,0
BRDA:62,2,1,0
BRDA:65,3,0,0
BRDA:65,3,1,0
BRDA:68,4,0,0
BRDA:68,4,1,0
BRDA:97,5,0,0
BRDA:97,5,1,0
BRDA:103,6,0,0
BRDA:103,6,1,0
BRDA:113,7,0,0
BRDA:113,7,1,0
BRDA:117,8,0,0
BRDA:117,8,1,0
BRDA:140,9,0,15
BRDA:140,9,1,5
BRF:20
BRH:2
end_of_record
TN:
SF:src/hooks/useLlamaStatus.ts
FN:14,useLlamaStatus
FN:19,(anonymous_1)
FN:33,(anonymous_2)
FN:35,(anonymous_3)
FN:46,(anonymous_4)
FN:54,(anonymous_5)
FNF:6
FNH:6
FNDA:57,useLlamaStatus
FNDA:28,(anonymous_1)
FNDA:31,(anonymous_2)
FNDA:27,(anonymous_3)
FNDA:2,(anonymous_4)
FNDA:31,(anonymous_5)
DA:1,1
DA:2,1
DA:5,1
DA:14,1
DA:15,57
DA:16,57
DA:19,57
DA:20,28
DA:21,26
DA:29,26
DA:33,57
DA:35,31
DA:36,27
DA:37,26
DA:41,31
DA:44,31
DA:45,31
DA:46,13
DA:47,2
DA:52,31
DA:54,31
DA:55,31
DA:59,57
LF:23
LH:23
BRDA:20,0,0,26
BRDA:20,0,1,2
BRDA:20,1,0,28
BRDA:20,1,1,28
BRDA:23,2,0,26
BRDA:23,2,1,2
BRDA:36,3,0,26
BRDA:36,3,1,1
BRDA:45,4,0,13
BRDA:45,4,1,18
BRF:10
BRH:10
end_of_record
TN:
SF:src/hooks/useSettings.ts
FN:23,useSettings
FN:27,(anonymous_1)
FNF:2
FNH:2
FNDA:46,useSettings
FNDA:25,(anonymous_1)
DA:3,1
DA:14,1
DA:23,1
DA:24,46
DA:25,46
DA:27,46
DA:28,25
DA:29,25
DA:32,46
LF:9
LH:9
BRF:0
BRH:0
end_of_record
TN:
SF:src/hooks/useSystemMetrics.ts
FN:16,useSystemMetrics
FN:21,(anonymous_1)
FN:22,(anonymous_2)
FN:44,(anonymous_3)
FNF:4
FNH:4
FNDA:26,useSystemMetrics
FNDA:15,(anonymous_1)
FNDA:15,(anonymous_2)
FNDA:15,(anonymous_3)
DA:3,1
DA:16,1
DA:17,26
DA:18,26
DA:19,26
DA:21,26
DA:22,15
DA:23,15
DA:24,15
DA:25,10
DA:26,8
DA:27,8
DA:28,8
DA:30,6
DA:31,6
DA:33,14
DA:38,15
DA:42,15
DA:44,15
DA:47,26
LF:20
LH:20
BRDA:25,0,0,1
BRDA:25,0,1,8
BRDA:30,1,0,5
BRDA:30,1,1,1
BRF:4
BRH:4
end_of_record
