{"/home/bamer/nextjs-llama-async-proxy/public/js/core/component-base.js": {"path":"/home/bamer/nextjs-llama-async-proxy/public/js/core/component-base.js","statementMap":{"0":{"start":{"line":12,"column":4},"end":{"line":12,"column":23}},"1":{"start":{"line":13,"column":4},"end":{"line":13,"column":20}},"2":{"start":{"line":14,"column":4},"end":{"line":14,"column":30}},"3":{"start":{"line":15,"column":4},"end":{"line":15,"column":34}},"4":{"start":{"line":16,"column":4},"end":{"line":16,"column":54}},"5":{"start":{"line":25,"column":4},"end":{"line":25,"column":52}},"6":{"start":{"line":35,"column":6},"end":{"line":37,"column":26}},"7":{"start":{"line":39,"column":4},"end":{"line":42,"column":5}},"8":{"start":{"line":40,"column":6},"end":{"line":40,"column":67}},"9":{"start":{"line":41,"column":6},"end":{"line":41,"column":18}},"10":{"start":{"line":44,"column":17},"end":{"line":44,"column":30}},"11":{"start":{"line":45,"column":15},"end":{"line":45,"column":40}},"12":{"start":{"line":47,"column":4},"end":{"line":55,"column":5}},"13":{"start":{"line":48,"column":6},"end":{"line":48,"column":20}},"14":{"start":{"line":49,"column":6},"end":{"line":49,"column":27}},"15":{"start":{"line":50,"column":6},"end":{"line":50,"column":29}},"16":{"start":{"line":51,"column":6},"end":{"line":51,"column":24}},"17":{"start":{"line":52,"column":6},"end":{"line":52,"column":23}},"18":{"start":{"line":54,"column":6},"end":{"line":54,"column":103}},"19":{"start":{"line":57,"column":4},"end":{"line":57,"column":16}},"20":{"start":{"line":65,"column":4},"end":{"line":65,"column":16}},"21":{"start":{"line":83,"column":4},"end":{"line":91,"column":5}},"22":{"start":{"line":84,"column":31},"end":{"line":84,"column":63}},"23":{"start":{"line":85,"column":6},"end":{"line":90,"column":7}},"24":{"start":{"line":86,"column":8},"end":{"line":86,"column":33}},"25":{"start":{"line":87,"column":8},"end":{"line":87,"column":26}},"26":{"start":{"line":88,"column":8},"end":{"line":88,"column":30}},"27":{"start":{"line":89,"column":8},"end":{"line":89,"column":29}},"28":{"start":{"line":92,"column":4},"end":{"line":92,"column":34}},"29":{"start":{"line":99,"column":4},"end":{"line":99,"column":66}},"30":{"start":{"line":101,"column":4},"end":{"line":103,"column":5}},"31":{"start":{"line":102,"column":6},"end":{"line":102,"column":33}},"32":{"start":{"line":105,"column":4},"end":{"line":117,"column":5}},"33":{"start":{"line":106,"column":6},"end":{"line":106,"column":107}},"34":{"start":{"line":107,"column":6},"end":{"line":115,"column":9}},"35":{"start":{"line":108,"column":8},"end":{"line":114,"column":9}},"36":{"start":{"line":109,"column":10},"end":{"line":111,"column":11}},"37":{"start":{"line":110,"column":12},"end":{"line":110,"column":50}},"38":{"start":{"line":113,"column":10},"end":{"line":113,"column":99}},"39":{"start":{"line":116,"column":6},"end":{"line":116,"column":32}},"40":{"start":{"line":119,"column":4},"end":{"line":126,"column":5}},"41":{"start":{"line":120,"column":6},"end":{"line":124,"column":7}},"42":{"start":{"line":121,"column":8},"end":{"line":121,"column":26}},"43":{"start":{"line":123,"column":8},"end":{"line":123,"column":82}},"44":{"start":{"line":125,"column":6},"end":{"line":125,"column":22}},"45":{"start":{"line":128,"column":4},"end":{"line":130,"column":5}},"46":{"start":{"line":129,"column":6},"end":{"line":129,"column":22}},"47":{"start":{"line":132,"column":4},"end":{"line":132,"column":77}},"48":{"start":{"line":136,"column":0},"end":{"line":136,"column":29}}},"fnMap":{"0":{"name":"(anonymous_0)","decl":{"start":{"line":11,"column":2},"end":{"line":11,"column":3}},"loc":{"start":{"line":11,"column":26},"end":{"line":17,"column":3}},"line":11},"1":{"name":"(anonymous_1)","decl":{"start":{"line":24,"column":2},"end":{"line":24,"column":3}},"loc":{"start":{"line":24,"column":11},"end":{"line":26,"column":3}},"line":24},"2":{"name":"(anonymous_2)","decl":{"start":{"line":33,"column":2},"end":{"line":33,"column":3}},"loc":{"start":{"line":33,"column":26},"end":{"line":58,"column":3}},"line":33},"3":{"name":"(anonymous_3)","decl":{"start":{"line":64,"column":2},"end":{"line":64,"column":3}},"loc":{"start":{"line":64,"column":17},"end":{"line":66,"column":3}},"line":64},"4":{"name":"(anonymous_4)","decl":{"start":{"line":71,"column":2},"end":{"line":71,"column":3}},"loc":{"start":{"line":71,"column":15},"end":{"line":71,"column":17}},"line":71},"5":{"name":"(anonymous_5)","decl":{"start":{"line":76,"column":2},"end":{"line":76,"column":3}},"loc":{"start":{"line":76,"column":12},"end":{"line":76,"column":14}},"line":76},"6":{"name":"(anonymous_6)","decl":{"start":{"line":82,"column":2},"end":{"line":82,"column":3}},"loc":{"start":{"line":82,"column":19},"end":{"line":93,"column":3}},"line":82},"7":{"name":"(anonymous_7)","decl":{"start":{"line":98,"column":2},"end":{"line":98,"column":3}},"loc":{"start":{"line":98,"column":12},"end":{"line":133,"column":3}},"line":98},"8":{"name":"(anonymous_8)","decl":{"start":{"line":107,"column":35},"end":{"line":107,"column":36}},"loc":{"start":{"line":107,"column":60},"end":{"line":115,"column":7}},"line":107}},"branchMap":{"0":{"loc":{"start":{"line":11,"column":14},"end":{"line":11,"column":24}},"type":"default-arg","locations":[{"start":{"line":11,"column":22},"end":{"line":11,"column":24}}],"line":11},"1":{"loc":{"start":{"line":35,"column":6},"end":{"line":37,"column":26}},"type":"cond-expr","locations":[{"start":{"line":36,"column":10},"end":{"line":36,"column":50}},{"start":{"line":37,"column":10},"end":{"line":37,"column":26}}],"line":35},"2":{"loc":{"start":{"line":39,"column":4},"end":{"line":42,"column":5}},"type":"if","locations":[{"start":{"line":39,"column":4},"end":{"line":42,"column":5}},{"start":{},"end":{}}],"line":39},"3":{"loc":{"start":{"line":47,"column":4},"end":{"line":55,"column":5}},"type":"if","locations":[{"start":{"line":47,"column":4},"end":{"line":55,"column":5}},{"start":{"line":53,"column":11},"end":{"line":55,"column":5}}],"line":47},"4":{"loc":{"start":{"line":85,"column":6},"end":{"line":90,"column":7}},"type":"if","locations":[{"start":{"line":85,"column":6},"end":{"line":90,"column":7}},{"start":{},"end":{}}],"line":85},"5":{"loc":{"start":{"line":85,"column":10},"end":{"line":85,"column":24}},"type":"binary-expr","locations":[{"start":{"line":85,"column":10},"end":{"line":85,"column":18}},{"start":{"line":85,"column":22},"end":{"line":85,"column":24}}],"line":85},"6":{"loc":{"start":{"line":101,"column":4},"end":{"line":103,"column":5}},"type":"if","locations":[{"start":{"line":101,"column":4},"end":{"line":103,"column":5}},{"start":{},"end":{}}],"line":101},"7":{"loc":{"start":{"line":105,"column":4},"end":{"line":117,"column":5}},"type":"if","locations":[{"start":{"line":105,"column":4},"end":{"line":117,"column":5}},{"start":{},"end":{}}],"line":105},"8":{"loc":{"start":{"line":105,"column":8},"end":{"line":105,"column":63}},"type":"binary-expr","locations":[{"start":{"line":105,"column":8},"end":{"line":105,"column":28}},{"start":{"line":105,"column":32},"end":{"line":105,"column":63}}],"line":105},"9":{"loc":{"start":{"line":109,"column":10},"end":{"line":111,"column":11}},"type":"if","locations":[{"start":{"line":109,"column":10},"end":{"line":111,"column":11}},{"start":{},"end":{}}],"line":109},"10":{"loc":{"start":{"line":109,"column":14},"end":{"line":109,"column":75}},"type":"binary-expr","locations":[{"start":{"line":109,"column":14},"end":{"line":109,"column":16}},{"start":{"line":109,"column":20},"end":{"line":109,"column":42}},{"start":{"line":109,"column":46},"end":{"line":109,"column":75}}],"line":109},"11":{"loc":{"start":{"line":119,"column":4},"end":{"line":126,"column":5}},"type":"if","locations":[{"start":{"line":119,"column":4},"end":{"line":126,"column":5}},{"start":{},"end":{}}],"line":119},"12":{"loc":{"start":{"line":128,"column":4},"end":{"line":130,"column":5}},"type":"if","locations":[{"start":{"line":128,"column":4},"end":{"line":130,"column":5}},{"start":{},"end":{}}],"line":128}},"s":{"0":87,"1":87,"2":87,"3":87,"4":87,"5":2,"6":58,"7":58,"8":3,"9":3,"10":55,"11":55,"12":55,"13":54,"14":54,"15":54,"16":54,"17":54,"18":1,"19":55,"20":0,"21":0,"22":0,"23":0,"24":0,"25":0,"26":0,"27":0,"28":0,"29":11,"30":11,"31":10,"32":11,"33":4,"34":4,"35":4,"36":4,"37":4,"38":0,"39":4,"40":11,"41":11,"42":11,"43":0,"44":11,"45":11,"46":11,"47":11,"48":5},"f":{"0":87,"1":2,"2":58,"3":0,"4":61,"5":68,"6":0,"7":11,"8":4},"b":{"0":[66],"1":[41,17],"2":[3,55],"3":[54,1],"4":[0,0],"5":[0,0],"6":[10,1],"7":[4,7],"8":[11,11],"9":[4,0],"10":[4,4,4],"11":[11,0],"12":[11,0]},"_coverageSchema":"1a1c01bbd47fc00a2c39e90264f33305004495a9","hash":"9ae3b27239f407217918d6902fb0a68690335430"}
,"/home/bamer/nextjs-llama-async-proxy/public/js/core/component-h.js": {"path":"/home/bamer/nextjs-llama-async-proxy/public/js/core/component-h.js","statementMap":{"0":{"start":{"line":16,"column":0},"end":{"line":119,"column":2}},"1":{"start":{"line":18,"column":2},"end":{"line":21,"column":3}},"2":{"start":{"line":19,"column":4},"end":{"line":19,"column":22}},"3":{"start":{"line":20,"column":4},"end":{"line":20,"column":35}},"4":{"start":{"line":24,"column":2},"end":{"line":55,"column":3}},"5":{"start":{"line":25,"column":21},"end":{"line":25,"column":35}},"6":{"start":{"line":26,"column":4},"end":{"line":26,"column":27}},"7":{"start":{"line":27,"column":17},"end":{"line":27,"column":34}},"8":{"start":{"line":28,"column":15},"end":{"line":28,"column":44}},"9":{"start":{"line":30,"column":4},"end":{"line":53,"column":5}},"10":{"start":{"line":34,"column":6},"end":{"line":50,"column":7}},"11":{"start":{"line":37,"column":8},"end":{"line":45,"column":9}},"12":{"start":{"line":38,"column":10},"end":{"line":38,"column":58}},"13":{"start":{"line":41,"column":10},"end":{"line":41,"column":35}},"14":{"start":{"line":42,"column":10},"end":{"line":42,"column":28}},"15":{"start":{"line":43,"column":10},"end":{"line":43,"column":32}},"16":{"start":{"line":44,"column":10},"end":{"line":44,"column":29}},"17":{"start":{"line":47,"column":8},"end":{"line":47,"column":33}},"18":{"start":{"line":48,"column":8},"end":{"line":48,"column":26}},"19":{"start":{"line":49,"column":8},"end":{"line":49,"column":30}},"20":{"start":{"line":52,"column":6},"end":{"line":52,"column":98}},"21":{"start":{"line":54,"column":4},"end":{"line":54,"column":14}},"22":{"start":{"line":58,"column":13},"end":{"line":58,"column":40}},"23":{"start":{"line":59,"column":18},"end":{"line":59,"column":22}},"24":{"start":{"line":62,"column":2},"end":{"line":85,"column":5}},"25":{"start":{"line":63,"column":4},"end":{"line":84,"column":5}},"26":{"start":{"line":64,"column":6},"end":{"line":64,"column":23}},"27":{"start":{"line":65,"column":11},"end":{"line":84,"column":5}},"28":{"start":{"line":66,"column":6},"end":{"line":66,"column":33}},"29":{"start":{"line":67,"column":11},"end":{"line":84,"column":5}},"30":{"start":{"line":68,"column":6},"end":{"line":70,"column":9}},"31":{"start":{"line":69,"column":8},"end":{"line":69,"column":28}},"32":{"start":{"line":71,"column":11},"end":{"line":84,"column":5}},"33":{"start":{"line":72,"column":6},"end":{"line":72,"column":12}},"34":{"start":{"line":73,"column":11},"end":{"line":84,"column":5}},"35":{"start":{"line":74,"column":24},"end":{"line":74,"column":48}},"36":{"start":{"line":75,"column":6},"end":{"line":75,"column":40}},"37":{"start":{"line":76,"column":11},"end":{"line":84,"column":5}},"38":{"start":{"line":77,"column":6},"end":{"line":77,"column":20}},"39":{"start":{"line":78,"column":11},"end":{"line":84,"column":5}},"40":{"start":{"line":79,"column":6},"end":{"line":81,"column":7}},"41":{"start":{"line":80,"column":8},"end":{"line":80,"column":31}},"42":{"start":{"line":82,"column":11},"end":{"line":84,"column":5}},"43":{"start":{"line":83,"column":6},"end":{"line":83,"column":28}},"44":{"start":{"line":88,"column":24},"end":{"line":88,"column":97}},"45":{"start":{"line":88,"column":52},"end":{"line":88,"column":96}},"46":{"start":{"line":91,"column":2},"end":{"line":111,"column":5}},"47":{"start":{"line":92,"column":4},"end":{"line":110,"column":5}},"48":{"start":{"line":93,"column":6},"end":{"line":93,"column":57}},"49":{"start":{"line":94,"column":11},"end":{"line":110,"column":5}},"50":{"start":{"line":96,"column":6},"end":{"line":96,"column":24}},"51":{"start":{"line":97,"column":11},"end":{"line":110,"column":5}},"52":{"start":{"line":99,"column":22},"end":{"line":99,"column":32}},"53":{"start":{"line":101,"column":27},"end":{"line":101,"column":52}},"54":{"start":{"line":102,"column":6},"end":{"line":106,"column":7}},"55":{"start":{"line":103,"column":8},"end":{"line":103,"column":37}},"56":{"start":{"line":105,"column":8},"end":{"line":105,"column":115}},"57":{"start":{"line":109,"column":6},"end":{"line":109,"column":83}},"58":{"start":{"line":114,"column":2},"end":{"line":116,"column":3}},"59":{"start":{"line":115,"column":4},"end":{"line":115,"column":25}},"60":{"start":{"line":118,"column":2},"end":{"line":118,"column":12}}},"fnMap":{"0":{"name":"(anonymous_0)","decl":{"start":{"line":16,"column":14},"end":{"line":16,"column":15}},"loc":{"start":{"line":16,"column":54},"end":{"line":119,"column":1}},"line":16},"1":{"name":"(anonymous_1)","decl":{"start":{"line":62,"column":38},"end":{"line":62,"column":39}},"loc":{"start":{"line":62,"column":50},"end":{"line":85,"column":3}},"line":62},"2":{"name":"(anonymous_2)","decl":{"start":{"line":68,"column":32},"end":{"line":68,"column":33}},"loc":{"start":{"line":68,"column":46},"end":{"line":70,"column":7}},"line":68},"3":{"name":"(anonymous_3)","decl":{"start":{"line":88,"column":47},"end":{"line":88,"column":48}},"loc":{"start":{"line":88,"column":52},"end":{"line":88,"column":96}},"line":88},"4":{"name":"(anonymous_4)","decl":{"start":{"line":91,"column":24},"end":{"line":91,"column":25}},"loc":{"start":{"line":91,"column":31},"end":{"line":111,"column":3}},"line":91}},"branchMap":{"0":{"loc":{"start":{"line":16,"column":29},"end":{"line":16,"column":39}},"type":"default-arg","locations":[{"start":{"line":16,"column":37},"end":{"line":16,"column":39}}],"line":16},"1":{"loc":{"start":{"line":18,"column":2},"end":{"line":21,"column":3}},"type":"if","locations":[{"start":{"line":18,"column":2},"end":{"line":21,"column":3}},{"start":{},"end":{}}],"line":18},"2":{"loc":{"start":{"line":20,"column":11},"end":{"line":20,"column":34}},"type":"binary-expr","locations":[{"start":{"line":20,"column":11},"end":{"line":20,"column":18}},{"start":{"line":20,"column":22},"end":{"line":20,"column":34}}],"line":20},"3":{"loc":{"start":{"line":24,"column":2},"end":{"line":55,"column":3}},"type":"if","locations":[{"start":{"line":24,"column":2},"end":{"line":55,"column":3}},{"start":{},"end":{}}],"line":24},"4":{"loc":{"start":{"line":24,"column":6},"end":{"line":24,"column":69}},"type":"binary-expr","locations":[{"start":{"line":24,"column":6},"end":{"line":24,"column":31}},{"start":{"line":24,"column":35},"end":{"line":24,"column":69}}],"line":24},"5":{"loc":{"start":{"line":30,"column":4},"end":{"line":53,"column":5}},"type":"if","locations":[{"start":{"line":30,"column":4},"end":{"line":53,"column":5}},{"start":{"line":51,"column":11},"end":{"line":53,"column":5}}],"line":30},"6":{"loc":{"start":{"line":34,"column":6},"end":{"line":50,"column":7}},"type":"if","locations":[{"start":{"line":34,"column":6},"end":{"line":50,"column":7}},{"start":{"line":46,"column":13},"end":{"line":50,"column":7}}],"line":34},"7":{"loc":{"start":{"line":37,"column":8},"end":{"line":45,"column":9}},"type":"if","locations":[{"start":{"line":37,"column":8},"end":{"line":45,"column":9}},{"start":{"line":39,"column":15},"end":{"line":45,"column":9}}],"line":37},"8":{"loc":{"start":{"line":37,"column":12},"end":{"line":37,"column":58}},"type":"binary-expr","locations":[{"start":{"line":37,"column":12},"end":{"line":37,"column":16}},{"start":{"line":37,"column":20},"end":{"line":37,"column":58}}],"line":37},"9":{"loc":{"start":{"line":62,"column":17},"end":{"line":62,"column":28}},"type":"binary-expr","locations":[{"start":{"line":62,"column":17},"end":{"line":62,"column":22}},{"start":{"line":62,"column":26},"end":{"line":62,"column":28}}],"line":62},"10":{"loc":{"start":{"line":63,"column":4},"end":{"line":84,"column":5}},"type":"if","locations":[{"start":{"line":63,"column":4},"end":{"line":84,"column":5}},{"start":{"line":65,"column":11},"end":{"line":84,"column":5}}],"line":63},"11":{"loc":{"start":{"line":65,"column":11},"end":{"line":84,"column":5}},"type":"if","locations":[{"start":{"line":65,"column":11},"end":{"line":84,"column":5}},{"start":{"line":67,"column":11},"end":{"line":84,"column":5}}],"line":65},"12":{"loc":{"start":{"line":65,"column":15},"end":{"line":65,"column":53}},"type":"binary-expr","locations":[{"start":{"line":65,"column":15},"end":{"line":65,"column":28}},{"start":{"line":65,"column":32},"end":{"line":65,"column":53}}],"line":65},"13":{"loc":{"start":{"line":67,"column":11},"end":{"line":84,"column":5}},"type":"if","locations":[{"start":{"line":67,"column":11},"end":{"line":84,"column":5}},{"start":{"line":71,"column":11},"end":{"line":84,"column":5}}],"line":67},"14":{"loc":{"start":{"line":71,"column":11},"end":{"line":84,"column":5}},"type":"if","locations":[{"start":{"line":71,"column":11},"end":{"line":84,"column":5}},{"start":{"line":73,"column":11},"end":{"line":84,"column":5}}],"line":71},"15":{"loc":{"start":{"line":71,"column":15},"end":{"line":71,"column":53}},"type":"binary-expr","locations":[{"start":{"line":71,"column":15},"end":{"line":71,"column":26}},{"start":{"line":71,"column":30},"end":{"line":71,"column":53}}],"line":71},"16":{"loc":{"start":{"line":73,"column":11},"end":{"line":84,"column":5}},"type":"if","locations":[{"start":{"line":73,"column":11},"end":{"line":84,"column":5}},{"start":{"line":76,"column":11},"end":{"line":84,"column":5}}],"line":73},"17":{"loc":{"start":{"line":73,"column":15},"end":{"line":73,"column":60}},"type":"binary-expr","locations":[{"start":{"line":73,"column":15},"end":{"line":73,"column":33}},{"start":{"line":73,"column":37},"end":{"line":73,"column":60}}],"line":73},"18":{"loc":{"start":{"line":76,"column":11},"end":{"line":84,"column":5}},"type":"if","locations":[{"start":{"line":76,"column":11},"end":{"line":84,"column":5}},{"start":{"line":78,"column":11},"end":{"line":84,"column":5}}],"line":76},"19":{"loc":{"start":{"line":76,"column":15},"end":{"line":76,"column":72}},"type":"binary-expr","locations":[{"start":{"line":76,"column":15},"end":{"line":76,"column":28}},{"start":{"line":76,"column":33},"end":{"line":76,"column":49}},{"start":{"line":76,"column":53},"end":{"line":76,"column":71}}],"line":76},"20":{"loc":{"start":{"line":78,"column":11},"end":{"line":84,"column":5}},"type":"if","locations":[{"start":{"line":78,"column":11},"end":{"line":84,"column":5}},{"start":{"line":82,"column":11},"end":{"line":84,"column":5}}],"line":78},"21":{"loc":{"start":{"line":79,"column":6},"end":{"line":81,"column":7}},"type":"if","locations":[{"start":{"line":79,"column":6},"end":{"line":81,"column":7}},{"start":{},"end":{}}],"line":79},"22":{"loc":{"start":{"line":82,"column":11},"end":{"line":84,"column":5}},"type":"if","locations":[{"start":{"line":82,"column":11},"end":{"line":84,"column":5}},{"start":{},"end":{}}],"line":82},"23":{"loc":{"start":{"line":82,"column":15},"end":{"line":82,"column":44}},"type":"binary-expr","locations":[{"start":{"line":82,"column":15},"end":{"line":82,"column":25}},{"start":{"line":82,"column":29},"end":{"line":82,"column":44}}],"line":82},"24":{"loc":{"start":{"line":88,"column":52},"end":{"line":88,"column":96}},"type":"binary-expr","locations":[{"start":{"line":88,"column":52},"end":{"line":88,"column":62}},{"start":{"line":88,"column":66},"end":{"line":88,"column":81}},{"start":{"line":88,"column":85},"end":{"line":88,"column":96}}],"line":88},"25":{"loc":{"start":{"line":92,"column":4},"end":{"line":110,"column":5}},"type":"if","locations":[{"start":{"line":92,"column":4},"end":{"line":110,"column":5}},{"start":{"line":94,"column":11},"end":{"line":110,"column":5}}],"line":92},"26":{"loc":{"start":{"line":92,"column":8},"end":{"line":92,"column":54}},"type":"binary-expr","locations":[{"start":{"line":92,"column":8},"end":{"line":92,"column":29}},{"start":{"line":92,"column":33},"end":{"line":92,"column":54}}],"line":92},"27":{"loc":{"start":{"line":94,"column":11},"end":{"line":110,"column":5}},"type":"if","locations":[{"start":{"line":94,"column":11},"end":{"line":110,"column":5}},{"start":{"line":97,"column":11},"end":{"line":110,"column":5}}],"line":94},"28":{"loc":{"start":{"line":97,"column":11},"end":{"line":110,"column":5}},"type":"if","locations":[{"start":{"line":97,"column":11},"end":{"line":110,"column":5}},{"start":{"line":107,"column":11},"end":{"line":110,"column":5}}],"line":97},"29":{"loc":{"start":{"line":102,"column":6},"end":{"line":106,"column":7}},"type":"if","locations":[{"start":{"line":102,"column":6},"end":{"line":106,"column":7}},{"start":{"line":104,"column":13},"end":{"line":106,"column":7}}],"line":102},"30":{"loc":{"start":{"line":114,"column":2},"end":{"line":116,"column":3}},"type":"if","locations":[{"start":{"line":114,"column":2},"end":{"line":116,"column":3}},{"start":{},"end":{}}],"line":114},"31":{"loc":{"start":{"line":114,"column":6},"end":{"line":114,"column":68}},"type":"binary-expr","locations":[{"start":{"line":114,"column":6},"end":{"line":114,"column":24}},{"start":{"line":114,"column":29},"end":{"line":114,"column":45}},{"start":{"line":114,"column":49},"end":{"line":114,"column":67}}],"line":114}},"s":{"0":5,"1":127,"2":0,"3":0,"4":127,"5":20,"6":20,"7":20,"8":20,"9":20,"10":16,"11":16,"12":0,"13":16,"14":16,"15":16,"16":16,"17":0,"18":0,"19":0,"20":4,"21":20,"22":107,"23":107,"24":107,"25":74,"26":30,"27":44,"28":3,"29":41,"30":3,"31":5,"32":38,"33":0,"34":38,"35":1,"36":1,"37":37,"38":3,"39":34,"40":7,"41":5,"42":27,"43":25,"44":107,"45":101,"46":107,"47":97,"48":62,"49":35,"50":33,"51":2,"52":2,"53":2,"54":2,"55":2,"56":0,"57":0,"58":107,"59":2,"60":107},"f":{"0":127,"1":74,"2":5,"3":101,"4":97},"b":{"0":[1],"1":[0,127],"2":[0,0],"3":[20,107],"4":[127,20],"5":[16,4],"6":[16,0],"7":[0,16],"8":[16,16],"9":[107,0],"10":[30,44],"11":[3,41],"12":[44,3],"13":[3,38],"14":[0,38],"15":[38,0],"16":[1,37],"17":[38,1],"18":[3,34],"19":[37,9,7],"20":[7,27],"21":[5,2],"22":[25,2],"23":[27,26],"24":[101,97,97],"25":[62,35],"26":[97,38],"27":[33,2],"28":[2,0],"29":[2,0],"30":[2,105],"31":[107,2,1]},"_coverageSchema":"1a1c01bbd47fc00a2c39e90264f33305004495a9","hash":"33e8a4f11b2932d7529fbea6d6728dd048485c3a"}
,"/home/bamer/nextjs-llama-async-proxy/public/js/core/component-helpers.js": {"path":"/home/bamer/nextjs-llama-async-proxy/public/js/core/component-helpers.js","statementMap":{"0":{"start":{"line":14,"column":0},"end":{"line":16,"column":2}},"1":{"start":{"line":15,"column":2},"end":{"line":15,"column":53}},"2":{"start":{"line":24,"column":0},"end":{"line":28,"column":2}},"3":{"start":{"line":25,"column":13},"end":{"line":25,"column":29}},"4":{"start":{"line":26,"column":2},"end":{"line":26,"column":32}},"5":{"start":{"line":26,"column":10},"end":{"line":26,"column":32}},"6":{"start":{"line":27,"column":2},"end":{"line":27,"column":14}},"7":{"start":{"line":36,"column":0},"end":{"line":40,"column":2}},"8":{"start":{"line":37,"column":13},"end":{"line":37,"column":29}},"9":{"start":{"line":38,"column":2},"end":{"line":38,"column":30}},"10":{"start":{"line":38,"column":10},"end":{"line":38,"column":30}},"11":{"start":{"line":39,"column":2},"end":{"line":39,"column":14}},"12":{"start":{"line":49,"column":0},"end":{"line":59,"column":2}},"13":{"start":{"line":50,"column":13},"end":{"line":50,"column":29}},"14":{"start":{"line":51,"column":2},"end":{"line":57,"column":3}},"15":{"start":{"line":52,"column":4},"end":{"line":56,"column":5}},"16":{"start":{"line":53,"column":6},"end":{"line":53,"column":31}},"17":{"start":{"line":55,"column":6},"end":{"line":55,"column":35}},"18":{"start":{"line":58,"column":2},"end":{"line":58,"column":14}},"19":{"start":{"line":68,"column":0},"end":{"line":78,"column":2}},"20":{"start":{"line":69,"column":13},"end":{"line":69,"column":29}},"21":{"start":{"line":70,"column":2},"end":{"line":76,"column":3}},"22":{"start":{"line":71,"column":4},"end":{"line":75,"column":5}},"23":{"start":{"line":72,"column":6},"end":{"line":72,"column":34}},"24":{"start":{"line":74,"column":6},"end":{"line":74,"column":37}},"25":{"start":{"line":77,"column":2},"end":{"line":77,"column":14}},"26":{"start":{"line":85,"column":0},"end":{"line":87,"column":2}},"27":{"start":{"line":86,"column":2},"end":{"line":86,"column":53}},"28":{"start":{"line":94,"column":0},"end":{"line":96,"column":2}},"29":{"start":{"line":95,"column":2},"end":{"line":95,"column":52}},"30":{"start":{"line":105,"column":0},"end":{"line":131,"column":2}},"31":{"start":{"line":106,"column":2},"end":{"line":109,"column":3}},"32":{"start":{"line":107,"column":4},"end":{"line":107,"column":94}},"33":{"start":{"line":108,"column":4},"end":{"line":108,"column":16}},"34":{"start":{"line":111,"column":2},"end":{"line":113,"column":3}},"35":{"start":{"line":112,"column":4},"end":{"line":112,"column":30}},"36":{"start":{"line":116,"column":4},"end":{"line":123,"column":7}},"37":{"start":{"line":119,"column":23},"end":{"line":119,"column":49}},"38":{"start":{"line":120,"column":8},"end":{"line":122,"column":9}},"39":{"start":{"line":121,"column":10},"end":{"line":121,"column":40}},"40":{"start":{"line":125,"column":2},"end":{"line":125,"column":46}},"41":{"start":{"line":126,"column":2},"end":{"line":126,"column":51}},"42":{"start":{"line":128,"column":2},"end":{"line":128,"column":78}},"43":{"start":{"line":130,"column":2},"end":{"line":130,"column":14}},"44":{"start":{"line":138,"column":0},"end":{"line":147,"column":2}},"45":{"start":{"line":139,"column":2},"end":{"line":143,"column":3}},"46":{"start":{"line":140,"column":4},"end":{"line":140,"column":42}},"47":{"start":{"line":140,"column":30},"end":{"line":140,"column":42}},"48":{"start":{"line":141,"column":4},"end":{"line":141,"column":117}},"49":{"start":{"line":142,"column":4},"end":{"line":142,"column":16}},"50":{"start":{"line":144,"column":19},"end":{"line":144,"column":53}},"51":{"start":{"line":145,"column":2},"end":{"line":145,"column":35}},"52":{"start":{"line":146,"column":2},"end":{"line":146,"column":52}}},"fnMap":{"0":{"name":"(anonymous_0)","decl":{"start":{"line":14,"column":24},"end":{"line":14,"column":25}},"loc":{"start":{"line":14,"column":44},"end":{"line":16,"column":1}},"line":14},"1":{"name":"(anonymous_1)","decl":{"start":{"line":24,"column":30},"end":{"line":24,"column":31}},"loc":{"start":{"line":24,"column":56},"end":{"line":28,"column":1}},"line":24},"2":{"name":"(anonymous_2)","decl":{"start":{"line":36,"column":30},"end":{"line":36,"column":31}},"loc":{"start":{"line":36,"column":56},"end":{"line":40,"column":1}},"line":36},"3":{"name":"(anonymous_3)","decl":{"start":{"line":49,"column":30},"end":{"line":49,"column":31}},"loc":{"start":{"line":49,"column":63},"end":{"line":59,"column":1}},"line":49},"4":{"name":"(anonymous_4)","decl":{"start":{"line":68,"column":34},"end":{"line":68,"column":35}},"loc":{"start":{"line":68,"column":70},"end":{"line":78,"column":1}},"line":68},"5":{"name":"(anonymous_5)","decl":{"start":{"line":85,"column":27},"end":{"line":85,"column":28}},"loc":{"start":{"line":85,"column":47},"end":{"line":87,"column":1}},"line":85},"6":{"name":"(anonymous_6)","decl":{"start":{"line":94,"column":27},"end":{"line":94,"column":28}},"loc":{"start":{"line":94,"column":47},"end":{"line":96,"column":1}},"line":94},"7":{"name":"(anonymous_7)","decl":{"start":{"line":105,"column":25},"end":{"line":105,"column":26}},"loc":{"start":{"line":105,"column":61},"end":{"line":131,"column":1}},"line":105},"8":{"name":"(anonymous_8)","decl":{"start":{"line":118,"column":8},"end":{"line":118,"column":9}},"loc":{"start":{"line":118,"column":15},"end":{"line":123,"column":7}},"line":118},"9":{"name":"(anonymous_9)","decl":{"start":{"line":138,"column":37},"end":{"line":138,"column":38}},"loc":{"start":{"line":138,"column":53},"end":{"line":147,"column":1}},"line":138}},"branchMap":{"0":{"loc":{"start":{"line":15,"column":9},"end":{"line":15,"column":52}},"type":"binary-expr","locations":[{"start":{"line":15,"column":9},"end":{"line":15,"column":44}},{"start":{"line":15,"column":48},"end":{"line":15,"column":52}}],"line":15},"1":{"loc":{"start":{"line":26,"column":2},"end":{"line":26,"column":32}},"type":"if","locations":[{"start":{"line":26,"column":2},"end":{"line":26,"column":32}},{"start":{},"end":{}}],"line":26},"2":{"loc":{"start":{"line":38,"column":2},"end":{"line":38,"column":30}},"type":"if","locations":[{"start":{"line":38,"column":2},"end":{"line":38,"column":30}},{"start":{},"end":{}}],"line":38},"3":{"loc":{"start":{"line":51,"column":2},"end":{"line":57,"column":3}},"type":"if","locations":[{"start":{"line":51,"column":2},"end":{"line":57,"column":3}},{"start":{},"end":{}}],"line":51},"4":{"loc":{"start":{"line":52,"column":4},"end":{"line":56,"column":5}},"type":"if","locations":[{"start":{"line":52,"column":4},"end":{"line":56,"column":5}},{"start":{"line":54,"column":11},"end":{"line":56,"column":5}}],"line":52},"5":{"loc":{"start":{"line":52,"column":8},"end":{"line":52,"column":45}},"type":"binary-expr","locations":[{"start":{"line":52,"column":8},"end":{"line":52,"column":22}},{"start":{"line":52,"column":26},"end":{"line":52,"column":45}}],"line":52},"6":{"loc":{"start":{"line":70,"column":2},"end":{"line":76,"column":3}},"type":"if","locations":[{"start":{"line":70,"column":2},"end":{"line":76,"column":3}},{"start":{},"end":{}}],"line":70},"7":{"loc":{"start":{"line":71,"column":4},"end":{"line":75,"column":5}},"type":"if","locations":[{"start":{"line":71,"column":4},"end":{"line":75,"column":5}},{"start":{"line":73,"column":11},"end":{"line":75,"column":5}}],"line":71},"8":{"loc":{"start":{"line":106,"column":2},"end":{"line":109,"column":3}},"type":"if","locations":[{"start":{"line":106,"column":2},"end":{"line":109,"column":3}},{"start":{},"end":{}}],"line":106},"9":{"loc":{"start":{"line":111,"column":2},"end":{"line":113,"column":3}},"type":"if","locations":[{"start":{"line":111,"column":2},"end":{"line":113,"column":3}},{"start":{},"end":{}}],"line":111},"10":{"loc":{"start":{"line":116,"column":4},"end":{"line":123,"column":7}},"type":"cond-expr","locations":[{"start":{"line":117,"column":8},"end":{"line":117,"column":27}},{"start":{"line":118,"column":8},"end":{"line":123,"column":7}}],"line":116},"11":{"loc":{"start":{"line":120,"column":8},"end":{"line":122,"column":9}},"type":"if","locations":[{"start":{"line":120,"column":8},"end":{"line":122,"column":9}},{"start":{},"end":{}}],"line":120},"12":{"loc":{"start":{"line":120,"column":12},"end":{"line":120,"column":47}},"type":"binary-expr","locations":[{"start":{"line":120,"column":12},"end":{"line":120,"column":18}},{"start":{"line":120,"column":22},"end":{"line":120,"column":47}}],"line":120},"13":{"loc":{"start":{"line":139,"column":2},"end":{"line":143,"column":3}},"type":"if","locations":[{"start":{"line":139,"column":2},"end":{"line":143,"column":3}},{"start":{},"end":{}}],"line":139},"14":{"loc":{"start":{"line":140,"column":4},"end":{"line":140,"column":42}},"type":"if","locations":[{"start":{"line":140,"column":4},"end":{"line":140,"column":42}},{"start":{},"end":{}}],"line":140},"15":{"loc":{"start":{"line":146,"column":9},"end":{"line":146,"column":51}},"type":"binary-expr","locations":[{"start":{"line":146,"column":9},"end":{"line":146,"column":43}},{"start":{"line":146,"column":47},"end":{"line":146,"column":51}}],"line":146}},"s":{"0":5,"1":22,"2":5,"3":1,"4":1,"5":1,"6":1,"7":5,"8":1,"9":1,"10":1,"11":1,"12":5,"13":1,"14":1,"15":0,"16":0,"17":0,"18":1,"19":5,"20":7,"21":7,"22":4,"23":2,"24":2,"25":7,"26":5,"27":1,"28":5,"29":2,"30":5,"31":10,"32":0,"33":0,"34":10,"35":0,"36":10,"37":9,"38":9,"39":9,"40":10,"41":10,"42":10,"43":10,"44":5,"45":77,"46":51,"47":48,"48":3,"49":3,"50":26,"51":26,"52":26},"f":{"0":22,"1":1,"2":1,"3":1,"4":7,"5":1,"6":2,"7":10,"8":9,"9":77},"b":{"0":[22,9],"1":[1,0],"2":[1,0],"3":[0,1],"4":[0,0],"5":[0,0],"6":[4,3],"7":[2,2],"8":[0,10],"9":[0,10],"10":[0,10],"11":[9,0],"12":[9,9],"13":[51,26],"14":[48,3],"15":[26,2]},"_coverageSchema":"1a1c01bbd47fc00a2c39e90264f33305004495a9","hash":"144d5da0db83f11a398ec852ba4e018cf42ec3d4"}
,"/home/bamer/nextjs-llama-async-proxy/public/js/core/component.js": {"path":"/home/bamer/nextjs-llama-async-proxy/public/js/core/component.js","statementMap":{"0":{"start":{"line":15,"column":0},"end":{"line":15,"column":56}}},"fnMap":{},"branchMap":{},"s":{"0":5},"f":{},"b":{},"_coverageSchema":"1a1c01bbd47fc00a2c39e90264f33305004495a9","hash":"7a6ee4f775eabb23e1f8f32cf4dc4d8d0c9a16dc"}
,"/home/bamer/nextjs-llama-async-proxy/public/js/core/router.js": {"path":"/home/bamer/nextjs-llama-async-proxy/public/js/core/router.js","statementMap":{"0":{"start":{"line":7,"column":4},"end":{"line":7,"column":28}},"1":{"start":{"line":8,"column":4},"end":{"line":8,"column":34}},"2":{"start":{"line":9,"column":4},"end":{"line":9,"column":65}},"3":{"start":{"line":10,"column":4},"end":{"line":10,"column":26}},"4":{"start":{"line":11,"column":4},"end":{"line":11,"column":23}},"5":{"start":{"line":12,"column":4},"end":{"line":12,"column":29}},"6":{"start":{"line":13,"column":4},"end":{"line":13,"column":25}},"7":{"start":{"line":15,"column":4},"end":{"line":17,"column":7}},"8":{"start":{"line":16,"column":6},"end":{"line":16,"column":45}},"9":{"start":{"line":21,"column":20},"end":{"line":21,"column":39}},"10":{"start":{"line":22,"column":4},"end":{"line":25,"column":7}},"11":{"start":{"line":26,"column":4},"end":{"line":26,"column":16}},"12":{"start":{"line":30,"column":4},"end":{"line":30,"column":31}},"13":{"start":{"line":31,"column":4},"end":{"line":31,"column":16}},"14":{"start":{"line":35,"column":16},"end":{"line":35,"column":53}},"15":{"start":{"line":36,"column":4},"end":{"line":36,"column":73}},"16":{"start":{"line":36,"column":45},"end":{"line":36,"column":71}},"17":{"start":{"line":37,"column":20},"end":{"line":37,"column":45}},"18":{"start":{"line":38,"column":4},"end":{"line":40,"column":5}},"19":{"start":{"line":39,"column":6},"end":{"line":39,"column":50}},"20":{"start":{"line":41,"column":4},"end":{"line":41,"column":26}},"21":{"start":{"line":42,"column":4},"end":{"line":42,"column":33}},"22":{"start":{"line":43,"column":4},"end":{"line":43,"column":16}},"23":{"start":{"line":47,"column":4},"end":{"line":47,"column":36}},"24":{"start":{"line":51,"column":4},"end":{"line":51,"column":75}},"25":{"start":{"line":55,"column":4},"end":{"line":55,"column":38}},"26":{"start":{"line":55,"column":26},"end":{"line":55,"column":38}},"27":{"start":{"line":58,"column":27},"end":{"line":58,"column":63}},"28":{"start":{"line":59,"column":4},"end":{"line":66,"column":5}},"29":{"start":{"line":60,"column":6},"end":{"line":60,"column":37}},"30":{"start":{"line":61,"column":6},"end":{"line":61,"column":109}},"31":{"start":{"line":63,"column":6},"end":{"line":63,"column":35}},"32":{"start":{"line":64,"column":6},"end":{"line":64,"column":37}},"33":{"start":{"line":65,"column":6},"end":{"line":65,"column":63}},"34":{"start":{"line":68,"column":4},"end":{"line":68,"column":28}},"35":{"start":{"line":69,"column":4},"end":{"line":69,"column":43}},"36":{"start":{"line":70,"column":4},"end":{"line":70,"column":16}},"37":{"start":{"line":75,"column":4},"end":{"line":79,"column":5}},"38":{"start":{"line":76,"column":6},"end":{"line":76,"column":45}},"39":{"start":{"line":77,"column":6},"end":{"line":77,"column":41}},"40":{"start":{"line":78,"column":6},"end":{"line":78,"column":36}},"41":{"start":{"line":81,"column":18},"end":{"line":81,"column":35}},"42":{"start":{"line":82,"column":4},"end":{"line":82,"column":23}},"43":{"start":{"line":82,"column":16},"end":{"line":82,"column":23}},"44":{"start":{"line":85,"column":4},"end":{"line":87,"column":5}},"45":{"start":{"line":86,"column":6},"end":{"line":86,"column":44}},"46":{"start":{"line":89,"column":4},"end":{"line":89,"column":77}},"47":{"start":{"line":90,"column":4},"end":{"line":90,"column":32}},"48":{"start":{"line":90,"column":25},"end":{"line":90,"column":32}},"49":{"start":{"line":92,"column":4},"end":{"line":92,"column":34}},"50":{"start":{"line":93,"column":19},"end":{"line":93,"column":50}},"51":{"start":{"line":95,"column":4},"end":{"line":108,"column":5}},"52":{"start":{"line":96,"column":17},"end":{"line":96,"column":29}},"53":{"start":{"line":97,"column":6},"end":{"line":102,"column":7}},"54":{"start":{"line":98,"column":8},"end":{"line":98,"column":33}},"55":{"start":{"line":99,"column":8},"end":{"line":99,"column":35}},"56":{"start":{"line":100,"column":13},"end":{"line":102,"column":7}},"57":{"start":{"line":101,"column":8},"end":{"line":101,"column":60}},"58":{"start":{"line":103,"column":11},"end":{"line":108,"column":5}},"59":{"start":{"line":104,"column":6},"end":{"line":104,"column":35}},"60":{"start":{"line":105,"column":6},"end":{"line":105,"column":37}},"61":{"start":{"line":106,"column":11},"end":{"line":108,"column":5}},"62":{"start":{"line":107,"column":6},"end":{"line":107,"column":62}},"63":{"start":{"line":110,"column":4},"end":{"line":112,"column":5}},"64":{"start":{"line":111,"column":6},"end":{"line":111,"column":40}},"65":{"start":{"line":114,"column":4},"end":{"line":114,"column":51}},"66":{"start":{"line":114,"column":35},"end":{"line":114,"column":49}},"67":{"start":{"line":119,"column":4},"end":{"line":125,"column":5}},"68":{"start":{"line":120,"column":6},"end":{"line":120,"column":39}},"69":{"start":{"line":121,"column":11},"end":{"line":125,"column":5}},"70":{"start":{"line":122,"column":6},"end":{"line":122,"column":46}},"71":{"start":{"line":123,"column":11},"end":{"line":125,"column":5}},"72":{"start":{"line":124,"column":6},"end":{"line":124,"column":59}},"73":{"start":{"line":126,"column":4},"end":{"line":131,"column":5}},"74":{"start":{"line":127,"column":6},"end":{"line":127,"column":25}},"75":{"start":{"line":128,"column":6},"end":{"line":128,"column":23}},"76":{"start":{"line":129,"column":6},"end":{"line":129,"column":27}},"77":{"start":{"line":130,"column":6},"end":{"line":130,"column":35}},"78":{"start":{"line":132,"column":4},"end":{"line":132,"column":16}},"79":{"start":{"line":136,"column":4},"end":{"line":149,"column":5}},"80":{"start":{"line":137,"column":16},"end":{"line":137,"column":34}},"81":{"start":{"line":138,"column":6},"end":{"line":148,"column":7}},"82":{"start":{"line":139,"column":23},"end":{"line":139,"column":25}},"83":{"start":{"line":140,"column":25},"end":{"line":140,"column":26}},"84":{"start":{"line":141,"column":8},"end":{"line":146,"column":11}},"85":{"start":{"line":142,"column":10},"end":{"line":145,"column":11}},"86":{"start":{"line":143,"column":12},"end":{"line":143,"column":53}},"87":{"start":{"line":144,"column":12},"end":{"line":144,"column":25}},"88":{"start":{"line":147,"column":8},"end":{"line":147,"column":36}},"89":{"start":{"line":150,"column":4},"end":{"line":150,"column":16}},"90":{"start":{"line":154,"column":15},"end":{"line":154,"column":96}},"91":{"start":{"line":155,"column":4},"end":{"line":155,"column":33}},"92":{"start":{"line":159,"column":4},"end":{"line":159,"column":20}},"93":{"start":{"line":159,"column":13},"end":{"line":159,"column":20}},"94":{"start":{"line":160,"column":4},"end":{"line":163,"column":5}},"95":{"start":{"line":161,"column":6},"end":{"line":161,"column":36}},"96":{"start":{"line":162,"column":6},"end":{"line":162,"column":31}},"97":{"start":{"line":164,"column":4},"end":{"line":164,"column":72}},"98":{"start":{"line":164,"column":49},"end":{"line":164,"column":70}},"99":{"start":{"line":168,"column":4},"end":{"line":168,"column":79}},"100":{"start":{"line":172,"column":4},"end":{"line":172,"column":42}},"101":{"start":{"line":172,"column":30},"end":{"line":172,"column":42}},"102":{"start":{"line":173,"column":4},"end":{"line":173,"column":46}},"103":{"start":{"line":173,"column":34},"end":{"line":173,"column":46}},"104":{"start":{"line":174,"column":17},"end":{"line":174,"column":46}},"105":{"start":{"line":175,"column":4},"end":{"line":175,"column":33}},"106":{"start":{"line":176,"column":4},"end":{"line":176,"column":42}},"107":{"start":{"line":180,"column":0},"end":{"line":180,"column":23}}},"fnMap":{"0":{"name":"(anonymous_0)","decl":{"start":{"line":6,"column":2},"end":{"line":6,"column":3}},"loc":{"start":{"line":6,"column":28},"end":{"line":18,"column":3}},"line":6},"1":{"name":"(anonymous_1)","decl":{"start":{"line":15,"column":40},"end":{"line":15,"column":41}},"loc":{"start":{"line":15,"column":46},"end":{"line":17,"column":5}},"line":15},"2":{"name":"(anonymous_2)","decl":{"start":{"line":20,"column":2},"end":{"line":20,"column":3}},"loc":{"start":{"line":20,"column":26},"end":{"line":27,"column":3}},"line":20},"3":{"name":"(anonymous_3)","decl":{"start":{"line":29,"column":2},"end":{"line":29,"column":3}},"loc":{"start":{"line":29,"column":18},"end":{"line":32,"column":3}},"line":29},"4":{"name":"(anonymous_4)","decl":{"start":{"line":34,"column":2},"end":{"line":34,"column":3}},"loc":{"start":{"line":34,"column":28},"end":{"line":44,"column":3}},"line":34},"5":{"name":"(anonymous_5)","decl":{"start":{"line":36,"column":33},"end":{"line":36,"column":34}},"loc":{"start":{"line":36,"column":45},"end":{"line":36,"column":71}},"line":36},"6":{"name":"(anonymous_6)","decl":{"start":{"line":46,"column":2},"end":{"line":46,"column":3}},"loc":{"start":{"line":46,"column":12},"end":{"line":48,"column":3}},"line":46},"7":{"name":"(anonymous_7)","decl":{"start":{"line":50,"column":2},"end":{"line":50,"column":3}},"loc":{"start":{"line":50,"column":13},"end":{"line":52,"column":3}},"line":50},"8":{"name":"(anonymous_8)","decl":{"start":{"line":54,"column":2},"end":{"line":54,"column":3}},"loc":{"start":{"line":54,"column":10},"end":{"line":71,"column":3}},"line":54},"9":{"name":"(anonymous_9)","decl":{"start":{"line":73,"column":2},"end":{"line":73,"column":3}},"loc":{"start":{"line":73,"column":22},"end":{"line":115,"column":3}},"line":73},"10":{"name":"(anonymous_10)","decl":{"start":{"line":114,"column":28},"end":{"line":114,"column":29}},"loc":{"start":{"line":114,"column":35},"end":{"line":114,"column":49}},"line":114},"11":{"name":"(anonymous_11)","decl":{"start":{"line":117,"column":2},"end":{"line":117,"column":3}},"loc":{"start":{"line":117,"column":33},"end":{"line":133,"column":3}},"line":117},"12":{"name":"(anonymous_12)","decl":{"start":{"line":135,"column":2},"end":{"line":135,"column":3}},"loc":{"start":{"line":135,"column":15},"end":{"line":151,"column":3}},"line":135},"13":{"name":"(anonymous_13)","decl":{"start":{"line":141,"column":38},"end":{"line":141,"column":39}},"loc":{"start":{"line":141,"column":47},"end":{"line":146,"column":9}},"line":141},"14":{"name":"(anonymous_14)","decl":{"start":{"line":153,"column":2},"end":{"line":153,"column":3}},"loc":{"start":{"line":153,"column":17},"end":{"line":156,"column":3}},"line":153},"15":{"name":"(anonymous_15)","decl":{"start":{"line":158,"column":2},"end":{"line":158,"column":3}},"loc":{"start":{"line":158,"column":20},"end":{"line":165,"column":3}},"line":158},"16":{"name":"(anonymous_16)","decl":{"start":{"line":164,"column":42},"end":{"line":164,"column":43}},"loc":{"start":{"line":164,"column":49},"end":{"line":164,"column":70}},"line":164},"17":{"name":"(anonymous_17)","decl":{"start":{"line":167,"column":2},"end":{"line":167,"column":3}},"loc":{"start":{"line":167,"column":23},"end":{"line":169,"column":3}},"line":167},"18":{"name":"(anonymous_18)","decl":{"start":{"line":171,"column":2},"end":{"line":171,"column":3}},"loc":{"start":{"line":171,"column":23},"end":{"line":177,"column":3}},"line":171}},"branchMap":{"0":{"loc":{"start":{"line":6,"column":14},"end":{"line":6,"column":26}},"type":"default-arg","locations":[{"start":{"line":6,"column":24},"end":{"line":6,"column":26}}],"line":6},"1":{"loc":{"start":{"line":9,"column":18},"end":{"line":9,"column":64}},"type":"binary-expr","locations":[{"start":{"line":9,"column":18},"end":{"line":9,"column":30}},{"start":{"line":9,"column":34},"end":{"line":9,"column":64}}],"line":9},"2":{"loc":{"start":{"line":24,"column":15},"end":{"line":24,"column":76}},"type":"cond-expr","locations":[{"start":{"line":24,"column":47},"end":{"line":24,"column":66}},{"start":{"line":24,"column":69},"end":{"line":24,"column":76}}],"line":24},"3":{"loc":{"start":{"line":34,"column":17},"end":{"line":34,"column":26}},"type":"default-arg","locations":[{"start":{"line":34,"column":24},"end":{"line":34,"column":26}}],"line":34},"4":{"loc":{"start":{"line":38,"column":4},"end":{"line":40,"column":5}},"type":"if","locations":[{"start":{"line":38,"column":4},"end":{"line":40,"column":5}},{"start":{},"end":{}}],"line":38},"5":{"loc":{"start":{"line":55,"column":4},"end":{"line":55,"column":38}},"type":"if","locations":[{"start":{"line":55,"column":4},"end":{"line":55,"column":38}},{"start":{},"end":{}}],"line":55},"6":{"loc":{"start":{"line":59,"column":4},"end":{"line":66,"column":5}},"type":"if","locations":[{"start":{"line":59,"column":4},"end":{"line":66,"column":5}},{"start":{"line":62,"column":11},"end":{"line":66,"column":5}}],"line":59},"7":{"loc":{"start":{"line":61,"column":23},"end":{"line":61,"column":108}},"type":"binary-expr","locations":[{"start":{"line":61,"column":23},"end":{"line":61,"column":62}},{"start":{"line":61,"column":66},"end":{"line":61,"column":108}}],"line":61},"8":{"loc":{"start":{"line":75,"column":4},"end":{"line":79,"column":5}},"type":"if","locations":[{"start":{"line":75,"column":4},"end":{"line":79,"column":5}},{"start":{},"end":{}}],"line":75},"9":{"loc":{"start":{"line":82,"column":4},"end":{"line":82,"column":23}},"type":"if","locations":[{"start":{"line":82,"column":4},"end":{"line":82,"column":23}},{"start":{},"end":{}}],"line":82},"10":{"loc":{"start":{"line":85,"column":4},"end":{"line":87,"column":5}},"type":"if","locations":[{"start":{"line":85,"column":4},"end":{"line":87,"column":5}},{"start":{},"end":{}}],"line":85},"11":{"loc":{"start":{"line":90,"column":4},"end":{"line":90,"column":32}},"type":"if","locations":[{"start":{"line":90,"column":4},"end":{"line":90,"column":32}},{"start":{},"end":{}}],"line":90},"12":{"loc":{"start":{"line":95,"column":4},"end":{"line":108,"column":5}},"type":"if","locations":[{"start":{"line":95,"column":4},"end":{"line":108,"column":5}},{"start":{"line":103,"column":11},"end":{"line":108,"column":5}}],"line":95},"13":{"loc":{"start":{"line":97,"column":6},"end":{"line":102,"column":7}},"type":"if","locations":[{"start":{"line":97,"column":6},"end":{"line":102,"column":7}},{"start":{"line":100,"column":13},"end":{"line":102,"column":7}}],"line":97},"14":{"loc":{"start":{"line":100,"column":13},"end":{"line":102,"column":7}},"type":"if","locations":[{"start":{"line":100,"column":13},"end":{"line":102,"column":7}},{"start":{},"end":{}}],"line":100},"15":{"loc":{"start":{"line":103,"column":11},"end":{"line":108,"column":5}},"type":"if","locations":[{"start":{"line":103,"column":11},"end":{"line":108,"column":5}},{"start":{"line":106,"column":11},"end":{"line":108,"column":5}}],"line":103},"16":{"loc":{"start":{"line":106,"column":11},"end":{"line":108,"column":5}},"type":"if","locations":[{"start":{"line":106,"column":11},"end":{"line":108,"column":5}},{"start":{},"end":{}}],"line":106},"17":{"loc":{"start":{"line":110,"column":4},"end":{"line":112,"column":5}},"type":"if","locations":[{"start":{"line":110,"column":4},"end":{"line":112,"column":5}},{"start":{},"end":{}}],"line":110},"18":{"loc":{"start":{"line":119,"column":4},"end":{"line":125,"column":5}},"type":"if","locations":[{"start":{"line":119,"column":4},"end":{"line":125,"column":5}},{"start":{"line":121,"column":11},"end":{"line":125,"column":5}}],"line":119},"19":{"loc":{"start":{"line":121,"column":11},"end":{"line":125,"column":5}},"type":"if","locations":[{"start":{"line":121,"column":11},"end":{"line":125,"column":5}},{"start":{"line":123,"column":11},"end":{"line":125,"column":5}}],"line":121},"20":{"loc":{"start":{"line":123,"column":11},"end":{"line":125,"column":5}},"type":"if","locations":[{"start":{"line":123,"column":11},"end":{"line":125,"column":5}},{"start":{},"end":{}}],"line":123},"21":{"loc":{"start":{"line":124,"column":36},"end":{"line":124,"column":57}},"type":"binary-expr","locations":[{"start":{"line":124,"column":36},"end":{"line":124,"column":51}},{"start":{"line":124,"column":55},"end":{"line":124,"column":57}}],"line":124},"22":{"loc":{"start":{"line":126,"column":4},"end":{"line":131,"column":5}},"type":"if","locations":[{"start":{"line":126,"column":4},"end":{"line":131,"column":5}},{"start":{},"end":{}}],"line":126},"23":{"loc":{"start":{"line":138,"column":6},"end":{"line":148,"column":7}},"type":"if","locations":[{"start":{"line":138,"column":6},"end":{"line":148,"column":7}},{"start":{},"end":{}}],"line":138},"24":{"loc":{"start":{"line":142,"column":10},"end":{"line":145,"column":11}},"type":"if","locations":[{"start":{"line":142,"column":10},"end":{"line":145,"column":11}},{"start":{},"end":{}}],"line":142},"25":{"loc":{"start":{"line":159,"column":4},"end":{"line":159,"column":20}},"type":"if","locations":[{"start":{"line":159,"column":4},"end":{"line":159,"column":20}},{"start":{},"end":{}}],"line":159},"26":{"loc":{"start":{"line":160,"column":4},"end":{"line":163,"column":5}},"type":"if","locations":[{"start":{"line":160,"column":4},"end":{"line":163,"column":5}},{"start":{},"end":{}}],"line":160},"27":{"loc":{"start":{"line":160,"column":8},"end":{"line":160,"column":74}},"type":"binary-expr","locations":[{"start":{"line":160,"column":8},"end":{"line":160,"column":21}},{"start":{"line":160,"column":25},"end":{"line":160,"column":47}},{"start":{"line":160,"column":51},"end":{"line":160,"column":74}}],"line":160},"28":{"loc":{"start":{"line":164,"column":15},"end":{"line":164,"column":32}},"type":"binary-expr","locations":[{"start":{"line":164,"column":15},"end":{"line":164,"column":26}},{"start":{"line":164,"column":30},"end":{"line":164,"column":32}}],"line":164},"29":{"loc":{"start":{"line":172,"column":4},"end":{"line":172,"column":42}},"type":"if","locations":[{"start":{"line":172,"column":4},"end":{"line":172,"column":42}},{"start":{},"end":{}}],"line":172},"30":{"loc":{"start":{"line":173,"column":4},"end":{"line":173,"column":46}},"type":"if","locations":[{"start":{"line":173,"column":4},"end":{"line":173,"column":46}},{"start":{},"end":{}}],"line":173},"31":{"loc":{"start":{"line":176,"column":11},"end":{"line":176,"column":41}},"type":"binary-expr","locations":[{"start":{"line":176,"column":11},"end":{"line":176,"column":33}},{"start":{"line":176,"column":37},"end":{"line":176,"column":41}}],"line":176}},"s":{"0":81,"1":81,"2":81,"3":81,"4":81,"5":81,"6":81,"7":81,"8":7,"9":55,"10":55,"11":55,"12":5,"13":5,"14":4,"15":4,"16":2,"17":4,"18":4,"19":3,"20":4,"21":4,"22":4,"23":3,"24":29,"25":20,"26":1,"27":19,"28":19,"29":0,"30":0,"31":19,"32":19,"33":19,"34":19,"35":19,"36":19,"37":47,"38":9,"39":9,"40":9,"41":47,"42":47,"43":23,"44":24,"45":0,"46":24,"47":21,"48":5,"49":16,"50":16,"51":14,"52":1,"53":1,"54":0,"55":0,"56":1,"57":1,"58":13,"59":0,"60":0,"61":13,"62":13,"63":14,"64":1,"65":14,"66":0,"67":30,"68":1,"69":29,"70":24,"71":5,"72":4,"73":30,"74":28,"75":25,"76":25,"77":25,"78":27,"79":61,"80":71,"81":71,"82":35,"83":35,"84":35,"85":83,"86":10,"87":10,"88":35,"89":26,"90":62,"91":62,"92":10,"93":1,"94":9,"95":4,"96":4,"97":9,"98":3,"99":6,"100":14,"101":12,"102":2,"103":0,"104":2,"105":2,"106":2,"107":1},"f":{"0":81,"1":7,"2":55,"3":5,"4":4,"5":2,"6":3,"7":29,"8":20,"9":47,"10":0,"11":30,"12":61,"13":83,"14":62,"15":10,"16":3,"17":6,"18":14},"b":{"0":[0],"1":[81,3],"2":[11,44],"3":[3],"4":[3,1],"5":[1,19],"6":[0,19],"7":[0,0],"8":[9,38],"9":[23,24],"10":[0,24],"11":[5,16],"12":[1,13],"13":[0,1],"14":[1,0],"15":[0,13],"16":[13,0],"17":[1,13],"18":[1,29],"19":[24,5],"20":[4,1],"21":[4,1],"22":[28,2],"23":[35,36],"24":[10,73],"25":[1,9],"26":[4,5],"27":[9,5,5],"28":[9,1],"29":[12,2],"30":[0,2],"31":[2,0]},"_coverageSchema":"1a1c01bbd47fc00a2c39e90264f33305004495a9","hash":"b68ef4d158b0fa23223e10d3d9007e9ee2ba2620"}
,"/home/bamer/nextjs-llama-async-proxy/public/js/services/presets.js": {"path":"/home/bamer/nextjs-llama-async-proxy/public/js/services/presets.js","statementMap":{"0":{"start":{"line":9,"column":4},"end":{"line":9,"column":25}},"1":{"start":{"line":17,"column":4},"end":{"line":28,"column":7}},"2":{"start":{"line":18,"column":6},"end":{"line":18,"column":57}},"3":{"start":{"line":20,"column":6},"end":{"line":27,"column":9}},"4":{"start":{"line":21,"column":8},"end":{"line":21,"column":79}},"5":{"start":{"line":22,"column":8},"end":{"line":26,"column":9}},"6":{"start":{"line":23,"column":10},"end":{"line":23,"column":48}},"7":{"start":{"line":25,"column":10},"end":{"line":25,"column":73}},"8":{"start":{"line":37,"column":4},"end":{"line":46,"column":7}},"9":{"start":{"line":38,"column":6},"end":{"line":38,"column":70}},"10":{"start":{"line":39,"column":6},"end":{"line":45,"column":9}},"11":{"start":{"line":40,"column":8},"end":{"line":44,"column":9}},"12":{"start":{"line":41,"column":10},"end":{"line":41,"column":33}},"13":{"start":{"line":43,"column":10},"end":{"line":43,"column":52}},"14":{"start":{"line":56,"column":4},"end":{"line":65,"column":7}},"15":{"start":{"line":57,"column":6},"end":{"line":57,"column":70}},"16":{"start":{"line":58,"column":6},"end":{"line":64,"column":9}},"17":{"start":{"line":59,"column":8},"end":{"line":63,"column":9}},"18":{"start":{"line":60,"column":10},"end":{"line":60,"column":33}},"19":{"start":{"line":62,"column":10},"end":{"line":62,"column":52}},"20":{"start":{"line":75,"column":4},"end":{"line":84,"column":7}},"21":{"start":{"line":76,"column":6},"end":{"line":76,"column":72}},"22":{"start":{"line":77,"column":6},"end":{"line":83,"column":9}},"23":{"start":{"line":78,"column":8},"end":{"line":82,"column":9}},"24":{"start":{"line":79,"column":10},"end":{"line":79,"column":33}},"25":{"start":{"line":81,"column":10},"end":{"line":81,"column":52}},"26":{"start":{"line":93,"column":4},"end":{"line":102,"column":7}},"27":{"start":{"line":94,"column":6},"end":{"line":94,"column":72}},"28":{"start":{"line":95,"column":6},"end":{"line":101,"column":9}},"29":{"start":{"line":96,"column":8},"end":{"line":100,"column":9}},"30":{"start":{"line":97,"column":10},"end":{"line":97,"column":33}},"31":{"start":{"line":99,"column":10},"end":{"line":99,"column":52}},"32":{"start":{"line":111,"column":4},"end":{"line":120,"column":7}},"33":{"start":{"line":112,"column":6},"end":{"line":112,"column":57}},"34":{"start":{"line":113,"column":6},"end":{"line":119,"column":9}},"35":{"start":{"line":114,"column":8},"end":{"line":118,"column":9}},"36":{"start":{"line":115,"column":10},"end":{"line":115,"column":33}},"37":{"start":{"line":117,"column":10},"end":{"line":117,"column":52}},"38":{"start":{"line":129,"column":4},"end":{"line":140,"column":7}},"39":{"start":{"line":130,"column":6},"end":{"line":130,"column":79}},"40":{"start":{"line":132,"column":6},"end":{"line":139,"column":9}},"41":{"start":{"line":133,"column":8},"end":{"line":133,"column":87}},"42":{"start":{"line":134,"column":8},"end":{"line":138,"column":9}},"43":{"start":{"line":135,"column":10},"end":{"line":135,"column":47}},"44":{"start":{"line":137,"column":10},"end":{"line":137,"column":72}},"45":{"start":{"line":151,"column":4},"end":{"line":160,"column":7}},"46":{"start":{"line":152,"column":6},"end":{"line":152,"column":79}},"47":{"start":{"line":153,"column":6},"end":{"line":159,"column":9}},"48":{"start":{"line":154,"column":8},"end":{"line":158,"column":9}},"49":{"start":{"line":155,"column":10},"end":{"line":155,"column":33}},"50":{"start":{"line":157,"column":10},"end":{"line":157,"column":52}},"51":{"start":{"line":171,"column":4},"end":{"line":180,"column":7}},"52":{"start":{"line":172,"column":6},"end":{"line":172,"column":82}},"53":{"start":{"line":173,"column":6},"end":{"line":179,"column":9}},"54":{"start":{"line":174,"column":8},"end":{"line":178,"column":9}},"55":{"start":{"line":175,"column":10},"end":{"line":175,"column":33}},"56":{"start":{"line":177,"column":10},"end":{"line":177,"column":52}},"57":{"start":{"line":190,"column":4},"end":{"line":199,"column":7}},"58":{"start":{"line":191,"column":6},"end":{"line":191,"column":82}},"59":{"start":{"line":192,"column":6},"end":{"line":198,"column":9}},"60":{"start":{"line":193,"column":8},"end":{"line":197,"column":9}},"61":{"start":{"line":194,"column":10},"end":{"line":194,"column":33}},"62":{"start":{"line":196,"column":10},"end":{"line":196,"column":52}},"63":{"start":{"line":208,"column":4},"end":{"line":219,"column":7}},"64":{"start":{"line":209,"column":6},"end":{"line":209,"column":71}},"65":{"start":{"line":211,"column":6},"end":{"line":218,"column":9}},"66":{"start":{"line":212,"column":8},"end":{"line":212,"column":79}},"67":{"start":{"line":213,"column":8},"end":{"line":217,"column":9}},"68":{"start":{"line":214,"column":10},"end":{"line":214,"column":49}},"69":{"start":{"line":216,"column":10},"end":{"line":216,"column":72}},"70":{"start":{"line":229,"column":4},"end":{"line":238,"column":7}},"71":{"start":{"line":230,"column":6},"end":{"line":230,"column":74}},"72":{"start":{"line":231,"column":6},"end":{"line":237,"column":9}},"73":{"start":{"line":232,"column":8},"end":{"line":236,"column":9}},"74":{"start":{"line":233,"column":10},"end":{"line":233,"column":33}},"75":{"start":{"line":235,"column":10},"end":{"line":235,"column":52}},"76":{"start":{"line":246,"column":4},"end":{"line":255,"column":7}},"77":{"start":{"line":247,"column":6},"end":{"line":247,"column":64}},"78":{"start":{"line":248,"column":6},"end":{"line":254,"column":9}},"79":{"start":{"line":249,"column":8},"end":{"line":253,"column":9}},"80":{"start":{"line":250,"column":10},"end":{"line":250,"column":40}},"81":{"start":{"line":252,"column":10},"end":{"line":252,"column":52}},"82":{"start":{"line":263,"column":4},"end":{"line":272,"column":7}},"83":{"start":{"line":264,"column":6},"end":{"line":264,"column":64}},"84":{"start":{"line":265,"column":6},"end":{"line":271,"column":9}},"85":{"start":{"line":266,"column":8},"end":{"line":270,"column":9}},"86":{"start":{"line":267,"column":10},"end":{"line":267,"column":44}},"87":{"start":{"line":269,"column":10},"end":{"line":269,"column":52}},"88":{"start":{"line":282,"column":4},"end":{"line":291,"column":7}},"89":{"start":{"line":283,"column":6},"end":{"line":283,"column":74}},"90":{"start":{"line":284,"column":6},"end":{"line":290,"column":9}},"91":{"start":{"line":285,"column":8},"end":{"line":289,"column":9}},"92":{"start":{"line":286,"column":10},"end":{"line":286,"column":33}},"93":{"start":{"line":288,"column":10},"end":{"line":288,"column":52}},"94":{"start":{"line":301,"column":4},"end":{"line":310,"column":7}},"95":{"start":{"line":302,"column":6},"end":{"line":302,"column":85}},"96":{"start":{"line":303,"column":6},"end":{"line":309,"column":9}},"97":{"start":{"line":304,"column":8},"end":{"line":308,"column":9}},"98":{"start":{"line":305,"column":10},"end":{"line":305,"column":33}},"99":{"start":{"line":307,"column":10},"end":{"line":307,"column":52}},"100":{"start":{"line":319,"column":4},"end":{"line":328,"column":7}},"101":{"start":{"line":320,"column":6},"end":{"line":320,"column":73}},"102":{"start":{"line":321,"column":6},"end":{"line":327,"column":9}},"103":{"start":{"line":322,"column":8},"end":{"line":326,"column":9}},"104":{"start":{"line":323,"column":10},"end":{"line":323,"column":38}},"105":{"start":{"line":325,"column":10},"end":{"line":325,"column":52}},"106":{"start":{"line":337,"column":4},"end":{"line":346,"column":7}},"107":{"start":{"line":338,"column":6},"end":{"line":338,"column":74}},"108":{"start":{"line":339,"column":6},"end":{"line":345,"column":9}},"109":{"start":{"line":340,"column":8},"end":{"line":344,"column":9}},"110":{"start":{"line":341,"column":10},"end":{"line":341,"column":40}},"111":{"start":{"line":343,"column":10},"end":{"line":343,"column":52}},"112":{"start":{"line":356,"column":4},"end":{"line":365,"column":7}},"113":{"start":{"line":357,"column":6},"end":{"line":357,"column":89}},"114":{"start":{"line":358,"column":6},"end":{"line":364,"column":9}},"115":{"start":{"line":359,"column":8},"end":{"line":363,"column":9}},"116":{"start":{"line":360,"column":10},"end":{"line":360,"column":20}},"117":{"start":{"line":362,"column":10},"end":{"line":362,"column":52}},"118":{"start":{"line":374,"column":4},"end":{"line":383,"column":7}},"119":{"start":{"line":375,"column":6},"end":{"line":375,"column":72}},"120":{"start":{"line":376,"column":6},"end":{"line":382,"column":9}},"121":{"start":{"line":377,"column":8},"end":{"line":381,"column":9}},"122":{"start":{"line":378,"column":10},"end":{"line":378,"column":41}},"123":{"start":{"line":380,"column":10},"end":{"line":380,"column":52}},"124":{"start":{"line":387,"column":0},"end":{"line":387,"column":39}}},"fnMap":{"0":{"name":"(anonymous_0)","decl":{"start":{"line":8,"column":2},"end":{"line":8,"column":3}},"loc":{"start":{"line":8,"column":22},"end":{"line":10,"column":3}},"line":8},"1":{"name":"(anonymous_1)","decl":{"start":{"line":16,"column":2},"end":{"line":16,"column":3}},"loc":{"start":{"line":16,"column":16},"end":{"line":29,"column":3}},"line":16},"2":{"name":"(anonymous_2)","decl":{"start":{"line":17,"column":23},"end":{"line":17,"column":24}},"loc":{"start":{"line":17,"column":44},"end":{"line":28,"column":5}},"line":17},"3":{"name":"(anonymous_3)","decl":{"start":{"line":20,"column":43},"end":{"line":20,"column":44}},"loc":{"start":{"line":20,"column":57},"end":{"line":27,"column":7}},"line":20},"4":{"name":"(anonymous_4)","decl":{"start":{"line":36,"column":2},"end":{"line":36,"column":3}},"loc":{"start":{"line":36,"column":23},"end":{"line":47,"column":3}},"line":36},"5":{"name":"(anonymous_5)","decl":{"start":{"line":37,"column":23},"end":{"line":37,"column":24}},"loc":{"start":{"line":37,"column":44},"end":{"line":46,"column":5}},"line":37},"6":{"name":"(anonymous_6)","decl":{"start":{"line":39,"column":53},"end":{"line":39,"column":54}},"loc":{"start":{"line":39,"column":67},"end":{"line":45,"column":7}},"line":39},"7":{"name":"(anonymous_7)","decl":{"start":{"line":55,"column":2},"end":{"line":55,"column":3}},"loc":{"start":{"line":55,"column":31},"end":{"line":66,"column":3}},"line":55},"8":{"name":"(anonymous_8)","decl":{"start":{"line":56,"column":23},"end":{"line":56,"column":24}},"loc":{"start":{"line":56,"column":44},"end":{"line":65,"column":5}},"line":56},"9":{"name":"(anonymous_9)","decl":{"start":{"line":58,"column":61},"end":{"line":58,"column":62}},"loc":{"start":{"line":58,"column":75},"end":{"line":64,"column":7}},"line":58},"10":{"name":"(anonymous_10)","decl":{"start":{"line":74,"column":2},"end":{"line":74,"column":3}},"loc":{"start":{"line":74,"column":43},"end":{"line":85,"column":3}},"line":74},"11":{"name":"(anonymous_11)","decl":{"start":{"line":75,"column":23},"end":{"line":75,"column":24}},"loc":{"start":{"line":75,"column":44},"end":{"line":84,"column":5}},"line":75},"12":{"name":"(anonymous_12)","decl":{"start":{"line":77,"column":68},"end":{"line":77,"column":69}},"loc":{"start":{"line":77,"column":82},"end":{"line":83,"column":7}},"line":77},"13":{"name":"(anonymous_13)","decl":{"start":{"line":92,"column":2},"end":{"line":92,"column":3}},"loc":{"start":{"line":92,"column":25},"end":{"line":103,"column":3}},"line":92},"14":{"name":"(anonymous_14)","decl":{"start":{"line":93,"column":23},"end":{"line":93,"column":24}},"loc":{"start":{"line":93,"column":44},"end":{"line":102,"column":5}},"line":93},"15":{"name":"(anonymous_15)","decl":{"start":{"line":95,"column":55},"end":{"line":95,"column":56}},"loc":{"start":{"line":95,"column":69},"end":{"line":101,"column":7}},"line":95},"16":{"name":"(anonymous_16)","decl":{"start":{"line":110,"column":2},"end":{"line":110,"column":3}},"loc":{"start":{"line":110,"column":23},"end":{"line":121,"column":3}},"line":110},"17":{"name":"(anonymous_17)","decl":{"start":{"line":111,"column":23},"end":{"line":111,"column":24}},"loc":{"start":{"line":111,"column":44},"end":{"line":120,"column":5}},"line":111},"18":{"name":"(anonymous_18)","decl":{"start":{"line":113,"column":56},"end":{"line":113,"column":57}},"loc":{"start":{"line":113,"column":70},"end":{"line":119,"column":7}},"line":113},"19":{"name":"(anonymous_19)","decl":{"start":{"line":128,"column":2},"end":{"line":128,"column":3}},"loc":{"start":{"line":128,"column":32},"end":{"line":141,"column":3}},"line":128},"20":{"name":"(anonymous_20)","decl":{"start":{"line":129,"column":23},"end":{"line":129,"column":24}},"loc":{"start":{"line":129,"column":44},"end":{"line":140,"column":5}},"line":129},"21":{"name":"(anonymous_21)","decl":{"start":{"line":132,"column":59},"end":{"line":132,"column":60}},"loc":{"start":{"line":132,"column":73},"end":{"line":139,"column":7}},"line":132},"22":{"name":"(anonymous_22)","decl":{"start":{"line":150,"column":2},"end":{"line":150,"column":3}},"loc":{"start":{"line":150,"column":40},"end":{"line":161,"column":3}},"line":150},"23":{"name":"(anonymous_23)","decl":{"start":{"line":151,"column":23},"end":{"line":151,"column":24}},"loc":{"start":{"line":151,"column":44},"end":{"line":160,"column":5}},"line":151},"24":{"name":"(anonymous_24)","decl":{"start":{"line":153,"column":77},"end":{"line":153,"column":78}},"loc":{"start":{"line":153,"column":91},"end":{"line":159,"column":7}},"line":153},"25":{"name":"(anonymous_25)","decl":{"start":{"line":170,"column":2},"end":{"line":170,"column":3}},"loc":{"start":{"line":170,"column":43},"end":{"line":181,"column":3}},"line":170},"26":{"name":"(anonymous_26)","decl":{"start":{"line":171,"column":23},"end":{"line":171,"column":24}},"loc":{"start":{"line":171,"column":44},"end":{"line":180,"column":5}},"line":171},"27":{"name":"(anonymous_27)","decl":{"start":{"line":173,"column":80},"end":{"line":173,"column":81}},"loc":{"start":{"line":173,"column":94},"end":{"line":179,"column":7}},"line":173},"28":{"name":"(anonymous_28)","decl":{"start":{"line":189,"column":2},"end":{"line":189,"column":3}},"loc":{"start":{"line":189,"column":35},"end":{"line":200,"column":3}},"line":189},"29":{"name":"(anonymous_29)","decl":{"start":{"line":190,"column":23},"end":{"line":190,"column":24}},"loc":{"start":{"line":190,"column":44},"end":{"line":199,"column":5}},"line":190},"30":{"name":"(anonymous_30)","decl":{"start":{"line":192,"column":72},"end":{"line":192,"column":73}},"loc":{"start":{"line":192,"column":86},"end":{"line":198,"column":7}},"line":192},"31":{"name":"(anonymous_31)","decl":{"start":{"line":207,"column":2},"end":{"line":207,"column":3}},"loc":{"start":{"line":207,"column":24},"end":{"line":220,"column":3}},"line":207},"32":{"name":"(anonymous_32)","decl":{"start":{"line":208,"column":23},"end":{"line":208,"column":24}},"loc":{"start":{"line":208,"column":44},"end":{"line":219,"column":5}},"line":208},"33":{"name":"(anonymous_33)","decl":{"start":{"line":211,"column":61},"end":{"line":211,"column":62}},"loc":{"start":{"line":211,"column":75},"end":{"line":218,"column":7}},"line":211},"34":{"name":"(anonymous_34)","decl":{"start":{"line":228,"column":2},"end":{"line":228,"column":3}},"loc":{"start":{"line":228,"column":35},"end":{"line":239,"column":3}},"line":228},"35":{"name":"(anonymous_35)","decl":{"start":{"line":229,"column":23},"end":{"line":229,"column":24}},"loc":{"start":{"line":229,"column":44},"end":{"line":238,"column":5}},"line":229},"36":{"name":"(anonymous_36)","decl":{"start":{"line":231,"column":72},"end":{"line":231,"column":73}},"loc":{"start":{"line":231,"column":86},"end":{"line":237,"column":7}},"line":231},"37":{"name":"(anonymous_37)","decl":{"start":{"line":245,"column":2},"end":{"line":245,"column":3}},"loc":{"start":{"line":245,"column":23},"end":{"line":256,"column":3}},"line":245},"38":{"name":"(anonymous_38)","decl":{"start":{"line":246,"column":23},"end":{"line":246,"column":24}},"loc":{"start":{"line":246,"column":44},"end":{"line":255,"column":5}},"line":246},"39":{"name":"(anonymous_39)","decl":{"start":{"line":248,"column":55},"end":{"line":248,"column":56}},"loc":{"start":{"line":248,"column":69},"end":{"line":254,"column":7}},"line":248},"40":{"name":"(anonymous_40)","decl":{"start":{"line":262,"column":2},"end":{"line":262,"column":3}},"loc":{"start":{"line":262,"column":23},"end":{"line":273,"column":3}},"line":262},"41":{"name":"(anonymous_41)","decl":{"start":{"line":263,"column":23},"end":{"line":263,"column":24}},"loc":{"start":{"line":263,"column":44},"end":{"line":272,"column":5}},"line":263},"42":{"name":"(anonymous_42)","decl":{"start":{"line":265,"column":55},"end":{"line":265,"column":56}},"loc":{"start":{"line":265,"column":69},"end":{"line":271,"column":7}},"line":265},"43":{"name":"(anonymous_43)","decl":{"start":{"line":281,"column":2},"end":{"line":281,"column":3}},"loc":{"start":{"line":281,"column":35},"end":{"line":292,"column":3}},"line":281},"44":{"name":"(anonymous_44)","decl":{"start":{"line":282,"column":23},"end":{"line":282,"column":24}},"loc":{"start":{"line":282,"column":44},"end":{"line":291,"column":5}},"line":282},"45":{"name":"(anonymous_45)","decl":{"start":{"line":284,"column":72},"end":{"line":284,"column":73}},"loc":{"start":{"line":284,"column":86},"end":{"line":290,"column":7}},"line":284},"46":{"name":"(anonymous_46)","decl":{"start":{"line":300,"column":2},"end":{"line":300,"column":3}},"loc":{"start":{"line":300,"column":38},"end":{"line":311,"column":3}},"line":300},"47":{"name":"(anonymous_47)","decl":{"start":{"line":301,"column":23},"end":{"line":301,"column":24}},"loc":{"start":{"line":301,"column":44},"end":{"line":310,"column":5}},"line":301},"48":{"name":"(anonymous_48)","decl":{"start":{"line":303,"column":76},"end":{"line":303,"column":77}},"loc":{"start":{"line":303,"column":90},"end":{"line":309,"column":7}},"line":303},"49":{"name":"(anonymous_49)","decl":{"start":{"line":318,"column":2},"end":{"line":318,"column":3}},"loc":{"start":{"line":318,"column":26},"end":{"line":329,"column":3}},"line":318},"50":{"name":"(anonymous_50)","decl":{"start":{"line":319,"column":23},"end":{"line":319,"column":24}},"loc":{"start":{"line":319,"column":44},"end":{"line":328,"column":5}},"line":319},"51":{"name":"(anonymous_51)","decl":{"start":{"line":321,"column":63},"end":{"line":321,"column":64}},"loc":{"start":{"line":321,"column":77},"end":{"line":327,"column":7}},"line":321},"52":{"name":"(anonymous_52)","decl":{"start":{"line":336,"column":2},"end":{"line":336,"column":3}},"loc":{"start":{"line":336,"column":27},"end":{"line":347,"column":3}},"line":336},"53":{"name":"(anonymous_53)","decl":{"start":{"line":337,"column":23},"end":{"line":337,"column":24}},"loc":{"start":{"line":337,"column":44},"end":{"line":346,"column":5}},"line":337},"54":{"name":"(anonymous_54)","decl":{"start":{"line":339,"column":60},"end":{"line":339,"column":61}},"loc":{"start":{"line":339,"column":74},"end":{"line":345,"column":7}},"line":339},"55":{"name":"(anonymous_55)","decl":{"start":{"line":355,"column":2},"end":{"line":355,"column":3}},"loc":{"start":{"line":355,"column":42},"end":{"line":366,"column":3}},"line":355},"56":{"name":"(anonymous_56)","decl":{"start":{"line":356,"column":23},"end":{"line":356,"column":24}},"loc":{"start":{"line":356,"column":44},"end":{"line":365,"column":5}},"line":356},"57":{"name":"(anonymous_57)","decl":{"start":{"line":358,"column":72},"end":{"line":358,"column":73}},"loc":{"start":{"line":358,"column":86},"end":{"line":364,"column":7}},"line":358},"58":{"name":"(anonymous_58)","decl":{"start":{"line":373,"column":2},"end":{"line":373,"column":3}},"loc":{"start":{"line":373,"column":25},"end":{"line":384,"column":3}},"line":373},"59":{"name":"(anonymous_59)","decl":{"start":{"line":374,"column":23},"end":{"line":374,"column":24}},"loc":{"start":{"line":374,"column":44},"end":{"line":383,"column":5}},"line":374},"60":{"name":"(anonymous_60)","decl":{"start":{"line":376,"column":55},"end":{"line":376,"column":56}},"loc":{"start":{"line":376,"column":69},"end":{"line":382,"column":7}},"line":376}},"branchMap":{"0":{"loc":{"start":{"line":22,"column":8},"end":{"line":26,"column":9}},"type":"if","locations":[{"start":{"line":22,"column":8},"end":{"line":26,"column":9}},{"start":{"line":24,"column":15},"end":{"line":26,"column":9}}],"line":22},"1":{"loc":{"start":{"line":22,"column":12},"end":{"line":22,"column":40}},"type":"binary-expr","locations":[{"start":{"line":22,"column":12},"end":{"line":22,"column":20}},{"start":{"line":22,"column":24},"end":{"line":22,"column":40}}],"line":22},"2":{"loc":{"start":{"line":23,"column":18},"end":{"line":23,"column":46}},"type":"binary-expr","locations":[{"start":{"line":23,"column":18},"end":{"line":23,"column":40}},{"start":{"line":23,"column":44},"end":{"line":23,"column":46}}],"line":23},"3":{"loc":{"start":{"line":25,"column":27},"end":{"line":25,"column":70}},"type":"binary-expr","locations":[{"start":{"line":25,"column":27},"end":{"line":25,"column":51}},{"start":{"line":25,"column":55},"end":{"line":25,"column":70}}],"line":25},"4":{"loc":{"start":{"line":40,"column":8},"end":{"line":44,"column":9}},"type":"if","locations":[{"start":{"line":40,"column":8},"end":{"line":44,"column":9}},{"start":{"line":42,"column":15},"end":{"line":44,"column":9}}],"line":40},"5":{"loc":{"start":{"line":59,"column":8},"end":{"line":63,"column":9}},"type":"if","locations":[{"start":{"line":59,"column":8},"end":{"line":63,"column":9}},{"start":{"line":61,"column":15},"end":{"line":63,"column":9}}],"line":59},"6":{"loc":{"start":{"line":74,"column":25},"end":{"line":74,"column":41}},"type":"default-arg","locations":[{"start":{"line":74,"column":39},"end":{"line":74,"column":41}}],"line":74},"7":{"loc":{"start":{"line":78,"column":8},"end":{"line":82,"column":9}},"type":"if","locations":[{"start":{"line":78,"column":8},"end":{"line":82,"column":9}},{"start":{"line":80,"column":15},"end":{"line":82,"column":9}}],"line":78},"8":{"loc":{"start":{"line":96,"column":8},"end":{"line":100,"column":9}},"type":"if","locations":[{"start":{"line":96,"column":8},"end":{"line":100,"column":9}},{"start":{"line":98,"column":15},"end":{"line":100,"column":9}}],"line":96},"9":{"loc":{"start":{"line":114,"column":8},"end":{"line":118,"column":9}},"type":"if","locations":[{"start":{"line":114,"column":8},"end":{"line":118,"column":9}},{"start":{"line":116,"column":15},"end":{"line":118,"column":9}}],"line":114},"10":{"loc":{"start":{"line":134,"column":8},"end":{"line":138,"column":9}},"type":"if","locations":[{"start":{"line":134,"column":8},"end":{"line":138,"column":9}},{"start":{"line":136,"column":15},"end":{"line":138,"column":9}}],"line":134},"11":{"loc":{"start":{"line":135,"column":18},"end":{"line":135,"column":45}},"type":"binary-expr","locations":[{"start":{"line":135,"column":18},"end":{"line":135,"column":39}},{"start":{"line":135,"column":43},"end":{"line":135,"column":45}}],"line":135},"12":{"loc":{"start":{"line":137,"column":27},"end":{"line":137,"column":69}},"type":"binary-expr","locations":[{"start":{"line":137,"column":27},"end":{"line":137,"column":50}},{"start":{"line":137,"column":54},"end":{"line":137,"column":69}}],"line":137},"13":{"loc":{"start":{"line":154,"column":8},"end":{"line":158,"column":9}},"type":"if","locations":[{"start":{"line":154,"column":8},"end":{"line":158,"column":9}},{"start":{"line":156,"column":15},"end":{"line":158,"column":9}}],"line":154},"14":{"loc":{"start":{"line":174,"column":8},"end":{"line":178,"column":9}},"type":"if","locations":[{"start":{"line":174,"column":8},"end":{"line":178,"column":9}},{"start":{"line":176,"column":15},"end":{"line":178,"column":9}}],"line":174},"15":{"loc":{"start":{"line":193,"column":8},"end":{"line":197,"column":9}},"type":"if","locations":[{"start":{"line":193,"column":8},"end":{"line":197,"column":9}},{"start":{"line":195,"column":15},"end":{"line":197,"column":9}}],"line":193},"16":{"loc":{"start":{"line":213,"column":8},"end":{"line":217,"column":9}},"type":"if","locations":[{"start":{"line":213,"column":8},"end":{"line":217,"column":9}},{"start":{"line":215,"column":15},"end":{"line":217,"column":9}}],"line":213},"17":{"loc":{"start":{"line":214,"column":18},"end":{"line":214,"column":47}},"type":"binary-expr","locations":[{"start":{"line":214,"column":18},"end":{"line":214,"column":41}},{"start":{"line":214,"column":45},"end":{"line":214,"column":47}}],"line":214},"18":{"loc":{"start":{"line":216,"column":27},"end":{"line":216,"column":69}},"type":"binary-expr","locations":[{"start":{"line":216,"column":27},"end":{"line":216,"column":50}},{"start":{"line":216,"column":54},"end":{"line":216,"column":69}}],"line":216},"19":{"loc":{"start":{"line":232,"column":8},"end":{"line":236,"column":9}},"type":"if","locations":[{"start":{"line":232,"column":8},"end":{"line":236,"column":9}},{"start":{"line":234,"column":15},"end":{"line":236,"column":9}}],"line":232},"20":{"loc":{"start":{"line":249,"column":8},"end":{"line":253,"column":9}},"type":"if","locations":[{"start":{"line":249,"column":8},"end":{"line":253,"column":9}},{"start":{"line":251,"column":15},"end":{"line":253,"column":9}}],"line":249},"21":{"loc":{"start":{"line":266,"column":8},"end":{"line":270,"column":9}},"type":"if","locations":[{"start":{"line":266,"column":8},"end":{"line":270,"column":9}},{"start":{"line":268,"column":15},"end":{"line":270,"column":9}}],"line":266},"22":{"loc":{"start":{"line":285,"column":8},"end":{"line":289,"column":9}},"type":"if","locations":[{"start":{"line":285,"column":8},"end":{"line":289,"column":9}},{"start":{"line":287,"column":15},"end":{"line":289,"column":9}}],"line":285},"23":{"loc":{"start":{"line":304,"column":8},"end":{"line":308,"column":9}},"type":"if","locations":[{"start":{"line":304,"column":8},"end":{"line":308,"column":9}},{"start":{"line":306,"column":15},"end":{"line":308,"column":9}}],"line":304},"24":{"loc":{"start":{"line":322,"column":8},"end":{"line":326,"column":9}},"type":"if","locations":[{"start":{"line":322,"column":8},"end":{"line":326,"column":9}},{"start":{"line":324,"column":15},"end":{"line":326,"column":9}}],"line":322},"25":{"loc":{"start":{"line":340,"column":8},"end":{"line":344,"column":9}},"type":"if","locations":[{"start":{"line":340,"column":8},"end":{"line":344,"column":9}},{"start":{"line":342,"column":15},"end":{"line":344,"column":9}}],"line":340},"26":{"loc":{"start":{"line":359,"column":8},"end":{"line":363,"column":9}},"type":"if","locations":[{"start":{"line":359,"column":8},"end":{"line":363,"column":9}},{"start":{"line":361,"column":15},"end":{"line":363,"column":9}}],"line":359},"27":{"loc":{"start":{"line":377,"column":8},"end":{"line":381,"column":9}},"type":"if","locations":[{"start":{"line":377,"column":8},"end":{"line":381,"column":9}},{"start":{"line":379,"column":15},"end":{"line":381,"column":9}}],"line":377}},"s":{"0":22,"1":2,"2":2,"3":2,"4":2,"5":2,"6":1,"7":1,"8":0,"9":0,"10":0,"11":0,"12":0,"13":0,"14":1,"15":1,"16":1,"17":1,"18":1,"19":0,"20":2,"21":2,"22":2,"23":2,"24":2,"25":0,"26":1,"27":1,"28":1,"29":1,"30":1,"31":0,"32":3,"33":3,"34":3,"35":3,"36":3,"37":0,"38":1,"39":1,"40":1,"41":1,"42":1,"43":1,"44":0,"45":1,"46":1,"47":1,"48":1,"49":1,"50":0,"51":1,"52":1,"53":1,"54":1,"55":1,"56":0,"57":1,"58":1,"59":1,"60":1,"61":1,"62":0,"63":1,"64":1,"65":1,"66":1,"67":1,"68":1,"69":0,"70":1,"71":1,"72":1,"73":1,"74":1,"75":0,"76":1,"77":1,"78":1,"79":1,"80":1,"81":0,"82":1,"83":1,"84":1,"85":1,"86":1,"87":0,"88":1,"89":1,"90":1,"91":1,"
[...]
,"column":7}},"line":321},"22":{"name":"getGpuStatus","decl":{"start":{"line":363,"column":16},"end":{"line":363,"column":28}},"loc":{"start":{"line":363,"column":31},"end":{"line":376,"column":1}},"line":363},"23":{"name":"isMonitoringActive","decl":{"start":{"line":382,"column":16},"end":{"line":382,"column":34}},"loc":{"start":{"line":382,"column":37},"end":{"line":384,"column":1}},"line":382},"24":{"name":"getGpuDetectionStatus","decl":{"start":{"line":390,"column":16},"end":{"line":390,"column":37}},"loc":{"start":{"line":390,"column":40},"end":{"line":392,"column":1}},"line":390},"25":{"name":"collectGpuMetrics","decl":{"start":{"line":399,"column":22},"end":{"line":399,"column":39}},"loc":{"start":{"line":399,"column":42},"end":{"line":425,"column":1}},"line":399},"26":{"name":"(anonymous_26)","decl":{"start":{"line":402,"column":35},"end":{"line":402,"column":36}},"loc":{"start":{"line":402,"column":40},"end":{"line":402,"column":61}},"line":402},"27":{"name":"(anonymous_27)","decl":{"start":{"line":404,"column":42},"end":{"line":404,"column":43}},"loc":{"start":{"line":404,"column":54},"end":{"line":404,"column":83}},"line":404},"28":{"name":"(anonymous_28)","decl":{"start":{"line":405,"column":41},"end":{"line":405,"column":42}},"loc":{"start":{"line":405,"column":53},"end":{"line":405,"column":92}},"line":405},"29":{"name":"(anonymous_29)","decl":{"start":{"line":407,"column":26},"end":{"line":407,"column":27}},"loc":{"start":{"line":407,"column":38},"end":{"line":407,"column":80}},"line":407},"30":{"name":"getGpuList","decl":{"start":{"line":431,"column":22},"end":{"line":431,"column":32}},"loc":{"start":{"line":431,"column":35},"end":{"line":438,"column":1}},"line":431}},"branchMap":{"0":{"loc":{"start":{"line":30,"column":2},"end":{"line":33,"column":3}},"type":"if","locations":[{"start":{"line":30,"column":2},"end":{"line":33,"column":3}},{"start":{},"end":{}}],"line":30},"1":{"loc":{"start":{"line":56,"column":4},"end":{"line":60,"column":5}},"type":"if","locations":[{"start":{"line":56,"column":4},"end":{"line":60,"column":5}},{"start":{},"end":{}}],"line":56},"2":{"loc":{"start":{"line":71,"column":2},"end":{"line":71,"column":28}},"type":"if","locations":[{"start":{"line":71,"column":2},"end":{"line":71,"column":28}},{"start":{},"end":{}}],"line":71},"3":{"loc":{"start":{"line":75,"column":2},"end":{"line":78,"column":3}},"type":"if","locations":[{"start":{"line":75,"column":2},"end":{"line":78,"column":3}},{"start":{},"end":{}}],"line":75},"4":{"loc":{"start":{"line":80,"column":2},"end":{"line":83,"column":3}},"type":"if","locations":[{"start":{"line":80,"column":2},"end":{"line":83,"column":3}},{"start":{},"end":{}}],"line":80},"5":{"loc":{"start":{"line":103,"column":4},"end":{"line":114,"column":5}},"type":"if","locations":[{"start":{"line":103,"column":4},"end":{"line":114,"column":5}},{"start":{},"end":{}}],"line":103},"6":{"loc":{"start":{"line":110,"column":22},"end":{"line":110,"column":54}},"type":"binary-expr","locations":[{"start":{"line":110,"column":22},"end":{"line":110,"column":46}},{"start":{"line":110,"column":50},"end":{"line":110,"column":54}}],"line":110},"7":{"loc":{"start":{"line":137,"column":4},"end":{"line":140,"column":5}},"type":"if","locations":[{"start":{"line":137,"column":4},"end":{"line":140,"column":5}},{"start":{},"end":{}}],"line":137},"8":{"loc":{"start":{"line":148,"column":4},"end":{"line":157,"column":5}},"type":"if","locations":[{"start":{"line":148,"column":4},"end":{"line":157,"column":5}},{"start":{},"end":{}}],"line":148},"9":{"loc":{"start":{"line":153,"column":22},"end":{"line":153,"column":54}},"type":"binary-expr","locations":[{"start":{"line":153,"column":22},"end":{"line":153,"column":46}},{"start":{"line":153,"column":50},"end":{"line":153,"column":54}}],"line":153},"10":{"loc":{"start":{"line":177,"column":42},"end":{"line":177,"column":59}},"type":"binary-expr","locations":[{"start":{"line":177,"column":42},"end":{"line":177,"column":53}},{"start":{"line":177,"column":57},"end":{"line":177,"column":59}}],"line":177},"11":{"loc":{"start":{"line":180,"column":6},"end":{"line":190,"column":7}},"type":"if","locations":[{"start":{"line":180,"column":6},"end":{"line":190,"column":7}},{"start":{"line":182,"column":13},"end":{"line":190,"column":7}}],"line":180},"12":{"loc":{"start":{"line":182,"column":13},"end":{"line":190,"column":7}},"type":"if","locations":[{"start":{"line":182,"column":13},"end":{"line":190,"column":7}},{"start":{},"end":{}}],"line":182},"13":{"loc":{"start":{"line":185,"column":8},"end":{"line":189,"column":9}},"type":"if","locations":[{"start":{"line":185,"column":8},"end":{"line":189,"column":9}},{"start":{"line":187,"column":15},"end":{"line":189,"column":9}}],"line":185},"14":{"loc":{"start":{"line":217,"column":21},"end":{"line":217,"column":71}},"type":"binary-expr","locations":[{"start":{"line":217,"column":21},"end":{"line":217,"column":66}},{"start":{"line":217,"column":70},"end":{"line":217,"column":71}}],"line":217},"15":{"loc":{"start":{"line":220,"column":4},"end":{"line":244,"column":5}},"type":"if","locations":[{"start":{"line":220,"column":4},"end":{"line":244,"column":5}},{"start":{},"end":{}}],"line":220},"16":{"loc":{"start":{"line":222,"column":6},"end":{"line":243,"column":7}},"type":"if","locations":[{"start":{"line":222,"column":6},"end":{"line":243,"column":7}},{"start":{},"end":{}}],"line":222},"17":{"loc":{"start":{"line":223,"column":29},"end":{"line":223,"column":50}},"type":"binary-expr","locations":[{"start":{"line":223,"column":29},"end":{"line":223,"column":45}},{"start":{"line":223,"column":49},"end":{"line":223,"column":50}}],"line":223},"18":{"loc":{"start":{"line":224,"column":30},"end":{"line":224,"column":53}},"type":"binary-expr","locations":[{"start":{"line":224,"column":30},"end":{"line":224,"column":48}},{"start":{"line":224,"column":52},"end":{"line":224,"column":53}}],"line":224},"19":{"loc":{"start":{"line":227,"column":30},"end":{"line":227,"column":55}},"type":"binary-expr","locations":[{"start":{"line":227,"column":30},"end":{"line":227,"column":50}},{"start":{"line":227,"column":54},"end":{"line":227,"column":55}}],"line":227},"20":{"loc":{"start":{"line":230,"column":26},"end":{"line":230,"column":60}},"type":"binary-expr","locations":[{"start":{"line":230,"column":26},"end":{"line":230,"column":44}},{"start":{"line":230,"column":48},"end":{"line":230,"column":60}}],"line":230},"21":{"loc":{"start":{"line":231,"column":29},"end":{"line":231,"column":63}},"type":"binary-expr","locations":[{"start":{"line":231,"column":29},"end":{"line":231,"column":47}},{"start":{"line":231,"column":51},"end":{"line":231,"column":63}}],"line":231},"22":{"loc":{"start":{"line":232,"column":30},"end":{"line":232,"column":58}},"type":"binary-expr","locations":[{"start":{"line":232,"column":30},"end":{"line":232,"column":50}},{"start":{"line":232,"column":54},"end":{"line":232,"column":58}}],"line":232},"23":{"loc":{"start":{"line":233,"column":26},"end":{"line":233,"column":54}},"type":"binary-expr","locations":[{"start":{"line":233,"column":26},"end":{"line":233,"column":46}},{"start":{"line":233,"column":50},"end":{"line":233,"column":54}}],"line":233},"24":{"loc":{"start":{"line":234,"column":27},"end":{"line":234,"column":55}},"type":"binary-expr","locations":[{"start":{"line":234,"column":27},"end":{"line":234,"column":47}},{"start":{"line":234,"column":51},"end":{"line":234,"column":55}}],"line":234},"25":{"loc":{"start":{"line":235,"column":27},"end":{"line":235,"column":55}},"type":"binary-expr","locations":[{"start":{"line":235,"column":27},"end":{"line":235,"column":47}},{"start":{"line":235,"column":51},"end":{"line":235,"column":55}}],"line":235},"26":{"loc":{"start":{"line":236,"column":25},"end":{"line":236,"column":53}},"type":"binary-expr","locations":[{"start":{"line":236,"column":25},"end":{"line":236,"column":45}},{"start":{"line":236,"column":49},"end":{"line":236,"column":53}}],"line":236},"27":{"loc":{"start":{"line":237,"column":26},"end":{"line":237,"column":54}},"type":"binary-expr","locations":[{"start":{"line":237,"column":26},"end":{"line":237,"column":46}},{"start":{"line":237,"column":50},"end":{"line":237,"column":54}}],"line":237},"28":{"loc":{"start":{"line":238,"column":30},"end":{"line":238,"column":59}},"type":"binary-expr","locations":[{"start":{"line":238,"column":30},"end":{"line":238,"column":51}},{"start":{"line":238,"column":55},"end":{"line":238,"column":59}}],"line":238},"29":{"loc":{"start":{"line":239,"column":30},"end":{"line":239,"column":59}},"type":"binary-expr","locations":[{"start":{"line":239,"column":30},"end":{"line":239,"column":51}},{"start":{"line":239,"column":55},"end":{"line":239,"column":59}}],"line":239},"30":{"loc":{"start":{"line":240,"column":28},"end":{"line":240,"column":87}},"type":"cond-expr","locations":[{"start":{"line":240,"column":47},"end":{"line":240,"column":83}},{"start":{"line":240,"column":86},"end":{"line":240,"column":87}}],"line":240},"31":{"loc":{"start":{"line":266,"column":4},"end":{"line":287,"column":5}},"type":"if","locations":[{"start":{"line":266,"column":4},"end":{"line":287,"column":5}},{"start":{},"end":{}}],"line":266},"32":{"loc":{"start":{"line":268,"column":27},"end":{"line":268,"column":48}},"type":"binary-expr","locations":[{"start":{"line":268,"column":27},"end":{"line":268,"column":43}},{"start":{"line":268,"column":47},"end":{"line":268,"column":48}}],"line":268},"33":{"loc":{"start":{"line":269,"column":26},"end":{"line":269,"column":72}},"type":"binary-expr","locations":[{"start":{"line":269,"column":26},"end":{"line":269,"column":67}},{"start":{"line":269,"column":71},"end":{"line":269,"column":72}}],"line":269},"34":{"loc":{"start":{"line":272,"column":28},"end":{"line":272,"column":55}},"type":"binary-expr","locations":[{"start":{"line":272,"column":28},"end":{"line":272,"column":50}},{"start":{"line":272,"column":54},"end":{"line":272,"column":55}}],"line":272},"35":{"loc":{"start":{"line":277,"column":28},"end":{"line":277,"column":76}},"type":"binary-expr","locations":[{"start":{"line":277,"column":28},"end":{"line":277,"column":68}},{"start":{"line":277,"column":72},"end":{"line":277,"column":76}}],"line":277},"36":{"loc":{"start":{"line":278,"column":24},"end":{"line":278,"column":77}},"type":"binary-expr","locations":[{"start":{"line":278,"column":24},"end":{"line":278,"column":69}},{"start":{"line":278,"column":73},"end":{"line":278,"column":77}}],"line":278},"37":{"loc":{"start":{"line":279,"column":25},"end":{"line":279,"column":57}},"type":"binary-expr","locations":[{"start":{"line":279,"column":25},"end":{"line":279,"column":49}},{"start":{"line":279,"column":53},"end":{"line":279,"column":57}}],"line":279},"38":{"loc":{"start":{"line":284,"column":26},"end":{"line":284,"column":83}},"type":"cond-expr","locations":[{"start":{"line":284,"column":45},"end":{"line":284,"column":79}},{"start":{"line":284,"column":82},"end":{"line":284,"column":83}}],"line":284},"39":{"loc":{"start":{"line":307,"column":57},"end":{"line":307,"column":78}},"type":"binary-expr","locations":[{"start":{"line":307,"column":57},"end":{"line":307,"column":73}},{"start":{"line":307,"column":77},"end":{"line":307,"column":78}}],"line":307},"40":{"loc":{"start":{"line":308,"column":61},"end":{"line":308,"column":92}},"type":"binary-expr","locations":[{"start":{"line":308,"column":61},"end":{"line":308,"column":87}},{"start":{"line":308,"column":91},"end":{"line":308,"column":92}}],"line":308},"41":{"loc":{"start":{"line":309,"column":25},"end":{"line":311,"column":7}},"type":"cond-expr","locations":[{"start":{"line":310,"column":6},"end":{"line":310,"column":102}},{"start":{"line":311,"column":6},"end":{"line":311,"column":7}}],"line":309},"42":{"loc":{"start":{"line":310,"column":43},"end":{"line":310,"column":77}},"type":"binary-expr","locations":[{"start":{"line":310,"column":43},"end":{"line":310,"column":72}},{"start":{"line":310,"column":76},"end":{"line":310,"column":77}}],"line":310},"43":{"loc":{"start":{"line":312,"column":25},"end":{"line":314,"column":7}},"type":"cond-expr","locations":[{"start":{"line":313,"column":6},"end":{"line":313,"column":74}},{"start":{"line":314,"column":6},"end":{"line":314,"column":7}}],"line":312},"44":{"loc":{"start":{"line":313,"column":38},"end":{"line":313,"column":72}},"type":"binary-expr","locations":[{"start":{"line":313,"column":38},"end":{"line":313,"column":67}},{"start":{"line":313,"column":71},"end":{"line":313,"column":72}}],"line":313},"45":{"loc":{"start":{"line":315,"column":58},"end":{"line":315,"column":88}},"type":"binary-expr","locations":[{"start":{"line":315,"column":58},"end":{"line":315,"column":83}},{"start":{"line":315,"column":87},"end":{"line":315,"column":88}}],"line":315},"46":{"loc":{"start":{"line":330,"column":22},"end":{"line":330,"column":47}},"type":"binary-expr","locations":[{"start":{"line":330,"column":22},"end":{"line":330,"column":38}},{"start":{"line":330,"column":42},"end":{"line":330,"column":47}}],"line":330},"47":{"loc":{"start":{"line":332,"column":30},"end":{"line":332,"column":66}},"type":"binary-expr","locations":[{"start":{"line":332,"column":30},"end":{"line":332,"column":61}},{"start":{"line":332,"column":65},"end":{"line":332,"column":66}}],"line":332},"48":{"loc":{"start":{"line":333,"column":25},"end":{"line":333,"column":56}},"type":"binary-expr","locations":[{"start":{"line":333,"column":25},"end":{"line":333,"column":51}},{"start":{"line":333,"column":55},"end":{"line":333,"column":56}}],"line":333},"49":{"loc":{"start":{"line":334,"column":27},"end":{"line":334,"column":60}},"type":"binary-expr","locations":[{"start":{"line":334,"column":27},"end":{"line":334,"column":55}},{"start":{"line":334,"column":59},"end":{"line":334,"column":60}}],"line":334},"50":{"loc":{"start":{"line":335,"column":26},"end":{"line":335,"column":73}},"type":"binary-expr","locations":[{"start":{"line":335,"column":26},"end":{"line":335,"column":53}},{"start":{"line":335,"column":57},"end":{"line":335,"column":73}}],"line":335},"51":{"loc":{"start":{"line":336,"column":28},"end":{"line":336,"column":79}},"type":"binary-expr","locations":[{"start":{"line":336,"column":28},"end":{"line":336,"column":57}},{"start":{"line":336,"column":61},"end":{"line":336,"column":79}}],"line":336},"52":{"loc":{"start":{"line":337,"column":30},"end":{"line":337,"column":69}},"type":"binary-expr","locations":[{"start":{"line":337,"column":30},"end":{"line":337,"column":61}},{"start":{"line":337,"column":65},"end":{"line":337,"column":69}}],"line":337},"53":{"loc":{"start":{"line":338,"column":26},"end":{"line":338,"column":61}},"type":"binary-expr","locations":[{"start":{"line":338,"column":26},"end":{"line":338,"column":53}},{"start":{"line":338,"column":57},"end":{"line":338,"column":61}}],"line":338},"54":{"loc":{"start":{"line":339,"column":27},"end":{"line":339,"column":63}},"type":"binary-expr","locations":[{"start":{"line":339,"column":27},"end":{"line":339,"column":55}},{"start":{"line":339,"column":59},"end":{"line":339,"column":63}}],"line":339},"55":{"loc":{"start":{"line":340,"column":25},"end":{"line":340,"column":59}},"type":"binary-expr","locations":[{"start":{"line":340,"column":25},"end":{"line":340,"column":51}},{"start":{"line":340,"column":55},"end":{"line":340,"column":59}}],"line":340},"56":{"loc":{"start":{"line":341,"column":26},"end":{"line":341,"column":61}},"type":"binary-expr","locations":[{"start":{"line":341,"column":26},"end":{"line":341,"column":53}},{"start":{"line":341,"column":57},"end":{"line":341,"column":61}}],"line":341},"57":{"loc":{"start":{"line":342,"column":30},"end":{"line":342,"column":69}},"type":"binary-expr","locations":[{"start":{"line":342,"column":30},"end":{"line":342,"column":61}},{"start":{"line":342,"column":65},"end":{"line":342,"column":69}}],"line":342},"58":{"loc":{"start":{"line":343,"column":30},"end":{"line":343,"column":69}},"type":"binary-expr","locations":[{"start":{"line":343,"column":30},"end":{"line":343,"column":61}},{"start":{"line":343,"column":65},"end":{"line":343,"column":69}}],"line":343},"59":{"loc":{"start":{"line":344,"column":28},"end":{"line":344,"column":62}},"type":"binary-expr","locations":[{"start":{"line":344,"column":28},"end":{"line":344,"column":57}},{"start":{"line":344,"column":61},"end":{"line":344,"column":62}}],"line":344},"60":{"loc":{"start":{"line":371,"column":16},"end":{"line":371,"column":53}},"type":"binary-expr","locations":[{"start":{"line":371,"column":16},"end":{"line":371,"column":48}},{"start":{"line":371,"column":52},"end":{"line":371,"column":53}}],"line":371},"61":{"loc":{"start":{"line":372,"column":11},"end":{"line":372,"column":41}},"type":"binary-expr","locations":[{"start":{"line":372,"column":11},"end":{"line":372,"column":36}},{"start":{"line":372,"column":40},"end":{"line":372,"column":41}}],"line":372},"62":{"loc":{"start":{"line":404,"column":61},"end":{"line":404,"column":82}},"type":"binary-expr","locations":[{"start":{"line":404,"column":61},"end":{"line":404,"column":77}},{"start":{"line":404,"column":81},"end":{"line":404,"column":82}}],"line":404},"63":{"loc":{"start":{"line":405,"column":60},"end":{"line":405,"column":91}},"type":"binary-expr","locations":[{"start":{"line":405,"column":60},"end":{"line":405,"column":86}},{"start":{"line":405,"column":90},"end":{"line":405,"column":91}}],"line":405},"64":{"loc":{"start":{"line":406,"column":21},"end":{"line":408,"column":9}},"type":"cond-expr","locations":[{"start":{"line":407,"column":8},"end":{"line":407,"column":104}},{"start":{"line":408,"column":8},"end":{"line":408,"column":9}}],"line":406},"65":{"loc":{"start":{"line":407,"column":45},"end":{"line":407,"column":79}},"type":"binary-expr","locations":[{"start":{"line":407,"column":45},"end":{"line":407,"column":74}},{"start":{"line":407,"column":78},"end":{"line":407,"column":79}}],"line":407}},"s":{"0":37,"1":37,"2":37,"3":37,"4":37,"5":37,"6":37,"7":37,"8":0,"9":0,"10":0,"11":0,"12":0,"13":0,"14":0,"15":0,"16":0,"17":0,"18":0,"19":0,"20":0,"21":0,"22":0,"23":0,"24":0,"25":0,"26":0,"27":0,"28":0,"29":0,"30":0,"31":0,"32":0,"33":0,"34":0,"35":0,"36":0,"37":0,"38":0,"39":0,"40":0,"41":0,"42":0,"43":0,"44":0,"45":0,"46":0,"47":0,"48":0,"49":0,"50":0,"51":0,"52":0,"53":0,"54":0,"55":0,"56":0,"57":0,"58":0,"59":0,"60":0,"61":0,"62":0,"63":0,"64":0,"65":0,"66":0,"67":0,"68":0,"69":0,"70":0,"71":0,"72":0,"73":0,"74":0,"75":0,"76":0,"77":0,"78":0,"79":0,"80":0,"81":0,"82":0,"83":0,"84":0,"85":0,"86":0,"87":0,"88":0,"89":0,"90":0,"91":0,"92":0,"93":0,"94":0,"95":0,"96":0,"97":0,"98":0,"99":0,"100":0,"101":0,"102":37,"103":0,"104":0,"105":0,"106":0,"107":0,"108":0,"109":0,"110":0,"111":0,"112":0,"113":0,"114":0,"115":0,"116":0,"117":0,"118":0,"119":0,"120":0,"121":0,"122":0,"123":0,"124":0,"125":0,"126":0,"127":0,"128":0,"129":0,"130":0,"131":0,"132":0,"133":0,"134":0,"135":0,"136":0,"137":0,"138":0,"139":0},"f":{"0":0,"1":0,"2":0,"3":0,"4":0,"5":0,"6":0,"7":0,"8":0,"9":0,"10":0,"11":0,"12":0,"13":0,"14":0,"15":0,"16":0,"17":0,"18":0,"19":0,"20":0,"21":0,"22":0,"23":0,"24":0,"25":0,"26":0,"27":0,"28":0,"29":0,"30":0},"b":{"0":[0,0],"1":[0,0],"2":[0,0],"3":[0,0],"4":[0,0],"5":[0,0],"6":[0,0],"7":[0,0],"8":[0,0],"9":[0,0],"10":[0,0],"11":[0,0],"12":[0,0],"13":[0,0],"14":[0,0],"15":[0,0],"16":[0,0],"17":[0,0],"18":[0,0],"19":[0,0],"20":[0,0],"21":[0,0],"22":[0,0],"23":[0,0],"24":[0,0],"25":[0,0],"26":[0,0],"27":[0,0],"28":[0,0],"29":[0,0],"30":[0,0],"31":[0,0],"32":[0,0],"33":[0,0],"34":[0,0],"35":[0,0],"36":[0,0],"37":[0,0],"38":[0,0],"39":[0,0],"40":[0,0],"41":[0,0],"42":[0,0],"43":[0,0],"44":[0,0],"45":[0,0],"46":[0,0],"47":[0,0],"48":[0,0],"49":[0,0],"50":[0,0],"51":[0,0],"52":[0,0],"53":[0,0],"54":[0,0],"55":[0,0],"56":[0,0],"57":[0,0],"58":[0,0],"59":[0,0],"60":[0,0],"61":[0,0],"62":[0,0],"63":[0,0],"64":[0,0],"65":[0,0]},"_coverageSchema":"1a1c01bbd47fc00a2c39e90264f33305004495a9","hash":"c420e45585d6e67ad06a46979688fa9422f34dac"}
}
