TN:
SF:public/js/core/component-base.js
FN:11,(anonymous_0)
FN:24,(anonymous_1)
FN:33,(anonymous_2)
FN:64,(anonymous_3)
FN:71,(anonymous_4)
FN:76,(anonymous_5)
FN:82,(anonymous_6)
FN:98,(anonymous_7)
FN:107,(anonymous_8)
FNF:9
FNH:7
FNDA:87,(anonymous_0)
FNDA:2,(anonymous_1)
FNDA:58,(anonymous_2)
FNDA:0,(anonymous_3)
FNDA:61,(anonymous_4)
FNDA:68,(anonymous_5)
FNDA:0,(anonymous_6)
FNDA:11,(anonymous_7)
FNDA:4,(anonymous_8)
DA:12,87
DA:13,87
DA:14,87
DA:15,87
DA:16,87
DA:25,2
DA:35,58
DA:39,58
DA:40,3
DA:41,3
DA:44,55
DA:45,55
DA:47,55
DA:48,54
DA:49,54
DA:50,54
DA:51,54
DA:52,54
DA:54,1
DA:57,55
DA:65,0
DA:83,0
DA:84,0
DA:85,0
DA:86,0
DA:87,0
DA:88,0
DA:89,0
DA:92,0
DA:99,11
DA:101,11
DA:102,10
DA:105,11
DA:106,4
DA:107,4
DA:108,4
DA:109,4
DA:110,4
DA:113,0
DA:116,4
DA:119,11
DA:120,11
DA:121,11
DA:123,0
DA:125,11
DA:128,11
DA:129,11
DA:132,11
DA:136,5
LF:49
LH:38
BRDA:11,0,0,66
BRDA:35,1,0,41
BRDA:35,1,1,17
BRDA:39,2,0,3
BRDA:39,2,1,55
BRDA:47,3,0,54
BRDA:47,3,1,1
BRDA:85,4,0,0
BRDA:85,4,1,0
BRDA:85,5,0,0
BRDA:85,5,1,0
BRDA:101,6,0,10
BRDA:101,6,1,1
BRDA:105,7,0,4
BRDA:105,7,1,7
BRDA:105,8,0,11
BRDA:105,8,1,11
BRDA:109,9,0,4
BRDA:109,9,1,0
BRDA:109,10,0,4
BRDA:109,10,1,4
BRDA:109,10,2,4
BRDA:119,11,0,11
BRDA:119,11,1,0
BRDA:128,12,0,11
BRDA:128,12,1,0
BRF:26
BRH:19
end_of_record
TN:
SF:public/js/core/component-h.js
FN:16,(anonymous_0)
FN:62,(anonymous_1)
FN:68,(anonymous_2)
FN:88,(anonymous_3)
FN:91,(anonymous_4)
FNF:5
FNH:5
FNDA:127,(anonymous_0)
FNDA:74,(anonymous_1)
FNDA:5,(anonymous_2)
FNDA:101,(anonymous_3)
FNDA:97,(anonymous_4)
DA:16,5
DA:18,127
DA:19,0
DA:20,0
DA:24,127
DA:25,20
DA:26,20
DA:27,20
DA:28,20
DA:30,20
DA:34,16
DA:37,16
DA:38,0
DA:41,16
DA:42,16
DA:43,16
DA:44,16
DA:47,0
DA:48,0
DA:49,0
DA:52,4
DA:54,20
DA:58,107
DA:59,107
DA:62,107
DA:63,74
DA:64,30
DA:65,44
DA:66,3
DA:67,41
DA:68,3
DA:69,5
DA:71,38
DA:72,0
DA:73,38
DA:74,1
DA:75,1
DA:76,37
DA:77,3
DA:78,34
DA:79,7
DA:80,5
DA:82,27
DA:83,25
DA:88,107
DA:91,107
DA:92,97
DA:93,62
DA:94,35
DA:96,33
DA:97,2
DA:99,2
DA:101,2
DA:102,2
DA:103,2
DA:105,0
DA:109,0
DA:114,107
DA:115,2
DA:118,107
LF:60
LH:51
BRDA:16,0,0,1
BRDA:18,1,0,0
BRDA:18,1,1,127
BRDA:20,2,0,0
BRDA:20,2,1,0
BRDA:24,3,0,20
BRDA:24,3,1,107
BRDA:24,4,0,127
BRDA:24,4,1,20
BRDA:30,5,0,16
BRDA:30,5,1,4
BRDA:34,6,0,16
BRDA:34,6,1,0
BRDA:37,7,0,0
BRDA:37,7,1,16
BRDA:37,8,0,16
BRDA:37,8,1,16
BRDA:62,9,0,107
BRDA:62,9,1,0
BRDA:63,10,0,30
BRDA:63,10,1,44
BRDA:65,11,0,3
BRDA:65,11,1,41
BRDA:65,12,0,44
BRDA:65,12,1,3
BRDA:67,13,0,3
BRDA:67,13,1,38
BRDA:71,14,0,0
BRDA:71,14,1,38
BRDA:71,15,0,38
BRDA:71,15,1,0
BRDA:73,16,0,1
BRDA:73,16,1,37
BRDA:73,17,0,38
BRDA:73,17,1,1
BRDA:76,18,0,3
BRDA:76,18,1,34
BRDA:76,19,0,37
BRDA:76,19,1,9
BRDA:76,19,2,7
BRDA:78,20,0,7
BRDA:78,20,1,27
BRDA:79,21,0,5
BRDA:79,21,1,2
BRDA:82,22,0,25
BRDA:82,22,1,2
BRDA:82,23,0,27
BRDA:82,23,1,26
BRDA:88,24,0,101
BRDA:88,24,1,97
BRDA:88,24,2,97
BRDA:92,25,0,62
BRDA:92,25,1,35
BRDA:92,26,0,97
BRDA:92,26,1,38
BRDA:94,27,0,33
BRDA:94,27,1,2
BRDA:97,28,0,2
BRDA:97,28,1,0
BRDA:102,29,0,2
BRDA:102,29,1,0
BRDA:114,30,0,2
BRDA:114,30,1,105
BRDA:114,31,0,107
BRDA:114,31,1,2
BRDA:114,31,2,1
BRF:66
BRH:56
end_of_record
TN:
SF:public/js/core/component-helpers.js
FN:14,(anonymous_0)
FN:24,(anonymous_1)
FN:36,(anonymous_2)
FN:49,(anonymous_3)
FN:68,(anonymous_4)
FN:85,(anonymous_5)
FN:94,(anonymous_6)
FN:105,(anonymous_7)
FN:118,(anonymous_8)
FN:138,(anonymous_9)
FNF:10
FNH:10
FNDA:22,(anonymous_0)
FNDA:1,(anonymous_1)
FNDA:1,(anonymous_2)
FNDA:1,(anonymous_3)
FNDA:7,(anonymous_4)
FNDA:1,(anonymous_5)
FNDA:2,(anonymous_6)
FNDA:10,(anonymous_7)
FNDA:9,(anonymous_8)
FNDA:77,(anonymous_9)
DA:14,5
DA:15,22
DA:24,5
DA:25,1
DA:26,1
DA:27,1
DA:36,5
DA:37,1
DA:38,1
DA:39,1
DA:49,5
DA:50,1
DA:51,1
DA:52,0
DA:53,0
DA:55,0
DA:58,1
DA:68,5
DA:69,7
DA:70,7
DA:71,4
DA:72,2
DA:74,2
DA:77,7
DA:85,5
DA:86,1
DA:94,5
DA:95,2
DA:105,5
DA:106,10
DA:107,0
DA:108,0
DA:111,10
DA:112,0
DA:116,10
DA:119,9
DA:120,9
DA:121,9
DA:125,10
DA:126,10
DA:128,10
DA:130,10
DA:138,5
DA:139,77
DA:140,51
DA:141,3
DA:142,3
DA:144,26
DA:145,26
DA:146,26
LF:50
LH:44
BRDA:15,0,0,22
BRDA:15,0,1,9
BRDA:26,1,0,1
BRDA:26,1,1,0
BRDA:38,2,0,1
BRDA:38,2,1,0
BRDA:51,3,0,0
BRDA:51,3,1,1
BRDA:52,4,0,0
BRDA:52,4,1,0
BRDA:52,5,0,0
BRDA:52,5,1,0
BRDA:70,6,0,4
BRDA:70,6,1,3
BRDA:71,7,0,2
BRDA:71,7,1,2
BRDA:106,8,0,0
BRDA:106,8,1,10
BRDA:111,9,0,0
BRDA:111,9,1,10
BRDA:116,10,0,0
BRDA:116,10,1,10
BRDA:120,11,0,9
BRDA:120,11,1,0
BRDA:120,12,0,9
BRDA:120,12,1,9
BRDA:139,13,0,51
BRDA:139,13,1,26
BRDA:140,14,0,48
BRDA:140,14,1,3
BRDA:146,15,0,26
BRDA:146,15,1,2
BRF:32
BRH:21
end_of_record
TN:
SF:public/js/core/component.js
FNF:0
FNH:0
DA:15,5
LF:1
LH:1
BRF:0
BRH:0
end_of_record
TN:
SF:public/js/core/router.js
FN:6,(anonymous_0)
FN:15,(anonymous_1)
FN:20,(anonymous_2)
FN:29,(anonymous_3)
FN:34,(anonymous_4)
FN:36,(anonymous_5)
FN:46,(anonymous_6)
FN:50,(anonymous_7)
FN:54,(anonymous_8)
FN:73,(anonymous_9)
FN:114,(anonymous_10)
FN:117,(anonymous_11)
FN:135,(anonymous_12)
FN:141,(anonymous_13)
FN:153,(anonymous_14)
FN:158,(anonymous_15)
FN:164,(anonymous_16)
FN:167,(anonymous_17)
FN:171,(anonymous_18)
FNF:19
FNH:18
FNDA:81,(anonymous_0)
FNDA:7,(anonymous_1)
FNDA:55,(anonymous_2)
FNDA:5,(anonymous_3)
FNDA:4,(anonymous_4)
FNDA:2,(anonymous_5)
FNDA:3,(anonymous_6)
FNDA:29,(anonymous_7)
FNDA:20,(anonymous_8)
FNDA:47,(anonymous_9)
FNDA:0,(anonymous_10)
FNDA:30,(anonymous_11)
FNDA:61,(anonymous_12)
FNDA:83,(anonymous_13)
FNDA:62,(anonymous_14)
FNDA:10,(anonymous_15)
FNDA:3,(anonymous_16)
FNDA:6,(anonymous_17)
FNDA:14,(anonymous_18)
DA:7,81
DA:8,81
DA:9,81
DA:10,81
DA:11,81
DA:12,81
DA:13,81
DA:15,81
DA:16,7
DA:21,55
DA:22,55
DA:26,55
DA:30,5
DA:31,5
DA:35,4
DA:36,4
DA:37,4
DA:38,4
DA:39,3
DA:41,4
DA:42,4
DA:43,4
DA:47,3
DA:51,29
DA:55,20
DA:58,19
DA:59,19
DA:60,0
DA:61,0
DA:63,19
DA:64,19
DA:65,19
DA:68,19
DA:69,19
DA:70,19
DA:75,47
DA:76,9
DA:77,9
DA:78,9
DA:81,47
DA:82,47
DA:85,24
DA:86,0
DA:89,24
DA:90,21
DA:92,16
DA:93,16
DA:95,14
DA:96,1
DA:97,1
DA:98,0
DA:99,0
DA:100,1
DA:101,1
DA:103,13
DA:104,0
DA:105,0
DA:106,13
DA:107,13
DA:110,14
DA:111,1
DA:114,14
DA:119,30
DA:120,1
DA:121,29
DA:122,24
DA:123,5
DA:124,4
DA:126,30
DA:127,28
DA:128,25
DA:129,25
DA:130,25
DA:132,27
DA:136,61
DA:137,71
DA:138,71
DA:139,35
DA:140,35
DA:141,35
DA:142,83
DA:143,10
DA:144,10
DA:147,35
DA:150,26
DA:154,62
DA:155,62
DA:159,10
DA:160,9
DA:161,4
DA:162,4
DA:164,9
DA:168,6
DA:172,14
DA:173,2
DA:174,2
DA:175,2
DA:176,2
DA:180,1
LF:99
LH:92
BRDA:6,0,0,0
BRDA:9,1,0,81
BRDA:9,1,1,3
BRDA:24,2,0,11
BRDA:24,2,1,44
BRDA:34,3,0,3
BRDA:38,4,0,3
BRDA:38,4,1,1
BRDA:55,5,0,1
BRDA:55,5,1,19
BRDA:59,6,0,0
BRDA:59,6,1,19
BRDA:61,7,0,0
BRDA:61,7,1,0
BRDA:75,8,0,9
BRDA:75,8,1,38
BRDA:82,9,0,23
BRDA:82,9,1,24
BRDA:85,10,0,0
BRDA:85,10,1,24
BRDA:90,11,0,5
BRDA:90,11,1,16
BRDA:95,12,0,1
BRDA:95,12,1,13
BRDA:97,13,0,0
BRDA:97,13,1,1
BRDA:100,14,0,1
BRDA:100,14,1,0
BRDA:103,15,0,0
BRDA:103,15,1,13
BRDA:106,16,0,13
BRDA:106,16,1,0
BRDA:110,17,0,1
BRDA:110,17,1,13
BRDA:119,18,0,1
BRDA:119,18,1,29
BRDA:121,19,0,24
BRDA:121,19,1,5
BRDA:123,20,0,4
BRDA:123,20,1,1
BRDA:124,21,0,4
BRDA:124,21,1,1
BRDA:126,22,0,28
BRDA:126,22,1,2
BRDA:138,23,0,35
BRDA:138,23,1,36
BRDA:142,24,0,10
BRDA:142,24,1,73
BRDA:159,25,0,1
BRDA:159,25,1,9
BRDA:160,26,0,4
BRDA:160,26,1,5
BRDA:160,27,0,9
BRDA:160,27,1,5
BRDA:160,27,2,5
BRDA:164,28,0,9
BRDA:164,28,1,1
BRDA:172,29,0,12
BRDA:172,29,1,2
BRDA:173,30,0,0
BRDA:173,30,1,2
BRDA:176,31,0,2
BRDA:176,31,1,0
BRF:63
BRH:52
end_of_record
TN:
SF:public/js/services/presets.js
FN:8,(anonymous_0)
FN:16,(anonymous_1)
FN:17,(anonymous_2)
FN:20,(anonymous_3)
FN:36,(anonymous_4)
FN:37,(anonymous_5)
FN:39,(anonymous_6)
FN:55,(anonymous_7)
FN:56,(anonymous_8)
FN:58,(anonymous_9)
FN:74,(anonymous_10)
FN:75,(anonymous_11)
FN:77,(anonymous_12)
FN:92,(anonymous_13)
FN:93,(anonymous_14)
FN:95,(anonymous_15)
FN:110,(anonymous_16)
FN:111,(anonymous_17)
FN:113,(anonymous_18)
FN:128,(anonymous_19)
FN:129,(anonymous_20)
FN:132,(anonymous_21)
FN:150,(anonymous_22)
FN:151,(anonymous_23)
FN:153,(anonymous_24)
FN:170,(anonymous_25)
FN:171,(anonymous_26)
FN:173,(anonymous_27)
FN:189,(anonymous_28)
FN:190,(anonymous_29)
FN:192,(anonymous_30)
FN:207,(anonymous_31)
FN:208,(anonymous_32)
FN:211,(anonymous_33)
FN:228,(anonymous_34)
FN:229,(anonymous_35)
FN:231,(anonymous_36)
FN:245,(anonymous_37)
FN:246,(anonymous_38)
FN:248,(anonymous_39)
FN:262,(anonymous_40)
FN:263,(anonymous_41)
FN:265,(anonymous_42)
FN:281,(anonymous_43)
FN:282,(anonymous_44)
FN:284,(anonymous_45)
FN:300,(anonymous_46)
FN:301,(anonymous_47)
FN:303,(anonymous_48)
FN:318,(anonymous_49)
FN:319,(anonymous_50)
FN:321,(anonymous_51)
FN:336,(anonymous_52)
FN:337,(anonymous_53)
FN:339,(anonymous_54)
FN:355,(anonymous_55)
FN:356,(anonymous_56)
FN:358,(anonymous_57)
FN:373,(anonymous_58)
FN:374,(anonymous_59)
FN:376,(anonymous_60)
FNF:61
FNH:55
FNDA:22,(anonymous_0)
FNDA:2,(anonymous_1)
FNDA:2,(anonymous_2)
FNDA:2,(anonymous_3)
FNDA:0,(anonymous_4)
FNDA:0,(anonymous_5)
FNDA:0,(anonymous_6)
FNDA:1,(anonymous_7)
FNDA:1,(anonymous_8)
FNDA:1,(anonymous_9)
FNDA:2,(anonymous_10)
FNDA:2,(anonymous_11)
FNDA:2,(anonymous_12)
FNDA:1,(anonymous_13)
FNDA:1,(anonymous_14)
FNDA:1,(anonymous_15)
FNDA:3,(anonymous_16)
FNDA:3,(anonymous_17)
FNDA:3,(anonymous_18)
FNDA:1,(anonymous_19)
FNDA:1,(anonymous_20)
FNDA:1,(anonymous_21)
FNDA:1,(anonymous_22)
FNDA:1,(anonymous_23)
FNDA:1,(anonymous_24)
FNDA:1,(anonymous_25)
FNDA:1,(anonymous_26)
FNDA:1,(anonymous_27)
FNDA:1,(anonymous_28)
FNDA:1,(anonymous_29)
FNDA:1,(anonymous_30)
FNDA:1,(anonymous_31)
FNDA:1,(anonymous_32)
FNDA:1,(anonymous_33)
FNDA:1,(anonymous_34)
FNDA:1,(anonymous_35)
FNDA:1,(anonymous_36)
FNDA:1,(anonymous_37)
FNDA:1,(anonymous_38)
FNDA:1,(anonymous_39)
FNDA:1,(anonymous_40)
FNDA:1,(anonymous_41)
FNDA:1,(anonymous_42)
FNDA:1,(anonymous_43)
FNDA:1,(anonymous_44)
FNDA:1,(anonymous_45)
FNDA:1,(anonymous_46)
FNDA:1,(anonymous_47)
FNDA:1,(anonymous_48)
FNDA:1,(anonymous_49)
FNDA:1,(anonymous_50)
FNDA:1,(anonymous_51)
FNDA:0,(anonymous_52)
FNDA:0,(anonymous_53)
FNDA:0,(anonymous_54)
FNDA:1,(anonymous_55)
FNDA:1,(anonymous_56)
FNDA:1,(anonymous_57)
FNDA:1,(anonymous_58)
FNDA:1,(anonymous_59)
FNDA:1,(anonymous_60)
DA:9,22
DA:17,2
DA:18,2
DA:20,2
DA:21,2
DA:22,2
DA:23,1
DA:25,1
DA:37,0
DA:38,0
DA:39,0
DA:40,0
DA:41,0
DA:43,0
DA:56,1
DA:57,1
DA:58,1
DA:59,1
DA:60,1
DA:62,0
DA:75,2
DA:76,2
DA:77,2
DA:78,2
DA:79,2
DA:81,0
DA:93,1
DA:94,1
DA:95,1
DA:96,1
DA:97,1
DA:99,0
DA:111,3
DA:112,3
DA:113,3
DA:114,3
DA:115,3
DA:117,0
DA:129,1
DA:130,1
DA:132,1
DA:133,1
DA:134,1
DA:135,1
DA:137,0
DA:151,1
DA:152,1
DA:153,1
DA:154,1
DA:155,1
DA:157,0
DA:171,1
DA:172,1
DA:173,1
DA:174,1
DA:175,1
DA:177,0
DA:190,1
DA:191,1
DA:192,1
DA:193,1
DA:194,1
DA:196,0
DA:208,1
DA:209,1
DA:211,1
DA:212,1
DA:213,1
DA:214,1
DA:216,0
DA:229,1
DA:230,1
DA:231,1
DA:232,1
DA:233,1
DA:235,0
DA:246,1
DA:247,1
DA:248,1
DA:249,1
DA:250,1
DA:252,0
DA:263,1
DA:264,1
DA:265,1
DA:266,1
DA:267,1
DA:269,0
DA:282,1
DA:283,1
DA:284,1
DA:285,1
DA:286,1
DA:288,0
DA:301,1
DA:302,1
DA:303,1
DA:304,1
DA:305,1
DA:307,0
DA:319,1
DA:320,1
DA:321,1
DA:322,1
DA:323,1
DA:325,0
DA:337,0
DA:338,0
DA:339,0
DA:340,0
DA:341,0
DA:343,0
DA:356,1
DA:357,1
DA:358,1
DA:359,1
DA:360,1
DA:362,0
DA:374,1
DA:375,1
DA:376,1
DA:377,1
DA:378,1
DA:380,0
DA:387,1
LF:125
LH:96
BRDA:22,0,0,1
BRDA:22,0,1,1
BRDA:22,1,0,2
BRDA:22,1,1,2
BRDA:23,2,0,1
BRDA:23,2,1,0
BRDA:25,3,0,1
BRDA:25,3,1,0
BRDA:40,4,0,0
BRDA:40,4,1,0
BRDA:59,5,0,1
BRDA:59,5,1,0
BRDA:74,6,0,1
BRDA:78,7,0,2
BRDA:78,7,1,0
BRDA:96,8,0,1
BRDA:96,8,1,0
BRDA:114,9,0,3
BRDA:114,9,1,0
BRDA:134,10,0,1
BRDA:134,10,1,0
BRDA:135,11,0,1
BRDA:135,11,1,0
BRDA:137,12,0,0
BRDA:137,12,1,0
BRDA:154,13,0,1
BRDA:154,13,1,0
BRDA:174,14,0,1
BRDA:174,14,1,0
BRDA:193,15,0,1
BRDA:193,15,1,0
BRDA:213,16,0,1
BRDA:213,16,1,0
BRDA:214,17,0,1
BRDA:214,17,1,0
BRDA:216,18,0,0
BRDA:216,18,1,0
BRDA:232,19,0,1
BRDA:232,19,1,0
BRDA:249,20,0,1
BRDA:249,20,1,0
BRDA:266,21,0,1
BRDA:266,21,1,0
BRDA:285,22,0,1
BRDA:285,22,1,0
BRDA:304,23,0,1
BRDA:304,23,1,0
BRDA:322,24,0,1
BRDA:322,24,1,0
BRDA:340,25,0,0
BRDA:340,25,1,0
BRDA:359,26,0,1
BRDA:359,26,1,0
BRDA:377,27,0,1
BRDA:377,27,1,0
BRF:55
BRH:26
end_of_record
TN:
SF:public/js/utils/dashboard-utils.js
FN:6,_fmtUptime
FN:16,_calculateStats
FN:20,(anonymous_2)
FN:22,(anonymous_3)
FN:27,_calculateStatsForType
FN:31,(anonymous_5)
FN:33,(anonymous_6)
FN:38,_getHealthStatus
FNF:8
FNH:8
FNDA:12,_fmtUptime
FNDA:9,_calculateStats
FNDA:17,(anonymous_2)
FNDA:17,(anonymous_3)
FNDA:12,_calculateStatsForType
FNDA:21,(anonymous_5)
FNDA:21,(anonymous_6)
FNDA:17,_getHealthStatus
DA:7,12
DA:8,12
DA:9,12
DA:11,12
DA:12,9
DA:13,7
DA:17,9
DA:18,1
DA:20,17
DA:21,6
DA:22,17
DA:23,6
DA:24,6
DA:28,12
DA:29,2
DA:31,21
DA:32,8
DA:33,21
DA:34,8
DA:35,8
DA:39,17
DA:40,17
DA:41,17
DA:42,17
DA:43,17
DA:45,17
DA:46,11
DA:52,6
DA:59,1
LF:29
LH:29
BRDA:11,0,0,3
BRDA:11,0,1,9
BRDA:12,1,0,2
BRDA:12,1,1,7
BRDA:17,2,0,1
BRDA:17,2,1,6
BRDA:20,3,0,17
BRDA:20,3,1,5
BRDA:21,4,0,6
BRDA:21,4,1,2
BRDA:28,5,0,2
BRDA:28,5,1,8
BRDA:31,6,0,12
BRDA:31,6,1,9
BRDA:31,7,0,12
BRDA:31,7,1,4
BRDA:31,8,0,9
BRDA:31,8,1,2
BRDA:32,9,0,8
BRDA:32,9,1,3
BRDA:39,10,0,17
BRDA:39,10,1,5
BRDA:40,11,0,17
BRDA:40,11,1,5
BRDA:41,12,0,17
BRDA:41,12,1,17
BRDA:42,13,0,17
BRDA:42,13,1,5
BRDA:43,14,0,17
BRDA:43,14,1,12
BRDA:43,15,0,12
BRDA:43,15,1,3
BRDA:45,16,0,11
BRDA:45,16,1,6
BRDA:45,17,0,17
BRDA:45,17,1,15
BRDA:45,17,2,14
BRDA:45,17,3,14
BRDA:45,17,4,13
BRF:39
BRH:39
end_of_record
TN:
SF:public/js/utils/format.js
FN:6,(anonymous_0)
FN:15,(anonymous_1)
FN:20,(anonymous_2)
FN:25,(anonymous_3)
FN:34,(anonymous_4)
FN:57,(anonymous_5)
FN:71,(anonymous_6)
FNF:7
FNH:6
FNDA:12,(anonymous_0)
FNDA:0,(anonymous_1)
FNDA:16,(anonymous_2)
FNDA:5,(anonymous_3)
FNDA:11,(anonymous_4)
FNDA:13,(anonymous_5)
FNDA:13,(anonymous_6)
DA:5,1
DA:7,12
DA:8,11
DA:9,10
DA:10,10
DA:11,10
DA:12,10
DA:16,0
DA:17,0
DA:21,16
DA:22,14
DA:26,5
DA:29,4
DA:30,4
DA:31,4
DA:35,11
DA:36,11
DA:37,11
DA:38,11
DA:39,11
DA:40,11
DA:43,11
DA:44,0
DA:45,0
DA:46,0
DA:47,0
DA:51,11
DA:52,8
DA:53,5
DA:54,2
DA:58,13
DA:59,13
DA:60,13
DA:62,13
DA:63,5
DA:65,8
DA:66,3
DA:68,5
DA:72,13
DA:76,1
LF:40
LH:34
BRDA:7,0,0,1
BRDA:7,0,1,11
BRDA:8,1,0,1
BRDA:8,1,1,10
BRDA:16,2,0,0
BRDA:16,2,1,0
BRDA:16,3,0,0
BRDA:16,3,1,0
BRDA:17,4,0,0
BRDA:17,4,1,0
BRDA:20,5,0,10
BRDA:21,6,0,2
BRDA:21,6,1,14
BRDA:21,7,0,16
BRDA:21,7,1,15
BRDA:21,7,2,14
BRDA:26,8,0,1
BRDA:26,8,1,4
BRDA:29,9,0,1
BRDA:29,9,1,3
BRDA:35,10,0,0
BRDA:35,10,1,11
BRDA:43,11,0,0
BRDA:43,11,1,11
BRDA:44,12,0,0
BRDA:44,12,1,0
BRDA:45,13,0,0
BRDA:45,13,1,0
BRDA:46,14,0,0
BRDA:46,14,1,0
BRDA:51,15,0,3
BRDA:51,15,1,8
BRDA:52,16,0,3
BRDA:52,16,1,5
BRDA:53,17,0,3
BRDA:53,17,1,2
BRDA:62,18,0,5
BRDA:62,18,1,8
BRDA:65,19,0,3
BRDA:65,19,1,5
BRF:40
BRH:26
end_of_record
TN:
SF:server/handlers.js
FN:43,registerHandlers
FN:47,(anonymous_1)
FNF:2
FNH:2
FNDA:22,registerHandlers
FNDA:18,(anonymous_1)
DA:44,22
DA:45,22
DA:47,22
DA:48,18
DA:49,18
DA:52,18
DA:53,18
DA:54,18
DA:55,18
DA:56,18
DA:57,18
DA:60,18
LF:12
LH:12
BRF:0
BRH:0
end_of_record
TN:
SF:server/llama-metrics.js
FN:16,getLoadedModelName
FN:21,(anonymous_1)
FN:21,(anonymous_2)
FN:42,getLlamaServerPort
FN:78,updateScraper
FN:97,initializeLlamaMetricsScraper
FN:105,(anonymous_6)
FN:107,(anonymous_7)
FN:115,refreshLlamaMetricsModel
FN:132,getDefaultMetrics
FN:155,collectLlamaMetrics
FN:339,cleanupLlamaMetrics
FNF:12
FNH:1
FNDA:0,getLoadedModelName
FNDA:0,(anonymous_1)
FNDA:0,(anonymous_2)
FNDA:0,getLlamaServerPort
FNDA:0,updateScraper
FNDA:0,initializeLlamaMetricsScraper
FNDA:0,(anonymous_6)
FNDA:0,(anonymous_7)
FNDA:0,refreshLlamaMetricsModel
FNDA:0,getDefaultMetrics
FNDA:0,collectLlamaMetrics
FNDA:7,cleanupLlamaMetrics
DA:11,37
DA:17,0
DA:18,0
DA:19,0
DA:21,0
DA:24,0
DA:25,0
DA:26,0
DA:27,0
DA:31,0
DA:33,0
DA:44,0
DA:45,0
DA:46,0
DA:47,0
DA:48,0
DA:49,0
DA:52,0
DA:56,0
DA:57,0
DA:58,0
DA:59,0
DA:60,0
DA:61,0
DA:62,0
DA:65,0
DA:70,0
DA:79,0
DA:80,0
DA:82,0
DA:90,0
DA:91,0
DA:94,0
DA:99,0
DA:100,0
DA:101,0
DA:105,0
DA:106,0
DA:108,0
DA:116,0
DA:118,0
DA:119,0
DA:120,0
DA:121,0
DA:122,0
DA:133,0
DA:157,0
DA:158,0
DA:159,0
DA:163,0
DA:164,0
DA:165,0
DA:176,0
DA:181,0
DA:182,0
DA:183,0
DA:184,0
DA:190,0
DA:191,0
DA:192,0
DA:194,0
DA:195,0
DA:196,0
DA:197,0
DA:199,0
DA:202,0
DA:224,0
DA:235,0
DA:238,0
DA:239,0
DA:240,0
DA:242,0
DA:244,0
DA:245,0
DA:258,0
DA:259,0
DA:273,0
DA:274,0
DA:288,0
DA:291,0
DA:292,0
DA:293,0
DA:295,0
DA:297,0
DA:310,0
DA:324,0
DA:340,7
LF:87
LH:2
BRDA:24,0,0,0
BRDA:24,0,1,0
BRDA:26,1,0,0
BRDA:26,1,1,0
BRDA:47,2,0,0
BRDA:47,2,1,0
BRDA:56,3,0,0
BRDA:56,3,1,0
BRDA:60,4,0,0
BRDA:60,4,1,0
BRDA:78,5,0,0
BRDA:79,6,0,0
BRDA:79,6,1,0
BRDA:90,7,0,0
BRDA:90,7,1,0
BRDA:94,8,0,0
BRDA:94,8,1,0
BRDA:97,9,0,0
BRDA:99,10,0,0
BRDA:99,10,1,0
BRDA:116,11,0,0
BRDA:116,11,1,0
BRDA:120,12,0,0
BRDA:120,12,1,0
BRDA:155,13,0,0
BRDA:157,14,0,0
BRDA:157,14,1,0
BRDA:157,15,0,0
BRDA:157,15,1,0
BRDA:163,16,0,0
BRDA:163,16,1,0
BRDA:183,17,0,0
BRDA:183,17,1,0
BRDA:194,18,0,0
BRDA:194,18,1,0
BRDA:196,19,0,0
BRDA:196,19,1,0
BRDA:203,20,0,0
BRDA:203,20,1,0
BRDA:204,21,0,0
BRDA:204,21,1,0
BRDA:204,21,2,0
BRDA:205,22,0,0
BRDA:205,22,1,0
BRDA:206,23,0,0
BRDA:206,23,1,0
BRDA:207,24,0,0
BRDA:207,24,1,0
BRDA:208,25,0,0
BRDA:208,25,1,0
BRDA:209,26,0,0
BRDA:209,26,1,0
BRDA:210,27,0,0
BRDA:210,27,1,0
BRDA:211,28,0,0
BRDA:211,28,1,0
BRDA:212,29,0,0
BRDA:212,29,1,0
BRDA:213,30,0,0
BRDA:213,30,1,0
BRDA:214,31,0,0
BRDA:214,31,1,0
BRDA:215,32,0,0
BRDA:215,32,1,0
BRDA:216,33,0,0
BRDA:216,33,1,0
BRDA:217,34,0,0
BRDA:217,34,1,0
BRDA:218,35,0,0
BRDA:218,35,1,0
BRDA:219,36,0,0
BRDA:219,36,1,0
BRDA:220,37,0,0
BRDA:220,37,1,0
BRDA:242,38,0,0
BRDA:242,38,1,0
BRDA:295,39,0,0
BRDA:295,39,1,0
BRF:78
BRH:0
end_of_record
TN:
SF:server/metrics-collector.js
FN:17,initCpuTimes
FN:26,collectCpuMetrics
FN:48,(anonymous_2)
FN:61,collectMemoryMetrics
FN:99,collectDiskMetrics
FN:104,(anonymous_5)
FN:119,getMetricsCallCount
FN:130,resetMetricsCallCount
FNF:8
FNH:1
FNDA:0,initCpuTimes
FNDA:0,collectCpuMetrics
FNDA:0,(anonymous_2)
FNDA:0,collectMemoryMetrics
FNDA:0,collectDiskMetrics
FNDA:0,(anonymous_5)
FNDA:0,getMetricsCallCount
FNDA:7,resetMetricsCallCount
DA:9,37
DA:10,37
DA:11,37
DA:18,0
DA:27,0
DA:28,0
DA:30,0
DA:31,0
DA:32,0
DA:33,0
DA:35,0
DA:36,0
DA:37,0
DA:38,0
DA:41,0
DA:42,0
DA:43,0
DA:48,0
DA:54,0
DA:62,0
DA:63,0
DA:64,0
DA:65,0
DA:66,0
DA:70,0
DA:71,0
DA:80,0
DA:81,0
DA:82,0
DA:84,0
DA:85,0
DA:88,0
DA:90,0
DA:91,0
DA:100,0
DA:101,0
DA:102,0
DA:104,0
DA:105,0
DA:107,0
DA:109,0
DA:110,0
DA:120,0
DA:121,0
DA:122,0
DA:124,0
DA:131,7
LF:47
LH:4
BRDA:30,0,0,0
BRDA:30,0,1,0
BRDA:36,1,0,0
BRDA:36,1,1,0
BRDA:37,2,0,0
BRDA:37,2,1,0
BRDA:38,3,0,0
BRDA:38,3,1,0
BRDA:42,4,0,0
BRDA:42,4,1,0
BRDA:64,5,0,0
BRDA:64,5,1,0
BRDA:77,6,0,0
BRDA:77,6,1,0
BRDA:84,7,0,0
BRDA:84,7,1,0
BRDA:102,8,0,0
BRDA:102,8,1,0
BRDA:102,9,0,0
BRDA:102,9,1,0
BRDA:104,10,0,0
BRDA:104,10,1,0
BRDA:121,11,0,0
BRDA:121,11,1,0
BRF:24
BRH:0
end_of_record
TN:
SF:server/metrics.js
FN:34,initializeLlamaMetricsScraper
FN:43,getClampedInterval
FN:57,collectAndEmitMetrics
FN:110,(anonymous_3)
FN:125,startCollectionInterval
FN:135,(anonymous_5)
FN:149,registerMetricsHandlers
FN:154,(anonymous_7)
FN:189,(anonymous_8)
FN:216,(anonymous_9)
FN:235,(anonymous_10)
FN:249,(anonymous_11)
FN:265,collectMetricsForRequest
FN:293,startMetricsCollection
FN:297,(anonymous_14)
FN:309,collectMetrics
FN:313,(anonymous_16)
FN:313,(anonymous_17)
FN:320,cleanupMetrics
FN:321,(anonymous_19)
FNF:20
FNH:1
FNDA:0,initializeLlamaMetricsScraper
FNDA:0,getClampedInterval
FNDA:0,collectAndEmitMetrics
FNDA:0,(anonymous_3)
FNDA:0,startCollectionInterval
FNDA:0,(anonymous_5)
FNDA:0,registerMetricsHandlers
FNDA:0,(anonymous_7)
FNDA:0,(anonymous_8)
FNDA:0,(anonymous_9)
FNDA:0,(anonymous_10)
FNDA:0,(anonymous_11)
FNDA:0,collectMetricsForRequest
FNDA:0,startMetricsCollection
FNDA:0,(anonymous_14)
FNDA:0,collectMetrics
FNDA:0,(anonymous_16)
FNDA:0,(anonymous_17)
FNDA:7,cleanupMetrics
FNDA:0,(anonymous_19)
DA:23,37
DA:24,37
DA:25,37
DA:26,37
DA:27,37
DA:35,0
DA:44,0
DA:45,0
DA:46,0
DA:48,0
DA:58,0
DA:60,0
DA:67,0
DA:68,0
DA:69,0
DA:72,0
DA:85,0
DA:86,0
DA:110,0
DA:111,0
DA:114,0
DA:126,0
DA:127,0
DA:130,0
DA:131,0
DA:135,0
DA:136,0
DA:140,0
DA:154,0
DA:155,0
DA:156,0
DA:158,0
DA:159,0
DA:161,0
DA:163,0
DA:166,0
DA:169,0
DA:170,0
DA:178,0
DA:189,0
DA:190,0
DA:191,0
DA:192,0
DA:196,0
DA:199,0
DA:200,0
DA:202,0
DA:205,0
DA:207,0
DA:216,0
DA:217,0
DA:218,0
DA:219,0
DA:220,0
DA:222,0
DA:223,0
DA:226,0
DA:235,0
DA:236,0
DA:237,0
DA:238,0
DA:239,0
DA:241,0
DA:242,0
DA:249,0
DA:250,0
DA:251,0
DA:252,0
DA:253,0
DA:255,0
DA:266,0
DA:273,0
DA:294,0
DA:297,0
DA:298,0
DA:301,0
DA:313,0
DA:314,0
DA:321,7
DA:322,0
DA:324,7
DA:326,7
DA:327,7
DA:330,7
DA:331,0
LF:85
LH:10
BRDA:34,0,0,0
BRDA:45,1,0,0
BRDA:45,1,1,0
BRDA:45,2,0,0
BRDA:45,2,1,0
BRDA:127,3,0,0
BRDA:127,3,1,0
BRDA:130,4,0,0
BRDA:130,4,1,0
BRDA:156,5,0,0
BRDA:156,5,1,0
BRDA:169,6,0,0
BRDA:169,6,1,0
BRDA:191,7,0,0
BRDA:191,7,1,0
BRDA:218,8,0,0
BRDA:218,8,1,0
BRDA:219,9,0,0
BRDA:219,9,1,0
BRDA:237,10,0,0
BRDA:237,10,1,0
BRDA:238,11,0,0
BRDA:238,11,1,0
BRDA:250,12,0,0
BRDA:250,12,1,0
BRDA:322,13,0,0
BRDA:322,13,1,0
BRDA:330,14,0,0
BRDA:330,14,1,7
BRF:29
BRH:1
end_of_record
TN:
SF:server/shutdown.js
FN:8,setupGracefulShutdown
FN:9,(anonymous_1)
FN:15,(anonymous_2)
FN:19,(anonymous_3)
FN:24,(anonymous_4)
FN:25,(anonymous_5)
FNF:6
FNH:6
FNDA:9,setupGracefulShutdown
FNDA:7,(anonymous_1)
FNDA:1,(anonymous_2)
FNDA:1,(anonymous_3)
FNDA:6,(anonymous_4)
FNDA:1,(anonymous_5)
DA:9,9
DA:10,7
DA:13,7
DA:15,7
DA:16,1
DA:17,1
DA:19,7
DA:20,1
DA:21,1
DA:24,9
DA:25,9
LF:11
LH:11
BRF:0
BRH:0
end_of_record
TN:
SF:server/db/config-repository.js
FN:30,(anonymous_0)
FN:36,(anonymous_1)
FN:45,(anonymous_2)
FN:90,(anonymous_3)
FN:97,(anonymous_4)
FN:112,(anonymous_5)
FNF:6
FNH:5
FNDA:387,(anonymous_0)
FNDA:35,(anonymous_1)
FNDA:27,(anonymous_2)
FNDA:20,(anonymous_3)
FNDA:0,(anonymous_4)
FNDA:160,(anonymous_5)
DA:17,43
DA:30,387
DA:37,35
DA:46,27
DA:48,27
DA:51,27
DA:65,27
DA:67,0
DA:69,0
DA:91,20
DA:93,20
DA:94,0
DA:97,0
DA:98,0
DA:99,0
DA:102,0
DA:104,0
DA:105,0
DA:106,0
DA:108,0
DA:112,160
DA:113,20
DA:114,7
DA:118,20
DA:130,20
DA:132,11
DA:133,11
LF:27
LH:16
BRDA:52,0,0,27
BRDA:52,0,1,26
BRDA:53,1,0,27
BRDA:53,1,1,0
BRDA:54,2,0,27
BRDA:54,2,1,25
BRDA:55,3,0,27
BRDA:55,3,1,27
BRDA:56,4,0,27
BRDA:56,4,1,0
BRDA:57,5,0,27
BRDA:57,5,1,0
BRDA:58,6,0,27
BRDA:58,6,1,0
BRDA:59,7,0,27
BRDA:59,7,1,27
BRDA:60,8,0,27
BRDA:60,8,1,25
BRDA:61,9,0,27
BRDA:61,9,1,0
BRDA:93,10,0,0
BRDA:93,10,1,20
BRDA:98,11,0,0
BRDA:98,11,1,0
BRDA:104,12,0,0
BRDA:104,12,1,0
BRDA:113,13,0,7
BRDA:113,13,1,13
BRDA:119,14,0,20
BRDA:119,14,1,18
BRDA:120,15,0,20
BRDA:120,15,1,19
BRDA:120,15,2,19
BRDA:121,16,0,20
BRDA:121,16,1,14
BRDA:121,16,2,11
BRDA:122,17,0,20
BRDA:122,17,1,20
BRDA:122,17,2,11
BRDA:123,18,0,20
BRDA:123,18,1,12
BRDA:124,19,0,20
BRDA:124,19,1,13
BRDA:124,19,2,13
BRDA:125,20,0,20
BRDA:125,20,1,13
BRDA:125,20,2,13
BRF:47
BRH:37
end_of_record
TN:
SF:server/db/config.js
FN:15,getTimestamp
FN:57,getRouterConfig
FN:88,saveRouterConfig
FN:114,resetRouterConfig
FN:132,getLoggingConfig
FN:163,saveLoggingConfig
FN:189,resetLoggingConfig
FN:207,getConfig
FN:240,saveConfig
FN:257,getSettings
FN:278,saveSettings
FNF:11
FNH:4
FNDA:20,getTimestamp
FNDA:40,getRouterConfig
FNDA:20,saveRouterConfig
FNDA:0,resetRouterConfig
FNDA:0,getLoggingConfig
FNDA:0,saveLoggingConfig
FNDA:0,resetLoggingConfig
FNDA:20,getConfig
FNDA:0,saveConfig
FNDA:0,getSettings
FNDA:0,saveSettings
DA:7,43
DA:16,20
DA:23,43
DA:43,43
DA:58,40
DA:59,40
DA:60,40
DA:61,40
DA:65,9
DA:66,0
DA:67,0
DA:68,0
DA:69,0
DA:70,0
DA:73,9
DA:74,9
DA:76,31
DA:77,31
DA:78,31
DA:89,20
DA:90,20
DA:91,20
DA:92,20
DA:93,20
DA:97,10
DA:98,10
DA:100,9
DA:101,9
DA:103,11
DA:104,11
DA:105,11
DA:115,0
DA:116,0
DA:117,0
DA:118,0
DA:119,0
DA:120,0
DA:122,0
DA:123,0
DA:133,0
DA:134,0
DA:135,0
DA:136,0
DA:140,0
DA:141,0
DA:142,0
DA:143,0
DA:144,0
DA:145,0
DA:148,0
DA:149,0
DA:151,0
DA:152,0
DA:153,0
DA:164,0
DA:165,0
DA:166,0
DA:167,0
DA:168,0
DA:172,0
DA:173,0
DA:175,0
DA:176,0
DA:178,0
DA:179,0
DA:180,0
DA:190,0
DA:191,0
DA:192,0
DA:193,0
DA:194,0
DA:195,0
DA:197,0
DA:198,0
DA:208,20
DA:209,20
DA:210,20
DA:214,0
DA:215,0
DA:216,0
DA:218,0
DA:219,0
DA:220,0
DA:222,0
DA:223,0
DA:224,0
DA:227,0
DA:228,0
DA:230,20
DA:231,20
DA:241,0
DA:242,0
DA:243,0
DA:244,0
DA:245,0
DA:247,0
DA:248,0
DA:258,0
DA:259,0
DA:260,0
DA:261,0
DA:262,0
DA:263,0
DA:265,0
DA:266,0
DA:268,0
DA:269,0
DA:279,0
DA:280,0
DA:281,0
DA:282,0
DA:283,0
DA:285,0
DA:286,0
LF:114
LH:31
BRDA:65,0,0,0
BRDA:65,0,1,9
BRDA:140,1,0,0
BRDA:140,1,1,0
BRDA:214,2,0,0
BRDA:214,2,1,0
BRDA:218,3,0,0
BRDA:218,3,1,0
BRDA:218,4,0,0
BRDA:218,4,1,0
BRDA:261,5,0,0
BRDA:261,5,1,0
BRF:12
BRH:1
end_of_record
TN:
SF:server/db/db-base.js
FN:27,getDb
FN:51,(anonymous_1)
FNF:2
FNH:2
FNDA:89,getDb
FNDA:6,(anonymous_1)
DA:17,43
DA:18,43
DA:19,43
DA:28,89
DA:29,0
DA:32,89
DA:33,56
DA:36,33
DA:37,0
DA:40,33
DA:41,33
DA:52,6
DA:53,6
DA:56,6
DA:57,6
DA:60,6
DA:61,6
DA:62,6
DA:63,6
DA:64,6
LF:20
LH:18
BRDA:28,0,0,0
BRDA:28,0,1,89
BRDA:28,1,0,89
BRDA:28,1,1,89
BRDA:32,2,0,56
BRDA:32,2,1,33
BRDA:36,3,0,0
BRDA:36,3,1,33
BRDA:36,4,0,33
BRDA:36,4,1,0
BRDA:52,5,0,6
BRDA:52,5,1,1
BRF:12
BRH:9
end_of_record
TN:
SF:server/db/index.js
FN:27,(anonymous_0)
FN:36,(anonymous_1)
FN:45,(anonymous_2)
FN:55,(anonymous_3)
FN:64,(anonymous_4)
FN:72,(anonymous_5)
FN:82,(anonymous_6)
FN:91,(anonymous_7)
FN:99,(anonymous_8)
FN:108,(anonymous_9)
FN:119,(anonymous_10)
FN:129,(anonymous_11)
FN:137,(anonymous_12)
FN:147,(anonymous_13)
FN:155,(anonymous_14)
FN:167,(anonymous_15)
FN:176,(anonymous_16)
FNF:17
FNH:17
FNDA:26,(anonymous_0)
FNDA:4,(anonymous_1)
FNDA:18,(anonymous_2)
FNDA:4,(anonymous_3)
FNDA:17,(anonymous_4)
FNDA:2,(anonymous_5)
FNDA:28,(anonymous_6)
FNDA:21,(anonymous_7)
FNDA:6,(anonymous_8)
FNDA:5,(anonymous_9)
FNDA:11,(anonymous_10)
FNDA:63,(anonymous_11)
FNDA:15,(anonymous_12)
FNDA:8,(anonymous_13)
FNDA:10,(anonymous_14)
FNDA:16,(anonymous_15)
FNDA:145,(anonymous_16)
DA:28,26
DA:37,4
DA:46,18
DA:56,4
DA:65,17
DA:73,2
DA:83,28
DA:92,21
DA:100,6
DA:109,5
DA:120,11
DA:130,63
DA:138,15
DA:148,8
DA:156,10
DA:168,16
DA:177,145
LF:17
LH:17
BRDA:91,0,0,3
BRDA:108,1,0,0
BRDA:119,2,0,10
BRDA:129,3,0,61
BRDA:167,4,0,15
BRF:5
BRH:4
end_of_record
TN:
SF:server/db/logs-repository.js
FN:10,(anonymous_0)
FN:19,(anonymous_1)
FN:29,(anonymous_2)
FN:40,(anonymous_3)
FN:51,(anonymous_4)
FN:63,(anonymous_5)
FNF:6
FNH:4
FNDA:39,(anonymous_0)
FNDA:42,(anonymous_1)
FNDA:265,(anonymous_2)
FNDA:0,(anonymous_3)
FNDA:0,(anonymous_4)
FNDA:48,(anonymous_5)
DA:11,39
DA:20,42
DA:30,265
DA:31,265
DA:41,0
DA:42,0
DA:43,0
DA:52,0
DA:55,0
DA:56,0
DA:64,48
LF:11
LH:5
BRDA:19,0,0,26
BRDA:29,1,0,1
BRDA:40,2,0,0
BRDA:51,3,0,0
BRF:4
BRH:2
end_of_record
TN:
SF:server/db/metadata-repository.js
FN:10,(anonymous_0)
FN:20,(anonymous_1)
FN:35,(anonymous_2)
FNF:3
FNH:3
FNDA:54,(anonymous_0)
FNDA:45,(anonymous_1)
FNDA:172,(anonymous_2)
DA:11,54
DA:21,45
DA:22,45
DA:23,44
DA:27,12
DA:36,172
DA:37,172
DA:38,172
LF:8
LH:8
BRDA:20,0,0,18
BRDA:23,1,0,36
BRDA:23,1,1,8
BRDA:36,2,0,6
BRDA:36,2,1,166
BRDA:36,3,0,172
BRDA:36,3,1,169
BRF:7
BRH:7
end_of_record
TN:
SF:server/db/metrics-repository.js
FN:10,(anonymous_0)
FN:18,(anonymous_1)
FN:43,(anonymous_2)
FN:51,(anonymous_3)
FN:60,(anonymous_4)
FNF:5
FNH:5
FNDA:43,(anonymous_0)
FNDA:408,(anonymous_1)
FNDA:38,(anonymous_2)
FNDA:13,(anonymous_3)
FNDA:24,(anonymous_4)
DA:11,43
DA:19,408
DA:23,408
DA:44,38
DA:52,13
DA:61,24
DA:62,24
DA:64,22
DA:65,13
DA:66,13
DA:71,13
DA:72,13
DA:74,9
DA:76,2
DA:77,2
LF:15
LH:15
BRDA:26,0,0,408
BRDA:26,0,1,19
BRDA:27,1,0,407
BRDA:27,1,1,302
BRDA:28,2,0,407
BRDA:28,2,1,402
BRDA:29,3,0,407
BRDA:29,3,1,402
BRDA:30,4,0,407
BRDA:30,4,1,402
BRDA:31,5,0,407
BRDA:31,5,1,403
BRDA:32,6,0,407
BRDA:32,6,1,403
BRDA:33,7,0,407
BRDA:33,7,1,403
BRDA:34,8,0,407
BRDA:34,8,1,407
BRDA:43,9,0,10
BRDA:60,10,0,0
BRDA:64,11,0,13
BRDA:64,11,1,9
BRF:22
BRH:21
end_of_record
TN:
SF:server/db/model-validator.js
FN:30,isValidModelFile
FN:34,(anonymous_1)
FN:63,modelFileExists
FN:72,validateModelEntry
FNF:4
FNH:4
FNDA:20,isValidModelFile
FNDA:82,(anonymous_1)
FNDA:5,modelFileExists
FNDA:20,validateModelEntry
DA:12,73
DA:23,73
DA:31,20
DA:32,20
DA:34,82
DA:35,7
DA:36,7
DA:39,13
DA:40,12
DA:41,11
DA:42,11
DA:43,11
DA:44,11
DA:45,11
DA:46,1
DA:47,1
DA:51,11
DA:53,1
DA:54,1
DA:64,5
DA:73,20
DA:74,5
DA:76,15
DA:77,7
DA:79,8
DA:80,2
DA:82,6
LF:27
LH:27
BRDA:34,0,0,7
BRDA:34,0,1,13
BRDA:39,1,0,12
BRDA:39,1,1,1
BRDA:45,2,0,1
BRDA:45,2,1,10
BRDA:64,3,0,5
BRDA:64,3,1,2
BRDA:73,4,0,5
BRDA:73,4,1,15
BRDA:76,5,0,7
BRDA:76,5,1,8
BRDA:79,6,0,2
BRDA:79,6,1,6
BRF:14
BRH:14
end_of_record
TN:
SF:server/db/models-repository.js
FN:36,(anonymous_0)
FN:44,(anonymous_1)
FN:53,(anonymous_2)
FN:62,(anonymous_3)
FN:107,(anonymous_4)
FN:130,(anonymous_5)
FN:144,(anonymous_6)
FN:152,(anonymous_7)
FN:167,(anonymous_8)
FN:185,(anonymous_9)
FN:194,(anonymous_10)
FNF:11
FNH:9
FNDA:35,(anonymous_0)
FNDA:37,(anonymous_1)
FNDA:41,(anonymous_2)
FNDA:27,(anonymous_3)
FNDA:11,(anonymous_4)
FNDA:8,(anonymous_5)
FNDA:27,(anonymous_6)
FNDA:9,(anonymous_7)
FNDA:9,(anonymous_8)
FNDA:0,(anonymous_9)
FNDA:0,(anonymous_10)
DA:11,44
DA:37,35
DA:45,37
DA:54,41
DA:63,27
DA:64,27
DA:66,27
DA:72,27
DA:98,27
DA:108,11
DA:109,11
DA:111,11
DA:112,13
DA:113,9
DA:114,9
DA:115,1
DA:116,8
DA:117,1
DA:119,7
DA:124,11
DA:125,8
DA:127,8
DA:130,8
DA:131,8
DA:132,8
DA:133,8
DA:136,8
DA:145,27
DA:153,9
DA:154,9
DA:155,9
DA:157,9
DA:158,12
DA:160,12
DA:161,8
DA:162,8
DA:167,9
DA:168,9
DA:169,8
DA:170,8
DA:174,9
DA:175,9
DA:176,9
DA:186,0
DA:187,0
DA:195,0
LF:46
LH:43
BRDA:63,0,0,27
BRDA:63,0,1,23
BRDA:77,1,0,27
BRDA:77,1,1,27
BRDA:78,2,0,27
BRDA:78,2,1,27
BRDA:79,3,0,27
BRDA:79,3,1,25
BRDA:80,4,0,27
BRDA:80,4,1,25
BRDA:80,4,2,24
BRDA:81,5,0,27
BRDA:81,5,1,27
BRDA:82,6,0,27
BRDA:82,6,1,27
BRDA:83,7,0,27
BRDA:83,7,1,27
BRDA:84,8,0,27
BRDA:84,8,1,27
BRDA:85,9,0,27
BRDA:85,9,1,27
BRDA:86,10,0,27
BRDA:86,10,1,27
BRDA:87,11,0,27
BRDA:87,11,1,25
BRDA:89,12,0,27
BRDA:89,12,1,27
BRDA:90,13,0,27
BRDA:90,13,1,27
BRDA:91,14,0,27
BRDA:91,14,1,27
BRDA:92,15,0,27
BRDA:92,15,1,27
BRDA:93,16,0,27
BRDA:93,16,1,27
BRDA:94,17,0,27
BRDA:94,17,1,27
BRDA:95,18,0,27
BRDA:95,18,1,27
BRDA:112,19,0,9
BRDA:112,19,1,4
BRDA:114,20,0,1
BRDA:114,20,1,8
BRDA:116,21,0,1
BRDA:116,21,1,7
BRDA:124,22,0,3
BRDA:124,22,1,8
BRDA:160,23,0,8
BRDA:160,23,1,4
BRDA:187,24,0,0
BRDA:187,24,1,0
BRF:51
BRH:49
end_of_record
TN:
SF:server/db/schema.js
FN:10,getSchemaDefinition
FN:68,getIndexesDefinition
FN:85,getModelsMigrations
FN:101,getMetricsMigrations
FN:113,initSchema
FN:122,createIndexes
FN:124,(anonymous_6)
FN:134,runModelsMigrations
FN:137,(anonymous_8)
FN:155,runMetricsMigrations
FN:158,(anonymous_10)
FN:176,runAllMigrations
FNF:12
FNH:12
FNDA:28,getSchemaDefinition
FNDA:29,getIndexesDefinition
FNDA:22,getModelsMigrations
FNDA:23,getMetricsMigrations
FNDA:18,initSchema
FNDA:23,createIndexes
FNDA:177,(anonymous_6)
FNDA:21,runModelsMigrations
FNDA:232,(anonymous_8)
FNDA:20,runMetricsMigrations
FNDA:124,(anonymous_10)
FNDA:13,runAllMigrations
DA:11,28
DA:69,29
DA:86,22
DA:102,23
DA:114,18
DA:115,17
DA:123,23
DA:124,23
DA:125,177
DA:127,22
DA:135,21
DA:136,21
DA:137,232
DA:138,16
DA:140,16
DA:141,106
DA:142,29
DA:143,29
DA:147,6
DA:156,20
DA:157,20
DA:158,124
DA:159,17
DA:161,17
DA:162,49
DA:163,16
DA:164,16
DA:168,4
DA:177,13
DA:178,13
LF:30
LH:30
BRDA:141,0,0,29
BRDA:141,0,1,77
BRDA:162,1,0,16
BRDA:162,1,1,33
BRF:4
BRH:4
end_of_record
TN:
SF:server/db/unified-config.js
FN:84,getUnifiedConfig
FN:128,saveUnifiedConfig
FN:137,(anonymous_2)
FN:183,resetUnifiedConfig
FN:211,isConfigured
FN:222,getRequiredPort
FN:240,migrateLegacyConfig
FN:257,(anonymous_7)
FNF:8
FNH:1
FNDA:29,getUnifiedConfig
FNDA:0,saveUnifiedConfig
FNDA:0,(anonymous_2)
FNDA:0,resetUnifiedConfig
FNDA:0,isConfigured
FNDA:0,getRequiredPort
FNDA:0,migrateLegacyConfig
FNDA:0,(anonymous_7)
DA:14,43
DA:22,43
DA:52,43
DA:64,43
DA:85,29
DA:88,29
DA:89,2
DA:90,2
DA:93,27
DA:94,27
DA:98,18
DA:99,7
DA:102,5
DA:103,5
DA:104,8
DA:105,8
DA:109,4
DA:110,4
DA:113,11
DA:114,11
DA:116,12
DA:117,12
DA:129,0
DA:131,0
DA:132,0
DA:135,0
DA:137,0
DA:138,0
DA:139,0
DA:143,0
DA:145,0
DA:146,0
DA:148,0
DA:149,0
DA:150,0
DA:151,0
DA:152,0
DA:153,0
DA:159,0
DA:160,0
DA:163,0
DA:164,0
DA:166,0
DA:170,0
DA:171,0
DA:173,0
DA:174,0
DA:184,0
DA:186,0
DA:187,0
DA:190,0
DA:191,0
DA:192,0
DA:194,0
DA:198,0
DA:199,0
DA:201,0
DA:202,0
DA:212,0
DA:213,0
DA:223,0
DA:225,0
DA:226,0
DA:231,0
DA:241,0
DA:243,0
DA:244,0
DA:247,0
DA:248,0
DA:252,0
DA:253,0
DA:256,0
DA:257,0
DA:259,0
DA:260,0
DA:264,0
DA:265,0
DA:266,0
DA:267,0
DA:272,0
DA:273,0
DA:277,0
DA:282,0
DA:287,0
DA:288,0
LF:85
LH:22
BRDA:88,0,0,2
BRDA:88,0,1,27
BRDA:98,1,0,7
BRDA:98,1,1,11
BRDA:104,2,0,8
BRDA:104,2,1,0
BRDA:131,3,0,0
BRDA:131,3,1,0
BRDA:138,4,0,0
BRDA:138,4,1,0
BRDA:146,5,0,0
BRDA:146,5,1,0
BRDA:148,6,0,0
BRDA:148,6,1,0
BRDA:150,7,0,0
BRDA:150,7,1,0
BRDA:152,8,0,0
BRDA:152,8,1,0
BRDA:159,9,0,0
BRDA:159,9,1,0
BRDA:159,10,0,0
BRDA:159,10,1,0
BRDA:186,11,0,0
BRDA:186,11,1,0
BRDA:213,12,0,0
BRDA:213,12,1,0
BRDA:213,12,2,0
BRDA:225,13,0,0
BRDA:225,13,1,0
BRDA:243,14,0,0
BRDA:243,14,1,0
BRDA:252,15,0,0
BRDA:252,15,1,0
BRDA:259,16,0,0
BRDA:259,16,1,0
BRDA:266,17,0,0
BRDA:266,17,1,0
BRF:37
BRH:5
end_of_record
TN:
SF:server/gguf/constants.js
FNF:0
FNH:0
DA:6,3
LF:1
LH:1
BRF:0
BRH:0
end_of_record
TN:
SF:server/gguf/filename-parser.js
FN:6,extractArchitecture
FN:46,extractParams
FN:64,extractQuantization
FNF:3
FNH:3
FNDA:134,extractArchitecture
FNDA:122,extractParams
FNDA:137,extractQuantization
DA:7,134
DA:8,134
DA:34,134
DA:35,1655
DA:38,21
DA:47,122
DA:48,122
DA:49,43
DA:50,43
DA:51,36
DA:52,36
DA:53,34
DA:54,34
DA:55,34
DA:56,31
DA:65,137
DA:68,137
DA:70,39
DA:73,39
DA:76,28
DA:78,28
DA:80,28
DA:81,28
DA:83,28
LF:24
LH:24
BRDA:35,0,0,113
BRDA:35,0,1,1542
BRDA:48,1,0,79
BRDA:48,1,1,43
BRDA:50,2,0,7
BRDA:50,2,1,36
BRDA:51,3,0,0
BRDA:51,3,1,36
BRDA:52,4,0,2
BRDA:52,4,1,34
BRDA:53,5,0,0
BRDA:53,5,1,34
BRDA:54,6,0,0
BRDA:54,6,1,34
BRDA:55,7,0,3
BRDA:55,7,1,31
BRDA:68,8,0,98
BRDA:68,8,1,39
BRDA:73,9,0,11
BRDA:73,9,1,28
BRDA:76,10,0,28
BRDA:76,10,1,28
BRDA:78,11,0,0
BRDA:78,11,1,28
BRDA:81,12,0,0
BRDA:81,12,1,28
BRF:26
BRH:21
end_of_record
TN:
SF:server/gguf/header-parser.js
FN:8,parseGgufHeaderSync
FN:107,(anonymous_1)
FNF:2
FNH:2
FNDA:106,parseGgufHeaderSync
FNDA:174,(anonymous_1)
DA:9,106
DA:21,106
DA:22,106
DA:25,103
DA:26,103
DA:27,103
DA:30,103
DA:31,103
DA:32,37
DA:33,37
DA:36,66
DA:37,66
DA:38,66
DA:41,66
DA:42,66
DA:43,66
DA:44,66
DA:45,66
DA:46,66
DA:47,66
DA:48,66
DA:50,66
DA:52,1000184
DA:53,1000184
DA:54,1000184
DA:57,1000184
DA:58,37
DA:60,1000147
DA:61,1000147
DA:62,1000147
DA:65,1000147
DA:66,1000147
DA:67,1000147
DA:70,1000147
DA:72,1000128
DA:73,1000128
DA:74,1000128
DA:75,19
DA:77,14
DA:78,14
DA:79,14
DA:82,14
DA:83,11
DA:85,14
DA:86,14
DA:87,14
DA:88,5
DA:90,1
DA:91,1
DA:92,1
DA:95,4
DA:99,29
DA:102,29
DA:103,29
DA:104,29
DA:107,29
DA:108,174
DA:109,174
DA:110,174
DA:111,11
DA:114,29
DA:115,29
DA:116,29
DA:117,29
DA:118,29
DA:119,29
DA:120,29
DA:122,29
DA:124,40
LF:69
LH:69
BRDA:31,0,0,37
BRDA:31,0,1,66
BRDA:57,1,0,37
BRDA:57,1,1,1000147
BRDA:70,2,0,1000128
BRDA:70,2,1,19
BRDA:75,3,0,14
BRDA:75,3,1,5
BRDA:82,4,0,11
BRDA:82,4,1,3
BRDA:82,5,0,14
BRDA:82,5,1,3
BRDA:88,6,0,1
BRDA:88,6,1,4
BRDA:102,7,0,29
BRDA:102,7,1,19
BRDA:103,8,0,29
BRDA:103,8,1,26
BRDA:107,9,0,0
BRDA:109,10,0,0
BRDA:109,10,1,174
BRDA:109,11,0,0
BRDA:109,11,1,0
BRDA:110,12,0,163
BRDA:110,12,1,11
BRDA:110,13,0,174
BRDA:110,13,1,11
BRDA:120,14,0,29
BRDA:120,14,1,27
BRF:29
BRH:25
end_of_record
TN:
SF:server/gguf/index.js
FN:19,_validateGgufExports
FNF:1
FNH:1
FNDA:4,_validateGgufExports
DA:13,1
DA:20,4
DA:24,1
DA:25,1
DA:29,1
LF:5
LH:5
BRDA:20,0,0,3
BRDA:20,0,1,1
BRF:2
BRH:2
end_of_record
TN:
SF:server/gguf/metadata-parser.js
FN:13,parseGgufMetadata
FN:88,(anonymous_1)
FNF:2
FNH:2
FNDA:77,parseGgufMetadata
FNDA:42,(anonymous_1)
DA:14,77
DA:28,77
DA:29,77
DA:30,75
DA:33,75
DA:35,75
DA:37,0
DA:40,0
DA:41,0
DA:44,0
DA:47,75
DA:48,75
DA:50,75
DA:51,75
DA:52,7
DA:53,7
DA:54,7
DA:56,0
DA:59,68
DA:60,68
DA:61,0
DA:62,0
DA:63,0
DA:64,0
DA:66,0
DA:70,68
DA:71,68
DA:72,68
DA:73,68
DA:74,68
DA:75,68
DA:76,68
DA:82,7
DA:83,7
DA:84,7
DA:88,7
DA:89,42
DA:90,42
DA:91,42
DA:92,0
DA:94,7
DA:95,7
DA:96,7
DA:97,7
DA:98,7
DA:99,7
DA:100,7
DA:103,7
DA:104,7
DA:108,2
DA:109,2
DA:110,2
DA:111,2
DA:112,2
DA:113,2
DA:114,2
DA:120,9
LF:57
LH:46
BRDA:35,0,0,0
BRDA:35,0,1,75
BRDA:35,1,0,75
BRDA:35,1,1,12
BRDA:40,2,0,0
BRDA:40,2,1,0
BRDA:40,3,0,0
BRDA:40,3,1,0
BRDA:52,4,0,7
BRDA:52,4,1,0
BRDA:52,5,0,7
BRDA:52,5,1,7
BRDA:54,6,0,7
BRDA:54,6,1,0
BRDA:61,7,0,0
BRDA:61,7,1,0
BRDA:61,8,0,0
BRDA:61,8,1,0
BRDA:63,9,0,0
BRDA:63,9,1,0
BRDA:64,10,0,0
BRDA:64,10,1,0
BRDA:74,11,0,68
BRDA:74,11,1,66
BRDA:75,12,0,4
BRDA:75,12,1,64
BRDA:82,13,0,7
BRDA:82,13,1,7
BRDA:83,14,0,7
BRDA:83,14,1,7
BRDA:88,15,0,0
BRDA:90,16,0,0
BRDA:90,16,1,42
BRDA:90,17,0,0
BRDA:90,17,1,0
BRDA:91,18,0,42
BRDA:91,18,1,0
BRDA:91,19,0,42
BRDA:91,19,1,0
BRDA:100,20,0,7
BRDA:100,20,1,7
BRDA:103,21,0,7
BRDA:103,21,1,0
BRDA:103,22,0,7
BRDA:103,22,1,7
BRDA:113,23,0,2
BRDA:113,23,1,2
BRDA:114,24,0,0
BRDA:114,24,1,2
BRF:49
BRH:26
end_of_record
TN:
SF:server/handlers/config.js
FN:18,getRequestId
FN:22,registerConfigHandlers
FN:24,(anonymous_2)
FN:34,(anonymous_3)
FN:43,(anonymous_4)
FN:57,(anonymous_5)
FN:68,(anonymous_6)
FN:77,(anonymous_7)
FN:95,(anonymous_8)
FN:106,(anonymous_9)
FN:115,(anonymous_10)
FN:132,(anonymous_11)
FN:142,(anonymous_12)
FN:169,(anonymous_13)
FNF:14
FNH:4
FNDA:0,getRequestId
FNDA:105,registerConfigHandlers
FNDA:20,(anonymous_2)
FNDA:0,(anonymous_3)
FNDA:0,(anonymous_4)
FNDA:0,(anonymous_5)
FNDA:0,(anonymous_6)
FNDA:0,(anonymous_7)
FNDA:0,(anonymous_8)
FNDA:22,(anonymous_9)
FNDA:37,(anonymous_10)
FNDA:0,(anonymous_11)
FNDA:0,(anonymous_12)
FNDA:0,(anonymous_13)
DA:19,0
DA:24,105
DA:25,20
DA:26,20
DA:27,0
DA:29,20
DA:34,105
DA:35,0
DA:36,0
DA:37,0
DA:39,0
DA:43,105
DA:44,0
DA:45,0
DA:46,0
DA:47,0
DA:48,0
DA:50,0
DA:51,0
DA:53,0
DA:57,105
DA:58,0
DA:59,0
DA:60,0
DA:61,0
DA:63,0
DA:68,105
DA:69,0
DA:70,0
DA:71,0
DA:73,0
DA:77,105
DA:78,0
DA:79,0
DA:80,0
DA:81,0
DA:82,0
DA:84,0
DA:85,0
DA:88,0
DA:89,0
DA:91,0
DA:95,105
DA:96,0
DA:97,0
DA:98,0
DA:99,0
DA:101,0
DA:106,105
DA:107,22
DA:108,22
DA:109,20
DA:111,22
DA:115,105
DA:116,37
DA:117,37
DA:118,37
DA:120,35
DA:121,5
DA:124,35
DA:125,0
DA:127,37
DA:132,105
DA:133,0
DA:134,0
DA:135,0
DA:136,0
DA:138,0
DA:142,105
DA:143,0
DA:144,0
DA:147,0
DA:148,0
DA:150,0
DA:151,0
DA:152,0
DA:157,0
DA:161,0
DA:162,0
DA:163,0
DA:165,0
DA:169,105
DA:170,0
DA:171,0
DA:172,0
DA:173,0
DA:175,0
LF:87
LH:26
BRDA:19,0,0,0
BRDA:19,0,1,0
BRDA:45,1,0,0
BRDA:45,1,1,0
BRDA:79,2,0,0
BRDA:79,2,1,0
BRDA:84,3,0,0
BRDA:84,3,1,0
BRDA:108,4,0,22
BRDA:108,4,1,16
BRDA:117,5,0,37
BRDA:117,5,1,12
BRDA:120,6,0,5
BRDA:120,6,1,30
BRDA:135,7,0,0
BRDA:135,7,1,0
BRDA:144,8,0,0
BRDA:144,8,1,0
BRDA:151,9,0,0
BRDA:151,9,1,0
BRDA:153,10,0,0
BRDA:153,10,1,0
BRDA:154,11,0,0
BRDA:154,11,1,0
BRF:24
BRH:6
end_of_record
TN:
SF:server/handlers/connection.js
FN:13,registerConnectionHandlers
FN:17,(anonymous_1)
FN:24,(anonymous_2)
FNF:3
FNH:3
FNDA:26,registerConnectionHandlers
FNDA:20,(anonymous_1)
FNDA:16,(anonymous_2)
DA:17,26
DA:18,20
DA:24,26
DA:25,16
DA:27,16
DA:28,1
DA:29,15
DA:30,0
DA:31,15
DA:32,2
LF:10
LH:9
BRDA:27,0,0,1
BRDA:27,0,1,15
BRDA:29,1,0,0
BRDA:29,1,1,15
BRDA:31,2,0,2
BRDA:31,2,1,13
BRF:6
BRH:5
end_of_record
TN:
SF:server/handlers/constants.js
FNF:0
FNH:0
DA:7,37
DA:29,37
LF:2
LH:2
BRF:0
BRH:0
end_of_record
TN:
SF:server/handlers/file-logger.js
FN:19,(anonymous_0)
FN:35,(anonymous_1)
FN:48,(anonymous_2)
FN:59,(anonymous_3)
FN:67,(anonymous_4)
FN:76,(anonymous_5)
FN:87,(anonymous_6)
FN:97,(anonymous_7)
FN:118,(anonymous_8)
FN:163,(anonymous_9)
FN:172,(anonymous_10)
FN:181,(anonymous_11)
FN:190,(anonymous_12)
FN:201,(anonymous_13)
FN:217,(anonymous_14)
FN:218,(anonymous_15)
FN:231,(anonymous_16)
FN:243,(anonymous_17)
FN:254,(anonymous_18)
FN:267,(anonymous_19)
FN:295,(anonymous_20)
FNF:21
FNH:18
FNDA:6,(anonymous_0)
FNDA:6,(anonymous_1)
FNDA:55,(anonymous_2)
FNDA:12,(anonymous_3)
FNDA:37,(anonymous_4)
FNDA:23,(anonymous_5)
FNDA:19,(anonymous_6)
FNDA:24,(anonymous_7)
FNDA:24,(anonymous_8)
FNDA:6,(anonymous_9)
FNDA:0,(anonymous_10)
FNDA:0,(anonymous_11)
FNDA:0,(anonymous_12)
FNDA:4,(anonymous_13)
FNDA:172,(anonymous_14)
FNDA:172,(anonymous_15)
FNDA:172,(anonymous_16)
FNDA:16,(anonymous_17)
FNDA:96,(anonymous_18)
FNDA:6,(anonymous_19)
FNDA:5,(anonymous_20)
DA:11,6
DA:12,6
DA:20,6
DA:21,6
DA:22,6
DA:23,6
DA:25,6
DA:28,6
DA:36,6
DA:37,6
DA:39,0
DA:40,0
DA:49,55
DA:50,19
DA:51,10
DA:60,12
DA:68,37
DA:77,23
DA:78,23
DA:79,23
DA:80,23
DA:88,19
DA:98,24
DA:99,24
DA:100,15
DA:101,15
DA:102,15
DA:105,15
DA:107,0
DA:120,24
DA:121,1
DA:124,23
DA:127,23
DA:130,23
DA:131,15
DA:132,15
DA:134,6
DA:139,23
DA:140,8
DA:154,23
DA:155,23
DA:164,6
DA:173,0
DA:182,0
DA:191,0
DA:192,0
DA:202,4
DA:203,4
DA:204,4
DA:207,4
DA:208,4
DA:210,0
DA:213,4
DA:214,4
DA:216,4
DA:217,172
DA:220,172
DA:221,172
DA:222,172
DA:229,0
DA:231,172
DA:234,0
DA:235,0
DA:244,16
DA:245,16
DA:246,16
DA:247,16
DA:249,0
DA:252,16
DA:253,16
DA:254,96
DA:258,0
DA:259,0
DA:268,6
DA:269,6
DA:270,6
DA:271,6
DA:273,6
DA:274,6
DA:275,6
DA:276,6
DA:277,6
DA:279,0
DA:283,6
DA:284,6
DA:286,0
DA:287,0
DA:296,5
DA:297,5
DA:298,5
DA:299,5
DA:301,5
DA:302,5
DA:303,5
DA:304,5
DA:305,5
DA:307,0
DA:311,5
DA:313,0
DA:314,0
DA:319,6
LF:101
LH:81
BRDA:19,0,0,0
BRDA:23,1,0,6
BRDA:23,1,1,6
BRDA:25,2,0,6
BRDA:25,2,1,6
BRDA:49,3,0,19
BRDA:49,3,1,36
BRDA:76,4,0,23
BRDA:118,5,0,0
BRDA:120,6,0,1
BRDA:120,6,1,23
BRDA:130,7,0,15
BRDA:130,7,1,8
BRDA:139,8,0,8
BRDA:139,8,1,15
BRDA:163,9,0,0
BRDA:172,10,0,0
BRDA:181,11,0,0
BRDA:190,12,0,0
BRDA:191,13,0,0
BRDA:191,13,1,0
BRDA:201,14,0,0
BRDA:204,15,0,0
BRDA:204,15,1,4
BRDA:221,16,0,172
BRDA:221,16,1,0
BRF:26
BRH:15
end_of_record
TN:
SF:server/handlers/index.js
FN:31,(anonymous_0)
FN:42,(anonymous_1)
FNF:2
FNH:2
FNDA:5,(anonymous_0)
FNDA:4,(anonymous_1)
DA:31,1
DA:32,5
DA:33,1
DA:37,4
DA:38,4
DA:39,4
DA:40,4
DA:42,4
DA:43,4
DA:45,4
DA:46,4
DA:47,4
DA:48,4
DA:49,4
DA:50,4
LF:15
LH:15
BRDA:32,0,0,1
BRDA:32,0,1,4
BRF:2
BRH:2
end_of_record
TN:
SF:server/handlers/llama.js
FN:24,registerLlamaHandlers
FN:30,(anonymous_1)
FN:33,(anonymous_2)
FN:37,(anonymous_3)
FN:45,(anonymous_4)
FN:88,(anonymous_5)
FN:125,(anonymous_6)
FN:141,(anonymous_7)
FN:172,(anonymous_8)
FN:196,(anonymous_9)
FN:208,(anonymous_10)
FNF:11
FNH:8
FNDA:52,registerLlamaHandlers
FNDA:12,(anonymous_1)
FNDA:9,(anonymous_2)
FNDA:2,(anonymous_3)
FNDA:14,(anonymous_4)
FNDA:0,(anonymous_5)
FNDA:5,(anonymous_6)
FNDA:0,(anonymous_7)
FNDA:8,(anonymous_8)
FNDA:13,(anonymous_9)
FNDA:0,(anonymous_10)
DA:30,52
DA:31,12
DA:32,12
DA:35,9
DA:38,2
DA:45,52
DA:46,14
DA:47,14
DA:49,14
DA:50,14
DA:51,14
DA:52,14
DA:54,14
DA:61,14
DA:68,13
DA:69,13
DA:70,12
DA:71,12
DA:72,0
DA:74,12
DA:76,1
DA:77,1
DA:80,1
DA:81,1
DA:88,52
DA:89,0
DA:90,0
DA:92,0
DA:93,0
DA:94,0
DA:95,0
DA:96,0
DA:99,0
DA:100,0
DA:102,0
DA:109,0
DA:110,0
DA:111,0
DA:113,0
DA:115,0
DA:118,0
DA:125,52
DA:126,5
DA:127,5
DA:129,5
DA:132,5
DA:141,0
DA:144,0
DA:145,0
DA:146,0
DA:148,0
DA:155,0
DA:156,0
DA:157,0
DA:159,0
DA:161,0
DA:164,5
DA:165,5
DA:172,52
DA:173,8
DA:174,8
DA:175,8
DA:176,8
DA:178,7
DA:185,0
DA:186,0
DA:188,8
DA:189,8
DA:196,52
DA:197,13
DA:198,13
DA:199,13
DA:200,13
DA:201,12
DA:203,1
DA:208,52
DA:209,0
LF:77
LH:47
BRDA:31,0,0,12
BRDA:31,0,1,5
BRDA:46,1,0,14
BRDA:46,1,1,3
BRDA:51,2,0,14
BRDA:51,2,1,1
BRDA:56,3,0,14
BRDA:56,3,1,1
BRDA:57,4,0,14
BRDA:57,4,1,0
BRDA:58,5,0,14
BRDA:58,5,1,0
BRDA:62,6,0,14
BRDA:62,6,1,1
BRDA:63,7,0,14
BRDA:63,7,1,0
BRDA:64,8,0,14
BRDA:64,8,1,0
BRDA:69,9,0,12
BRDA:69,9,1,1
BRDA:71,10,0,0
BRDA:71,10,1,12
BRDA:89,11,0,0
BRDA:89,11,1,0
BRDA:94,12,0,0
BRDA:94,12,1,0
BRDA:100,13,0,0
BRDA:100,13,1,0
BRDA:103,14,0,0
BRDA:103,14,1,0
BRDA:103,14,2,0
BRDA:104,15,0,0
BRDA:104,15,1,0
BRDA:105,16,0,0
BRDA:105,16,1,0
BRDA:109,17,0,0
BRDA:109,17,1,0
BRDA:110,18,0,0
BRDA:110,18,1,0
BRDA:126,19,0,5
BRDA:126,19,1,3
BRDA:145,20,0,0
BRDA:145,20,1,0
BRDA:149,21,0,0
BRDA:149,21,1,0
BRDA:150,22,0,0
BRDA:150,22,1,0
BRDA:151,23,0,0
BRDA:151,23,1,0
BRDA:155,24,0,0
BRDA:155,24,1,0
BRDA:156,25,0,0
BRDA:156,25,1,0
BRDA:173,26,0,8
BRDA:173,26,1,4
BRDA:197,27,0,13
BRDA:197,27,1,5
BRDA:199,28,0,13
BRDA:199,28,1,5
BRF:59
BRH:25
end_of_record
TN:
SF:server/handlers/logger.js
FN:11,(anonymous_0)
FN:19,(anonymous_1)
FN:28,(anonymous_2)
FN:38,(anonymous_3)
FN:47,(anonymous_4)
FN:56,(anonymous_5)
FN:65,(anonymous_6)
FN:74,(anonymous_7)
FN:86,registerLoggerHandlers
FN:87,(anonymous_9)
FNF:10
FNH:10
FNDA:32,(anonymous_0)
FNDA:12,(anonymous_1)
FNDA:5,(anonymous_2)
FNDA:18,(anonymous_3)
FNDA:3,(anonymous_4)
FNDA:3,(anonymous_5)
FNDA:3,(anonymous_6)
FNDA:2,(anonymous_7)
FNDA:52,registerLoggerHandlers
FNDA:51,(anonymous_9)
DA:12,32
DA:20,12
DA:21,12
DA:29,5
DA:39,18
DA:48,3
DA:57,3
DA:66,3
DA:75,2
DA:79,2
DA:87,52
DA:88,51
DA:89,51
DA:90,51
DA:93,51
DA:94,51
DA:96,51
DA:97,19
DA:106,32
DA:107,18
DA:108,14
DA:109,3
DA:110,11
DA:111,3
DA:113,8
DA:116,32
LF:26
LH:26
BRDA:38,0,0,6
BRDA:47,1,0,2
BRDA:56,2,0,2
BRDA:65,3,0,2
BRDA:74,4,0,1
BRDA:88,5,0,51
BRDA:88,5,1,1
BRDA:89,6,0,51
BRDA:89,6,1,4
BRDA:90,7,0,51
BRDA:90,7,1,6
BRDA:94,8,0,51
BRDA:94,8,1,37
BRDA:94,8,2,37
BRDA:96,9,0,19
BRDA:96,9,1,32
BRDA:96,10,0,51
BRDA:96,10,1,35
BRDA:106,11,0,18
BRDA:106,11,1,14
BRDA:108,12,0,3
BRDA:108,12,1,11
BRDA:110,13,0,3
BRDA:110,13,1,8
BRF:24
BRH:24
end_of_record
TN:
SF:server/handlers/logs.js
FN:19,getRequestId
FN:29,validateLogPath
FN:66,fileExists
FN:81,registerLogsHandlers
FN:91,(anonymous_4)
FN:121,(anonymous_5)
FN:156,(anonymous_6)
FN:189,(anonymous_7)
FN:226,(anonymous_8)
FN:263,(anonymous_9)
FN:291,(anonymous_10)
FN:292,(anonymous_11)
FN:335,(anonymous_12)
FNF:13
FNH:7
FNDA:27,getRequestId
FNDA:0,validateLogPath
FNDA:0,fileExists
FNDA:32,registerLogsHandlers
FNDA:5,(anonymous_4)
FNDA:5,(anonymous_5)
FNDA:6,(anonymous_6)
FNDA:4,(anonymous_7)
FNDA:7,(anonymous_8)
FNDA:0,(anonymous_9)
FNDA:0,(anonymous_10)
FNDA:0,(anonymous_11)
FNDA:0,(anonymous_12)
DA:11,1
DA:12,1
DA:20,27
DA:30,0
DA:31,0
DA:34,0
DA:35,0
DA:38,0
DA:39,0
DA:42,0
DA:43,0
DA:46,0
DA:48,0
DA:49,0
DA:52,0
DA:53,0
DA:55,0
DA:58,0
DA:67,0
DA:68,0
DA:69,0
DA:71,0
DA:83,32
DA:91,32
DA:92,5
DA:93,5
DA:95,5
DA:96,5
DA:98,4
DA:100,4
DA:106,5
DA:107,5
DA:121,32
DA:122,5
DA:123,5
DA:125,5
DA:127,5
DA:128,5
DA:130,4
DA:132,4
DA:141,5
DA:142,5
DA:156,32
DA:157,6
DA:159,6
DA:161,6
DA:162,6
DA:163,5
DA:165,5
DA:167,5
DA:173,6
DA:174,6
DA:189,32
DA:190,4
DA:192,4
DA:194,4
DA:195,4
DA:198,3
DA:203,0
DA:205,0
DA:211,4
DA:212,4
DA:226,32
DA:227,7
DA:229,7
DA:231,7
DA:232,7
DA:235,6
DA:240,0
DA:242,0
DA:248,7
DA:249,7
DA:263,32
DA:264,0
DA:266,0
DA:268,0
DA:269,0
DA:270,0
DA:272,0
DA:273,0
DA:275,0
DA:284,0
DA:287,0
DA:288,0
DA:290,0
DA:291,0
DA:293,0
DA:294,0
DA:295,0
DA:301,0
DA:309,0
DA:311,0
DA:320,0
DA:321,0
DA:335,32
DA:336,0
DA:337,0
DA:339,0
DA:340,0
DA:341,0
DA:344,0
LF:101
LH:51
BRDA:20,0,0,27
BRDA:20,0,1,8
BRDA:30,1,0,0
BRDA:30,1,1,0
BRDA:30,2,0,0
BRDA:30,2,1,0
BRDA:34,3,0,0
BRDA:34,3,1,0
BRDA:38,4,0,0
BRDA:38,4,1,0
BRDA:38,5,0,0
BRDA:38,5,1,0
BRDA:38,5,2,0
BRDA:42,6,0,0
BRDA:42,6,1,0
BRDA:48,7,0,0
BRDA:48,7,1,0
BRDA:96,8,0,5
BRDA:96,8,1,4
BRDA:109,9,0,5
BRDA:109,9,1,0
BRDA:123,10,0,5
BRDA:123,10,1,5
BRDA:136,11,0,4
BRDA:136,11,1,4
BRDA:144,12,0,5
BRDA:144,12,1,0
BRDA:176,13,0,6
BRDA:176,13,1,0
BRDA:214,14,0,4
BRDA:214,14,1,0
BRDA:251,15,0,7
BRDA:251,15,1,0
BRDA:272,16,0,0
BRDA:272,16,1,0
BRDA:291,17,0,0
BRDA:291,17,1,0
BRDA:294,18,0,0
BRDA:294,18,1,0
BRDA:323,19,0,0
BRDA:323,19,1,0
BRDA:337,20,0,0
BRDA:337,20,1,0
BRDA:339,21,0,0
BRDA:339,21,1,0
BRDA:340,22,0,0
BRDA:340,22,1,0
BRDA:341,23,0,0
BRDA:341,23,1,0
BRF:49
BRH:13
end_of_record
TN:
SF:server/handlers/metrics.js
FN:16,registerMetricsHandlers
FN:20,(anonymous_1)
FN:55,(anonymous_2)
FN:60,(anonymous_3)
FN:98,updateGpuList
FNF:5
FNH:5
FNDA:57,registerMetricsHandlers
FNDA:36,(anonymous_1)
FNDA:27,(anonymous_2)
FNDA:22,(anonymous_3)
FNDA:12,updateGpuList
DA:9,2
DA:20,57
DA:21,36
DA:22,36
DA:23,36
DA:24,33
DA:37,33
DA:38,33
DA:39,33
DA:40,0
DA:43,3
DA:44,3
DA:45,3
DA:46,0
DA:55,57
DA:56,27
DA:57,27
DA:58,27
DA:60,27
DA:74,25
DA:78,25
DA:79,0
DA:82,2
DA:83,2
DA:87,2
DA:88,0
DA:99,12
LF:27
LH:23
BRDA:23,0,0,36
BRDA:23,0,1,4
BRDA:25,1,0,33
BRDA:25,1,1,6
BRDA:26,2,0,33
BRDA:26,2,1,31
BRDA:27,3,0,33
BRDA:27,3,1,33
BRDA:28,4,0,33
BRDA:28,4,1,32
BRDA:30,5,0,33
BRDA:30,5,1,31
BRDA:31,6,0,33
BRDA:31,6,1,32
BRDA:32,7,0,33
BRDA:32,7,1,32
BRDA:35,8,0,33
BRDA:35,8,1,32
BRDA:39,9,0,0
BRDA:39,9,1,33
BRDA:45,10,0,0
BRDA:45,10,1,3
BRDA:57,11,0,27
BRDA:57,11,1,24
BRDA:61,12,0,22
BRDA:61,12,1,1
BRDA:62,13,0,22
BRDA:62,13,1,17
BRDA:63,14,0,22
BRDA:63,14,1,21
BRDA:64,15,0,22
BRDA:64,15,1,18
BRDA:66,16,0,22
BRDA:66,16,1,18
BRDA:67,17,0,22
BRDA:67,17,1,18
BRDA:68,18,0,22
BRDA:68,18,1,18
BRDA:70,19,0,22
BRDA:70,19,1,18
BRDA:78,20,0,0
BRDA:78,20,1,25
BRDA:87,21,0,0
BRDA:87,21,1,2
BRDA:99,22,0,12
BRDA:99,22,1,5
BRF:46
BRH:42
end_of_record
TN:
SF:server/handlers/response.js
FN:14,ok
FN:37,err
FNF:2
FNH:2
FNDA:62,ok
FNDA:37,err
DA:15,62
DA:22,62
DA:23,0
DA:25,62
DA:38,37
DA:45,37
DA:46,0
DA:48,37
LF:8
LH:6
BRDA:22,0,0,0
BRDA:22,0,1,62
BRDA:45,1,0,0
BRDA:45,1,1,37
BRF:4
BRH:2
end_of_record
TN:
SF:server/handlers/llama-router/api.js
FN:18,llamaApiRequest
FN:23,(anonymous_1)
FN:37,(anonymous_2)
FN:39,(anonymous_3)
FN:40,(anonymous_4)
FN:54,(anonymous_5)
FN:59,(anonymous_6)
FNF:7
FNH:7
FNDA:24,llamaApiRequest
FNDA:20,(anonymous_1)
FNDA:15,(anonymous_2)
FNDA:8,(anonymous_3)
FNDA:15,(anonymous_4)
FNDA:1,(anonymous_5)
FNDA:1,(anonymous_6)
DA:19,24
DA:20,4
DA:23,20
DA:24,20
DA:25,18
DA:37,18
DA:38,15
DA:39,15
DA:40,15
DA:42,15
DA:43,1
DA:44,1
DA:46,14
DA:47,14
DA:49,11
DA:54,17
DA:56,1
DA:59,17
DA:60,1
DA:61,1
DA:64,17
DA:65,2
DA:67,17
LF:23
LH:23
BRDA:18,0,0,1
BRDA:18,1,0,0
BRDA:19,2,0,4
BRDA:19,2,1,20
BRDA:42,3,0,1
BRDA:42,3,1,14
BRDA:64,4,0,2
BRDA:64,4,1,15
BRF:8
BRH:7
end_of_record
TN:
SF:server/handlers/llama-router/index.js
FN:29,validateLlamaRouterExports
FN:64,(anonymous_1)
FNF:2
FNH:1
FNDA:1,validateLlamaRouterExports
FNDA:0,(anonymous_1)
DA:31,1
DA:32,1
DA:33,1
DA:34,1
DA:35,1
DA:37,1
DA:46,1
DA:49,1
DA:52,1
DA:55,1
DA:58,1
DA:61,1
DA:64,1
DA:67,0
DA:70,0
DA:73,0
DA:74,0
DA:75,0
DA:77,0
DA:81,0
DA:84,0
DA:87,0
DA:89,0
LF:23
LH:13
BRF:0
BRH:0
end_of_record
TN:
SF:server/handlers/llama-router/metrics-scraper.js
FN:8,(anonymous_0)
FN:18,(anonymous_1)
FN:26,(anonymous_2)
FN:33,(anonymous_3)
FN:74,(anonymous_4)
FN:157,(anonymous_5)
FN:190,(anonymous_6)
FN:269,(anonymous_7)
FN:270,(anonymous_8)
FN:280,(anonymous_9)
FN:282,(anonymous_10)
FN:283,(anonymous_11)
FN:301,(anonymous_12)
FNF:13
FNH:4
FNDA:12,(anonymous_0)
FNDA:2,(anonymous_1)
FNDA:0,(anonymous_2)
FNDA:1,(anonymous_3)
FNDA:0,(anonymous_4)
FNDA:0,(anonymous_5)
FNDA:7,(anonymous_6)
FNDA:0,(anonymous_7)
FNDA:0,(anonymous_8)
FNDA:0,(anonymous_9)
FNDA:0,(anonymous_10)
FNDA:0,(anonymous_11)
FNDA:0,(anonymous_12)
DA:9,12
DA:10,12
DA:11,12
DA:12,12
DA:13,12
DA:14,12
DA:15,12
DA:19,2
DA:20,1
DA:21,1
DA:22,1
DA:27,0
DA:28,0
DA:29,0
DA:35,1
DA:36,1
DA:37,1
DA:41,0
DA:43,0
DA:44,0
DA:48,0
DA:49,0
DA:50,0
DA:54,0
DA:55,0
DA:56,0
DA:57,0
DA:61,0
DA:63,0
DA:67,0
DA:76,0
DA:77,0
DA:101,0
DA:102,0
DA:126,0
DA:127,0
DA:150,0
DA:159,0
DA:160,0
DA:161,0
DA:162,0
DA:163,0
DA:164,0
DA:165,0
DA:168,0
DA:173,0
DA:175,0
DA:176,0
DA:177,0
DA:178,0
DA:179,0
DA:180,0
DA:187,0
DA:191,7
DA:212,7
DA:213,7
DA:214,34
DA:215,34
DA:217,21
DA:218,21
DA:220,20
DA:221,20
DA:222,20
DA:223,20
DA:226,19
DA:227,3
DA:228,16
DA:229,2
DA:230,14
DA:231,0
DA:232,14
DA:233,1
DA:234,13
DA:235,1
DA:236,12
DA:237,1
DA:238,11
DA:239,1
DA:240,10
DA:241,1
DA:242,9
DA:243,1
DA:244,8
DA:245,1
DA:246,7
DA:247,1
DA:248,1
DA:249,6
DA:250,1
DA:251,5
DA:252,1
DA:253,1
DA:254,4
DA:255,1
DA:256,1
DA:257,3
DA:258,1
DA:259,2
DA:260,1
DA:261,1
DA:262,1
DA:266,7
DA:270,0
DA:271,0
DA:272,0
DA:280,0
DA:281,0
DA:282,0
DA:283,0
DA:284,0
DA:285,0
DA:286,0
DA:288,0
DA:289,0
DA:291,0
DA:295,0
DA:300,0
DA:301,0
DA:302,0
LF:119
LH:62
BRDA:9,0,0,12
BRDA:9,0,1,9
BRDA:10,1,0,12
BRDA:10,1,1,9
BRDA:12,2,0,12
BRDA:12,2,1,12
BRDA:19,3,0,1
BRDA:19,3,1,1
BRDA:19,4,0,2
BRDA:19,4,1,2
BRDA:27,5,0,0
BRDA:27,5,1,0
BRDA:27,6,0,0
BRDA:27,6,1,0
BRDA:36,7,0,1
BRDA:36,7,1,0
BRDA:36,8,0,1
BRDA:36,8,1,1
BRDA:48,9,0,0
BRDA:48,9,1,0
BRDA:48,10,0,0
BRDA:48,10,1,0
BRDA:55,11,0,0
BRDA:55,11,1,0
BRDA:61,12,0,0
BRDA:61,12,1,0
BRDA:67,13,0,0
BRDA:67,13,1,0
BRDA:76,14,0,0
BRDA:76,14,1,0
BRDA:101,15,0,0
BRDA:101,15,1,0
BRDA:101,16,0,0
BRDA:101,16,1,0
BRDA:101,16,2,0
BRDA:126,17,0,0
BRDA:126,17,1,0
BRDA:126,18,0,0
BRDA:126,18,1,0
BRDA:128,19,0,0
BRDA:128,19,1,0
BRDA:128,19,2,0
BRDA:129,20,0,0
BRDA:129,20,1,0
BRDA:129,20,2,0
BRDA:129,20,3,0
BRDA:130,21,0,0
BRDA:130,21,1,0
BRDA:130,21,2,0
BRDA:130,21,3,0
BRDA:130,21,4,0
BRDA:131,22,0,0
BRDA:131,22,1,0
BRDA:131,22,2,0
BRDA:132,23,0,0
BRDA:132,23,1,0
BRDA:132,23,2,0
BRDA:133,24,0,0
BRDA:133,24,1,0
BRDA:133,24,2,0
BRDA:134,25,0,0
BRDA:134,25,1,0
BRDA:134,25,2,0
BRDA:135,26,0,0
BRDA:135,26,1,0
BRDA:135,26,2,0
BRDA:136,27,0,0
BRDA:136,27,1,0
BRDA:136,27,2,0
BRDA:137,28,0,0
BRDA:137,28,1,0
BRDA:137,28,2,0
BRDA:138,29,0,0
BRDA:138,29,1,0
BRDA:138,29,2,0
BRDA:139,30,0,0
BRDA:139,30,1,0
BRDA:140,31,0,0
BRDA:140,31,1,0
BRDA:141,32,0,0
BRDA:141,32,1,0
BRDA:142,33,0,0
BRDA:142,33,1,0
BRDA:143,34,0,0
BRDA:143,34,1,0
BRDA:144,35,0,0
BRDA:144,35,1,0
BRDA:145,36,0,0
BRDA:145,36,1,0
BRDA:159,37,0,0
BRDA:159,37,1,0
BRDA:163,38,0,0
BRDA:163,38,1,0
BRDA:163,39,0,0
BRDA:163,39,1,0
BRDA:179,40,0,0
BRDA:179,40,1,0
BRDA:179,41,0,0
BRDA:179,41,1,0
BRDA:215,42,0,13
BRDA:215,42,1,21
BRDA:215,43,0,34
BRDA:215,43,1,32
BRDA:218,44,0,1
BRDA:218,44,1,20
BRDA:223,45,0,1
BRDA:223,45,1,19
BRDA:226,46,0,3
BRDA:226,46,1,16
BRDA:228,47,0,2
BRDA:228,47,1,14
BRDA:230,48,0,0
BRDA:230,48,1,14
BRDA:232,49,0,1
BRDA:232,49,1,13
BRDA:234,50,0,1
BRDA:234,50,1,12
BRDA:236,51,0,1
BRDA:236,51,1,11
BRDA:238,52,0,1
BRDA:238,52,1,10
BRDA:240,53,0,1
BRDA:240,53,1,9
BRDA:242,54,0,1
BRDA:242,54,1,8
BRDA:244,55,0,1
BRDA:244,55,1,7
BRDA:246,56,0,1
BRDA:246,56,1,6
BRDA:249,57,0,1
BRDA:249,57,1,5
BRDA:251,58,0,1
BRDA:251,58,1,4
BRDA:254,59,0,1
BRDA:254,59,1,3
BRDA:257,60,0,1
BRDA:257,60,1,2
BRDA:259,61,0,1
BRDA:259,61,1,1
BRDA:261,62,0,1
BRDA:261,62,1,0
BRDA:269,63,0,0
BRDA:274,64,0,0
BRDA:274,64,1,0
BRDA:284,65,0,0
BRDA:284,65,1,0
BRDA:285,66,0,0
BRDA:285,66,1,0
BRF:148
BRH:53
end_of_record
TN:
SF:server/handlers/llama-router/process.js
FN:23,getDefaultStartPort
FN:41,findAvailablePort
FN:58,killLlamaServer
FN:70,isPortInUse
FN:71,(anonymous_4)
FN:76,(anonymous_5)
FN:80,(anonymous_6)
FN:84,(anonymous_7)
FN:94,killLlamaOnPort
FN:118,findLlamaServer
FN:139,stopLlamaServer
FNF:11
FNH:10
FNDA:2,getDefaultStartPort
FNDA:2,findAvailablePort
FNDA:9,killLlamaServer
FNDA:23,isPortInUse
FNDA:23,(anonymous_4)
FNDA:18,(anonymous_5)
FNDA:0,(anonymous_6)
FNDA:1,(anonymous_7)
FNDA:1,killLlamaOnPort
FNDA:2,findLlamaServer
FNDA:8,stopLlamaServer
DA:17,37
DA:24,2
DA:25,2
DA:26,2
DA:27,2
DA:28,0
DA:35,2
DA:42,2
DA:43,2
DA:44,2
DA:47,0
DA:48,0
DA:49,0
DA:52,0
DA:59,9
DA:60,2
DA:61,2
DA:62,2
DA:64,7
DA:71,23
DA:72,23
DA:73,23
DA:75,23
DA:76,23
DA:77,18
DA:78,18
DA:80,23
DA:81,0
DA:82,0
DA:84,23
DA:85,1
DA:86,1
DA:95,1
DA:96,1
DA:97,0
DA:98,0
DA:99,0
DA:101,0
DA:102,0
DA:103,0
DA:104,0
DA:107,0
DA:112,0
DA:119,2
DA:129,2
DA:130,2
DA:133,0
DA:147,8
DA:149,8
DA:151,8
DA:152,8
DA:155,8
LF:52
LH:35
BRDA:24,0,0,2
BRDA:24,0,1,0
BRDA:27,1,0,0
BRDA:27,1,1,2
BRDA:43,2,0,2
BRDA:43,2,1,0
BRDA:48,3,0,0
BRDA:48,3,1,0
BRDA:59,4,0,2
BRDA:59,4,1,7
BRDA:59,5,0,9
BRDA:59,5,1,2
BRDA:98,6,0,0
BRDA:98,6,1,0
BRDA:103,7,0,0
BRDA:103,7,1,0
BRDA:130,8,0,2
BRDA:130,8,1,0
BRDA:151,9,0,8
BRDA:151,9,1,0
BRF:20
BRH:9
end_of_record
TN:
SF:server/handlers/llama-router/start.js
FN:37,setNotificationCallback
FN:47,getConfiguredPort
FN:56,getRouterState
FN:68,getServerUrl
FN:69,getServerProcess
FN:75,getServerUptime
FN:80,notifyServerEvent
FN:87,initLogFile
FN:94,writeLog
FN:101,cleanupProcess
FN:138,findLlamaServer
FN:174,getLlamaServerPath
FN:205,startLlamaServerRouter
FN:272,(anonymous_13)
FN:273,(anonymous_14)
FN:278,(anonymous_15)
FNF:16
FNH:4
FNDA:0,setNotificationCallback
FNDA:9,getConfiguredPort
FNDA:9,getRouterState
FNDA:5,getServerUrl
FNDA:7,getServerProcess
FNDA:0,getServerUptime
FNDA:0,notifyServerEvent
FNDA:0,initLogFile
FNDA:0,writeLog
FNDA:0,cleanupProcess
FNDA:0,findLlamaServer
FNDA:0,getLlamaServerPath
FNDA:0,startLlamaServerRouter
FNDA:0,(anonymous_13)
FNDA:0,(anonymous_14)
FNDA:0,(anonymous_15)
DA:20,37
DA:21,37
DA:22,37
DA:23,37
DA:24,37
DA:25,37
DA:26,37
DA:27,37
DA:29,37
DA:30,37
DA:31,0
DA:38,0
DA:48,9
DA:49,0
DA:50,0
DA:57,9
DA:58,9
DA:60,9
DA:68,5
DA:69,7
DA:76,0
DA:77,0
DA:81,0
DA:82,0
DA:83,0
DA:88,0
DA:89,0
DA:90,0
DA:91,0
DA:95,0
DA:96,0
DA:97,0
DA:98,0
DA:102,0
DA:103,0
DA:105,0
DA:106,0
DA:109,0
DA:110,0
DA:111,0
DA:113,0
DA:118,0
DA:119,0
DA:120,0
DA:122,0
DA:123,0
DA:124,0
DA:127,0
DA:139,0
DA:141,0
DA:145,0
DA:146,0
DA:153,0
DA:160,0
DA:161,0
DA:162,0
DA:166,0
DA:175,0
DA:177,0
DA:179,0
DA:180,0
DA:184,0
DA:185,0
DA:186,0
DA:187,0
DA:193,0
DA:194,0
DA:195,0
DA:199,0
DA:206,0
DA:207,0
DA:209,0
DA:211,0
DA:212,0
DA:218,0
DA:221,0
DA:222,0
DA:228,0
DA:230,0
DA:231,0
DA:233,0
DA:242,0
DA:243,0
DA:246,0
DA:247,0
DA:249,0
DA:250,0
DA:251,0
DA:253,0
DA:256,0
DA:257,0
DA:260,0
DA:261,0
DA:262,0
DA:264,0
DA:265,0
DA:270,0
DA:272,0
DA:273,0
DA:274,0
DA:275,0
DA:277,0
DA:278,0
DA:281,0
DA:282,0
DA:283,0
DA:284,0
DA:288,0
DA:289,0
DA:291,0
DA:292,0
DA:293,0
DA:296,0
DA:297,0
DA:299,0
DA:300,0
DA:302,0
DA:307,0
DA:308,0
DA:311,0
DA:313,0
DA:314,0
LF:122
LH:16
BRDA:30,0,0,0
BRDA:30,0,1,37
BRDA:48,1,0,9
BRDA:48,1,1,0
BRDA:50,2,0,0
BRDA:50,2,1,0
BRDA:57,3,0,9
BRDA:57,3,1,9
BRDA:58,4,0,0
BRDA:58,4,1,9
BRDA:64,5,0,9
BRDA:64,5,1,0
BRDA:76,6,0,0
BRDA:76,6,1,0
BRDA:82,7,0,0
BRDA:82,7,1,0
BRDA:96,8,0,0
BRDA:96,8,1,0
BRDA:97,9,0,0
BRDA:97,9,1,0
BRDA:102,10,0,0
BRDA:102,10,1,0
BRDA:102,11,0,0
BRDA:102,11,1,0
BRDA:105,12,0,0
BRDA:105,12,1,0
BRDA:105,13,0,0
BRDA:105,13,1,0
BRDA:109,14,0,0
BRDA:109,14,1,0
BRDA:109,15,0,0
BRDA:109,15,1,0
BRDA:122,16,0,0
BRDA:122,16,1,0
BRDA:145,17,0,0
BRDA:145,17,1,0
BRDA:145,18,0,0
BRDA:145,18,1,0
BRDA:161,19,0,0
BRDA:161,19,1,0
BRDA:161,20,0,0
BRDA:161,20,1,0
BRDA:177,21,0,0
BRDA:177,21,1,0
BRDA:179,22,0,0
BRDA:179,22,1,0
BRDA:179,23,0,0
BRDA:179,23,1,0
BRDA:184,24,0,0
BRDA:184,24,1,0
BRDA:184,25,0,0
BRDA:184,25,1,0
BRDA:186,26,0,0
BRDA:186,26,1,0
BRDA:186,27,0,0
BRDA:186,27,1,0
BRDA:194,28,0,0
BRDA:194,28,1,0
BRDA:199,29,0,0
BRDA:199,29,1,0
BRDA:205,30,0,0
BRDA:207,31,0,0
BRDA:207,31,1,0
BRDA:211,32,0,0
BRDA:211,32,1,0
BRDA:221,33,0,0
BRDA:221,33,1,0
BRDA:235,34,0,0
BRDA:235,34,1,0
BRDA:236,35,0,0
BRDA:236,35,1,0
BRDA:236,35,2,0
BRDA:237,36,0,0
BRDA:237,36,1,0
BRDA:237,36,2,0
BRDA:238,37,0,0
BRDA:238,37,1,0
BRDA:238,37,2,0
BRDA:242,38,0,0
BRDA:242,38,1,0
BRDA:246,39,0,0
BRDA:246,39,1,0
BRDA:246,39,2,0
BRDA:247,40,0,0
BRDA:247,40,1,0
BRDA:249,41,0,0
BRDA:249,41,1,0
BRDA:253,42,0,0
BRDA:253,42,1,0
BRDA:256,43,0,0
BRDA:256,43,1,0
BRDA:256,44,0,0
BRDA:256,44,1,0
BRDA:270,45,0,0
BRDA:270,45,1,0
BRDA:281,46,0,0
BRDA:281,46,1,0
BRDA:288,47,0,0
BRDA:288,47,1,0
BRDA:307,48,0,0
BRDA:307,48,1,0
BRDA:307,49,0,0
BRDA:307,49,1,0
BRF:103
BRH:6
end_of_record
TN:
SF:server/handlers/llama-router/status.js
FN:25,isValidLlamaServerResponse
FN:39,detectLlamaServer
FN:49,(anonymous_2)
FN:49,(anonymous_3)
FN:72,(anonymous_4)
FN:78,(anonymous_5)
FN:78,(anonymous_6)
FN:93,(anonymous_7)
FN:109,getLlamaStatus
FN:134,(anonymous_9)
FN:135,(anonymous_10)
FN:164,(anonymous_11)
FN:165,(anonymous_12)
FN:193,loadModel
FN:226,unloadModel
FNF:15
FNH:9
FNDA:0,isValidLlamaServerResponse
FNDA:4,detectLlamaServer
FNDA:0,(anonymous_2)
FNDA:0,(anonymous_3)
FNDA:76,(anonymous_4)
FNDA:1,(anonymous_5)
FNDA:0,(anonymous_6)
FNDA:76,(anonymous_7)
FNDA:14,getLlamaStatus
FNDA:2,(anonymous_9)
FNDA:0,(anonymous_10)
FNDA:10,(anonymous_11)
FNDA:0,(anonymous_12)
FNDA:7,loadModel
FNDA:7,unloadModel
DA:13,36
DA:27,0
DA:40,4
DA:43,4
DA:44,3
DA:45,0
DA:46,0
DA:47,0
DA:49,0
DA:52,0
DA:53,0
DA:54,0
DA:56,0
DA:59,0
DA:65,4
DA:66,4
DA:67,28
DA:70,4
DA:71,28
DA:73,76
DA:74,1
DA:75,1
DA:76,1
DA:78,1
DA:81,0
DA:82,0
DA:84,0
DA:86,1
DA:89,75
DA:93,76
DA:94,28
DA:95,0
DA:96,0
DA:100,4
DA:110,14
DA:111,14
DA:112,14
DA:113,14
DA:116,14
DA:117,14
DA:121,14
DA:122,14
DA:123,4
DA:127,14
DA:130,14
DA:131,2
DA:132,2
DA:133,2
DA:134,2
DA:135,2
DA:137,2
DA:138,2
DA:140,0
DA:141,0
DA:146,14
DA:147,14
DA:150,14
DA:151,0
DA:152,0
DA:153,0
DA:156,14
DA:157,14
DA:159,14
DA:160,10
DA:162,10
DA:163,10
DA:164,10
DA:165,10
DA:168,10
DA:170,1
DA:171,1
DA:175,14
DA:194,7
DA:195,7
DA:196,7
DA:197,7
DA:200,7
DA:201,1
DA:204,7
DA:206,7
DA:207,1
DA:210,6
DA:211,6
DA:212,3
DA:213,3
DA:215,3
DA:216,3
DA:227,7
DA:228,7
DA:229,7
DA:230,7
DA:233,7
DA:234,1
DA:237,7
DA:239,7
DA:240,1
DA:243,6
DA:244,6
DA:245,3
DA:246,3
DA:248,3
DA:249,3
LF:102
LH:82
BRDA:28,0,0,0
BRDA:28,0,1,0
BRDA:28,0,2,0
BRDA:28,0,3,0
BRDA:39,1,0,0
BRDA:43,2,0,3
BRDA:43,2,1,1
BRDA:44,3,0,0
BRDA:44,3,1,3
BRDA:52,4,0,0
BRDA:52,4,1,0
BRDA:73,5,0,1
BRDA:73,5,1,75
BRDA:81,6,0,0
BRDA:81,6,1,0
BRDA:94,7,0,0
BRDA:94,7,1,28
BRDA:117,8,0,13
BRDA:117,8,1,1
BRDA:122,9,0,4
BRDA:122,9,1,10
BRDA:122,10,0,14
BRDA:122,10,1,6
BRDA:130,11,0,2
BRDA:130,11,1,12
BRDA:130,12,0,14
BRDA:130,12,1,6
BRDA:130,12,2,4
BRDA:131,13,0,2
BRDA:131,13,1,2
BRDA:131,13,2,0
BRDA:131,13,3,0
BRDA:147,14,0,14
BRDA:147,14,1,3
BRDA:147,14,2,3
BRDA:150,15,0,0
BRDA:150,15,1,14
BRDA:150,16,0,14
BRDA:150,16,1,10
BRDA:159,17,0,10
BRDA:159,17,1,4
BRDA:176,18,0,10
BRDA:176,18,1,4
BRDA:177,19,0,10
BRDA:177,19,1,4
BRDA:178,20,0,10
BRDA:178,20,1,4
BRDA:182,21,0,14
BRDA:182,21,1,14
BRDA:182,21,2,8
BRDA:183,22,0,14
BRDA:183,22,1,13
BRDA:200,23,0,1
BRDA:200,23,1,6
BRDA:200,24,0,7
BRDA:200,24,1,2
BRDA:201,25,0,1
BRDA:201,25,1,1
BRDA:206,26,0,1
BRDA:206,26,1,6
BRDA:233,27,0,1
BRDA:233,27,1,6
BRDA:233,28,0,7
BRDA:233,28,1,2
BRDA:234,29,0,1
BRDA:234,29,1,1
BRDA:239,30,0,1
BRDA:239,30,1,6
BRF:68
BRH:54
end_of_record
TN:
SF:server/handlers/llama-router/stop.js
FN:14,stopLlamaServerRouter
FN:33,(anonymous_1)
FNF:2
FNH:2
FNDA:4,stopLlamaServerRouter
FNDA:4,(anonymous_1)
DA:15,4
DA:16,4
DA:17,4
DA:19,4
DA:20,4
DA:23,4
DA:24,4
DA:27,4
DA:28,0
DA:29,0
DA:33,4
DA:35,0
DA:36,0
LF:13
LH:9
BRDA:27,0,0,0
BRDA:27,0,1,4
BRF:2
BRH:1
end_of_record
TN:
SF:server/handlers/models/crud.js
FN:13,getRequestId
FN:23,registerModelsCrudHandlers
FN:30,(anonymous_2)
FN:61,(anonymous_3)
FN:97,(anonymous_4)
FN:133,(anonymous_5)
FN:177,(anonymous_6)
FN:213,(anonymous_7)
FNF:8
FNH:7
FNDA:61,getRequestId
FNDA:90,registerModelsCrudHandlers
FNDA:15,(anonymous_2)
FNDA:13,(anonymous_3)
FNDA:17,(anonymous_4)
FNDA:16,(anonymous_5)
FNDA:15,(anonymous_6)
FNDA:0,(anonymous_7)
DA:14,61
DA:30,90
DA:31,15
DA:33,15
DA:34,15
DA:35,11
DA:37,11
DA:38,0
DA:44,4
DA:45,4
DA:46,0
DA:61,88
DA:62,13
DA:63,13
DA:65,13
DA:66,13
DA:67,12
DA:68,6
DA:74,6
DA:81,13
DA:82,13
DA:97,88
DA:98,17
DA:99,17
DA:101,17
DA:102,17
DA:103,15
DA:106,15
DA:111,0
DA:117,17
DA:118,17
DA:133,88
DA:134,16
DA:135,16
DA:137,16
DA:138,16
DA:139,14
DA:140,8
DA:143,8
DA:148,0
DA:154,6
DA:161,16
DA:162,16
DA:177,88
DA:178,15
DA:179,15
DA:181,15
DA:182,15
DA:183,13
DA:186,13
DA:191,0
DA:197,15
DA:198,15
DA:213,88
DA:214,0
DA:215,0
DA:217,0
DA:218,0
DA:219,0
DA:220,0
DA:223,0
DA:228,0
DA:234,0
DA:241,0
DA:242,0
LF:65
LH:49
BRDA:14,0,0,61
BRDA:14,0,1,17
BRDA:37,1,0,0
BRDA:37,1,1,11
BRDA:45,2,0,0
BRDA:45,2,1,4
BRDA:48,3,0,0
BRDA:48,3,1,0
BRDA:67,4,0,6
BRDA:67,4,1,6
BRDA:84,5,0,13
BRDA:84,5,1,0
BRDA:102,6,0,17
BRDA:102,6,1,5
BRDA:120,7,0,17
BRDA:120,7,1,0
BRDA:138,8,0,16
BRDA:138,8,1,3
BRDA:139,9,0,8
BRDA:139,9,1,6
BRDA:164,10,0,16
BRDA:164,10,1,0
BRDA:200,11,0,15
BRDA:200,11,1,0
BRDA:218,12,0,0
BRDA:218,12,1,0
BRDA:219,13,0,0
BRDA:219,13,1,0
BRDA:244,14,0,0
BRDA:244,14,1,0
BRF:30
BRH:16
end_of_record
TN:
SF:server/handlers/models/index.js
FN:17,registerModelsHandlers
FNF:1
FNH:1
FNDA:12,registerModelsHandlers
DA:18,12
DA:19,10
DA:20,10
LF:3
LH:3
BRF:0
BRH:0
end_of_record
TN:
SF:server/handlers/models/router-ops.js
FN:13,getRequestId
FN:22,registerModelsRouterHandlers
FN:30,(anonymous_2)
FN:97,(anonymous_3)
FNF:4
FNH:4
FNDA:13,getRequestId
FNDA:23,registerModelsRouterHandlers
FNDA:7,(anonymous_2)
FNDA:6,(anonymous_3)
DA:14,13
DA:30,23
DA:31,7
DA:32,7
DA:34,7
DA:36,7
DA:37,7
DA:39,6
DA:41,5
DA:44,5
DA:50,0
DA:57,0
DA:59,0
DA:65,1
DA:67,1
DA:74,0
DA:81,7
DA:82,7
DA:97,23
DA:98,6
DA:99,6
DA:101,6
DA:103,6
DA:104,6
DA:106,5
DA:108,4
DA:111,4
DA:117,0
DA:124,0
DA:126,0
DA:132,1
DA:134,1
DA:141,6
DA:142,6
LF:34
LH:27
BRDA:14,0,0,13
BRDA:14,0,1,2
BRDA:32,1,0,7
BRDA:32,1,1,1
BRDA:39,2,0,5
BRDA:39,2,1,1
BRDA:51,3,0,0
BRDA:51,3,1,0
BRDA:76,4,0,0
BRDA:76,4,1,0
BRDA:84,5,0,7
BRDA:84,5,1,0
BRDA:99,6,0,6
BRDA:99,6,1,1
BRDA:106,7,0,4
BRDA:106,7,1,1
BRDA:118,8,0,0
BRDA:118,8,1,0
BRDA:136,9,0,1
BRDA:136,9,1,0
BRDA:144,10,0,6
BRDA:144,10,1,0
BRF:22
BRH:13
end_of_record
TN:
SF:server/handlers/models/scan.js
FN:18,getRequestId
FN:27,directoryExists
FN:43,processBatch
FN:47,(anonymous_3)
FN:59,isValidModelFile
FN:61,(anonymous_5)
FN:88,findModelFiles
FN:102,(anonymous_7)
FN:122,registerModelsScanHandlers
FN:130,(anonymous_9)
FN:155,(anonymous_10)
FN:158,(anonymous_11)
FN:216,(anonymous_12)
FN:267,(anonymous_13)
FNF:14
FNH:5
FNDA:20,getRequestId
FNDA:17,directoryExists
FNDA:0,processBatch
FNDA:0,(anonymous_3)
FNDA:0,isValidModelFile
FNDA:0,(anonymous_5)
FNDA:0,findModelFiles
FNDA:0,(anonymous_7)
FNDA:31,registerModelsScanHandlers
FNDA:17,(anonymous_9)
FNDA:0,(anonymous_10)
FNDA:0,(anonymous_11)
FNDA:0,(anonymous_12)
FNDA:3,(anonymous_13)
DA:11,2
DA:19,20
DA:28,17
DA:29,17
DA:30,0
DA:32,17
DA:44,0
DA:45,0
DA:46,0
DA:47,0
DA:48,0
DA:50,0
DA:60,0
DA:61,0
DA:62,0
DA:65,0
DA:66,0
DA:67,0
DA:68,0
DA:69,0
DA:70,0
DA:71,0
DA:72,0
DA:73,0
DA:76,0
DA:80,0
DA:89,0
DA:90,0
DA:92,0
DA:93,0
DA:95,0
DA:96,0
DA:97,0
DA:98,0
DA:99,0
DA:100,0
DA:102,0
DA:105,0
DA:109,0
DA:112,0
DA:130,31
DA:131,17
DA:133,17
DA:135,17
DA:136,17
DA:137,17
DA:138,17
DA:140,17
DA:141,17
DA:142,17
DA:144,17
DA:145,0
DA:146,0
DA:148,0
DA:155,0
DA:156,0
DA:157,0
DA:158,0
DA:159,0
DA:160,0
DA:161,0
DA:162,0
DA:178,0
DA:180,0
DA:182,0
DA:184,0
DA:185,0
DA:186,0
DA:199,0
DA:201,0
DA:204,0
DA:208,0
DA:213,0
DA:216,0
DA:217,0
DA:218,0
DA:219,0
DA:220,0
DA:221,0
DA:225,0
DA:233,17
DA:236,17
DA:243,0
DA:245,0
DA:251,17
DA:252,17
DA:267,31
DA:268,3
DA:270,3
DA:272,3
DA:273,3
DA:276,2
DA:277,2
DA:283,0
DA:285,0
DA:291,3
DA:292,3
LF:97
LH:29
BRDA:19,0,0,20
BRDA:19,0,1,2
BRDA:43,1,0,0
BRDA:61,2,0,0
BRDA:61,2,1,0
BRDA:65,3,0,0
BRDA:65,3,1,0
BRDA:72,4,0,0
BRDA:72,4,1,0
BRDA:97,5,0,0
BRDA:97,5,1,0
BRDA:100,6,0,0
BRDA:100,6,1,0
BRDA:101,7,0,0
BRDA:101,7,1,0
BRDA:101,7,2,0
BRDA:137,8,0,17
BRDA:137,8,1,17
BRDA:144,9,0,0
BRDA:144,9,1,17
BRDA:159,10,0,0
BRDA:159,10,1,0
BRDA:164,11,0,0
BRDA:164,11,1,0
BRDA:170,12,0,0
BRDA:170,12,1,0
BRDA:171,13,0,0
BRDA:171,13,1,0
BRDA:172,14,0,0
BRDA:172,14,1,0
BRDA:173,15,0,0
BRDA:173,15,1,0
BRDA:174,16,0,0
BRDA:174,16,1,0
BRDA:175,17,0,0
BRDA:175,17,1,0
BRDA:176,18,0,0
BRDA:176,18,1,0
BRDA:182,19,0,0
BRDA:182,19,1,0
BRDA:182,19,2,0
BRDA:184,20,0,0
BRDA:184,20,1,0
BRDA:184,20,2,0
BRDA:185,21,0,0
BRDA:185,21,1,0
BRDA:185,22,0,0
BRDA:185,22,1,0
BRDA:187,23,0,0
BRDA:187,23,1,0
BRDA:188,24,0,0
BRDA:188,24,1,0
BRDA:189,25,0,0
BRDA:189,25,1,0
BRDA:190,26,0,0
BRDA:190,26,1,0
BRDA:191,27,0,0
BRDA:191,27,1,0
BRDA:192,28,0,0
BRDA:192,28,1,0
BRDA:193,29,0,0
BRDA:193,29,1,0
BRDA:194,30,0,0
BRDA:194,30,1,0
BRDA:195,31,0,0
BRDA:195,31,1,0
BRDA:196,32,0,0
BRDA:196,32,1,0
BRDA:197,33,0,0
BRDA:197,33,1,0
BRDA:217,34,0,0
BRDA:217,34,1,0
BRDA:219,35,0,0
BRDA:219,35,1,0
BRDA:220,36,0,0
BRDA:220,36,1,0
BRDA:221,37,0,0
BRDA:221,37,1,0
BRDA:254,38,0,17
BRDA:254,38,1,0
BRDA:294,39,0,3
BRDA:294,39,1,0
BRF:82
BRH:7
end_of_record
TN:
SF:server/handlers/presets/handlers.js
FN:35,registerPresetsHandlers
FN:39,broadcastPresetsUpdated
FN:42,(anonymous_2)
FN:62,(anonymous_3)
FN:69,(anonymous_4)
FN:90,(anonymous_5)
FN:106,(anonymous_6)
FN:122,(anonymous_7)
FN:152,(anonymous_8)
FN:169,(anonymous_9)
FN:187,(anonymous_10)
FN:204,(anonymous_11)
FN:220,(anonymous_12)
FN:237,(anonymous_13)
FN:254,(anonymous_14)
FN:271,(anonymous_15)
FN:287,(anonymous_16)
FN:327,(anonymous_17)
FN:345,(anonymous_18)
FNF:19
FNH:1
FNDA:18,registerPresetsHandlers
FNDA:0,broadcastPresetsUpdated
FNDA:0,(anonymous_2)
FNDA:0,(anonymous_3)
FNDA:0,(anonymous_4)
FNDA:0,(anonymous_5)
FNDA:0,(anonymous_6)
FNDA:0,(anonymous_7)
FNDA:0,(anonymous_8)
FNDA:0,(anonymous_9)
FNDA:0,(anonymous_10)
FNDA:0,(anonymous_11)
FNDA:0,(anonymous_12)
FNDA:0,(anonymous_13)
FNDA:0,(anonymous_14)
FNDA:0,(anonymous_15)
FNDA:0,(anonymous_16)
FNDA:0,(anonymous_17)
FNDA:0,(anonymous_18)
DA:28,31
DA:40,0
DA:41,0
DA:42,0
DA:43,0
DA:44,0
DA:52,0
DA:53,0
DA:55,0
DA:62,18
DA:63,0
DA:64,0
DA:65,0
DA:66,0
DA:67,0
DA:69,0
DA:70,0
DA:71,0
DA:79,0
DA:80,0
DA:82,0
DA:83,0
DA:90,18
DA:91,0
DA:92,0
DA:93,0
DA:94,0
DA:95,0
DA:96,0
DA:98,0
DA:99,0
DA:106,18
DA:107,0
DA:108,0
DA:109,0
DA:110,0
DA:111,0
DA:112,0
DA:114,0
DA:115,0
DA:122,18
DA:123,0
DA:124,0
DA:125,0
DA:126,0
DA:127,0
DA:128,0
DA:129,0
DA:132,0
DA:133,0
DA:134,0
DA:136,0
DA:137,0
DA:144,0
DA:145,0
DA:152,18
DA:153,0
DA:154,0
DA:155,0
DA:156,0
DA:157,0
DA:158,0
DA:159,0
DA:161,0
DA:162,0
DA:169,18
DA:170,0
DA:171,0
DA:172,0
DA:173,0
DA:174,0
DA:175,0
DA:176,0
DA:177,0
DA:179,0
DA:180,0
DA:187,18
DA:188,0
DA:189,0
DA:190,0
DA:191,0
DA:192,0
DA:193,0
DA:194,0
DA:196,0
DA:197,0
DA:204,18
DA:205,0
DA:206,0
DA:207,0
DA:208,0
DA:209,0
DA:210,0
DA:212,0
DA:213,0
DA:220,18
DA:221,0
DA:222,0
DA:223,0
DA:224,0
DA:225,0
DA:226,0
DA:227,0
DA:229,0
DA:230,0
DA:237,18
DA:238,0
DA:239,0
DA:240,0
DA:241,0
DA:242,0
DA:243,0
DA:244,0
DA:246,0
DA:247,0
DA:254,18
DA:255,0
DA:256,0
DA:257,0
DA:258,0
DA:259,0
DA:260,0
DA:261,0
DA:263,0
DA:264,0
DA:271,18
DA:272,0
DA:273,0
DA:274,0
DA:275,0
DA:276,0
DA:277,0
DA:279,0
DA:280,0
DA:287,18
DA:288,0
DA:289,0
DA:290,0
DA:291,0
DA:292,0
DA:293,0
DA:295,0
DA:296,0
DA:297,0
DA:299,0
DA:300,0
DA:301,0
DA:302,0
DA:306,0
DA:307,0
DA:308,0
DA:310,0
DA:311,0
DA:313,0
DA:317,0
DA:319,0
DA:320,0
DA:327,18
DA:328,0
DA:329,0
DA:330,0
DA:331,0
DA:332,0
DA:334,0
DA:335,0
DA:337,0
DA:338,0
DA:345,18
DA:346,0
DA:347,0
DA:348,0
DA:349,0
DA:350,0
DA:352,0
DA:353,0
LF:175
LH:16
BRDA:48,0,0,0
BRDA:48,0,1,0
BRDA:49,1,0,0
BRDA:49,1,1,0
BRDA:63,2,0,0
BRDA:63,2,1,0
BRDA:75,3,0,0
BRDA:75,3,1,0
BRDA:76,4,0,0
BRDA:76,4,1,0
BRDA:91,5,0,0
BRDA:91,5,1,0
BRDA:107,6,0,0
BRDA:107,6,1,0
BRDA:123,7,0,0
BRDA:123,7,1,0
BRDA:127,8,0,0
BRDA:127,8,1,0
BRDA:153,9,0,0
BRDA:153,9,1,0
BRDA:170,10,0,0
BRDA:170,10,1,0
BRDA:188,11,0,0
BRDA:188,11,1,0
BRDA:205,12,0,0
BRDA:205,12,1,0
BRDA:221,13,0,0
BRDA:221,13,1,0
BRDA:238,14,0,0
BRDA:238,14,1,0
BRDA:255,15,0,0
BRDA:255,15,1,0
BRDA:272,16,0,0
BRDA:272,16,1,0
BRDA:288,17,0,0
BRDA:288,17,1,0
BRDA:293,18,0,0
BRDA:293,18,1,0
BRDA:300,19,0,0
BRDA:300,19,1,0
BRDA:300,20,0,0
BRDA:300,20,1,0
BRDA:328,21,0,0
BRDA:328,21,1,0
BRDA:332,22,0,0
BRDA:332,22,1,0
BRDA:346,23,0,0
BRDA:346,23,1,0
BRF:48
BRH:0
end_of_record
TN:
SF:server/handlers/presets/utils.js
FN:17,ensurePresetsDir
FN:32,parseIni
FN:63,generateIni
FN:87,getDefaultParameters
FN:156,getDefaultConfig
FN:166,iniSectionToModel
FN:180,(anonymous_6)
FN:194,modelToIniSection
FN:210,parseValue
FN:230,fileExists
FN:245,readPreset
FN:272,savePreset
FN:295,deletePreset
FN:314,listPresets
FN:320,(anonymous_14)
FN:321,(anonymous_15)
FN:333,getModelsFromPreset
FN:352,validateIni
FN:393,updateModelInPreset
FN:420,removeModelFromPreset
FN:451,getPresetsDefaults
FNF:21
FNH:0
FNDA:0,ensurePresetsDir
FNDA:0,parseIni
FNDA:0,generateIni
FNDA:0,getDefaultParameters
FNDA:0,getDefaultConfig
FNDA:0,iniSectionToModel
FNDA:0,(anonymous_6)
FNDA:0,modelToIniSection
FNDA:0,parseValue
FNDA:0,fileExists
FNDA:0,readPreset
FNDA:0,savePreset
FNDA:0,deletePreset
FNDA:0,listPresets
FNDA:0,(anonymous_14)
FNDA:0,(anonymous_15)
FNDA:0,getModelsFromPreset
FNDA:0,validateIni
FNDA:0,updateModelInPreset
FNDA:0,removeModelFromPreset
FNDA:0,getPresetsDefaults
DA:11,31
DA:18,0
DA:19,0
DA:20,0
DA:22,0
DA:23,0
DA:33,0
DA:34,0
DA:36,0
DA:37,0
DA:38,0
DA:39,0
DA:41,0
DA:42,0
DA:43,0
DA:44,0
DA:47,0
DA:48,0
DA:49,0
DA:50,0
DA:51,0
DA:55,0
DA:64,0
DA:66,0
DA:67,0
DA:69,0
DA:71,0
DA:72,0
DA:73,0
DA:74,0
DA:77,0
DA:80,0
DA:88,0
DA:157,0
DA:167,0
DA:169,0
DA:171,0
DA:172,0
DA:173,0
DA:174,0
DA:179,0
DA:180,0
DA:181,0
DA:185,0
DA:195,0
DA:197,0
DA:198,0
DA:199,0
DA:202,0
DA:211,0
DA:213,0
DA:215,0
DA:216,0
DA:217,0
DA:219,0
DA:220,0
DA:222,0
DA:231,0
DA:232,0
DA:233,0
DA:235,0
DA:246,0
DA:247,0
DA:249,0
DA:250,0
DA:253,0
DA:254,0
DA:256,0
DA:258,0
DA:273,0
DA:274,0
DA:276,0
DA:277,0
DA:279,0
DA:281,0
DA:296,0
DA:297,0
DA:299,0
DA:300,0
DA:303,0
DA:305,0
DA:307,0
DA:315,0
DA:317,0
DA:318,0
DA:319,0
DA:320,0
DA:321,0
DA:324,0
DA:334,0
DA:335,0
DA:337,0
DA:338,0
DA:341,0
DA:344,0
DA:353,0
DA:355,0
DA:356,0
DA:359,0
DA:360,0
DA:366,0
DA:367,0
DA:369,0
DA:370,0
DA:371,0
DA:376,0
DA:379,0
DA:394,0
DA:395,0
DA:397,0
DA:398,0
DA:399,0
DA:400,0
DA:403,0
DA:405,0
DA:406,0
DA:408,0
DA:410,0
DA:421,0
DA:422,0
DA:424,0
DA:425,0
DA:428,0
DA:429,0
DA:431,0
DA:432,0
DA:435,0
DA:437,0
DA:438,0
DA:440,0
DA:442,0
DA:452,0
DA:453,0
DA:455,0
DA:456,0
DA:459,0
DA:460,0
DA:462,0
DA:464,0
LF:139
LH:1
BRDA:39,0,0,0
BRDA:39,0,1,0
BRDA:39,1,0,0
BRDA:39,1,1,0
BRDA:41,2,0,0
BRDA:41,2,1,0
BRDA:41,3,0,0
BRDA:41,3,1,0
BRDA:47,4,0,0
BRDA:47,4,1,0
BRDA:47,5,0,0
BRDA:47,5,1,0
BRDA:67,6,0,0
BRDA:67,6,1,0
BRDA:72,7,0,0
BRDA:72,7,1,0
BRDA:72,8,0,0
BRDA:72,8,1,0
BRDA:72,8,2,0
BRDA:73,9,0,0
BRDA:73,9,1,0
BRDA:166,10,0,0
BRDA:169,11,0,0
BRDA:169,11,1,0
BRDA:173,12,0,0
BRDA:173,12,1,0
BRDA:198,13,0,0
BRDA:198,13,1,0
BRDA:211,14,0,0
BRDA:211,14,1,0
BRDA:211,15,0,0
BRDA:211,15,1,0
BRDA:215,16,0,0
BRDA:215,16,1,0
BRDA:216,17,0,0
BRDA:216,17,1,0
BRDA:217,18,0,0
BRDA:217,18,1,0
BRDA:220,19,0,0
BRDA:220,19,1,0
BRDA:220,20,0,0
BRDA:220,20,1,0
BRDA:249,21,0,0
BRDA:249,21,1,0
BRDA:299,22,0,0
BRDA:299,22,1,0
BRDA:338,23,0,0
BRDA:338,23,1,0
BRDA:338,24,0,0
BRDA:338,24,1,0
BRDA:359,25,0,0
BRDA:359,25,1,0
BRDA:367,26,0,0
BRDA:367,26,1,0
BRDA:370,27,0,0
BRDA:370,27,1,0
BRDA:370,28,0,0
BRDA:370,28,1,0
BRDA:398,29,0,0
BRDA:398,29,1,0
BRDA:424,30,0,0
BRDA:424,30,1,0
BRDA:431,31,0,0
BRDA:431,31,1,0
BRDA:455,32,0,0
BRDA:455,32,1,0
BRDA:462,33,0,0
BRDA:462,33,1,0
BRF:68
BRH:0
end_of_record
TN:
SF:server/ot/operation.js
FN:14,insert
FN:33,deleteOp
FN:51,retain
FN:67,isValid
FN:95,invert
FN:115,compose
FNF:6
FNH:6
FNDA:42,insert
FNDA:32,deleteOp
FNDA:8,retain
FNDA:11,isValid
FNDA:4,invert
FNDA:8,compose
DA:15,42
DA:34,32
DA:52,8
DA:68,11
DA:69,9
DA:70,8
DA:72,7
DA:73,2
DA:75,5
DA:76,3
DA:82,2
DA:83,1
DA:86,1
DA:96,4
DA:97,1
DA:99,3
DA:100,1
DA:101,1
DA:103,2
DA:104,1
DA:107,1
DA:116,8
DA:117,7
DA:119,6
DA:121,6
DA:122,7
DA:124,7
DA:125,4
DA:126,4
DA:127,3
DA:128,3
DA:130,1
DA:133,0
DA:135,3
DA:136,3
DA:137,2
DA:138,2
DA:139,2
DA:140,0
DA:141,0
DA:142,0
DA:144,0
DA:147,1
DA:152,4
LF:44
LH:39
BRDA:68,0,0,2
BRDA:68,0,1,9
BRDA:68,1,0,11
BRDA:68,1,1,10
BRDA:69,2,0,1
BRDA:69,2,1,8
BRDA:69,3,0,9
BRDA:69,3,1,9
BRDA:70,4,0,1
BRDA:70,4,1,7
BRDA:72,5,0,2
BRDA:72,5,1,5
BRDA:73,6,0,2
BRDA:73,6,1,2
BRDA:75,7,0,3
BRDA:75,7,1,2
BRDA:77,8,0,3
BRDA:77,8,1,3
BRDA:77,8,2,2
BRDA:82,9,0,1
BRDA:82,9,1,1
BRDA:96,10,0,1
BRDA:96,10,1,3
BRDA:99,11,0,1
BRDA:99,11,1,2
BRDA:103,12,0,1
BRDA:103,12,1,1
BRDA:116,13,0,1
BRDA:116,13,1,7
BRDA:117,14,0,1
BRDA:117,14,1,6
BRDA:124,15,0,4
BRDA:124,15,1,3
BRDA:125,16,0,4
BRDA:125,16,1,0
BRDA:126,17,0,3
BRDA:126,17,1,1
BRDA:135,18,0,3
BRDA:135,18,1,0
BRDA:136,19,0,2
BRDA:136,19,1,1
BRDA:137,20,0,2
BRDA:137,20,1,0
BRDA:137,21,0,2
BRDA:137,21,1,1
BRDA:137,21,2,1
BRDA:140,22,0,0
BRDA:140,22,1,0
BRF:48
BRH:43
end_of_record
TN:
SF:server/ot/transform.js
FN:13,transform
FN:61,transformInsertInsert
FN:87,transformInsertDelete
FN:121,transformDeleteDelete
FN:167,transformAgainst
FN:181,apply
FNF:6
FNH:6
FNDA:23,transform
FNDA:8,transformInsertInsert
FNDA:7,transformInsertDelete
FNDA:5,transformDeleteDelete
FNDA:2,transformAgainst
FNDA:10,apply
DA:14,23
DA:15,1
DA:18,22
DA:19,0
DA:22,22
DA:23,1
DA:26,21
DA:27,0
DA:30,21
DA:31,1
DA:34,20
DA:35,8
DA:38,12
DA:39,5
DA:42,7
DA:43,2
DA:44,2
DA:47,5
DA:48,5
DA:51,0
DA:62,8
DA:63,1
DA:66,7
DA:67,3
DA:70,4
DA:71,4
DA:72,2
DA:74,2
DA:88,7
DA:89,7
DA:90,7
DA:92,7
DA:93,3
DA:99,4
DA:100,1
DA:106,3
DA:107,3
DA:122,5
DA:123,5
DA:124,5
DA:125,5
DA:127,5
DA:128,1
DA:131,4
DA:132,1
DA:135,3
DA:136,1
DA:139,2
DA:140,1
DA:143,1
DA:144,1
DA:145,1
DA:151,0
DA:152,0
DA:153,0
DA:168,2
DA:169,2
DA:170,4
DA:172,2
DA:182,10
DA:183,4
DA:186,6
DA:187,4
DA:190,2
DA:191,1
DA:194,1
LF:66
LH:60
BRDA:14,0,0,1
BRDA:14,0,1,22
BRDA:14,1,0,23
BRDA:14,1,1,3
BRDA:18,2,0,0
BRDA:18,2,1,22
BRDA:18,3,0,22
BRDA:18,3,1,13
BRDA:22,4,0,1
BRDA:22,4,1,21
BRDA:22,5,0,22
BRDA:22,5,1,2
BRDA:26,6,0,0
BRDA:26,6,1,21
BRDA:26,7,0,21
BRDA:26,7,1,7
BRDA:30,8,0,1
BRDA:30,8,1,20
BRDA:30,9,0,21
BRDA:30,9,1,1
BRDA:34,10,0,8
BRDA:34,10,1,12
BRDA:34,11,0,20
BRDA:34,11,1,13
BRDA:38,12,0,5
BRDA:38,12,1,7
BRDA:38,13,0,12
BRDA:38,13,1,5
BRDA:42,14,0,2
BRDA:42,14,1,5
BRDA:42,15,0,7
BRDA:42,15,1,7
BRDA:47,16,0,5
BRDA:47,16,1,0
BRDA:47,17,0,5
BRDA:47,17,1,5
BRDA:62,18,0,1
BRDA:62,18,1,7
BRDA:66,19,0,3
BRDA:66,19,1,4
BRDA:70,20,0,4
BRDA:70,20,1,0
BRDA:71,21,0,2
BRDA:71,21,1,2
BRDA:92,22,0,3
BRDA:92,22,1,4
BRDA:99,23,0,1
BRDA:99,23,1,3
BRDA:106,24,0,3
BRDA:106,24,1,0
BRDA:106,25,0,3
BRDA:106,25,1,3
BRDA:127,26,0,1
BRDA:127,26,1,4
BRDA:131,27,0,1
BRDA:131,27,1,3
BRDA:135,28,0,1
BRDA:135,28,1,2
BRDA:135,29,0,3
BRDA:135,29,1,2
BRDA:139,30,0,1
BRDA:139,30,1,1
BRDA:139,31,0,2
BRDA:139,31,1,1
BRDA:143,32,0,1
BRDA:143,32,1,0
BRDA:143,33,0,1
BRDA:143,33,1,1
BRDA:151,34,0,0
BRDA:151,34,1,0
BRDA:151,35,0,0
BRDA:151,35,1,0
BRDA:182,36,0,4
BRDA:182,36,1,6
BRDA:186,37,0,4
BRDA:186,37,1,2
BRDA:190,38,0,1
BRDA:190,38,1,1
BRF:78
BRH:68
end_of_record
TN:
SF:server/services/gpu-detector.js
FN:30,detectAndCollectGpus
FN:60,checkToolAvailability
FN:87,detectNvidiaGpus
FN:108,(anonymous_3)
FN:161,detectAmdGpus
FN:175,(anonymous_5)
FN:185,(anonymous_6)
FN:214,detectAmdRocm
FN:288,detectAmdSysfs
FN:452,detectIntelGpus
FN:519,getDetectionStatus
FNF:11
FNH:0
FNDA:0,detectAndCollectGpus
FNDA:0,checkToolAvailability
FNDA:0,detectNvidiaGpus
FNDA:0,(anonymous_3)
FNDA:0,detectAmdGpus
FNDA:0,(anonymous_5)
FNDA:0,(anonymous_6)
FNDA:0,detectAmdRocm
FNDA:0,detectAmdSysfs
FNDA:0,detectIntelGpus
FNDA:0,getDetectionStatus
DA:20,37
DA:23,37
DA:24,37
DA:31,0
DA:33,0
DA:36,0
DA:39,0
DA:40,0
DA:43,0
DA:44,0
DA:47,0
DA:48,0
DA:50,0
DA:51,0
DA:53,0
DA:62,0
DA:63,0
DA:64,0
DA:66,0
DA:70,0
DA:71,0
DA:72,0
DA:74,0
DA:77,0
DA:88,0
DA:90,0
DA:91,0
DA:92,0
DA:95,0
DA:96,0
DA:99,0
DA:104,0
DA:105,0
DA:107,0
DA:108,0
DA:109,0
DA:111,0
DA:112,0
DA:113,0
DA:115,0
DA:117,0
DA:149,0
DA:151,0
DA:154,0
DA:162,0
DA:164,0
DA:167,0
DA:168,0
DA:170,0
DA:174,0
DA:175,0
DA:176,0
DA:178,0
DA:179,0
DA:180,0
DA:183,0
DA:185,0
DA:186,0
DA:189,0
DA:190,0
DA:192,0
DA:193,0
DA:194,0
DA:195,0
DA:196,0
DA:198,0
DA:202,0
DA:203,0
DA:206,0
DA:207,0
DA:215,0
DA:217,0
DA:218,0
DA:221,0
DA:224,0
DA:225,0
DA:229,0
DA:232,0
DA:236,0
DA:239,0
DA:241,0
DA:242,0
DA:244,0
DA:245,0
DA:246,0
DA:248,0
DA:281,0
DA:289,0
DA:291,0
DA:292,0
DA:293,0
DA:295,0
DA:297,0
DA:299,0
DA:301,0
DA:302,0
DA:304,0
DA:305,0
DA:306,0
DA:308,0
DA:310,0
DA:311,0
DA:312,0
DA:313,0
DA:321,0
DA:322,0
DA:326,0
DA:327,0
DA:331,0
DA:332,0
DA:333,0
DA:335,0
DA:336,0
DA:337,0
DA:338,0
DA:339,0
DA:341,0
DA:345,0
DA:347,0
DA:350,0
DA:351,0
DA:352,0
DA:353,0
DA:354,0
DA:355,0
DA:357,0
DA:360,0
DA:361,0
DA:362,0
DA:366,0
DA:367,0
DA:368,0
DA:371,0
DA:372,0
DA:373,0
DA:376,0
DA:377,0
DA:378,0
DA:379,0
DA:380,0
DA:381,0
DA:384,0
DA:388,0
DA:389,0
DA:390,0
DA:391,0
DA:392,0
DA:394,0
DA:395,0
DA:396,0
DA:397,0
DA:401,0
DA:404,0
DA:406,0
DA:436,0
DA:440,0
DA:442,0
DA:445,0
DA:453,0
DA:455,0
DA:456,0
DA:457,0
DA:459,0
DA:460,0
DA:462,0
DA:463,0
DA:465,0
DA:466,0
DA:467,0
DA:469,0
DA:470,0
DA:471,0
DA:472,0
DA:475,0
DA:512,0
DA:520,0
LF:176
LH:3
BRDA:90,0,0,0
BRDA:90,0,1,0
BRDA:109,1,0,0
BRDA:109,1,1,0
BRDA:111,2,0,0
BRDA:111,2,1,0
BRDA:112,3,0,0
BRDA:112,3,1,0
BRDA:113,4,0,0
BRDA:113,4,1,0
BRDA:123,5,0,0
BRDA:123,5,1,0
BRDA:125,6,0,0
BRDA:125,6,1,0
BRDA:127,7,0,0
BRDA:127,7,1,0
BRDA:128,8,0,0
BRDA:128,8,1,0
BRDA:129,9,0,0
BRDA:129,9,1,0
BRDA:130,10,0,0
BRDA:130,10,1,0
BRDA:131,11,0,0
BRDA:131,11,1,0
BRDA:132,12,0,0
BRDA:132,12,1,0
BRDA:133,13,0,0
BRDA:133,13,1,0
BRDA:134,14,0,0
BRDA:134,14,1,0
BRDA:135,15,0,0
BRDA:135,15,1,0
BRDA:136,16,0,0
BRDA:136,16,1,0
BRDA:137,17,0,0
BRDA:137,17,1,0
BRDA:138,18,0,0
BRDA:138,18,1,0
BRDA:139,19,0,0
BRDA:139,19,1,0
BRDA:140,20,0,0
BRDA:140,20,1,0
BRDA:174,21,0,0
BRDA:174,21,1,0
BRDA:174,22,0,0
BRDA:174,22,1,0
BRDA:175,23,0,0
BRDA:175,23,1,0
BRDA:178,24,0,0
BRDA:178,24,1,0
BRDA:186,25,0,0
BRDA:186,25,1,0
BRDA:186,25,2,0
BRDA:186,25,3,0
BRDA:189,26,0,0
BRDA:189,26,1,0
BRDA:202,27,0,0
BRDA:202,27,1,0
BRDA:202,28,0,0
BRDA:202,28,1,0
BRDA:217,29,0,0
BRDA:217,29,1,0
BRDA:241,30,0,0
BRDA:241,30,1,0
BRDA:242,31,0,0
BRDA:242,31,1,0
BRDA:242,32,0,0
BRDA:242,32,1,0
BRDA:244,33,0,0
BRDA:244,33,1,0
BRDA:245,34,0,0
BRDA:245,34,1,0
BRDA:245,34,2,0
BRDA:246,35,0,0
BRDA:246,35,1,0
BRDA:246,35,2,0
BRDA:250,36,0,0
BRDA:250,36,1,0
BRDA:250,36,2,0
BRDA:254,37,0,0
BRDA:254,37,1,0
BRDA:256,38,0,0
BRDA:256,38,1,0
BRDA:258,39,0,0
BRDA:258,39,1,0
BRDA:258,39,2,0
BRDA:263,40,0,0
BRDA:263,40,1,0
BRDA:263,40,2,0
BRDA:264,41,0,0
BRDA:264,41,1,0
BRDA:264,41,2,0
BRDA:265,42,0,0
BRDA:265,42,1,0
BRDA:270,43,0,0
BRDA:270,43,1,0
BRDA:299,44,0,0
BRDA:299,44,1,0
BRDA:299,45,0,0
BRDA:299,45,1,0
BRDA:306,46,0,0
BRDA:306,46,1,0
BRDA:337,47,0,0
BRDA:337,47,1,0
BRDA:345,48,0,0
BRDA:345,48,1,0
BRDA:351,49,0,0
BRDA:351,49,1,0
BRDA:354,50,0,0
BRDA:354,50,1,0
BRDA:360,51,0,0
BRDA:360,51,1,0
BRDA:360,52,0,0
BRDA:360,52,1,0
BRDA:367,53,0,0
BRDA:367,53,1,0
BRDA:378,54,0,0
BRDA:378,54,1,0
BRDA:380,55,0,0
BRDA:380,55,1,0
BRDA:390,56,0,0
BRDA:390,56,1,0
BRDA:391,57,0,0
BRDA:391,57,1,0
BRDA:395,58,0,0
BRDA:395,58,1,0
BRDA:396,59,0,0
BRDA:396,59,1,0
BRDA:408,60,0,0
BRDA:408,60,1,0
BRDA:429,61,0,0
BRDA:429,61,1,0
BRDA:460,62,0,0
BRDA:460,62,1,0
BRDA:460,63,0,0
BRDA:460,63,1,0
BRDA:467,64,0,0
BRDA:467,64,1,0
BRF:138
BRH:0
end_of_record
TN:
SF:server/services/gpu-monitor.js
FN:29,startGpuMonitor
FN:39,(anonymous_1)
FN:44,(anonymous_2)
FN:45,(anonymous_3)
FN:53,(anonymous_4)
FN:57,(anonymous_5)
FN:70,stopGpuMonitor
FN:94,runDetectionAndBroadcast
FN:117,(anonymous_8)
FN:134,runMetricsUpdate
FN:172,collectGpuMetricsOnly
FN:208,updateNvidiaMetrics
FN:221,(anonymous_12)
FN:256,updateRocmMetrics
FN:304,buildBroadcastData
FN:306,(anonymous_15)
FN:307,(anonymous_16)
FN:308,(anonymous_17)
FN:310,(anonymous_18)
FN:313,(anonymous_19)
FN:315,(anonymous_20)
FN:321,(anonymous_21)
FN:363,getGpuStatus
FN:382,isMonitoringActive
FN:390,getGpuDetectionStatus
FN:399,collectGpuMetrics
FN:402,(anonymous_26)
FN:404,(anonymous_27)
FN:405,(anonymous_28)
FN:407,(anonymous_29)
FN:431,getGpuList
FNF:31
FNH:0
FNDA:0,startGpuMonitor
FNDA:0,(anonymous_1)
FNDA:0,(anonymous_2)
FNDA:0,(anonymous_3)
FNDA:0,(anonymous_4)
FNDA:0,(anonymous_5)
FNDA:0,stopGpuMonitor
FNDA:0,runDetectionAndBroadcast
FNDA:0,(anonymous_8)
FNDA:0,runMetricsUpdate
FNDA:0,collectGpuMetricsOnly
FNDA:0,updateNvidiaMetrics
FNDA:0,(anonymous_12)
FNDA:0,updateRocmMetrics
FNDA:0,buildBroadcastData
FNDA:0,(anonymous_15)
FNDA:0,(anonymous_16)
FNDA:0,(anonymous_17)
FNDA:0,(anonymous_18)
FNDA:0,(anonymous_19)
FNDA:0,(anonymous_20)
FNDA:0,(anonymous_21)
FNDA:0,getGpuStatus
FNDA:0,isMonitoringActive
FNDA:0,getGpuDetectionStatus
FNDA:0,collectGpuMetrics
FNDA:0,(anonymous_26)
FNDA:0,(anonymous_27)
FNDA:0,(anonymous_28)
FNDA:0,(anonymous_29)
FNDA:0,getGpuList
DA:14,37
DA:15,37
DA:18,37
DA:19,37
DA:20,37
DA:21,37
DA:22,37
DA:23,37
DA:30,0
DA:31,0
DA:32,0
DA:35,0
DA:36,0
DA:39,0
DA:40,0
DA:44,0
DA:45,0
DA:53,0
DA:54,0
DA:56,0
DA:57,0
DA:58,0
DA:64,0
DA:71,0
DA:73,0
DA:75,0
DA:76,0
DA:77,0
DA:80,0
DA:81,0
DA:82,0
DA:85,0
DA:86,0
DA:95,0
DA:96,0
DA:97,0
DA:98,0
DA:99,0
DA:101,0
DA:103,0
DA:104,0
DA:105,0
DA:108,0
DA:109,0
DA:110,0
DA:116,0
DA:117,0
DA:118,0
DA:121,0
DA:123,0
DA:125,0
DA:135,0
DA:137,0
DA:139,0
DA:143,0
DA:144,0
DA:146,0
DA:148,0
DA:149,0
DA:151,0
DA:152,0
DA:153,0
DA:159,0
DA:162,0
DA:173,0
DA:175,0
DA:176,0
DA:177,0
DA:180,0
DA:181,0
DA:182,0
DA:185,0
DA:186,0
DA:193,0
DA:196,0
DA:200,0
DA:209,0
DA:210,0
DA:215,0
DA:217,0
DA:218,0
DA:220,0
DA:221,0
DA:222,0
DA:223,0
DA:224,0
DA:226,0
DA:242,0
DA:248,0
DA:257,0
DA:258,0
DA:263,0
DA:264,0
DA:266,0
DA:267,0
DA:268,0
DA:269,0
DA:271,0
DA:286,0
DA:291,0
DA:297,37
DA:306,0
DA:307,0
DA:308,0
DA:309,0
DA:310,0
DA:312,0
DA:313,0
DA:315,0
DA:317,0
DA:321,0
DA:364,0
DA:367,0
DA:369,0
DA:375,0
DA:383,0
DA:391,0
DA:400,0
DA:401,0
DA:402,0
DA:404,0
DA:405,0
DA:406,0
DA:407,0
DA:410,0
DA:417,0
DA:418,0
DA:432,0
DA:433,0
DA:435,0
DA:436,0
LF:131
LH:9
BRDA:30,0,0,0
BRDA:30,0,1,0
BRDA:56,1,0,0
BRDA:56,1,1,0
BRDA:71,2,0,0
BRDA:71,2,1,0
BRDA:75,3,0,0
BRDA:75,3,1,0
BRDA:80,4,0,0
BRDA:80,4,1,0
BRDA:103,5,0,0
BRDA:103,5,1,0
BRDA:110,6,0,0
BRDA:110,6,1,0
BRDA:137,7,0,0
BRDA:137,7,1,0
BRDA:148,8,0,0
BRDA:148,8,1,0
BRDA:153,9,0,0
BRDA:153,9,1,0
BRDA:177,10,0,0
BRDA:177,10,1,0
BRDA:180,11,0,0
BRDA:180,11,1,0
BRDA:182,12,0,0
BRDA:182,12,1,0
BRDA:185,13,0,0
BRDA:185,13,1,0
BRDA:217,14,0,0
BRDA:217,14,1,0
BRDA:220,15,0,0
BRDA:220,15,1,0
BRDA:222,16,0,0
BRDA:222,16,1,0
BRDA:223,17,0,0
BRDA:223,17,1,0
BRDA:224,18,0,0
BRDA:224,18,1,0
BRDA:227,19,0,0
BRDA:227,19,1,0
BRDA:230,20,0,0
BRDA:230,20,1,0
BRDA:231,21,0,0
BRDA:231,21,1,0
BRDA:232,22,0,0
BRDA:232,22,1,0
BRDA:233,23,0,0
BRDA:233,23,1,0
BRDA:234,24,0,0
BRDA:234,24,1,0
BRDA:235,25,0,0
BRDA:235,25,1,0
BRDA:236,26,0,0
BRDA:236,26,1,0
BRDA:237,27,0,0
BRDA:237,27,1,0
BRDA:238,28,0,0
BRDA:238,28,1,0
BRDA:239,29,0,0
BRDA:239,29,1,0
BRDA:240,30,0,0
BRDA:240,30,1,0
BRDA:266,31,0,0
BRDA:266,31,1,0
BRDA:268,32,0,0
BRDA:268,32,1,0
BRDA:269,33,0,0
BRDA:269,33,1,0
BRDA:272,34,0,0
BRDA:272,34,1,0
BRDA:277,35,0,0
BRDA:277,35,1,0
BRDA:278,36,0,0
BRDA:278,36,1,0
BRDA:279,37,0,0
BRDA:279,37,1,0
BRDA:284,38,0,0
BRDA:284,38,1,0
BRDA:307,39,0,0
BRDA:307,39,1,0
BRDA:308,40,0,0
BRDA:308,40,1,0
BRDA:309,41,0,0
BRDA:309,41,1,0
BRDA:310,42,0,0
BRDA:310,42,1,0
BRDA:312,43,0,0
BRDA:312,43,1,0
BRDA:313,44,0,0
BRDA:313,44,1,0
BRDA:315,45,0,0
BRDA:315,45,1,0
BRDA:330,46,0,0
BRDA:330,46,1,0
BRDA:332,47,0,0
BRDA:332,47,1,0
BRDA:333,48,0,0
BRDA:333,48,1,0
BRDA:334,49,0,0
BRDA:334,49,1,0
BRDA:335,50,0,0
BRDA:335,50,1,0
BRDA:336,51,0,0
BRDA:336,51,1,0
BRDA:337,52,0,0
BRDA:337,52,1,0
BRDA:338,53,0,0
BRDA:338,53,1,0
BRDA:339,54,0,0
BRDA:339,54,1,0
BRDA:340,55,0,0
BRDA:340,55,1,0
BRDA:341,56,0,0
BRDA:341,56,1,0
BRDA:342,57,0,0
BRDA:342,57,1,0
BRDA:343,58,0,0
BRDA:343,58,1,0
BRDA:344,59,0,0
BRDA:344,59,1,0
BRDA:371,60,0,0
BRDA:371,60,1,0
BRDA:372,61,0,0
BRDA:372,61,1,0
BRDA:404,62,0,0
BRDA:404,62,1,0
BRDA:405,63,0,0
BRDA:405,63,1,0
BRDA:406,64,0,0
BRDA:406,64,1,0
BRDA:407,65,0,0
BRDA:407,65,1,0
BRF:132
BRH:0
end_of_record
